[2023-07-08T09:07:06.999+0100] {processor.py:157} INFO - Started process (PID=10388) to work on /home/haboubi/Desktop/api/API_weather/dags/update_day_hist_forcast.py
[2023-07-08T09:07:07.000+0100] {processor.py:826} INFO - Processing file /home/haboubi/Desktop/api/API_weather/dags/update_day_hist_forcast.py for tasks to queue
[2023-07-08T09:07:07.001+0100] {logging_mixin.py:149} INFO - [2023-07-08T09:07:07.000+0100] {dagbag.py:541} INFO - Filling up the DagBag from /home/haboubi/Desktop/api/API_weather/dags/update_day_hist_forcast.py
[2023-07-08T09:07:07.715+0100] {processor.py:836} INFO - DAG(s) dict_keys(['updated_day_hist_forcast_data']) retrieved from /home/haboubi/Desktop/api/API_weather/dags/update_day_hist_forcast.py
[2023-07-08T09:07:07.770+0100] {logging_mixin.py:149} INFO - [2023-07-08T09:07:07.769+0100] {dag.py:2726} INFO - Sync 1 DAGs
[2023-07-08T09:07:07.822+0100] {logging_mixin.py:149} INFO - [2023-07-08T09:07:07.822+0100] {dag.py:3486} INFO - Setting next_dagrun for updated_day_hist_forcast_data to 2023-07-05T00:00:00+00:00, run_after=2023-07-06T00:00:00+00:00
[2023-07-08T09:07:07.869+0100] {processor.py:179} INFO - Processing /home/haboubi/Desktop/api/API_weather/dags/update_day_hist_forcast.py took 0.874 seconds
[2023-07-08T09:07:38.729+0100] {processor.py:157} INFO - Started process (PID=11128) to work on /home/haboubi/Desktop/api/API_weather/dags/update_day_hist_forcast.py
[2023-07-08T09:07:38.730+0100] {processor.py:826} INFO - Processing file /home/haboubi/Desktop/api/API_weather/dags/update_day_hist_forcast.py for tasks to queue
[2023-07-08T09:07:38.731+0100] {logging_mixin.py:149} INFO - [2023-07-08T09:07:38.731+0100] {dagbag.py:541} INFO - Filling up the DagBag from /home/haboubi/Desktop/api/API_weather/dags/update_day_hist_forcast.py
[2023-07-08T09:07:39.105+0100] {processor.py:836} INFO - DAG(s) dict_keys(['updated_day_hist_forcast_data']) retrieved from /home/haboubi/Desktop/api/API_weather/dags/update_day_hist_forcast.py
[2023-07-08T09:07:39.148+0100] {logging_mixin.py:149} INFO - [2023-07-08T09:07:39.147+0100] {dag.py:2726} INFO - Sync 1 DAGs
[2023-07-08T09:07:39.181+0100] {logging_mixin.py:149} INFO - [2023-07-08T09:07:39.180+0100] {dag.py:3486} INFO - Setting next_dagrun for updated_day_hist_forcast_data to 2023-07-05T00:00:00+00:00, run_after=2023-07-06T00:00:00+00:00
[2023-07-08T09:07:39.202+0100] {processor.py:179} INFO - Processing /home/haboubi/Desktop/api/API_weather/dags/update_day_hist_forcast.py took 0.479 seconds
[2023-07-08T09:08:09.603+0100] {processor.py:157} INFO - Started process (PID=11391) to work on /home/haboubi/Desktop/api/API_weather/dags/update_day_hist_forcast.py
[2023-07-08T09:08:09.606+0100] {processor.py:826} INFO - Processing file /home/haboubi/Desktop/api/API_weather/dags/update_day_hist_forcast.py for tasks to queue
[2023-07-08T09:08:09.608+0100] {logging_mixin.py:149} INFO - [2023-07-08T09:08:09.608+0100] {dagbag.py:541} INFO - Filling up the DagBag from /home/haboubi/Desktop/api/API_weather/dags/update_day_hist_forcast.py
[2023-07-08T09:08:10.093+0100] {processor.py:836} INFO - DAG(s) dict_keys(['updated_day_hist_forcast_data']) retrieved from /home/haboubi/Desktop/api/API_weather/dags/update_day_hist_forcast.py
[2023-07-08T09:08:10.133+0100] {logging_mixin.py:149} INFO - [2023-07-08T09:08:10.132+0100] {dag.py:2726} INFO - Sync 1 DAGs
[2023-07-08T09:08:10.155+0100] {logging_mixin.py:149} INFO - [2023-07-08T09:08:10.155+0100] {dag.py:3486} INFO - Setting next_dagrun for updated_day_hist_forcast_data to 2023-07-05T00:00:00+00:00, run_after=2023-07-06T00:00:00+00:00
[2023-07-08T09:08:10.174+0100] {processor.py:179} INFO - Processing /home/haboubi/Desktop/api/API_weather/dags/update_day_hist_forcast.py took 0.580 seconds
[2023-07-08T09:08:40.964+0100] {processor.py:157} INFO - Started process (PID=11443) to work on /home/haboubi/Desktop/api/API_weather/dags/update_day_hist_forcast.py
[2023-07-08T09:08:40.965+0100] {processor.py:826} INFO - Processing file /home/haboubi/Desktop/api/API_weather/dags/update_day_hist_forcast.py for tasks to queue
[2023-07-08T09:08:40.966+0100] {logging_mixin.py:149} INFO - [2023-07-08T09:08:40.966+0100] {dagbag.py:541} INFO - Filling up the DagBag from /home/haboubi/Desktop/api/API_weather/dags/update_day_hist_forcast.py
[2023-07-08T09:08:41.576+0100] {processor.py:836} INFO - DAG(s) dict_keys(['updated_day_hist_forcast_data']) retrieved from /home/haboubi/Desktop/api/API_weather/dags/update_day_hist_forcast.py
[2023-07-08T09:08:41.648+0100] {logging_mixin.py:149} INFO - [2023-07-08T09:08:41.647+0100] {dag.py:2726} INFO - Sync 1 DAGs
[2023-07-08T09:08:41.691+0100] {logging_mixin.py:149} INFO - [2023-07-08T09:08:41.691+0100] {dag.py:3486} INFO - Setting next_dagrun for updated_day_hist_forcast_data to 2023-07-05T00:00:00+00:00, run_after=2023-07-06T00:00:00+00:00
[2023-07-08T09:08:41.722+0100] {processor.py:179} INFO - Processing /home/haboubi/Desktop/api/API_weather/dags/update_day_hist_forcast.py took 0.764 seconds
[2023-07-08T09:09:11.884+0100] {processor.py:157} INFO - Started process (PID=11483) to work on /home/haboubi/Desktop/api/API_weather/dags/update_day_hist_forcast.py
[2023-07-08T09:09:11.885+0100] {processor.py:826} INFO - Processing file /home/haboubi/Desktop/api/API_weather/dags/update_day_hist_forcast.py for tasks to queue
[2023-07-08T09:09:11.886+0100] {logging_mixin.py:149} INFO - [2023-07-08T09:09:11.886+0100] {dagbag.py:541} INFO - Filling up the DagBag from /home/haboubi/Desktop/api/API_weather/dags/update_day_hist_forcast.py
[2023-07-08T09:09:12.287+0100] {processor.py:836} INFO - DAG(s) dict_keys(['updated_day_hist_forcast_data']) retrieved from /home/haboubi/Desktop/api/API_weather/dags/update_day_hist_forcast.py
[2023-07-08T09:09:12.326+0100] {logging_mixin.py:149} INFO - [2023-07-08T09:09:12.325+0100] {dag.py:2726} INFO - Sync 1 DAGs
[2023-07-08T09:09:12.355+0100] {logging_mixin.py:149} INFO - [2023-07-08T09:09:12.354+0100] {dag.py:3486} INFO - Setting next_dagrun for updated_day_hist_forcast_data to 2023-07-05T00:00:00+00:00, run_after=2023-07-06T00:00:00+00:00
[2023-07-08T09:09:12.377+0100] {processor.py:179} INFO - Processing /home/haboubi/Desktop/api/API_weather/dags/update_day_hist_forcast.py took 0.498 seconds
[2023-07-08T09:09:42.757+0100] {processor.py:157} INFO - Started process (PID=11512) to work on /home/haboubi/Desktop/api/API_weather/dags/update_day_hist_forcast.py
[2023-07-08T09:09:42.759+0100] {processor.py:826} INFO - Processing file /home/haboubi/Desktop/api/API_weather/dags/update_day_hist_forcast.py for tasks to queue
[2023-07-08T09:09:42.761+0100] {logging_mixin.py:149} INFO - [2023-07-08T09:09:42.761+0100] {dagbag.py:541} INFO - Filling up the DagBag from /home/haboubi/Desktop/api/API_weather/dags/update_day_hist_forcast.py
[2023-07-08T09:09:43.093+0100] {processor.py:836} INFO - DAG(s) dict_keys(['updated_day_hist_forcast_data']) retrieved from /home/haboubi/Desktop/api/API_weather/dags/update_day_hist_forcast.py
[2023-07-08T09:09:43.128+0100] {logging_mixin.py:149} INFO - [2023-07-08T09:09:43.128+0100] {dag.py:2726} INFO - Sync 1 DAGs
[2023-07-08T09:09:43.149+0100] {logging_mixin.py:149} INFO - [2023-07-08T09:09:43.149+0100] {dag.py:3486} INFO - Setting next_dagrun for updated_day_hist_forcast_data to 2023-07-05T00:00:00+00:00, run_after=2023-07-06T00:00:00+00:00
[2023-07-08T09:09:43.165+0100] {processor.py:179} INFO - Processing /home/haboubi/Desktop/api/API_weather/dags/update_day_hist_forcast.py took 0.420 seconds
[2023-07-08T09:10:13.814+0100] {processor.py:157} INFO - Started process (PID=11561) to work on /home/haboubi/Desktop/api/API_weather/dags/update_day_hist_forcast.py
[2023-07-08T09:10:13.816+0100] {processor.py:826} INFO - Processing file /home/haboubi/Desktop/api/API_weather/dags/update_day_hist_forcast.py for tasks to queue
[2023-07-08T09:10:13.817+0100] {logging_mixin.py:149} INFO - [2023-07-08T09:10:13.817+0100] {dagbag.py:541} INFO - Filling up the DagBag from /home/haboubi/Desktop/api/API_weather/dags/update_day_hist_forcast.py
[2023-07-08T09:10:14.370+0100] {processor.py:836} INFO - DAG(s) dict_keys(['updated_day_hist_forcast_data']) retrieved from /home/haboubi/Desktop/api/API_weather/dags/update_day_hist_forcast.py
[2023-07-08T09:10:14.428+0100] {logging_mixin.py:149} INFO - [2023-07-08T09:10:14.426+0100] {dag.py:2726} INFO - Sync 1 DAGs
[2023-07-08T09:10:14.462+0100] {logging_mixin.py:149} INFO - [2023-07-08T09:10:14.461+0100] {dag.py:3486} INFO - Setting next_dagrun for updated_day_hist_forcast_data to 2023-07-05T00:00:00+00:00, run_after=2023-07-06T00:00:00+00:00
[2023-07-08T09:10:14.500+0100] {processor.py:179} INFO - Processing /home/haboubi/Desktop/api/API_weather/dags/update_day_hist_forcast.py took 0.693 seconds
[2023-07-08T09:10:44.727+0100] {processor.py:157} INFO - Started process (PID=11595) to work on /home/haboubi/Desktop/api/API_weather/dags/update_day_hist_forcast.py
[2023-07-08T09:10:44.729+0100] {processor.py:826} INFO - Processing file /home/haboubi/Desktop/api/API_weather/dags/update_day_hist_forcast.py for tasks to queue
[2023-07-08T09:10:44.730+0100] {logging_mixin.py:149} INFO - [2023-07-08T09:10:44.730+0100] {dagbag.py:541} INFO - Filling up the DagBag from /home/haboubi/Desktop/api/API_weather/dags/update_day_hist_forcast.py
[2023-07-08T09:10:45.084+0100] {processor.py:836} INFO - DAG(s) dict_keys(['updated_day_hist_forcast_data']) retrieved from /home/haboubi/Desktop/api/API_weather/dags/update_day_hist_forcast.py
[2023-07-08T09:10:45.120+0100] {logging_mixin.py:149} INFO - [2023-07-08T09:10:45.119+0100] {dag.py:2726} INFO - Sync 1 DAGs
[2023-07-08T09:10:45.143+0100] {logging_mixin.py:149} INFO - [2023-07-08T09:10:45.143+0100] {dag.py:3486} INFO - Setting next_dagrun for updated_day_hist_forcast_data to 2023-07-05T00:00:00+00:00, run_after=2023-07-06T00:00:00+00:00
[2023-07-08T09:10:45.164+0100] {processor.py:179} INFO - Processing /home/haboubi/Desktop/api/API_weather/dags/update_day_hist_forcast.py took 0.441 seconds
[2023-07-08T09:11:15.654+0100] {processor.py:157} INFO - Started process (PID=11624) to work on /home/haboubi/Desktop/api/API_weather/dags/update_day_hist_forcast.py
[2023-07-08T09:11:15.656+0100] {processor.py:826} INFO - Processing file /home/haboubi/Desktop/api/API_weather/dags/update_day_hist_forcast.py for tasks to queue
[2023-07-08T09:11:15.657+0100] {logging_mixin.py:149} INFO - [2023-07-08T09:11:15.656+0100] {dagbag.py:541} INFO - Filling up the DagBag from /home/haboubi/Desktop/api/API_weather/dags/update_day_hist_forcast.py
[2023-07-08T09:11:16.217+0100] {processor.py:836} INFO - DAG(s) dict_keys(['updated_day_hist_forcast_data']) retrieved from /home/haboubi/Desktop/api/API_weather/dags/update_day_hist_forcast.py
[2023-07-08T09:11:16.263+0100] {logging_mixin.py:149} INFO - [2023-07-08T09:11:16.263+0100] {dag.py:2726} INFO - Sync 1 DAGs
[2023-07-08T09:11:16.297+0100] {logging_mixin.py:149} INFO - [2023-07-08T09:11:16.297+0100] {dag.py:3486} INFO - Setting next_dagrun for updated_day_hist_forcast_data to 2023-07-05T00:00:00+00:00, run_after=2023-07-06T00:00:00+00:00
[2023-07-08T09:11:16.330+0100] {processor.py:179} INFO - Processing /home/haboubi/Desktop/api/API_weather/dags/update_day_hist_forcast.py took 0.683 seconds
[2023-07-08T09:11:46.452+0100] {processor.py:157} INFO - Started process (PID=11660) to work on /home/haboubi/Desktop/api/API_weather/dags/update_day_hist_forcast.py
[2023-07-08T09:11:46.453+0100] {processor.py:826} INFO - Processing file /home/haboubi/Desktop/api/API_weather/dags/update_day_hist_forcast.py for tasks to queue
[2023-07-08T09:11:46.454+0100] {logging_mixin.py:149} INFO - [2023-07-08T09:11:46.454+0100] {dagbag.py:541} INFO - Filling up the DagBag from /home/haboubi/Desktop/api/API_weather/dags/update_day_hist_forcast.py
[2023-07-08T09:11:46.813+0100] {processor.py:836} INFO - DAG(s) dict_keys(['updated_day_hist_forcast_data']) retrieved from /home/haboubi/Desktop/api/API_weather/dags/update_day_hist_forcast.py
[2023-07-08T09:11:46.851+0100] {logging_mixin.py:149} INFO - [2023-07-08T09:11:46.850+0100] {dag.py:2726} INFO - Sync 1 DAGs
[2023-07-08T09:11:46.874+0100] {logging_mixin.py:149} INFO - [2023-07-08T09:11:46.874+0100] {dag.py:3486} INFO - Setting next_dagrun for updated_day_hist_forcast_data to 2023-07-05T00:00:00+00:00, run_after=2023-07-06T00:00:00+00:00
[2023-07-08T09:11:46.893+0100] {processor.py:179} INFO - Processing /home/haboubi/Desktop/api/API_weather/dags/update_day_hist_forcast.py took 0.445 seconds
[2023-07-08T09:12:17.244+0100] {processor.py:157} INFO - Started process (PID=11716) to work on /home/haboubi/Desktop/api/API_weather/dags/update_day_hist_forcast.py
[2023-07-08T09:12:17.245+0100] {processor.py:826} INFO - Processing file /home/haboubi/Desktop/api/API_weather/dags/update_day_hist_forcast.py for tasks to queue
[2023-07-08T09:12:17.246+0100] {logging_mixin.py:149} INFO - [2023-07-08T09:12:17.246+0100] {dagbag.py:541} INFO - Filling up the DagBag from /home/haboubi/Desktop/api/API_weather/dags/update_day_hist_forcast.py
[2023-07-08T09:12:17.593+0100] {processor.py:836} INFO - DAG(s) dict_keys(['updated_day_hist_forcast_data']) retrieved from /home/haboubi/Desktop/api/API_weather/dags/update_day_hist_forcast.py
[2023-07-08T09:12:17.626+0100] {logging_mixin.py:149} INFO - [2023-07-08T09:12:17.626+0100] {dag.py:2726} INFO - Sync 1 DAGs
[2023-07-08T09:12:17.646+0100] {logging_mixin.py:149} INFO - [2023-07-08T09:12:17.646+0100] {dag.py:3486} INFO - Setting next_dagrun for updated_day_hist_forcast_data to 2023-07-05T00:00:00+00:00, run_after=2023-07-06T00:00:00+00:00
[2023-07-08T09:12:17.665+0100] {processor.py:179} INFO - Processing /home/haboubi/Desktop/api/API_weather/dags/update_day_hist_forcast.py took 0.424 seconds
[2023-07-08T09:12:48.042+0100] {processor.py:157} INFO - Started process (PID=11748) to work on /home/haboubi/Desktop/api/API_weather/dags/update_day_hist_forcast.py
[2023-07-08T09:12:48.043+0100] {processor.py:826} INFO - Processing file /home/haboubi/Desktop/api/API_weather/dags/update_day_hist_forcast.py for tasks to queue
[2023-07-08T09:12:48.044+0100] {logging_mixin.py:149} INFO - [2023-07-08T09:12:48.043+0100] {dagbag.py:541} INFO - Filling up the DagBag from /home/haboubi/Desktop/api/API_weather/dags/update_day_hist_forcast.py
[2023-07-08T09:12:48.351+0100] {processor.py:836} INFO - DAG(s) dict_keys(['updated_day_hist_forcast_data']) retrieved from /home/haboubi/Desktop/api/API_weather/dags/update_day_hist_forcast.py
[2023-07-08T09:12:48.387+0100] {logging_mixin.py:149} INFO - [2023-07-08T09:12:48.387+0100] {dag.py:2726} INFO - Sync 1 DAGs
[2023-07-08T09:12:48.410+0100] {logging_mixin.py:149} INFO - [2023-07-08T09:12:48.410+0100] {dag.py:3486} INFO - Setting next_dagrun for updated_day_hist_forcast_data to 2023-07-05T00:00:00+00:00, run_after=2023-07-06T00:00:00+00:00
[2023-07-08T09:12:48.427+0100] {processor.py:179} INFO - Processing /home/haboubi/Desktop/api/API_weather/dags/update_day_hist_forcast.py took 0.388 seconds
[2023-07-08T09:13:18.844+0100] {processor.py:157} INFO - Started process (PID=11777) to work on /home/haboubi/Desktop/api/API_weather/dags/update_day_hist_forcast.py
[2023-07-08T09:13:18.846+0100] {processor.py:826} INFO - Processing file /home/haboubi/Desktop/api/API_weather/dags/update_day_hist_forcast.py for tasks to queue
[2023-07-08T09:13:18.847+0100] {logging_mixin.py:149} INFO - [2023-07-08T09:13:18.847+0100] {dagbag.py:541} INFO - Filling up the DagBag from /home/haboubi/Desktop/api/API_weather/dags/update_day_hist_forcast.py
[2023-07-08T09:13:19.166+0100] {processor.py:836} INFO - DAG(s) dict_keys(['updated_day_hist_forcast_data']) retrieved from /home/haboubi/Desktop/api/API_weather/dags/update_day_hist_forcast.py
[2023-07-08T09:13:19.201+0100] {logging_mixin.py:149} INFO - [2023-07-08T09:13:19.200+0100] {dag.py:2726} INFO - Sync 1 DAGs
[2023-07-08T09:13:19.227+0100] {logging_mixin.py:149} INFO - [2023-07-08T09:13:19.227+0100] {dag.py:3486} INFO - Setting next_dagrun for updated_day_hist_forcast_data to 2023-07-05T00:00:00+00:00, run_after=2023-07-06T00:00:00+00:00
[2023-07-08T09:13:19.245+0100] {processor.py:179} INFO - Processing /home/haboubi/Desktop/api/API_weather/dags/update_day_hist_forcast.py took 0.405 seconds
[2023-07-08T09:13:49.710+0100] {processor.py:157} INFO - Started process (PID=11862) to work on /home/haboubi/Desktop/api/API_weather/dags/update_day_hist_forcast.py
[2023-07-08T09:13:49.711+0100] {processor.py:826} INFO - Processing file /home/haboubi/Desktop/api/API_weather/dags/update_day_hist_forcast.py for tasks to queue
[2023-07-08T09:13:49.712+0100] {logging_mixin.py:149} INFO - [2023-07-08T09:13:49.712+0100] {dagbag.py:541} INFO - Filling up the DagBag from /home/haboubi/Desktop/api/API_weather/dags/update_day_hist_forcast.py
[2023-07-08T09:13:50.046+0100] {processor.py:836} INFO - DAG(s) dict_keys(['updated_day_hist_forcast_data']) retrieved from /home/haboubi/Desktop/api/API_weather/dags/update_day_hist_forcast.py
[2023-07-08T09:13:50.081+0100] {logging_mixin.py:149} INFO - [2023-07-08T09:13:50.081+0100] {dag.py:2726} INFO - Sync 1 DAGs
[2023-07-08T09:13:50.103+0100] {logging_mixin.py:149} INFO - [2023-07-08T09:13:50.102+0100] {dag.py:3486} INFO - Setting next_dagrun for updated_day_hist_forcast_data to 2023-07-05T00:00:00+00:00, run_after=2023-07-06T00:00:00+00:00
[2023-07-08T09:13:50.119+0100] {processor.py:179} INFO - Processing /home/haboubi/Desktop/api/API_weather/dags/update_day_hist_forcast.py took 0.415 seconds
[2023-07-08T09:14:20.515+0100] {processor.py:157} INFO - Started process (PID=12185) to work on /home/haboubi/Desktop/api/API_weather/dags/update_day_hist_forcast.py
[2023-07-08T09:14:20.516+0100] {processor.py:826} INFO - Processing file /home/haboubi/Desktop/api/API_weather/dags/update_day_hist_forcast.py for tasks to queue
[2023-07-08T09:14:20.517+0100] {logging_mixin.py:149} INFO - [2023-07-08T09:14:20.517+0100] {dagbag.py:541} INFO - Filling up the DagBag from /home/haboubi/Desktop/api/API_weather/dags/update_day_hist_forcast.py
[2023-07-08T09:14:20.845+0100] {processor.py:836} INFO - DAG(s) dict_keys(['updated_day_hist_forcast_data']) retrieved from /home/haboubi/Desktop/api/API_weather/dags/update_day_hist_forcast.py
[2023-07-08T09:14:20.884+0100] {logging_mixin.py:149} INFO - [2023-07-08T09:14:20.884+0100] {dag.py:2726} INFO - Sync 1 DAGs
[2023-07-08T09:14:20.907+0100] {logging_mixin.py:149} INFO - [2023-07-08T09:14:20.907+0100] {dag.py:3486} INFO - Setting next_dagrun for updated_day_hist_forcast_data to 2023-07-07T00:00:00+00:00, run_after=2023-07-08T00:00:00+00:00
[2023-07-08T09:14:20.924+0100] {processor.py:179} INFO - Processing /home/haboubi/Desktop/api/API_weather/dags/update_day_hist_forcast.py took 0.413 seconds
[2023-07-08T09:14:51.580+0100] {processor.py:157} INFO - Started process (PID=12660) to work on /home/haboubi/Desktop/api/API_weather/dags/update_day_hist_forcast.py
[2023-07-08T09:14:51.582+0100] {processor.py:826} INFO - Processing file /home/haboubi/Desktop/api/API_weather/dags/update_day_hist_forcast.py for tasks to queue
[2023-07-08T09:14:51.583+0100] {logging_mixin.py:149} INFO - [2023-07-08T09:14:51.583+0100] {dagbag.py:541} INFO - Filling up the DagBag from /home/haboubi/Desktop/api/API_weather/dags/update_day_hist_forcast.py
[2023-07-08T09:14:51.968+0100] {processor.py:836} INFO - DAG(s) dict_keys(['updated_day_hist_forcast_data']) retrieved from /home/haboubi/Desktop/api/API_weather/dags/update_day_hist_forcast.py
[2023-07-08T09:14:52.014+0100] {logging_mixin.py:149} INFO - [2023-07-08T09:14:52.013+0100] {dag.py:2726} INFO - Sync 1 DAGs
[2023-07-08T09:14:52.042+0100] {logging_mixin.py:149} INFO - [2023-07-08T09:14:52.042+0100] {dag.py:3486} INFO - Setting next_dagrun for updated_day_hist_forcast_data to 2023-07-08T00:00:00+00:00, run_after=2023-07-09T00:00:00+00:00
[2023-07-08T09:14:52.069+0100] {processor.py:179} INFO - Processing /home/haboubi/Desktop/api/API_weather/dags/update_day_hist_forcast.py took 0.494 seconds
[2023-07-08T09:15:22.587+0100] {processor.py:157} INFO - Started process (PID=13149) to work on /home/haboubi/Desktop/api/API_weather/dags/update_day_hist_forcast.py
[2023-07-08T09:15:22.588+0100] {processor.py:826} INFO - Processing file /home/haboubi/Desktop/api/API_weather/dags/update_day_hist_forcast.py for tasks to queue
[2023-07-08T09:15:22.590+0100] {logging_mixin.py:149} INFO - [2023-07-08T09:15:22.589+0100] {dagbag.py:541} INFO - Filling up the DagBag from /home/haboubi/Desktop/api/API_weather/dags/update_day_hist_forcast.py
[2023-07-08T09:15:23.027+0100] {processor.py:836} INFO - DAG(s) dict_keys(['updated_day_hist_forcast_data']) retrieved from /home/haboubi/Desktop/api/API_weather/dags/update_day_hist_forcast.py
[2023-07-08T09:15:23.081+0100] {logging_mixin.py:149} INFO - [2023-07-08T09:15:23.080+0100] {dag.py:2726} INFO - Sync 1 DAGs
[2023-07-08T09:15:23.115+0100] {logging_mixin.py:149} INFO - [2023-07-08T09:15:23.115+0100] {dag.py:3486} INFO - Setting next_dagrun for updated_day_hist_forcast_data to 2023-07-08T00:00:00+00:00, run_after=2023-07-09T00:00:00+00:00
[2023-07-08T09:15:23.168+0100] {processor.py:179} INFO - Processing /home/haboubi/Desktop/api/API_weather/dags/update_day_hist_forcast.py took 0.587 seconds
[2023-07-08T09:15:54.074+0100] {processor.py:157} INFO - Started process (PID=13811) to work on /home/haboubi/Desktop/api/API_weather/dags/update_day_hist_forcast.py
[2023-07-08T09:15:54.081+0100] {processor.py:826} INFO - Processing file /home/haboubi/Desktop/api/API_weather/dags/update_day_hist_forcast.py for tasks to queue
[2023-07-08T09:15:54.083+0100] {logging_mixin.py:149} INFO - [2023-07-08T09:15:54.082+0100] {dagbag.py:541} INFO - Filling up the DagBag from /home/haboubi/Desktop/api/API_weather/dags/update_day_hist_forcast.py
[2023-07-08T09:15:54.482+0100] {processor.py:836} INFO - DAG(s) dict_keys(['updated_day_hist_forcast_data']) retrieved from /home/haboubi/Desktop/api/API_weather/dags/update_day_hist_forcast.py
[2023-07-08T09:15:54.522+0100] {logging_mixin.py:149} INFO - [2023-07-08T09:15:54.521+0100] {dag.py:2726} INFO - Sync 1 DAGs
[2023-07-08T09:15:54.544+0100] {logging_mixin.py:149} INFO - [2023-07-08T09:15:54.544+0100] {dag.py:3486} INFO - Setting next_dagrun for updated_day_hist_forcast_data to 2023-07-08T00:00:00+00:00, run_after=2023-07-09T00:00:00+00:00
[2023-07-08T09:15:54.573+0100] {processor.py:179} INFO - Processing /home/haboubi/Desktop/api/API_weather/dags/update_day_hist_forcast.py took 0.508 seconds
[2023-07-08T09:16:25.077+0100] {processor.py:157} INFO - Started process (PID=14130) to work on /home/haboubi/Desktop/api/API_weather/dags/update_day_hist_forcast.py
[2023-07-08T09:16:25.092+0100] {processor.py:826} INFO - Processing file /home/haboubi/Desktop/api/API_weather/dags/update_day_hist_forcast.py for tasks to queue
[2023-07-08T09:16:25.092+0100] {logging_mixin.py:149} INFO - [2023-07-08T09:16:25.092+0100] {dagbag.py:541} INFO - Filling up the DagBag from /home/haboubi/Desktop/api/API_weather/dags/update_day_hist_forcast.py
[2023-07-08T09:16:25.587+0100] {processor.py:836} INFO - DAG(s) dict_keys(['updated_day_hist_forcast_data']) retrieved from /home/haboubi/Desktop/api/API_weather/dags/update_day_hist_forcast.py
[2023-07-08T09:16:25.627+0100] {logging_mixin.py:149} INFO - [2023-07-08T09:16:25.627+0100] {dag.py:2726} INFO - Sync 1 DAGs
[2023-07-08T09:16:25.652+0100] {logging_mixin.py:149} INFO - [2023-07-08T09:16:25.652+0100] {dag.py:3486} INFO - Setting next_dagrun for updated_day_hist_forcast_data to 2023-07-08T00:00:00+00:00, run_after=2023-07-09T00:00:00+00:00
[2023-07-08T09:16:25.688+0100] {processor.py:179} INFO - Processing /home/haboubi/Desktop/api/API_weather/dags/update_day_hist_forcast.py took 0.614 seconds
[2023-07-08T09:16:56.562+0100] {processor.py:157} INFO - Started process (PID=14645) to work on /home/haboubi/Desktop/api/API_weather/dags/update_day_hist_forcast.py
[2023-07-08T09:16:56.563+0100] {processor.py:826} INFO - Processing file /home/haboubi/Desktop/api/API_weather/dags/update_day_hist_forcast.py for tasks to queue
[2023-07-08T09:16:56.564+0100] {logging_mixin.py:149} INFO - [2023-07-08T09:16:56.564+0100] {dagbag.py:541} INFO - Filling up the DagBag from /home/haboubi/Desktop/api/API_weather/dags/update_day_hist_forcast.py
[2023-07-08T09:16:56.894+0100] {processor.py:836} INFO - DAG(s) dict_keys(['updated_day_hist_forcast_data']) retrieved from /home/haboubi/Desktop/api/API_weather/dags/update_day_hist_forcast.py
[2023-07-08T09:16:56.929+0100] {logging_mixin.py:149} INFO - [2023-07-08T09:16:56.929+0100] {dag.py:2726} INFO - Sync 1 DAGs
[2023-07-08T09:16:56.952+0100] {logging_mixin.py:149} INFO - [2023-07-08T09:16:56.951+0100] {dag.py:3486} INFO - Setting next_dagrun for updated_day_hist_forcast_data to 2023-07-08T00:00:00+00:00, run_after=2023-07-09T00:00:00+00:00
[2023-07-08T09:16:57.000+0100] {processor.py:179} INFO - Processing /home/haboubi/Desktop/api/API_weather/dags/update_day_hist_forcast.py took 0.442 seconds
[2023-07-08T09:17:27.353+0100] {processor.py:157} INFO - Started process (PID=14818) to work on /home/haboubi/Desktop/api/API_weather/dags/update_day_hist_forcast.py
[2023-07-08T09:17:27.373+0100] {processor.py:826} INFO - Processing file /home/haboubi/Desktop/api/API_weather/dags/update_day_hist_forcast.py for tasks to queue
[2023-07-08T09:17:27.374+0100] {logging_mixin.py:149} INFO - [2023-07-08T09:17:27.374+0100] {dagbag.py:541} INFO - Filling up the DagBag from /home/haboubi/Desktop/api/API_weather/dags/update_day_hist_forcast.py
[2023-07-08T09:17:27.701+0100] {processor.py:836} INFO - DAG(s) dict_keys(['updated_day_hist_forcast_data']) retrieved from /home/haboubi/Desktop/api/API_weather/dags/update_day_hist_forcast.py
[2023-07-08T09:17:27.736+0100] {logging_mixin.py:149} INFO - [2023-07-08T09:17:27.735+0100] {dag.py:2726} INFO - Sync 1 DAGs
[2023-07-08T09:17:27.758+0100] {logging_mixin.py:149} INFO - [2023-07-08T09:17:27.758+0100] {dag.py:3486} INFO - Setting next_dagrun for updated_day_hist_forcast_data to 2023-07-08T00:00:00+00:00, run_after=2023-07-09T00:00:00+00:00
[2023-07-08T09:17:27.793+0100] {processor.py:179} INFO - Processing /home/haboubi/Desktop/api/API_weather/dags/update_day_hist_forcast.py took 0.446 seconds
[2023-07-08T09:17:58.040+0100] {processor.py:157} INFO - Started process (PID=15093) to work on /home/haboubi/Desktop/api/API_weather/dags/update_day_hist_forcast.py
[2023-07-08T09:17:58.041+0100] {processor.py:826} INFO - Processing file /home/haboubi/Desktop/api/API_weather/dags/update_day_hist_forcast.py for tasks to queue
[2023-07-08T09:17:58.042+0100] {logging_mixin.py:149} INFO - [2023-07-08T09:17:58.042+0100] {dagbag.py:541} INFO - Filling up the DagBag from /home/haboubi/Desktop/api/API_weather/dags/update_day_hist_forcast.py
[2023-07-08T09:17:58.367+0100] {processor.py:836} INFO - DAG(s) dict_keys(['updated_day_hist_forcast_data']) retrieved from /home/haboubi/Desktop/api/API_weather/dags/update_day_hist_forcast.py
[2023-07-08T09:17:58.408+0100] {logging_mixin.py:149} INFO - [2023-07-08T09:17:58.407+0100] {dag.py:2726} INFO - Sync 1 DAGs
[2023-07-08T09:17:58.434+0100] {logging_mixin.py:149} INFO - [2023-07-08T09:17:58.434+0100] {dag.py:3486} INFO - Setting next_dagrun for updated_day_hist_forcast_data to 2023-07-08T00:00:00+00:00, run_after=2023-07-09T00:00:00+00:00
[2023-07-08T09:17:58.495+0100] {processor.py:179} INFO - Processing /home/haboubi/Desktop/api/API_weather/dags/update_day_hist_forcast.py took 0.459 seconds
[2023-07-08T09:18:29.219+0100] {processor.py:157} INFO - Started process (PID=15227) to work on /home/haboubi/Desktop/api/API_weather/dags/update_day_hist_forcast.py
[2023-07-08T09:18:29.225+0100] {processor.py:826} INFO - Processing file /home/haboubi/Desktop/api/API_weather/dags/update_day_hist_forcast.py for tasks to queue
[2023-07-08T09:18:29.226+0100] {logging_mixin.py:149} INFO - [2023-07-08T09:18:29.226+0100] {dagbag.py:541} INFO - Filling up the DagBag from /home/haboubi/Desktop/api/API_weather/dags/update_day_hist_forcast.py
[2023-07-08T09:18:29.573+0100] {processor.py:836} INFO - DAG(s) dict_keys(['updated_day_hist_forcast_data']) retrieved from /home/haboubi/Desktop/api/API_weather/dags/update_day_hist_forcast.py
[2023-07-08T09:18:29.610+0100] {logging_mixin.py:149} INFO - [2023-07-08T09:18:29.609+0100] {dag.py:2726} INFO - Sync 1 DAGs
[2023-07-08T09:18:29.631+0100] {logging_mixin.py:149} INFO - [2023-07-08T09:18:29.631+0100] {dag.py:3486} INFO - Setting next_dagrun for updated_day_hist_forcast_data to 2023-07-08T00:00:00+00:00, run_after=2023-07-09T00:00:00+00:00
[2023-07-08T09:18:29.669+0100] {processor.py:179} INFO - Processing /home/haboubi/Desktop/api/API_weather/dags/update_day_hist_forcast.py took 0.455 seconds
[2023-07-08T09:19:00.665+0100] {processor.py:157} INFO - Started process (PID=15322) to work on /home/haboubi/Desktop/api/API_weather/dags/update_day_hist_forcast.py
[2023-07-08T09:19:00.669+0100] {processor.py:826} INFO - Processing file /home/haboubi/Desktop/api/API_weather/dags/update_day_hist_forcast.py for tasks to queue
[2023-07-08T09:19:00.670+0100] {logging_mixin.py:149} INFO - [2023-07-08T09:19:00.670+0100] {dagbag.py:541} INFO - Filling up the DagBag from /home/haboubi/Desktop/api/API_weather/dags/update_day_hist_forcast.py
[2023-07-08T09:19:01.183+0100] {processor.py:836} INFO - DAG(s) dict_keys(['updated_day_hist_forcast_data']) retrieved from /home/haboubi/Desktop/api/API_weather/dags/update_day_hist_forcast.py
[2023-07-08T09:19:01.216+0100] {logging_mixin.py:149} INFO - [2023-07-08T09:19:01.216+0100] {dag.py:2726} INFO - Sync 1 DAGs
[2023-07-08T09:19:01.238+0100] {logging_mixin.py:149} INFO - [2023-07-08T09:19:01.238+0100] {dag.py:3486} INFO - Setting next_dagrun for updated_day_hist_forcast_data to 2023-07-08T00:00:00+00:00, run_after=2023-07-09T00:00:00+00:00
[2023-07-08T09:19:01.255+0100] {processor.py:179} INFO - Processing /home/haboubi/Desktop/api/API_weather/dags/update_day_hist_forcast.py took 0.600 seconds
[2023-07-08T09:19:31.391+0100] {processor.py:157} INFO - Started process (PID=15487) to work on /home/haboubi/Desktop/api/API_weather/dags/update_day_hist_forcast.py
[2023-07-08T09:19:31.392+0100] {processor.py:826} INFO - Processing file /home/haboubi/Desktop/api/API_weather/dags/update_day_hist_forcast.py for tasks to queue
[2023-07-08T09:19:31.393+0100] {logging_mixin.py:149} INFO - [2023-07-08T09:19:31.393+0100] {dagbag.py:541} INFO - Filling up the DagBag from /home/haboubi/Desktop/api/API_weather/dags/update_day_hist_forcast.py
[2023-07-08T09:19:31.768+0100] {processor.py:836} INFO - DAG(s) dict_keys(['updated_day_hist_forcast_data']) retrieved from /home/haboubi/Desktop/api/API_weather/dags/update_day_hist_forcast.py
[2023-07-08T09:19:31.807+0100] {logging_mixin.py:149} INFO - [2023-07-08T09:19:31.807+0100] {dag.py:2726} INFO - Sync 1 DAGs
[2023-07-08T09:19:31.834+0100] {logging_mixin.py:149} INFO - [2023-07-08T09:19:31.834+0100] {dag.py:3486} INFO - Setting next_dagrun for updated_day_hist_forcast_data to 2023-07-08T00:00:00+00:00, run_after=2023-07-09T00:00:00+00:00
[2023-07-08T09:19:31.852+0100] {processor.py:179} INFO - Processing /home/haboubi/Desktop/api/API_weather/dags/update_day_hist_forcast.py took 0.466 seconds
[2023-07-08T09:20:02.291+0100] {processor.py:157} INFO - Started process (PID=15563) to work on /home/haboubi/Desktop/api/API_weather/dags/update_day_hist_forcast.py
[2023-07-08T09:20:02.293+0100] {processor.py:826} INFO - Processing file /home/haboubi/Desktop/api/API_weather/dags/update_day_hist_forcast.py for tasks to queue
[2023-07-08T09:20:02.294+0100] {logging_mixin.py:149} INFO - [2023-07-08T09:20:02.294+0100] {dagbag.py:541} INFO - Filling up the DagBag from /home/haboubi/Desktop/api/API_weather/dags/update_day_hist_forcast.py
[2023-07-08T09:20:02.756+0100] {processor.py:836} INFO - DAG(s) dict_keys(['updated_day_hist_forcast_data']) retrieved from /home/haboubi/Desktop/api/API_weather/dags/update_day_hist_forcast.py
[2023-07-08T09:20:02.790+0100] {logging_mixin.py:149} INFO - [2023-07-08T09:20:02.790+0100] {dag.py:2726} INFO - Sync 1 DAGs
[2023-07-08T09:20:02.815+0100] {logging_mixin.py:149} INFO - [2023-07-08T09:20:02.815+0100] {dag.py:3486} INFO - Setting next_dagrun for updated_day_hist_forcast_data to 2023-07-08T00:00:00+00:00, run_after=2023-07-09T00:00:00+00:00
[2023-07-08T09:20:02.835+0100] {processor.py:179} INFO - Processing /home/haboubi/Desktop/api/API_weather/dags/update_day_hist_forcast.py took 0.549 seconds
[2023-07-08T09:20:33.163+0100] {processor.py:157} INFO - Started process (PID=15817) to work on /home/haboubi/Desktop/api/API_weather/dags/update_day_hist_forcast.py
[2023-07-08T09:20:33.164+0100] {processor.py:826} INFO - Processing file /home/haboubi/Desktop/api/API_weather/dags/update_day_hist_forcast.py for tasks to queue
[2023-07-08T09:20:33.165+0100] {logging_mixin.py:149} INFO - [2023-07-08T09:20:33.164+0100] {dagbag.py:541} INFO - Filling up the DagBag from /home/haboubi/Desktop/api/API_weather/dags/update_day_hist_forcast.py
[2023-07-08T09:20:33.518+0100] {processor.py:836} INFO - DAG(s) dict_keys(['updated_day_hist_forcast_data']) retrieved from /home/haboubi/Desktop/api/API_weather/dags/update_day_hist_forcast.py
[2023-07-08T09:20:33.554+0100] {logging_mixin.py:149} INFO - [2023-07-08T09:20:33.554+0100] {dag.py:2726} INFO - Sync 1 DAGs
[2023-07-08T09:20:33.578+0100] {logging_mixin.py:149} INFO - [2023-07-08T09:20:33.578+0100] {dag.py:3486} INFO - Setting next_dagrun for updated_day_hist_forcast_data to 2023-07-08T00:00:00+00:00, run_after=2023-07-09T00:00:00+00:00
[2023-07-08T09:20:33.596+0100] {processor.py:179} INFO - Processing /home/haboubi/Desktop/api/API_weather/dags/update_day_hist_forcast.py took 0.439 seconds
[2023-07-08T09:21:03.938+0100] {processor.py:157} INFO - Started process (PID=15853) to work on /home/haboubi/Desktop/api/API_weather/dags/update_day_hist_forcast.py
[2023-07-08T09:21:03.939+0100] {processor.py:826} INFO - Processing file /home/haboubi/Desktop/api/API_weather/dags/update_day_hist_forcast.py for tasks to queue
[2023-07-08T09:21:03.940+0100] {logging_mixin.py:149} INFO - [2023-07-08T09:21:03.940+0100] {dagbag.py:541} INFO - Filling up the DagBag from /home/haboubi/Desktop/api/API_weather/dags/update_day_hist_forcast.py
[2023-07-08T09:21:04.269+0100] {processor.py:836} INFO - DAG(s) dict_keys(['updated_day_hist_forcast_data']) retrieved from /home/haboubi/Desktop/api/API_weather/dags/update_day_hist_forcast.py
[2023-07-08T09:21:04.305+0100] {logging_mixin.py:149} INFO - [2023-07-08T09:21:04.305+0100] {dag.py:2726} INFO - Sync 1 DAGs
[2023-07-08T09:21:04.331+0100] {logging_mixin.py:149} INFO - [2023-07-08T09:21:04.331+0100] {dag.py:3486} INFO - Setting next_dagrun for updated_day_hist_forcast_data to 2023-07-08T00:00:00+00:00, run_after=2023-07-09T00:00:00+00:00
[2023-07-08T09:21:04.350+0100] {processor.py:179} INFO - Processing /home/haboubi/Desktop/api/API_weather/dags/update_day_hist_forcast.py took 0.416 seconds
[2023-07-08T09:21:35.098+0100] {processor.py:157} INFO - Started process (PID=15944) to work on /home/haboubi/Desktop/api/API_weather/dags/update_day_hist_forcast.py
[2023-07-08T09:21:35.100+0100] {processor.py:826} INFO - Processing file /home/haboubi/Desktop/api/API_weather/dags/update_day_hist_forcast.py for tasks to queue
[2023-07-08T09:21:35.101+0100] {logging_mixin.py:149} INFO - [2023-07-08T09:21:35.101+0100] {dagbag.py:541} INFO - Filling up the DagBag from /home/haboubi/Desktop/api/API_weather/dags/update_day_hist_forcast.py
[2023-07-08T09:21:35.606+0100] {processor.py:836} INFO - DAG(s) dict_keys(['updated_day_hist_forcast_data']) retrieved from /home/haboubi/Desktop/api/API_weather/dags/update_day_hist_forcast.py
[2023-07-08T09:21:35.661+0100] {logging_mixin.py:149} INFO - [2023-07-08T09:21:35.661+0100] {dag.py:2726} INFO - Sync 1 DAGs
[2023-07-08T09:21:35.703+0100] {logging_mixin.py:149} INFO - [2023-07-08T09:21:35.703+0100] {dag.py:3486} INFO - Setting next_dagrun for updated_day_hist_forcast_data to 2023-07-08T00:00:00+00:00, run_after=2023-07-09T00:00:00+00:00
[2023-07-08T09:21:35.735+0100] {processor.py:179} INFO - Processing /home/haboubi/Desktop/api/API_weather/dags/update_day_hist_forcast.py took 0.644 seconds
[2023-07-08T09:22:05.940+0100] {processor.py:157} INFO - Started process (PID=15987) to work on /home/haboubi/Desktop/api/API_weather/dags/update_day_hist_forcast.py
[2023-07-08T09:22:05.941+0100] {processor.py:826} INFO - Processing file /home/haboubi/Desktop/api/API_weather/dags/update_day_hist_forcast.py for tasks to queue
[2023-07-08T09:22:05.942+0100] {logging_mixin.py:149} INFO - [2023-07-08T09:22:05.942+0100] {dagbag.py:541} INFO - Filling up the DagBag from /home/haboubi/Desktop/api/API_weather/dags/update_day_hist_forcast.py
[2023-07-08T09:22:06.273+0100] {processor.py:836} INFO - DAG(s) dict_keys(['updated_day_hist_forcast_data']) retrieved from /home/haboubi/Desktop/api/API_weather/dags/update_day_hist_forcast.py
[2023-07-08T09:22:06.308+0100] {logging_mixin.py:149} INFO - [2023-07-08T09:22:06.307+0100] {dag.py:2726} INFO - Sync 1 DAGs
[2023-07-08T09:22:06.330+0100] {logging_mixin.py:149} INFO - [2023-07-08T09:22:06.330+0100] {dag.py:3486} INFO - Setting next_dagrun for updated_day_hist_forcast_data to 2023-07-08T00:00:00+00:00, run_after=2023-07-09T00:00:00+00:00
[2023-07-08T09:22:06.348+0100] {processor.py:179} INFO - Processing /home/haboubi/Desktop/api/API_weather/dags/update_day_hist_forcast.py took 0.411 seconds
[2023-07-08T09:22:36.747+0100] {processor.py:157} INFO - Started process (PID=16050) to work on /home/haboubi/Desktop/api/API_weather/dags/update_day_hist_forcast.py
[2023-07-08T09:22:36.748+0100] {processor.py:826} INFO - Processing file /home/haboubi/Desktop/api/API_weather/dags/update_day_hist_forcast.py for tasks to queue
[2023-07-08T09:22:36.750+0100] {logging_mixin.py:149} INFO - [2023-07-08T09:22:36.749+0100] {dagbag.py:541} INFO - Filling up the DagBag from /home/haboubi/Desktop/api/API_weather/dags/update_day_hist_forcast.py
[2023-07-08T09:22:37.083+0100] {processor.py:836} INFO - DAG(s) dict_keys(['updated_day_hist_forcast_data']) retrieved from /home/haboubi/Desktop/api/API_weather/dags/update_day_hist_forcast.py
[2023-07-08T09:22:37.118+0100] {logging_mixin.py:149} INFO - [2023-07-08T09:22:37.118+0100] {dag.py:2726} INFO - Sync 1 DAGs
[2023-07-08T09:22:37.139+0100] {logging_mixin.py:149} INFO - [2023-07-08T09:22:37.139+0100] {dag.py:3486} INFO - Setting next_dagrun for updated_day_hist_forcast_data to 2023-07-08T00:00:00+00:00, run_after=2023-07-09T00:00:00+00:00
[2023-07-08T09:22:37.156+0100] {processor.py:179} INFO - Processing /home/haboubi/Desktop/api/API_weather/dags/update_day_hist_forcast.py took 0.416 seconds
[2023-07-08T09:23:07.746+0100] {processor.py:157} INFO - Started process (PID=16100) to work on /home/haboubi/Desktop/api/API_weather/dags/update_day_hist_forcast.py
[2023-07-08T09:23:07.747+0100] {processor.py:826} INFO - Processing file /home/haboubi/Desktop/api/API_weather/dags/update_day_hist_forcast.py for tasks to queue
[2023-07-08T09:23:07.748+0100] {logging_mixin.py:149} INFO - [2023-07-08T09:23:07.748+0100] {dagbag.py:541} INFO - Filling up the DagBag from /home/haboubi/Desktop/api/API_weather/dags/update_day_hist_forcast.py
[2023-07-08T09:23:08.105+0100] {processor.py:836} INFO - DAG(s) dict_keys(['updated_day_hist_forcast_data']) retrieved from /home/haboubi/Desktop/api/API_weather/dags/update_day_hist_forcast.py
[2023-07-08T09:23:08.139+0100] {logging_mixin.py:149} INFO - [2023-07-08T09:23:08.139+0100] {dag.py:2726} INFO - Sync 1 DAGs
[2023-07-08T09:23:08.161+0100] {logging_mixin.py:149} INFO - [2023-07-08T09:23:08.161+0100] {dag.py:3486} INFO - Setting next_dagrun for updated_day_hist_forcast_data to 2023-07-08T00:00:00+00:00, run_after=2023-07-09T00:00:00+00:00
[2023-07-08T09:23:08.180+0100] {processor.py:179} INFO - Processing /home/haboubi/Desktop/api/API_weather/dags/update_day_hist_forcast.py took 0.441 seconds
[2023-07-08T09:23:38.827+0100] {processor.py:157} INFO - Started process (PID=16212) to work on /home/haboubi/Desktop/api/API_weather/dags/update_day_hist_forcast.py
[2023-07-08T09:23:38.831+0100] {processor.py:826} INFO - Processing file /home/haboubi/Desktop/api/API_weather/dags/update_day_hist_forcast.py for tasks to queue
[2023-07-08T09:23:38.832+0100] {logging_mixin.py:149} INFO - [2023-07-08T09:23:38.832+0100] {dagbag.py:541} INFO - Filling up the DagBag from /home/haboubi/Desktop/api/API_weather/dags/update_day_hist_forcast.py
[2023-07-08T09:23:39.313+0100] {processor.py:836} INFO - DAG(s) dict_keys(['updated_day_hist_forcast_data']) retrieved from /home/haboubi/Desktop/api/API_weather/dags/update_day_hist_forcast.py
[2023-07-08T09:23:39.351+0100] {logging_mixin.py:149} INFO - [2023-07-08T09:23:39.350+0100] {dag.py:2726} INFO - Sync 1 DAGs
[2023-07-08T09:23:39.376+0100] {logging_mixin.py:149} INFO - [2023-07-08T09:23:39.376+0100] {dag.py:3486} INFO - Setting next_dagrun for updated_day_hist_forcast_data to 2023-07-08T00:00:00+00:00, run_after=2023-07-09T00:00:00+00:00
[2023-07-08T09:23:39.396+0100] {processor.py:179} INFO - Processing /home/haboubi/Desktop/api/API_weather/dags/update_day_hist_forcast.py took 0.574 seconds
[2023-07-08T09:24:09.696+0100] {processor.py:157} INFO - Started process (PID=16263) to work on /home/haboubi/Desktop/api/API_weather/dags/update_day_hist_forcast.py
[2023-07-08T09:24:09.698+0100] {processor.py:826} INFO - Processing file /home/haboubi/Desktop/api/API_weather/dags/update_day_hist_forcast.py for tasks to queue
[2023-07-08T09:24:09.700+0100] {logging_mixin.py:149} INFO - [2023-07-08T09:24:09.699+0100] {dagbag.py:541} INFO - Filling up the DagBag from /home/haboubi/Desktop/api/API_weather/dags/update_day_hist_forcast.py
[2023-07-08T09:24:10.047+0100] {processor.py:836} INFO - DAG(s) dict_keys(['updated_day_hist_forcast_data']) retrieved from /home/haboubi/Desktop/api/API_weather/dags/update_day_hist_forcast.py
[2023-07-08T09:24:10.084+0100] {logging_mixin.py:149} INFO - [2023-07-08T09:24:10.084+0100] {dag.py:2726} INFO - Sync 1 DAGs
[2023-07-08T09:24:10.111+0100] {logging_mixin.py:149} INFO - [2023-07-08T09:24:10.111+0100] {dag.py:3486} INFO - Setting next_dagrun for updated_day_hist_forcast_data to 2023-07-08T00:00:00+00:00, run_after=2023-07-09T00:00:00+00:00
[2023-07-08T09:24:10.133+0100] {processor.py:179} INFO - Processing /home/haboubi/Desktop/api/API_weather/dags/update_day_hist_forcast.py took 0.445 seconds
[2023-07-08T09:24:40.636+0100] {processor.py:157} INFO - Started process (PID=16296) to work on /home/haboubi/Desktop/api/API_weather/dags/update_day_hist_forcast.py
[2023-07-08T09:24:40.637+0100] {processor.py:826} INFO - Processing file /home/haboubi/Desktop/api/API_weather/dags/update_day_hist_forcast.py for tasks to queue
[2023-07-08T09:24:40.638+0100] {logging_mixin.py:149} INFO - [2023-07-08T09:24:40.638+0100] {dagbag.py:541} INFO - Filling up the DagBag from /home/haboubi/Desktop/api/API_weather/dags/update_day_hist_forcast.py
[2023-07-08T09:24:41.103+0100] {processor.py:836} INFO - DAG(s) dict_keys(['updated_day_hist_forcast_data']) retrieved from /home/haboubi/Desktop/api/API_weather/dags/update_day_hist_forcast.py
[2023-07-08T09:24:41.161+0100] {logging_mixin.py:149} INFO - [2023-07-08T09:24:41.160+0100] {dag.py:2726} INFO - Sync 1 DAGs
[2023-07-08T09:24:41.188+0100] {logging_mixin.py:149} INFO - [2023-07-08T09:24:41.188+0100] {dag.py:3486} INFO - Setting next_dagrun for updated_day_hist_forcast_data to 2023-07-08T00:00:00+00:00, run_after=2023-07-09T00:00:00+00:00
[2023-07-08T09:24:41.210+0100] {processor.py:179} INFO - Processing /home/haboubi/Desktop/api/API_weather/dags/update_day_hist_forcast.py took 0.578 seconds
[2023-07-08T09:25:11.489+0100] {processor.py:157} INFO - Started process (PID=16333) to work on /home/haboubi/Desktop/api/API_weather/dags/update_day_hist_forcast.py
[2023-07-08T09:25:11.491+0100] {processor.py:826} INFO - Processing file /home/haboubi/Desktop/api/API_weather/dags/update_day_hist_forcast.py for tasks to queue
[2023-07-08T09:25:11.492+0100] {logging_mixin.py:149} INFO - [2023-07-08T09:25:11.492+0100] {dagbag.py:541} INFO - Filling up the DagBag from /home/haboubi/Desktop/api/API_weather/dags/update_day_hist_forcast.py
[2023-07-08T09:25:11.872+0100] {processor.py:836} INFO - DAG(s) dict_keys(['updated_day_hist_forcast_data']) retrieved from /home/haboubi/Desktop/api/API_weather/dags/update_day_hist_forcast.py
[2023-07-08T09:25:11.909+0100] {logging_mixin.py:149} INFO - [2023-07-08T09:25:11.909+0100] {dag.py:2726} INFO - Sync 1 DAGs
[2023-07-08T09:25:11.933+0100] {logging_mixin.py:149} INFO - [2023-07-08T09:25:11.933+0100] {dag.py:3486} INFO - Setting next_dagrun for updated_day_hist_forcast_data to 2023-07-08T00:00:00+00:00, run_after=2023-07-09T00:00:00+00:00
[2023-07-08T09:25:11.952+0100] {processor.py:179} INFO - Processing /home/haboubi/Desktop/api/API_weather/dags/update_day_hist_forcast.py took 0.467 seconds
[2023-07-08T09:25:42.442+0100] {processor.py:157} INFO - Started process (PID=16363) to work on /home/haboubi/Desktop/api/API_weather/dags/update_day_hist_forcast.py
[2023-07-08T09:25:42.443+0100] {processor.py:826} INFO - Processing file /home/haboubi/Desktop/api/API_weather/dags/update_day_hist_forcast.py for tasks to queue
[2023-07-08T09:25:42.445+0100] {logging_mixin.py:149} INFO - [2023-07-08T09:25:42.444+0100] {dagbag.py:541} INFO - Filling up the DagBag from /home/haboubi/Desktop/api/API_weather/dags/update_day_hist_forcast.py
[2023-07-08T09:25:42.914+0100] {processor.py:836} INFO - DAG(s) dict_keys(['updated_day_hist_forcast_data']) retrieved from /home/haboubi/Desktop/api/API_weather/dags/update_day_hist_forcast.py
[2023-07-08T09:25:42.966+0100] {logging_mixin.py:149} INFO - [2023-07-08T09:25:42.966+0100] {dag.py:2726} INFO - Sync 1 DAGs
[2023-07-08T09:25:42.999+0100] {logging_mixin.py:149} INFO - [2023-07-08T09:25:42.999+0100] {dag.py:3486} INFO - Setting next_dagrun for updated_day_hist_forcast_data to 2023-07-08T00:00:00+00:00, run_after=2023-07-09T00:00:00+00:00
[2023-07-08T09:25:43.024+0100] {processor.py:179} INFO - Processing /home/haboubi/Desktop/api/API_weather/dags/update_day_hist_forcast.py took 0.587 seconds
[2023-07-08T09:26:13.410+0100] {processor.py:157} INFO - Started process (PID=16393) to work on /home/haboubi/Desktop/api/API_weather/dags/update_day_hist_forcast.py
[2023-07-08T09:26:13.411+0100] {processor.py:826} INFO - Processing file /home/haboubi/Desktop/api/API_weather/dags/update_day_hist_forcast.py for tasks to queue
[2023-07-08T09:26:13.413+0100] {logging_mixin.py:149} INFO - [2023-07-08T09:26:13.413+0100] {dagbag.py:541} INFO - Filling up the DagBag from /home/haboubi/Desktop/api/API_weather/dags/update_day_hist_forcast.py
[2023-07-08T09:26:13.828+0100] {processor.py:836} INFO - DAG(s) dict_keys(['updated_day_hist_forcast_data']) retrieved from /home/haboubi/Desktop/api/API_weather/dags/update_day_hist_forcast.py
[2023-07-08T09:26:13.866+0100] {logging_mixin.py:149} INFO - [2023-07-08T09:26:13.865+0100] {dag.py:2726} INFO - Sync 1 DAGs
[2023-07-08T09:26:13.903+0100] {logging_mixin.py:149} INFO - [2023-07-08T09:26:13.903+0100] {dag.py:3486} INFO - Setting next_dagrun for updated_day_hist_forcast_data to 2023-07-08T00:00:00+00:00, run_after=2023-07-09T00:00:00+00:00
[2023-07-08T09:26:13.926+0100] {processor.py:179} INFO - Processing /home/haboubi/Desktop/api/API_weather/dags/update_day_hist_forcast.py took 0.525 seconds
[2023-07-08T09:26:44.232+0100] {processor.py:157} INFO - Started process (PID=16441) to work on /home/haboubi/Desktop/api/API_weather/dags/update_day_hist_forcast.py
[2023-07-08T09:26:44.233+0100] {processor.py:826} INFO - Processing file /home/haboubi/Desktop/api/API_weather/dags/update_day_hist_forcast.py for tasks to queue
[2023-07-08T09:26:44.234+0100] {logging_mixin.py:149} INFO - [2023-07-08T09:26:44.233+0100] {dagbag.py:541} INFO - Filling up the DagBag from /home/haboubi/Desktop/api/API_weather/dags/update_day_hist_forcast.py
[2023-07-08T09:26:44.590+0100] {processor.py:836} INFO - DAG(s) dict_keys(['updated_day_hist_forcast_data']) retrieved from /home/haboubi/Desktop/api/API_weather/dags/update_day_hist_forcast.py
[2023-07-08T09:26:44.630+0100] {logging_mixin.py:149} INFO - [2023-07-08T09:26:44.629+0100] {dag.py:2726} INFO - Sync 1 DAGs
[2023-07-08T09:26:44.654+0100] {logging_mixin.py:149} INFO - [2023-07-08T09:26:44.654+0100] {dag.py:3486} INFO - Setting next_dagrun for updated_day_hist_forcast_data to 2023-07-08T00:00:00+00:00, run_after=2023-07-09T00:00:00+00:00
[2023-07-08T09:26:44.673+0100] {processor.py:179} INFO - Processing /home/haboubi/Desktop/api/API_weather/dags/update_day_hist_forcast.py took 0.445 seconds
[2023-07-08T09:27:15.433+0100] {processor.py:157} INFO - Started process (PID=16511) to work on /home/haboubi/Desktop/api/API_weather/dags/update_day_hist_forcast.py
[2023-07-08T09:27:15.435+0100] {processor.py:826} INFO - Processing file /home/haboubi/Desktop/api/API_weather/dags/update_day_hist_forcast.py for tasks to queue
[2023-07-08T09:27:15.436+0100] {logging_mixin.py:149} INFO - [2023-07-08T09:27:15.436+0100] {dagbag.py:541} INFO - Filling up the DagBag from /home/haboubi/Desktop/api/API_weather/dags/update_day_hist_forcast.py
[2023-07-08T09:27:15.913+0100] {processor.py:836} INFO - DAG(s) dict_keys(['updated_day_hist_forcast_data']) retrieved from /home/haboubi/Desktop/api/API_weather/dags/update_day_hist_forcast.py
[2023-07-08T09:27:15.954+0100] {logging_mixin.py:149} INFO - [2023-07-08T09:27:15.953+0100] {dag.py:2726} INFO - Sync 1 DAGs
[2023-07-08T09:27:15.988+0100] {logging_mixin.py:149} INFO - [2023-07-08T09:27:15.988+0100] {dag.py:3486} INFO - Setting next_dagrun for updated_day_hist_forcast_data to 2023-07-08T00:00:00+00:00, run_after=2023-07-09T00:00:00+00:00
[2023-07-08T09:27:16.011+0100] {processor.py:179} INFO - Processing /home/haboubi/Desktop/api/API_weather/dags/update_day_hist_forcast.py took 0.583 seconds
[2023-07-08T09:27:46.416+0100] {processor.py:157} INFO - Started process (PID=16573) to work on /home/haboubi/Desktop/api/API_weather/dags/update_day_hist_forcast.py
[2023-07-08T09:27:46.417+0100] {processor.py:826} INFO - Processing file /home/haboubi/Desktop/api/API_weather/dags/update_day_hist_forcast.py for tasks to queue
[2023-07-08T09:27:46.418+0100] {logging_mixin.py:149} INFO - [2023-07-08T09:27:46.418+0100] {dagbag.py:541} INFO - Filling up the DagBag from /home/haboubi/Desktop/api/API_weather/dags/update_day_hist_forcast.py
[2023-07-08T09:27:46.946+0100] {processor.py:836} INFO - DAG(s) dict_keys(['updated_day_hist_forcast_data']) retrieved from /home/haboubi/Desktop/api/API_weather/dags/update_day_hist_forcast.py
[2023-07-08T09:27:47.007+0100] {logging_mixin.py:149} INFO - [2023-07-08T09:27:47.006+0100] {dag.py:2726} INFO - Sync 1 DAGs
[2023-07-08T09:27:47.050+0100] {logging_mixin.py:149} INFO - [2023-07-08T09:27:47.050+0100] {dag.py:3486} INFO - Setting next_dagrun for updated_day_hist_forcast_data to 2023-07-08T00:00:00+00:00, run_after=2023-07-09T00:00:00+00:00
[2023-07-08T09:27:47.071+0100] {processor.py:179} INFO - Processing /home/haboubi/Desktop/api/API_weather/dags/update_day_hist_forcast.py took 0.659 seconds
[2023-07-08T09:28:17.583+0100] {processor.py:157} INFO - Started process (PID=16618) to work on /home/haboubi/Desktop/api/API_weather/dags/update_day_hist_forcast.py
[2023-07-08T09:28:17.585+0100] {processor.py:826} INFO - Processing file /home/haboubi/Desktop/api/API_weather/dags/update_day_hist_forcast.py for tasks to queue
[2023-07-08T09:28:17.586+0100] {logging_mixin.py:149} INFO - [2023-07-08T09:28:17.586+0100] {dagbag.py:541} INFO - Filling up the DagBag from /home/haboubi/Desktop/api/API_weather/dags/update_day_hist_forcast.py
[2023-07-08T09:28:17.926+0100] {processor.py:836} INFO - DAG(s) dict_keys(['updated_day_hist_forcast_data']) retrieved from /home/haboubi/Desktop/api/API_weather/dags/update_day_hist_forcast.py
[2023-07-08T09:28:17.961+0100] {logging_mixin.py:149} INFO - [2023-07-08T09:28:17.961+0100] {dag.py:2726} INFO - Sync 1 DAGs
[2023-07-08T09:28:17.988+0100] {logging_mixin.py:149} INFO - [2023-07-08T09:28:17.988+0100] {dag.py:3486} INFO - Setting next_dagrun for updated_day_hist_forcast_data to 2023-07-08T00:00:00+00:00, run_after=2023-07-09T00:00:00+00:00
[2023-07-08T09:28:18.007+0100] {processor.py:179} INFO - Processing /home/haboubi/Desktop/api/API_weather/dags/update_day_hist_forcast.py took 0.429 seconds
[2023-07-08T09:28:48.807+0100] {processor.py:157} INFO - Started process (PID=16678) to work on /home/haboubi/Desktop/api/API_weather/dags/update_day_hist_forcast.py
[2023-07-08T09:28:48.808+0100] {processor.py:826} INFO - Processing file /home/haboubi/Desktop/api/API_weather/dags/update_day_hist_forcast.py for tasks to queue
[2023-07-08T09:28:48.809+0100] {logging_mixin.py:149} INFO - [2023-07-08T09:28:48.808+0100] {dagbag.py:541} INFO - Filling up the DagBag from /home/haboubi/Desktop/api/API_weather/dags/update_day_hist_forcast.py
[2023-07-08T09:28:49.238+0100] {processor.py:836} INFO - DAG(s) dict_keys(['updated_day_hist_forcast_data']) retrieved from /home/haboubi/Desktop/api/API_weather/dags/update_day_hist_forcast.py
[2023-07-08T09:28:49.279+0100] {logging_mixin.py:149} INFO - [2023-07-08T09:28:49.278+0100] {dag.py:2726} INFO - Sync 1 DAGs
[2023-07-08T09:28:49.308+0100] {logging_mixin.py:149} INFO - [2023-07-08T09:28:49.307+0100] {dag.py:3486} INFO - Setting next_dagrun for updated_day_hist_forcast_data to 2023-07-08T00:00:00+00:00, run_after=2023-07-09T00:00:00+00:00
[2023-07-08T09:28:49.330+0100] {processor.py:179} INFO - Processing /home/haboubi/Desktop/api/API_weather/dags/update_day_hist_forcast.py took 0.528 seconds
[2023-07-08T09:29:19.787+0100] {processor.py:157} INFO - Started process (PID=16712) to work on /home/haboubi/Desktop/api/API_weather/dags/update_day_hist_forcast.py
[2023-07-08T09:29:19.788+0100] {processor.py:826} INFO - Processing file /home/haboubi/Desktop/api/API_weather/dags/update_day_hist_forcast.py for tasks to queue
[2023-07-08T09:29:19.790+0100] {logging_mixin.py:149} INFO - [2023-07-08T09:29:19.789+0100] {dagbag.py:541} INFO - Filling up the DagBag from /home/haboubi/Desktop/api/API_weather/dags/update_day_hist_forcast.py
[2023-07-08T09:29:20.315+0100] {processor.py:836} INFO - DAG(s) dict_keys(['updated_day_hist_forcast_data']) retrieved from /home/haboubi/Desktop/api/API_weather/dags/update_day_hist_forcast.py
[2023-07-08T09:29:20.367+0100] {logging_mixin.py:149} INFO - [2023-07-08T09:29:20.367+0100] {dag.py:2726} INFO - Sync 1 DAGs
[2023-07-08T09:29:20.407+0100] {logging_mixin.py:149} INFO - [2023-07-08T09:29:20.407+0100] {dag.py:3486} INFO - Setting next_dagrun for updated_day_hist_forcast_data to 2023-07-08T00:00:00+00:00, run_after=2023-07-09T00:00:00+00:00
[2023-07-08T09:29:20.433+0100] {processor.py:179} INFO - Processing /home/haboubi/Desktop/api/API_weather/dags/update_day_hist_forcast.py took 0.651 seconds
[2023-07-08T09:29:50.605+0100] {processor.py:157} INFO - Started process (PID=16752) to work on /home/haboubi/Desktop/api/API_weather/dags/update_day_hist_forcast.py
[2023-07-08T09:29:50.607+0100] {processor.py:826} INFO - Processing file /home/haboubi/Desktop/api/API_weather/dags/update_day_hist_forcast.py for tasks to queue
[2023-07-08T09:29:50.607+0100] {logging_mixin.py:149} INFO - [2023-07-08T09:29:50.607+0100] {dagbag.py:541} INFO - Filling up the DagBag from /home/haboubi/Desktop/api/API_weather/dags/update_day_hist_forcast.py
[2023-07-08T09:29:50.956+0100] {processor.py:836} INFO - DAG(s) dict_keys(['updated_day_hist_forcast_data']) retrieved from /home/haboubi/Desktop/api/API_weather/dags/update_day_hist_forcast.py
[2023-07-08T09:29:50.994+0100] {logging_mixin.py:149} INFO - [2023-07-08T09:29:50.994+0100] {dag.py:2726} INFO - Sync 1 DAGs
[2023-07-08T09:29:51.022+0100] {logging_mixin.py:149} INFO - [2023-07-08T09:29:51.021+0100] {dag.py:3486} INFO - Setting next_dagrun for updated_day_hist_forcast_data to 2023-07-08T00:00:00+00:00, run_after=2023-07-09T00:00:00+00:00
[2023-07-08T09:29:51.039+0100] {processor.py:179} INFO - Processing /home/haboubi/Desktop/api/API_weather/dags/update_day_hist_forcast.py took 0.438 seconds
[2023-07-08T09:30:21.836+0100] {processor.py:157} INFO - Started process (PID=16812) to work on /home/haboubi/Desktop/api/API_weather/dags/update_day_hist_forcast.py
[2023-07-08T09:30:21.838+0100] {processor.py:826} INFO - Processing file /home/haboubi/Desktop/api/API_weather/dags/update_day_hist_forcast.py for tasks to queue
[2023-07-08T09:30:21.840+0100] {logging_mixin.py:149} INFO - [2023-07-08T09:30:21.840+0100] {dagbag.py:541} INFO - Filling up the DagBag from /home/haboubi/Desktop/api/API_weather/dags/update_day_hist_forcast.py
[2023-07-08T09:30:22.192+0100] {processor.py:836} INFO - DAG(s) dict_keys(['updated_day_hist_forcast_data']) retrieved from /home/haboubi/Desktop/api/API_weather/dags/update_day_hist_forcast.py
[2023-07-08T09:30:22.228+0100] {logging_mixin.py:149} INFO - [2023-07-08T09:30:22.228+0100] {dag.py:2726} INFO - Sync 1 DAGs
[2023-07-08T09:30:22.253+0100] {logging_mixin.py:149} INFO - [2023-07-08T09:30:22.253+0100] {dag.py:3486} INFO - Setting next_dagrun for updated_day_hist_forcast_data to 2023-07-08T00:00:00+00:00, run_after=2023-07-09T00:00:00+00:00
[2023-07-08T09:30:22.274+0100] {processor.py:179} INFO - Processing /home/haboubi/Desktop/api/API_weather/dags/update_day_hist_forcast.py took 0.445 seconds
[2023-07-08T09:30:52.807+0100] {processor.py:157} INFO - Started process (PID=16842) to work on /home/haboubi/Desktop/api/API_weather/dags/update_day_hist_forcast.py
[2023-07-08T09:30:52.810+0100] {processor.py:826} INFO - Processing file /home/haboubi/Desktop/api/API_weather/dags/update_day_hist_forcast.py for tasks to queue
[2023-07-08T09:30:52.813+0100] {logging_mixin.py:149} INFO - [2023-07-08T09:30:52.812+0100] {dagbag.py:541} INFO - Filling up the DagBag from /home/haboubi/Desktop/api/API_weather/dags/update_day_hist_forcast.py
[2023-07-08T09:30:53.212+0100] {processor.py:836} INFO - DAG(s) dict_keys(['updated_day_hist_forcast_data']) retrieved from /home/haboubi/Desktop/api/API_weather/dags/update_day_hist_forcast.py
[2023-07-08T09:30:53.248+0100] {logging_mixin.py:149} INFO - [2023-07-08T09:30:53.247+0100] {dag.py:2726} INFO - Sync 1 DAGs
[2023-07-08T09:30:53.287+0100] {logging_mixin.py:149} INFO - [2023-07-08T09:30:53.287+0100] {dag.py:3486} INFO - Setting next_dagrun for updated_day_hist_forcast_data to 2023-07-08T00:00:00+00:00, run_after=2023-07-09T00:00:00+00:00
[2023-07-08T09:30:53.315+0100] {processor.py:179} INFO - Processing /home/haboubi/Desktop/api/API_weather/dags/update_day_hist_forcast.py took 0.519 seconds
[2023-07-08T09:31:23.631+0100] {processor.py:157} INFO - Started process (PID=16869) to work on /home/haboubi/Desktop/api/API_weather/dags/update_day_hist_forcast.py
[2023-07-08T09:31:23.634+0100] {processor.py:826} INFO - Processing file /home/haboubi/Desktop/api/API_weather/dags/update_day_hist_forcast.py for tasks to queue
[2023-07-08T09:31:23.636+0100] {logging_mixin.py:149} INFO - [2023-07-08T09:31:23.636+0100] {dagbag.py:541} INFO - Filling up the DagBag from /home/haboubi/Desktop/api/API_weather/dags/update_day_hist_forcast.py
[2023-07-08T09:31:23.980+0100] {processor.py:836} INFO - DAG(s) dict_keys(['updated_day_hist_forcast_data']) retrieved from /home/haboubi/Desktop/api/API_weather/dags/update_day_hist_forcast.py
[2023-07-08T09:31:24.011+0100] {logging_mixin.py:149} INFO - [2023-07-08T09:31:24.011+0100] {dag.py:2726} INFO - Sync 1 DAGs
[2023-07-08T09:31:24.035+0100] {logging_mixin.py:149} INFO - [2023-07-08T09:31:24.035+0100] {dag.py:3486} INFO - Setting next_dagrun for updated_day_hist_forcast_data to 2023-07-08T00:00:00+00:00, run_after=2023-07-09T00:00:00+00:00
[2023-07-08T09:31:24.055+0100] {processor.py:179} INFO - Processing /home/haboubi/Desktop/api/API_weather/dags/update_day_hist_forcast.py took 0.435 seconds
[2023-07-08T09:31:54.826+0100] {processor.py:157} INFO - Started process (PID=16905) to work on /home/haboubi/Desktop/api/API_weather/dags/update_day_hist_forcast.py
[2023-07-08T09:31:54.831+0100] {processor.py:826} INFO - Processing file /home/haboubi/Desktop/api/API_weather/dags/update_day_hist_forcast.py for tasks to queue
[2023-07-08T09:31:54.833+0100] {logging_mixin.py:149} INFO - [2023-07-08T09:31:54.833+0100] {dagbag.py:541} INFO - Filling up the DagBag from /home/haboubi/Desktop/api/API_weather/dags/update_day_hist_forcast.py
[2023-07-08T09:31:55.190+0100] {processor.py:836} INFO - DAG(s) dict_keys(['updated_day_hist_forcast_data']) retrieved from /home/haboubi/Desktop/api/API_weather/dags/update_day_hist_forcast.py
[2023-07-08T09:31:55.220+0100] {logging_mixin.py:149} INFO - [2023-07-08T09:31:55.220+0100] {dag.py:2726} INFO - Sync 1 DAGs
[2023-07-08T09:31:55.242+0100] {logging_mixin.py:149} INFO - [2023-07-08T09:31:55.242+0100] {dag.py:3486} INFO - Setting next_dagrun for updated_day_hist_forcast_data to 2023-07-08T00:00:00+00:00, run_after=2023-07-09T00:00:00+00:00
[2023-07-08T09:31:55.257+0100] {processor.py:179} INFO - Processing /home/haboubi/Desktop/api/API_weather/dags/update_day_hist_forcast.py took 0.446 seconds
[2023-07-08T09:32:25.809+0100] {processor.py:157} INFO - Started process (PID=17027) to work on /home/haboubi/Desktop/api/API_weather/dags/update_day_hist_forcast.py
[2023-07-08T09:32:25.810+0100] {processor.py:826} INFO - Processing file /home/haboubi/Desktop/api/API_weather/dags/update_day_hist_forcast.py for tasks to queue
[2023-07-08T09:32:25.812+0100] {logging_mixin.py:149} INFO - [2023-07-08T09:32:25.812+0100] {dagbag.py:541} INFO - Filling up the DagBag from /home/haboubi/Desktop/api/API_weather/dags/update_day_hist_forcast.py
[2023-07-08T09:32:26.128+0100] {processor.py:836} INFO - DAG(s) dict_keys(['updated_day_hist_forcast_data']) retrieved from /home/haboubi/Desktop/api/API_weather/dags/update_day_hist_forcast.py
[2023-07-08T09:32:26.160+0100] {logging_mixin.py:149} INFO - [2023-07-08T09:32:26.160+0100] {dag.py:2726} INFO - Sync 1 DAGs
[2023-07-08T09:32:26.184+0100] {logging_mixin.py:149} INFO - [2023-07-08T09:32:26.183+0100] {dag.py:3486} INFO - Setting next_dagrun for updated_day_hist_forcast_data to 2023-07-08T00:00:00+00:00, run_after=2023-07-09T00:00:00+00:00
[2023-07-08T09:32:26.200+0100] {processor.py:179} INFO - Processing /home/haboubi/Desktop/api/API_weather/dags/update_day_hist_forcast.py took 0.398 seconds
[2023-07-08T09:32:56.642+0100] {processor.py:157} INFO - Started process (PID=17057) to work on /home/haboubi/Desktop/api/API_weather/dags/update_day_hist_forcast.py
[2023-07-08T09:32:56.643+0100] {processor.py:826} INFO - Processing file /home/haboubi/Desktop/api/API_weather/dags/update_day_hist_forcast.py for tasks to queue
[2023-07-08T09:32:56.644+0100] {logging_mixin.py:149} INFO - [2023-07-08T09:32:56.643+0100] {dagbag.py:541} INFO - Filling up the DagBag from /home/haboubi/Desktop/api/API_weather/dags/update_day_hist_forcast.py
[2023-07-08T09:32:56.994+0100] {processor.py:836} INFO - DAG(s) dict_keys(['updated_day_hist_forcast_data']) retrieved from /home/haboubi/Desktop/api/API_weather/dags/update_day_hist_forcast.py
[2023-07-08T09:32:57.027+0100] {logging_mixin.py:149} INFO - [2023-07-08T09:32:57.026+0100] {dag.py:2726} INFO - Sync 1 DAGs
[2023-07-08T09:32:57.048+0100] {logging_mixin.py:149} INFO - [2023-07-08T09:32:57.048+0100] {dag.py:3486} INFO - Setting next_dagrun for updated_day_hist_forcast_data to 2023-07-08T00:00:00+00:00, run_after=2023-07-09T00:00:00+00:00
[2023-07-08T09:32:57.066+0100] {processor.py:179} INFO - Processing /home/haboubi/Desktop/api/API_weather/dags/update_day_hist_forcast.py took 0.428 seconds
[2023-07-08T09:33:27.517+0100] {processor.py:157} INFO - Started process (PID=17090) to work on /home/haboubi/Desktop/api/API_weather/dags/update_day_hist_forcast.py
[2023-07-08T09:33:27.518+0100] {processor.py:826} INFO - Processing file /home/haboubi/Desktop/api/API_weather/dags/update_day_hist_forcast.py for tasks to queue
[2023-07-08T09:33:27.519+0100] {logging_mixin.py:149} INFO - [2023-07-08T09:33:27.518+0100] {dagbag.py:541} INFO - Filling up the DagBag from /home/haboubi/Desktop/api/API_weather/dags/update_day_hist_forcast.py
[2023-07-08T09:33:28.071+0100] {processor.py:836} INFO - DAG(s) dict_keys(['updated_day_hist_forcast_data']) retrieved from /home/haboubi/Desktop/api/API_weather/dags/update_day_hist_forcast.py
[2023-07-08T09:33:28.123+0100] {logging_mixin.py:149} INFO - [2023-07-08T09:33:28.122+0100] {dag.py:2726} INFO - Sync 1 DAGs
[2023-07-08T09:33:28.166+0100] {logging_mixin.py:149} INFO - [2023-07-08T09:33:28.166+0100] {dag.py:3486} INFO - Setting next_dagrun for updated_day_hist_forcast_data to 2023-07-08T00:00:00+00:00, run_after=2023-07-09T00:00:00+00:00
[2023-07-08T09:33:28.199+0100] {processor.py:179} INFO - Processing /home/haboubi/Desktop/api/API_weather/dags/update_day_hist_forcast.py took 0.687 seconds
[2023-07-08T09:33:58.436+0100] {processor.py:157} INFO - Started process (PID=17129) to work on /home/haboubi/Desktop/api/API_weather/dags/update_day_hist_forcast.py
[2023-07-08T09:33:58.438+0100] {processor.py:826} INFO - Processing file /home/haboubi/Desktop/api/API_weather/dags/update_day_hist_forcast.py for tasks to queue
[2023-07-08T09:33:58.441+0100] {logging_mixin.py:149} INFO - [2023-07-08T09:33:58.440+0100] {dagbag.py:541} INFO - Filling up the DagBag from /home/haboubi/Desktop/api/API_weather/dags/update_day_hist_forcast.py
[2023-07-08T09:33:58.840+0100] {processor.py:836} INFO - DAG(s) dict_keys(['updated_day_hist_forcast_data']) retrieved from /home/haboubi/Desktop/api/API_weather/dags/update_day_hist_forcast.py
[2023-07-08T09:33:58.875+0100] {logging_mixin.py:149} INFO - [2023-07-08T09:33:58.875+0100] {dag.py:2726} INFO - Sync 1 DAGs
[2023-07-08T09:33:58.897+0100] {logging_mixin.py:149} INFO - [2023-07-08T09:33:58.897+0100] {dag.py:3486} INFO - Setting next_dagrun for updated_day_hist_forcast_data to 2023-07-08T00:00:00+00:00, run_after=2023-07-09T00:00:00+00:00
[2023-07-08T09:33:58.914+0100] {processor.py:179} INFO - Processing /home/haboubi/Desktop/api/API_weather/dags/update_day_hist_forcast.py took 0.489 seconds
[2023-07-08T09:34:29.335+0100] {processor.py:157} INFO - Started process (PID=17221) to work on /home/haboubi/Desktop/api/API_weather/dags/update_day_hist_forcast.py
[2023-07-08T09:34:29.336+0100] {processor.py:826} INFO - Processing file /home/haboubi/Desktop/api/API_weather/dags/update_day_hist_forcast.py for tasks to queue
[2023-07-08T09:34:29.337+0100] {logging_mixin.py:149} INFO - [2023-07-08T09:34:29.337+0100] {dagbag.py:541} INFO - Filling up the DagBag from /home/haboubi/Desktop/api/API_weather/dags/update_day_hist_forcast.py
[2023-07-08T09:34:29.654+0100] {processor.py:836} INFO - DAG(s) dict_keys(['updated_day_hist_forcast_data']) retrieved from /home/haboubi/Desktop/api/API_weather/dags/update_day_hist_forcast.py
[2023-07-08T09:34:29.688+0100] {logging_mixin.py:149} INFO - [2023-07-08T09:34:29.687+0100] {dag.py:2726} INFO - Sync 1 DAGs
[2023-07-08T09:34:29.710+0100] {logging_mixin.py:149} INFO - [2023-07-08T09:34:29.710+0100] {dag.py:3486} INFO - Setting next_dagrun for updated_day_hist_forcast_data to 2023-07-08T00:00:00+00:00, run_after=2023-07-09T00:00:00+00:00
[2023-07-08T09:34:29.728+0100] {processor.py:179} INFO - Processing /home/haboubi/Desktop/api/API_weather/dags/update_day_hist_forcast.py took 0.400 seconds
[2023-07-08T09:35:00.155+0100] {processor.py:157} INFO - Started process (PID=17302) to work on /home/haboubi/Desktop/api/API_weather/dags/update_day_hist_forcast.py
[2023-07-08T09:35:00.158+0100] {processor.py:826} INFO - Processing file /home/haboubi/Desktop/api/API_weather/dags/update_day_hist_forcast.py for tasks to queue
[2023-07-08T09:35:00.161+0100] {logging_mixin.py:149} INFO - [2023-07-08T09:35:00.160+0100] {dagbag.py:541} INFO - Filling up the DagBag from /home/haboubi/Desktop/api/API_weather/dags/update_day_hist_forcast.py
[2023-07-08T09:35:00.478+0100] {processor.py:836} INFO - DAG(s) dict_keys(['updated_day_hist_forcast_data']) retrieved from /home/haboubi/Desktop/api/API_weather/dags/update_day_hist_forcast.py
[2023-07-08T09:35:00.511+0100] {logging_mixin.py:149} INFO - [2023-07-08T09:35:00.511+0100] {dag.py:2726} INFO - Sync 1 DAGs
[2023-07-08T09:35:00.533+0100] {logging_mixin.py:149} INFO - [2023-07-08T09:35:00.533+0100] {dag.py:3486} INFO - Setting next_dagrun for updated_day_hist_forcast_data to 2023-07-08T00:00:00+00:00, run_after=2023-07-09T00:00:00+00:00
[2023-07-08T09:35:00.549+0100] {processor.py:179} INFO - Processing /home/haboubi/Desktop/api/API_weather/dags/update_day_hist_forcast.py took 0.407 seconds
[2023-07-08T09:35:31.090+0100] {processor.py:157} INFO - Started process (PID=17386) to work on /home/haboubi/Desktop/api/API_weather/dags/update_day_hist_forcast.py
[2023-07-08T09:35:31.092+0100] {processor.py:826} INFO - Processing file /home/haboubi/Desktop/api/API_weather/dags/update_day_hist_forcast.py for tasks to queue
[2023-07-08T09:35:31.093+0100] {logging_mixin.py:149} INFO - [2023-07-08T09:35:31.093+0100] {dagbag.py:541} INFO - Filling up the DagBag from /home/haboubi/Desktop/api/API_weather/dags/update_day_hist_forcast.py
[2023-07-08T09:35:31.465+0100] {processor.py:836} INFO - DAG(s) dict_keys(['updated_day_hist_forcast_data']) retrieved from /home/haboubi/Desktop/api/API_weather/dags/update_day_hist_forcast.py
[2023-07-08T09:35:31.497+0100] {logging_mixin.py:149} INFO - [2023-07-08T09:35:31.497+0100] {dag.py:2726} INFO - Sync 1 DAGs
[2023-07-08T09:35:31.518+0100] {logging_mixin.py:149} INFO - [2023-07-08T09:35:31.518+0100] {dag.py:3486} INFO - Setting next_dagrun for updated_day_hist_forcast_data to 2023-07-08T00:00:00+00:00, run_after=2023-07-09T00:00:00+00:00
[2023-07-08T09:35:31.536+0100] {processor.py:179} INFO - Processing /home/haboubi/Desktop/api/API_weather/dags/update_day_hist_forcast.py took 0.453 seconds
[2023-07-08T09:36:01.954+0100] {processor.py:157} INFO - Started process (PID=17441) to work on /home/haboubi/Desktop/api/API_weather/dags/update_day_hist_forcast.py
[2023-07-08T09:36:01.957+0100] {processor.py:826} INFO - Processing file /home/haboubi/Desktop/api/API_weather/dags/update_day_hist_forcast.py for tasks to queue
[2023-07-08T09:36:01.960+0100] {logging_mixin.py:149} INFO - [2023-07-08T09:36:01.959+0100] {dagbag.py:541} INFO - Filling up the DagBag from /home/haboubi/Desktop/api/API_weather/dags/update_day_hist_forcast.py
[2023-07-08T09:36:02.431+0100] {processor.py:836} INFO - DAG(s) dict_keys(['updated_day_hist_forcast_data']) retrieved from /home/haboubi/Desktop/api/API_weather/dags/update_day_hist_forcast.py
[2023-07-08T09:36:02.467+0100] {logging_mixin.py:149} INFO - [2023-07-08T09:36:02.467+0100] {dag.py:2726} INFO - Sync 1 DAGs
[2023-07-08T09:36:02.490+0100] {logging_mixin.py:149} INFO - [2023-07-08T09:36:02.490+0100] {dag.py:3486} INFO - Setting next_dagrun for updated_day_hist_forcast_data to 2023-07-08T00:00:00+00:00, run_after=2023-07-09T00:00:00+00:00
[2023-07-08T09:36:02.508+0100] {processor.py:179} INFO - Processing /home/haboubi/Desktop/api/API_weather/dags/update_day_hist_forcast.py took 0.567 seconds
[2023-07-08T09:36:32.779+0100] {processor.py:157} INFO - Started process (PID=17483) to work on /home/haboubi/Desktop/api/API_weather/dags/update_day_hist_forcast.py
[2023-07-08T09:36:32.782+0100] {processor.py:826} INFO - Processing file /home/haboubi/Desktop/api/API_weather/dags/update_day_hist_forcast.py for tasks to queue
[2023-07-08T09:36:32.785+0100] {logging_mixin.py:149} INFO - [2023-07-08T09:36:32.784+0100] {dagbag.py:541} INFO - Filling up the DagBag from /home/haboubi/Desktop/api/API_weather/dags/update_day_hist_forcast.py
[2023-07-08T09:36:33.112+0100] {processor.py:836} INFO - DAG(s) dict_keys(['updated_day_hist_forcast_data']) retrieved from /home/haboubi/Desktop/api/API_weather/dags/update_day_hist_forcast.py
[2023-07-08T09:36:33.143+0100] {logging_mixin.py:149} INFO - [2023-07-08T09:36:33.143+0100] {dag.py:2726} INFO - Sync 1 DAGs
[2023-07-08T09:36:33.165+0100] {logging_mixin.py:149} INFO - [2023-07-08T09:36:33.164+0100] {dag.py:3486} INFO - Setting next_dagrun for updated_day_hist_forcast_data to 2023-07-08T00:00:00+00:00, run_after=2023-07-09T00:00:00+00:00
[2023-07-08T09:36:33.180+0100] {processor.py:179} INFO - Processing /home/haboubi/Desktop/api/API_weather/dags/update_day_hist_forcast.py took 0.413 seconds
[2023-07-08T09:37:03.699+0100] {processor.py:157} INFO - Started process (PID=17518) to work on /home/haboubi/Desktop/api/API_weather/dags/update_day_hist_forcast.py
[2023-07-08T09:37:03.701+0100] {processor.py:826} INFO - Processing file /home/haboubi/Desktop/api/API_weather/dags/update_day_hist_forcast.py for tasks to queue
[2023-07-08T09:37:03.702+0100] {logging_mixin.py:149} INFO - [2023-07-08T09:37:03.702+0100] {dagbag.py:541} INFO - Filling up the DagBag from /home/haboubi/Desktop/api/API_weather/dags/update_day_hist_forcast.py
[2023-07-08T09:37:04.075+0100] {processor.py:836} INFO - DAG(s) dict_keys(['updated_day_hist_forcast_data']) retrieved from /home/haboubi/Desktop/api/API_weather/dags/update_day_hist_forcast.py
[2023-07-08T09:37:04.113+0100] {logging_mixin.py:149} INFO - [2023-07-08T09:37:04.113+0100] {dag.py:2726} INFO - Sync 1 DAGs
[2023-07-08T09:37:04.133+0100] {logging_mixin.py:149} INFO - [2023-07-08T09:37:04.133+0100] {dag.py:3486} INFO - Setting next_dagrun for updated_day_hist_forcast_data to 2023-07-08T00:00:00+00:00, run_after=2023-07-09T00:00:00+00:00
[2023-07-08T09:37:04.150+0100] {processor.py:179} INFO - Processing /home/haboubi/Desktop/api/API_weather/dags/update_day_hist_forcast.py took 0.458 seconds
[2023-07-08T09:37:34.654+0100] {processor.py:157} INFO - Started process (PID=17587) to work on /home/haboubi/Desktop/api/API_weather/dags/update_day_hist_forcast.py
[2023-07-08T09:37:34.655+0100] {processor.py:826} INFO - Processing file /home/haboubi/Desktop/api/API_weather/dags/update_day_hist_forcast.py for tasks to queue
[2023-07-08T09:37:34.656+0100] {logging_mixin.py:149} INFO - [2023-07-08T09:37:34.656+0100] {dagbag.py:541} INFO - Filling up the DagBag from /home/haboubi/Desktop/api/API_weather/dags/update_day_hist_forcast.py
[2023-07-08T09:37:35.087+0100] {processor.py:836} INFO - DAG(s) dict_keys(['updated_day_hist_forcast_data']) retrieved from /home/haboubi/Desktop/api/API_weather/dags/update_day_hist_forcast.py
[2023-07-08T09:37:35.149+0100] {logging_mixin.py:149} INFO - [2023-07-08T09:37:35.148+0100] {dag.py:2726} INFO - Sync 1 DAGs
[2023-07-08T09:37:35.190+0100] {logging_mixin.py:149} INFO - [2023-07-08T09:37:35.190+0100] {dag.py:3486} INFO - Setting next_dagrun for updated_day_hist_forcast_data to 2023-07-08T00:00:00+00:00, run_after=2023-07-09T00:00:00+00:00
[2023-07-08T09:37:35.223+0100] {processor.py:179} INFO - Processing /home/haboubi/Desktop/api/API_weather/dags/update_day_hist_forcast.py took 0.572 seconds
[2023-07-08T09:38:05.710+0100] {processor.py:157} INFO - Started process (PID=17633) to work on /home/haboubi/Desktop/api/API_weather/dags/update_day_hist_forcast.py
[2023-07-08T09:38:05.714+0100] {processor.py:826} INFO - Processing file /home/haboubi/Desktop/api/API_weather/dags/update_day_hist_forcast.py for tasks to queue
[2023-07-08T09:38:05.718+0100] {logging_mixin.py:149} INFO - [2023-07-08T09:38:05.717+0100] {dagbag.py:541} INFO - Filling up the DagBag from /home/haboubi/Desktop/api/API_weather/dags/update_day_hist_forcast.py
[2023-07-08T09:38:06.263+0100] {processor.py:836} INFO - DAG(s) dict_keys(['updated_day_hist_forcast_data']) retrieved from /home/haboubi/Desktop/api/API_weather/dags/update_day_hist_forcast.py
[2023-07-08T09:38:06.314+0100] {logging_mixin.py:149} INFO - [2023-07-08T09:38:06.314+0100] {dag.py:2726} INFO - Sync 1 DAGs
[2023-07-08T09:38:06.351+0100] {logging_mixin.py:149} INFO - [2023-07-08T09:38:06.351+0100] {dag.py:3486} INFO - Setting next_dagrun for updated_day_hist_forcast_data to 2023-07-08T00:00:00+00:00, run_after=2023-07-09T00:00:00+00:00
[2023-07-08T09:38:06.377+0100] {processor.py:179} INFO - Processing /home/haboubi/Desktop/api/API_weather/dags/update_day_hist_forcast.py took 0.681 seconds
[2023-07-08T09:38:36.698+0100] {processor.py:157} INFO - Started process (PID=17677) to work on /home/haboubi/Desktop/api/API_weather/dags/update_day_hist_forcast.py
[2023-07-08T09:38:36.700+0100] {processor.py:826} INFO - Processing file /home/haboubi/Desktop/api/API_weather/dags/update_day_hist_forcast.py for tasks to queue
[2023-07-08T09:38:36.702+0100] {logging_mixin.py:149} INFO - [2023-07-08T09:38:36.702+0100] {dagbag.py:541} INFO - Filling up the DagBag from /home/haboubi/Desktop/api/API_weather/dags/update_day_hist_forcast.py
[2023-07-08T09:38:37.064+0100] {processor.py:836} INFO - DAG(s) dict_keys(['updated_day_hist_forcast_data']) retrieved from /home/haboubi/Desktop/api/API_weather/dags/update_day_hist_forcast.py
[2023-07-08T09:38:37.105+0100] {logging_mixin.py:149} INFO - [2023-07-08T09:38:37.104+0100] {dag.py:2726} INFO - Sync 1 DAGs
[2023-07-08T09:38:37.134+0100] {logging_mixin.py:149} INFO - [2023-07-08T09:38:37.134+0100] {dag.py:3486} INFO - Setting next_dagrun for updated_day_hist_forcast_data to 2023-07-08T00:00:00+00:00, run_after=2023-07-09T00:00:00+00:00
[2023-07-08T09:38:37.151+0100] {processor.py:179} INFO - Processing /home/haboubi/Desktop/api/API_weather/dags/update_day_hist_forcast.py took 0.469 seconds
[2023-07-08T09:39:07.693+0100] {processor.py:157} INFO - Started process (PID=17779) to work on /home/haboubi/Desktop/api/API_weather/dags/update_day_hist_forcast.py
[2023-07-08T09:39:07.694+0100] {processor.py:826} INFO - Processing file /home/haboubi/Desktop/api/API_weather/dags/update_day_hist_forcast.py for tasks to queue
[2023-07-08T09:39:07.695+0100] {logging_mixin.py:149} INFO - [2023-07-08T09:39:07.694+0100] {dagbag.py:541} INFO - Filling up the DagBag from /home/haboubi/Desktop/api/API_weather/dags/update_day_hist_forcast.py
[2023-07-08T09:39:08.092+0100] {processor.py:836} INFO - DAG(s) dict_keys(['updated_day_hist_forcast_data']) retrieved from /home/haboubi/Desktop/api/API_weather/dags/update_day_hist_forcast.py
[2023-07-08T09:39:08.140+0100] {logging_mixin.py:149} INFO - [2023-07-08T09:39:08.139+0100] {dag.py:2726} INFO - Sync 1 DAGs
[2023-07-08T09:39:08.174+0100] {logging_mixin.py:149} INFO - [2023-07-08T09:39:08.174+0100] {dag.py:3486} INFO - Setting next_dagrun for updated_day_hist_forcast_data to 2023-07-08T00:00:00+00:00, run_after=2023-07-09T00:00:00+00:00
[2023-07-08T09:39:08.195+0100] {processor.py:179} INFO - Processing /home/haboubi/Desktop/api/API_weather/dags/update_day_hist_forcast.py took 0.507 seconds
