[2023-07-05T10:41:02.836+0100] {taskinstance.py:1103} INFO - Dependencies all met for dep_context=non-requeueable deps ti=<TaskInstance: update_current_data_10.extract_current_data scheduled__2023-05-07T12:20:00+00:00 [queued]>
[2023-07-05T10:41:02.844+0100] {taskinstance.py:1103} INFO - Dependencies all met for dep_context=requeueable deps ti=<TaskInstance: update_current_data_10.extract_current_data scheduled__2023-05-07T12:20:00+00:00 [queued]>
[2023-07-05T10:41:02.844+0100] {taskinstance.py:1308} INFO - Starting attempt 1 of 3
[2023-07-05T10:41:02.854+0100] {taskinstance.py:1327} INFO - Executing <Task(PythonOperator): extract_current_data> on 2023-05-07 12:20:00+00:00
[2023-07-05T10:41:02.859+0100] {standard_task_runner.py:57} INFO - Started process 51525 to run task
[2023-07-05T10:41:02.862+0100] {standard_task_runner.py:84} INFO - Running: ['***', 'tasks', 'run', 'update_current_data_10', 'extract_current_data', 'scheduled__2023-05-07T12:20:00+00:00', '--job-id', '407', '--raw', '--subdir', '/home/haboubi/Desktop/api/API_weather/dags/update_current_dags.py', '--cfg-path', '/tmp/tmpw4fhg3q7']
[2023-07-05T10:41:02.863+0100] {standard_task_runner.py:85} INFO - Job 407: Subtask extract_current_data
[2023-07-05T10:41:02.932+0100] {task_command.py:410} INFO - Running <TaskInstance: update_current_data_10.extract_current_data scheduled__2023-05-07T12:20:00+00:00 [running]> on host haboubi-VivoBook-15-ASUS-Laptop-X540UB
[2023-07-05T10:41:03.031+0100] {taskinstance.py:1545} INFO - Exporting env vars: AIRFLOW_CTX_DAG_OWNER='haboubi' AIRFLOW_CTX_DAG_ID='update_current_data_10' AIRFLOW_CTX_TASK_ID='extract_current_data' AIRFLOW_CTX_EXECUTION_DATE='2023-05-07T12:20:00+00:00' AIRFLOW_CTX_TRY_NUMBER='1' AIRFLOW_CTX_DAG_RUN_ID='scheduled__2023-05-07T12:20:00+00:00'
[2023-07-05T10:41:07.090+0100] {python.py:183} INFO - Done. Returned value was: None
[2023-07-05T10:41:07.138+0100] {taskinstance.py:1345} INFO - Marking task as SUCCESS. dag_id=update_current_data_10, task_id=extract_current_data, execution_date=20230507T122000, start_date=20230705T094102, end_date=20230705T094107
[2023-07-05T10:41:07.180+0100] {local_task_job_runner.py:225} INFO - Task exited with return code 0
[2023-07-05T10:41:07.211+0100] {taskinstance.py:2653} INFO - 1 downstream tasks scheduled from follow-on schedule check
[2023-07-05T11:04:36.374+0100] {taskinstance.py:1103} INFO - Dependencies all met for dep_context=non-requeueable deps ti=<TaskInstance: update_current_data_10.extract_current_data scheduled__2023-05-07T12:20:00+00:00 [queued]>
[2023-07-05T11:04:36.382+0100] {taskinstance.py:1103} INFO - Dependencies all met for dep_context=requeueable deps ti=<TaskInstance: update_current_data_10.extract_current_data scheduled__2023-05-07T12:20:00+00:00 [queued]>
[2023-07-05T11:04:36.382+0100] {taskinstance.py:1308} INFO - Starting attempt 1 of 3
[2023-07-05T11:04:36.392+0100] {taskinstance.py:1327} INFO - Executing <Task(PythonOperator): extract_current_data> on 2023-05-07 12:20:00+00:00
[2023-07-05T11:04:36.397+0100] {standard_task_runner.py:57} INFO - Started process 70232 to run task
[2023-07-05T11:04:36.400+0100] {standard_task_runner.py:84} INFO - Running: ['***', 'tasks', 'run', 'update_current_data_10', 'extract_current_data', 'scheduled__2023-05-07T12:20:00+00:00', '--job-id', '699', '--raw', '--subdir', '/home/haboubi/Desktop/api/API_weather/dags/update_current_dags.py', '--cfg-path', '/tmp/tmplabr7fxo']
[2023-07-05T11:04:36.401+0100] {standard_task_runner.py:85} INFO - Job 699: Subtask extract_current_data
[2023-07-05T11:04:36.465+0100] {task_command.py:410} INFO - Running <TaskInstance: update_current_data_10.extract_current_data scheduled__2023-05-07T12:20:00+00:00 [running]> on host haboubi-VivoBook-15-ASUS-Laptop-X540UB
[2023-07-05T11:04:36.569+0100] {taskinstance.py:1545} INFO - Exporting env vars: AIRFLOW_CTX_DAG_OWNER='haboubi' AIRFLOW_CTX_DAG_ID='update_current_data_10' AIRFLOW_CTX_TASK_ID='extract_current_data' AIRFLOW_CTX_EXECUTION_DATE='2023-05-07T12:20:00+00:00' AIRFLOW_CTX_TRY_NUMBER='1' AIRFLOW_CTX_DAG_RUN_ID='scheduled__2023-05-07T12:20:00+00:00'
[2023-07-05T11:04:40.267+0100] {python.py:183} INFO - Done. Returned value was: None
[2023-07-05T11:04:40.308+0100] {taskinstance.py:1345} INFO - Marking task as SUCCESS. dag_id=update_current_data_10, task_id=extract_current_data, execution_date=20230507T122000, start_date=20230705T100436, end_date=20230705T100440
[2023-07-05T11:04:40.354+0100] {local_task_job_runner.py:225} INFO - Task exited with return code 0
[2023-07-05T11:04:40.387+0100] {taskinstance.py:2653} INFO - 1 downstream tasks scheduled from follow-on schedule check
