[2023-07-03T16:52:54.731+0100] {taskinstance.py:1103} INFO - Dependencies all met for dep_context=non-requeueable deps ti=<TaskInstance: updated_day_hist.load_updated_data manual__2023-07-03T15:52:37.619624+00:00 [queued]>
[2023-07-03T16:52:54.739+0100] {taskinstance.py:1103} INFO - Dependencies all met for dep_context=requeueable deps ti=<TaskInstance: updated_day_hist.load_updated_data manual__2023-07-03T15:52:37.619624+00:00 [queued]>
[2023-07-03T16:52:54.740+0100] {taskinstance.py:1308} INFO - Starting attempt 1 of 3
[2023-07-03T16:52:54.750+0100] {taskinstance.py:1327} INFO - Executing <Task(PythonOperator): load_updated_data> on 2023-07-03 15:52:37.619624+00:00
[2023-07-03T16:52:54.754+0100] {standard_task_runner.py:57} INFO - Started process 25036 to run task
[2023-07-03T16:52:54.757+0100] {standard_task_runner.py:84} INFO - Running: ['***', 'tasks', 'run', 'updated_day_hist', 'load_updated_data', 'manual__2023-07-03T15:52:37.619624+00:00', '--job-id', '101', '--raw', '--subdir', '/home/haboubi/Desktop/api/API_weather/dags/update_day_hist.py', '--cfg-path', '/tmp/tmpojw5r2uz']
[2023-07-03T16:52:54.758+0100] {standard_task_runner.py:85} INFO - Job 101: Subtask load_updated_data
[2023-07-03T16:52:54.820+0100] {task_command.py:410} INFO - Running <TaskInstance: updated_day_hist.load_updated_data manual__2023-07-03T15:52:37.619624+00:00 [running]> on host haboubi-VivoBook-15-ASUS-Laptop-X540UB
[2023-07-03T16:52:54.918+0100] {taskinstance.py:1545} INFO - Exporting env vars: AIRFLOW_CTX_DAG_OWNER='haboubi' AIRFLOW_CTX_DAG_ID='updated_day_hist' AIRFLOW_CTX_TASK_ID='load_updated_data' AIRFLOW_CTX_EXECUTION_DATE='2023-07-03T15:52:37.619624+00:00' AIRFLOW_CTX_TRY_NUMBER='1' AIRFLOW_CTX_DAG_RUN_ID='manual__2023-07-03T15:52:37.619624+00:00'
[2023-07-03T16:52:54.924+0100] {logging_mixin.py:149} INFO - debug prb: Paris
[2023-07-03T16:52:54.949+0100] {logging_mixin.py:149} INFO - last_time_updated: 2023-07-02
[2023-07-03T16:52:54.949+0100] {taskinstance.py:1824} ERROR - Task failed with exception
Traceback (most recent call last):
  File "/home/haboubi/Desktop/api/API_weather/api_env/lib/python3.10/site-packages/airflow/operators/python.py", line 181, in execute
    return_value = self.execute_callable()
  File "/home/haboubi/Desktop/api/API_weather/api_env/lib/python3.10/site-packages/airflow/operators/python.py", line 198, in execute_callable
    return self.python_callable(*self.op_args, **self.op_kwargs)
  File "/home/haboubi/Desktop/api/API_weather/dags/update_day_hist.py", line 52, in load_updated_data_db
    session.add()
TypeError: Session.add() missing 1 required positional argument: 'instance'
[2023-07-03T16:52:54.964+0100] {taskinstance.py:1345} INFO - Marking task as UP_FOR_RETRY. dag_id=updated_day_hist, task_id=load_updated_data, execution_date=20230703T155237, start_date=20230703T155254, end_date=20230703T155254
[2023-07-03T16:52:54.973+0100] {standard_task_runner.py:104} ERROR - Failed to execute job 101 for task load_updated_data (Session.add() missing 1 required positional argument: 'instance'; 25036)
[2023-07-03T16:52:55.008+0100] {local_task_job_runner.py:225} INFO - Task exited with return code 1
[2023-07-03T16:52:55.037+0100] {taskinstance.py:2653} INFO - 0 downstream tasks scheduled from follow-on schedule check
