[2023-07-03T16:42:52.138+0100] {taskinstance.py:1103} INFO - Dependencies all met for dep_context=non-requeueable deps ti=<TaskInstance: updated_day_hist.extract_updated_data manual__2023-07-03T15:42:45.672938+00:00 [queued]>
[2023-07-03T16:42:52.146+0100] {taskinstance.py:1103} INFO - Dependencies all met for dep_context=requeueable deps ti=<TaskInstance: updated_day_hist.extract_updated_data manual__2023-07-03T15:42:45.672938+00:00 [queued]>
[2023-07-03T16:42:52.147+0100] {taskinstance.py:1308} INFO - Starting attempt 1 of 3
[2023-07-03T16:42:52.161+0100] {taskinstance.py:1327} INFO - Executing <Task(PythonOperator): extract_updated_data> on 2023-07-03 15:42:45.672938+00:00
[2023-07-03T16:42:52.166+0100] {standard_task_runner.py:57} INFO - Started process 19593 to run task
[2023-07-03T16:42:52.170+0100] {standard_task_runner.py:84} INFO - Running: ['***', 'tasks', 'run', 'updated_day_hist', 'extract_updated_data', 'manual__2023-07-03T15:42:45.672938+00:00', '--job-id', '76', '--raw', '--subdir', '/home/haboubi/Desktop/api/API_weather/dags/update_day_hist.py', '--cfg-path', '/tmp/tmp2r5ombkd']
[2023-07-03T16:42:52.172+0100] {standard_task_runner.py:85} INFO - Job 76: Subtask extract_updated_data
[2023-07-03T16:42:52.250+0100] {task_command.py:410} INFO - Running <TaskInstance: updated_day_hist.extract_updated_data manual__2023-07-03T15:42:45.672938+00:00 [running]> on host haboubi-VivoBook-15-ASUS-Laptop-X540UB
[2023-07-03T16:42:52.371+0100] {taskinstance.py:1545} INFO - Exporting env vars: AIRFLOW_CTX_DAG_OWNER='haboubi' AIRFLOW_CTX_DAG_ID='updated_day_hist' AIRFLOW_CTX_TASK_ID='extract_updated_data' AIRFLOW_CTX_EXECUTION_DATE='2023-07-03T15:42:45.672938+00:00' AIRFLOW_CTX_TRY_NUMBER='1' AIRFLOW_CTX_DAG_RUN_ID='manual__2023-07-03T15:42:45.672938+00:00'
[2023-07-03T16:42:52.395+0100] {logging_mixin.py:149} INFO - im here 2023
[2023-07-03T16:42:52.878+0100] {logging_mixin.py:149} INFO - im here 2023
[2023-07-03T16:42:53.152+0100] {logging_mixin.py:149} INFO - im here 2023
[2023-07-03T16:42:53.387+0100] {logging_mixin.py:149} INFO - im here 2023
[2023-07-03T16:42:53.854+0100] {logging_mixin.py:149} INFO - im here 2023
[2023-07-03T16:42:54.108+0100] {logging_mixin.py:149} INFO - im here 2023
[2023-07-03T16:42:54.430+0100] {logging_mixin.py:149} INFO - im here 2023
[2023-07-03T16:42:54.676+0100] {logging_mixin.py:149} INFO - im here 2023
[2023-07-03T16:42:55.064+0100] {logging_mixin.py:149} INFO - im here 2023
[2023-07-03T16:42:55.682+0100] {logging_mixin.py:149} INFO - im here 2023
[2023-07-03T16:42:56.122+0100] {logging_mixin.py:149} INFO - im here 2023
[2023-07-03T16:42:56.397+0100] {logging_mixin.py:149} INFO - im here 2023
[2023-07-03T16:42:56.654+0100] {logging_mixin.py:149} INFO - im here 2023
[2023-07-03T16:42:56.913+0100] {logging_mixin.py:149} INFO - im here 2023
[2023-07-03T16:42:57.328+0100] {logging_mixin.py:149} INFO - im here 2023
[2023-07-03T16:42:57.710+0100] {logging_mixin.py:149} INFO - im here 2023
[2023-07-03T16:42:58.067+0100] {logging_mixin.py:149} INFO - im here 2023
[2023-07-03T16:42:58.378+0100] {logging_mixin.py:149} INFO - im here 2023
[2023-07-03T16:42:58.649+0100] {logging_mixin.py:149} INFO - im here 2023
[2023-07-03T16:42:59.000+0100] {logging_mixin.py:149} INFO - im here 2023
[2023-07-03T16:42:59.656+0100] {python.py:183} INFO - Done. Returned value was: None
[2023-07-03T16:42:59.723+0100] {taskinstance.py:1345} INFO - Marking task as SUCCESS. dag_id=updated_day_hist, task_id=extract_updated_data, execution_date=20230703T154245, start_date=20230703T154252, end_date=20230703T154259
[2023-07-03T16:42:59.779+0100] {local_task_job_runner.py:225} INFO - Task exited with return code 0
[2023-07-03T16:42:59.813+0100] {taskinstance.py:2653} INFO - 1 downstream tasks scheduled from follow-on schedule check
