[2023-07-04T16:17:54.492+0100] {taskinstance.py:1103} INFO - Dependencies all met for dep_context=non-requeueable deps ti=<TaskInstance: updated_day_hist_forcast_data.extract_updated_data manual__2023-07-04T15:17:48.358592+00:00 [queued]>
[2023-07-04T16:17:54.501+0100] {taskinstance.py:1103} INFO - Dependencies all met for dep_context=requeueable deps ti=<TaskInstance: updated_day_hist_forcast_data.extract_updated_data manual__2023-07-04T15:17:48.358592+00:00 [queued]>
[2023-07-04T16:17:54.501+0100] {taskinstance.py:1308} INFO - Starting attempt 1 of 3
[2023-07-04T16:17:54.514+0100] {taskinstance.py:1327} INFO - Executing <Task(PythonOperator): extract_updated_data> on 2023-07-04 15:17:48.358592+00:00
[2023-07-04T16:17:54.519+0100] {standard_task_runner.py:57} INFO - Started process 52896 to run task
[2023-07-04T16:17:54.524+0100] {standard_task_runner.py:84} INFO - Running: ['***', 'tasks', 'run', 'updated_day_hist_forcast_data', 'extract_updated_data', 'manual__2023-07-04T15:17:48.358592+00:00', '--job-id', '141', '--raw', '--subdir', '/home/haboubi/Desktop/api/API_weather/dags/update_day_hist.py', '--cfg-path', '/tmp/tmpwyhycr9o']
[2023-07-04T16:17:54.525+0100] {standard_task_runner.py:85} INFO - Job 141: Subtask extract_updated_data
[2023-07-04T16:17:54.594+0100] {task_command.py:410} INFO - Running <TaskInstance: updated_day_hist_forcast_data.extract_updated_data manual__2023-07-04T15:17:48.358592+00:00 [running]> on host haboubi-VivoBook-15-ASUS-Laptop-X540UB
[2023-07-04T16:17:54.714+0100] {taskinstance.py:1545} INFO - Exporting env vars: AIRFLOW_CTX_DAG_OWNER='haboubi' AIRFLOW_CTX_DAG_ID='updated_day_hist_forcast_data' AIRFLOW_CTX_TASK_ID='extract_updated_data' AIRFLOW_CTX_EXECUTION_DATE='2023-07-04T15:17:48.358592+00:00' AIRFLOW_CTX_TRY_NUMBER='1' AIRFLOW_CTX_DAG_RUN_ID='manual__2023-07-04T15:17:48.358592+00:00'
[2023-07-04T16:17:54.737+0100] {logging_mixin.py:149} INFO - im here 2023
[2023-07-04T16:17:54.948+0100] {logging_mixin.py:149} INFO - im here 2023
[2023-07-04T16:17:55.168+0100] {logging_mixin.py:149} INFO - im here 2023
[2023-07-04T16:17:55.429+0100] {logging_mixin.py:149} INFO - im here 2023
[2023-07-04T16:17:55.668+0100] {logging_mixin.py:149} INFO - im here 2023
[2023-07-04T16:17:55.917+0100] {logging_mixin.py:149} INFO - im here 2023
[2023-07-04T16:17:56.149+0100] {logging_mixin.py:149} INFO - im here 2023
[2023-07-04T16:17:56.654+0100] {logging_mixin.py:149} INFO - im here 2023
[2023-07-04T16:17:56.880+0100] {logging_mixin.py:149} INFO - im here 2023
[2023-07-04T16:17:57.217+0100] {logging_mixin.py:149} INFO - im here 2023
[2023-07-04T16:17:57.446+0100] {logging_mixin.py:149} INFO - im here 2023
[2023-07-04T16:17:57.687+0100] {logging_mixin.py:149} INFO - im here 2023
[2023-07-04T16:17:57.942+0100] {logging_mixin.py:149} INFO - im here 2023
[2023-07-04T16:17:58.264+0100] {logging_mixin.py:149} INFO - im here 2023
[2023-07-04T16:17:58.515+0100] {logging_mixin.py:149} INFO - im here 2023
[2023-07-04T16:17:58.764+0100] {logging_mixin.py:149} INFO - im here 2023
[2023-07-04T16:17:59.266+0100] {logging_mixin.py:149} INFO - im here 2023
[2023-07-04T16:17:59.499+0100] {logging_mixin.py:149} INFO - im here 2023
[2023-07-04T16:18:00.004+0100] {logging_mixin.py:149} INFO - im here 2023
[2023-07-04T16:18:00.237+0100] {logging_mixin.py:149} INFO - im here 2023
[2023-07-04T16:18:09.646+0100] {python.py:183} INFO - Done. Returned value was: None
[2023-07-04T16:18:09.665+0100] {taskinstance.py:1345} INFO - Marking task as SUCCESS. dag_id=updated_day_hist_forcast_data, task_id=extract_updated_data, execution_date=20230704T151748, start_date=20230704T151754, end_date=20230704T151809
[2023-07-04T16:18:09.721+0100] {local_task_job_runner.py:225} INFO - Task exited with return code 0
[2023-07-04T16:18:09.775+0100] {taskinstance.py:2653} INFO - 1 downstream tasks scheduled from follow-on schedule check
