[2023-06-30T04:19:08.853+0100] {taskinstance.py:1103} INFO - Dependencies all met for dep_context=non-requeueable deps ti=<TaskInstance: using_taskflow_v2.get_age scheduled__0029-07-08T00:00:00+00:00 [queued]>
[2023-06-30T04:19:08.859+0100] {taskinstance.py:1103} INFO - Dependencies all met for dep_context=requeueable deps ti=<TaskInstance: using_taskflow_v2.get_age scheduled__0029-07-08T00:00:00+00:00 [queued]>
[2023-06-30T04:19:08.859+0100] {taskinstance.py:1308} INFO - Starting attempt 1 of 6
[2023-06-30T04:19:08.875+0100] {taskinstance.py:1327} INFO - Executing <Task(_PythonDecoratedOperator): get_age> on 0029-07-08 00:00:00+00:00
[2023-06-30T04:19:08.882+0100] {standard_task_runner.py:57} INFO - Started process 29812 to run task
[2023-06-30T04:19:08.886+0100] {standard_task_runner.py:84} INFO - Running: ['airflow', 'tasks', 'run', 'using_taskflow_v2', 'get_age', 'scheduled__0029-07-08T00:00:00+00:00', '--job-id', '193', '--raw', '--subdir', '/home/haboubi/Desktop/api/API_weather/dags/dag_create_py_api_taskflow.py', '--cfg-path', '/tmp/tmph7vkwnay']
[2023-06-30T04:19:08.887+0100] {standard_task_runner.py:85} INFO - Job 193: Subtask get_age
[2023-06-30T04:19:08.926+0100] {task_command.py:410} INFO - Running <TaskInstance: using_taskflow_v2.get_age scheduled__0029-07-08T00:00:00+00:00 [running]> on host haboubi-VivoBook-15-ASUS-Laptop-X540UB
[2023-06-30T04:19:08.983+0100] {taskinstance.py:1545} INFO - Exporting env vars: AIRFLOW_CTX_DAG_OWNER='haboubi' AIRFLOW_CTX_DAG_ID='using_taskflow_v2' AIRFLOW_CTX_TASK_ID='get_age' AIRFLOW_CTX_EXECUTION_DATE='0029-07-08T00:00:00+00:00' AIRFLOW_CTX_TRY_NUMBER='1' AIRFLOW_CTX_DAG_RUN_ID='scheduled__0029-07-08T00:00:00+00:00'
[2023-06-30T04:19:08.984+0100] {python.py:183} INFO - Done. Returned value was: 18
[2023-06-30T04:19:08.998+0100] {taskinstance.py:1345} INFO - Marking task as SUCCESS. dag_id=using_taskflow_v2, task_id=get_age, execution_date=290708T000000, start_date=20230630T031908, end_date=20230630T031908
[2023-06-30T04:19:09.017+0100] {local_task_job_runner.py:225} INFO - Task exited with return code 0
[2023-06-30T04:19:09.045+0100] {taskinstance.py:2653} INFO - 1 downstream tasks scheduled from follow-on schedule check
[2023-06-30T04:21:25.847+0100] {taskinstance.py:1103} INFO - Dependencies all met for dep_context=non-requeueable deps ti=<TaskInstance: using_taskflow_v2.get_age scheduled__0029-07-08T00:00:00+00:00 [queued]>
[2023-06-30T04:21:25.853+0100] {taskinstance.py:1103} INFO - Dependencies all met for dep_context=requeueable deps ti=<TaskInstance: using_taskflow_v2.get_age scheduled__0029-07-08T00:00:00+00:00 [queued]>
[2023-06-30T04:21:25.854+0100] {taskinstance.py:1308} INFO - Starting attempt 1 of 6
[2023-06-30T04:21:25.865+0100] {taskinstance.py:1327} INFO - Executing <Task(_PythonDecoratedOperator): get_age> on 0029-07-08 00:00:00+00:00
[2023-06-30T04:21:25.868+0100] {standard_task_runner.py:57} INFO - Started process 31453 to run task
[2023-06-30T04:21:25.871+0100] {standard_task_runner.py:84} INFO - Running: ['airflow', 'tasks', 'run', 'using_taskflow_v2', 'get_age', 'scheduled__0029-07-08T00:00:00+00:00', '--job-id', '194', '--raw', '--subdir', '/home/haboubi/Desktop/api/API_weather/dags/dag_create_py_api_taskflow.py', '--cfg-path', '/tmp/tmpsh_no_ib']
[2023-06-30T04:21:25.873+0100] {standard_task_runner.py:85} INFO - Job 194: Subtask get_age
[2023-06-30T04:21:25.901+0100] {task_command.py:410} INFO - Running <TaskInstance: using_taskflow_v2.get_age scheduled__0029-07-08T00:00:00+00:00 [running]> on host haboubi-VivoBook-15-ASUS-Laptop-X540UB
[2023-06-30T04:21:25.954+0100] {taskinstance.py:1545} INFO - Exporting env vars: AIRFLOW_CTX_DAG_OWNER='haboubi' AIRFLOW_CTX_DAG_ID='using_taskflow_v2' AIRFLOW_CTX_TASK_ID='get_age' AIRFLOW_CTX_EXECUTION_DATE='0029-07-08T00:00:00+00:00' AIRFLOW_CTX_TRY_NUMBER='1' AIRFLOW_CTX_DAG_RUN_ID='scheduled__0029-07-08T00:00:00+00:00'
[2023-06-30T04:21:25.955+0100] {python.py:183} INFO - Done. Returned value was: 18
[2023-06-30T04:21:25.967+0100] {taskinstance.py:1345} INFO - Marking task as SUCCESS. dag_id=using_taskflow_v2, task_id=get_age, execution_date=290708T000000, start_date=20230630T032125, end_date=20230630T032125
[2023-06-30T04:21:26.003+0100] {local_task_job_runner.py:225} INFO - Task exited with return code 0
[2023-06-30T04:21:26.019+0100] {taskinstance.py:2653} INFO - 1 downstream tasks scheduled from follow-on schedule check
