[2023-06-30T04:19:36.735+0100] {taskinstance.py:1103} INFO - Dependencies all met for dep_context=non-requeueable deps ti=<TaskInstance: using_taskflow_v2.get_name scheduled__0029-07-12T00:00:00+00:00 [queued]>
[2023-06-30T04:19:36.741+0100] {taskinstance.py:1103} INFO - Dependencies all met for dep_context=requeueable deps ti=<TaskInstance: using_taskflow_v2.get_name scheduled__0029-07-12T00:00:00+00:00 [queued]>
[2023-06-30T04:19:36.741+0100] {taskinstance.py:1308} INFO - Starting attempt 1 of 6
[2023-06-30T04:19:36.754+0100] {taskinstance.py:1327} INFO - Executing <Task(_PythonDecoratedOperator): get_name> on 0029-07-12 00:00:00+00:00
[2023-06-30T04:19:36.757+0100] {standard_task_runner.py:57} INFO - Started process 30127 to run task
[2023-06-30T04:19:36.761+0100] {standard_task_runner.py:84} INFO - Running: ['airflow', 'tasks', 'run', 'using_taskflow_v2', 'get_name', 'scheduled__0029-07-12T00:00:00+00:00', '--job-id', '204', '--raw', '--subdir', '/home/haboubi/Desktop/api/API_weather/dags/dag_create_py_api_taskflow.py', '--cfg-path', '/tmp/tmp4k2h9iph']
[2023-06-30T04:19:36.763+0100] {standard_task_runner.py:85} INFO - Job 204: Subtask get_name
[2023-06-30T04:19:36.797+0100] {task_command.py:410} INFO - Running <TaskInstance: using_taskflow_v2.get_name scheduled__0029-07-12T00:00:00+00:00 [running]> on host haboubi-VivoBook-15-ASUS-Laptop-X540UB
[2023-06-30T04:19:36.849+0100] {taskinstance.py:1545} INFO - Exporting env vars: AIRFLOW_CTX_DAG_OWNER='haboubi' AIRFLOW_CTX_DAG_ID='using_taskflow_v2' AIRFLOW_CTX_TASK_ID='get_name' AIRFLOW_CTX_EXECUTION_DATE='0029-07-12T00:00:00+00:00' AIRFLOW_CTX_TRY_NUMBER='1' AIRFLOW_CTX_DAG_RUN_ID='scheduled__0029-07-12T00:00:00+00:00'
[2023-06-30T04:19:36.850+0100] {python.py:183} INFO - Done. Returned value was: {'first_name': 'fadi', 'last_name': 'haboubi'}
[2023-06-30T04:19:36.876+0100] {taskinstance.py:1345} INFO - Marking task as SUCCESS. dag_id=using_taskflow_v2, task_id=get_name, execution_date=290712T000000, start_date=20230630T031936, end_date=20230630T031936
[2023-06-30T04:19:36.892+0100] {local_task_job_runner.py:225} INFO - Task exited with return code 0
[2023-06-30T04:19:36.909+0100] {taskinstance.py:2653} INFO - 0 downstream tasks scheduled from follow-on schedule check
[2023-06-30T04:21:43.763+0100] {taskinstance.py:1103} INFO - Dependencies all met for dep_context=non-requeueable deps ti=<TaskInstance: using_taskflow_v2.get_name scheduled__0029-07-12T00:00:00+00:00 [queued]>
[2023-06-30T04:21:43.769+0100] {taskinstance.py:1103} INFO - Dependencies all met for dep_context=requeueable deps ti=<TaskInstance: using_taskflow_v2.get_name scheduled__0029-07-12T00:00:00+00:00 [queued]>
[2023-06-30T04:21:43.769+0100] {taskinstance.py:1308} INFO - Starting attempt 1 of 6
[2023-06-30T04:21:43.781+0100] {taskinstance.py:1327} INFO - Executing <Task(_PythonDecoratedOperator): get_name> on 0029-07-12 00:00:00+00:00
[2023-06-30T04:21:43.784+0100] {standard_task_runner.py:57} INFO - Started process 31571 to run task
[2023-06-30T04:21:43.787+0100] {standard_task_runner.py:84} INFO - Running: ['airflow', 'tasks', 'run', 'using_taskflow_v2', 'get_name', 'scheduled__0029-07-12T00:00:00+00:00', '--job-id', '204', '--raw', '--subdir', '/home/haboubi/Desktop/api/API_weather/dags/dag_create_py_api_taskflow.py', '--cfg-path', '/tmp/tmpzfm4t7bx']
[2023-06-30T04:21:43.788+0100] {standard_task_runner.py:85} INFO - Job 204: Subtask get_name
[2023-06-30T04:21:43.815+0100] {task_command.py:410} INFO - Running <TaskInstance: using_taskflow_v2.get_name scheduled__0029-07-12T00:00:00+00:00 [running]> on host haboubi-VivoBook-15-ASUS-Laptop-X540UB
[2023-06-30T04:21:43.865+0100] {taskinstance.py:1545} INFO - Exporting env vars: AIRFLOW_CTX_DAG_OWNER='haboubi' AIRFLOW_CTX_DAG_ID='using_taskflow_v2' AIRFLOW_CTX_TASK_ID='get_name' AIRFLOW_CTX_EXECUTION_DATE='0029-07-12T00:00:00+00:00' AIRFLOW_CTX_TRY_NUMBER='1' AIRFLOW_CTX_DAG_RUN_ID='scheduled__0029-07-12T00:00:00+00:00'
[2023-06-30T04:21:43.866+0100] {python.py:183} INFO - Done. Returned value was: {'first_name': 'fadi', 'last_name': 'haboubi'}
[2023-06-30T04:21:43.891+0100] {taskinstance.py:1345} INFO - Marking task as SUCCESS. dag_id=using_taskflow_v2, task_id=get_name, execution_date=290712T000000, start_date=20230630T032143, end_date=20230630T032143
[2023-06-30T04:21:43.918+0100] {local_task_job_runner.py:225} INFO - Task exited with return code 0
[2023-06-30T04:21:43.933+0100] {taskinstance.py:2653} INFO - 0 downstream tasks scheduled from follow-on schedule check
