[2023-07-05T10:46:15.351+0100] {taskinstance.py:1103} INFO - Dependencies all met for dep_context=non-requeueable deps ti=<TaskInstance: update_current_data_10.trigger_location_db scheduled__2023-05-07T17:00:00+00:00 [queued]>
[2023-07-05T10:46:15.359+0100] {taskinstance.py:1103} INFO - Dependencies all met for dep_context=requeueable deps ti=<TaskInstance: update_current_data_10.trigger_location_db scheduled__2023-05-07T17:00:00+00:00 [queued]>
[2023-07-05T10:46:15.360+0100] {taskinstance.py:1308} INFO - Starting attempt 1 of 3
[2023-07-05T10:46:15.370+0100] {taskinstance.py:1327} INFO - Executing <Task(PythonOperator): trigger_location_db> on 2023-05-07 17:00:00+00:00
[2023-07-05T10:46:15.374+0100] {standard_task_runner.py:57} INFO - Started process 56167 to run task
[2023-07-05T10:46:15.377+0100] {standard_task_runner.py:84} INFO - Running: ['***', 'tasks', 'run', 'update_current_data_10', 'trigger_location_db', 'scheduled__2023-05-07T17:00:00+00:00', '--job-id', '495', '--raw', '--subdir', '/home/haboubi/Desktop/api/API_weather/dags/update_current_dags.py', '--cfg-path', '/tmp/tmp1rx8sbjx']
[2023-07-05T10:46:15.378+0100] {standard_task_runner.py:85} INFO - Job 495: Subtask trigger_location_db
[2023-07-05T10:46:15.443+0100] {task_command.py:410} INFO - Running <TaskInstance: update_current_data_10.trigger_location_db scheduled__2023-05-07T17:00:00+00:00 [running]> on host haboubi-VivoBook-15-ASUS-Laptop-X540UB
[2023-07-05T10:46:15.542+0100] {taskinstance.py:1545} INFO - Exporting env vars: AIRFLOW_CTX_DAG_OWNER='haboubi' AIRFLOW_CTX_DAG_ID='update_current_data_10' AIRFLOW_CTX_TASK_ID='trigger_location_db' AIRFLOW_CTX_EXECUTION_DATE='2023-05-07T17:00:00+00:00' AIRFLOW_CTX_TRY_NUMBER='1' AIRFLOW_CTX_DAG_RUN_ID='scheduled__2023-05-07T17:00:00+00:00'
[2023-07-05T10:46:15.582+0100] {python.py:183} INFO - Done. Returned value was: None
[2023-07-05T10:46:15.600+0100] {taskinstance.py:1345} INFO - Marking task as SUCCESS. dag_id=update_current_data_10, task_id=trigger_location_db, execution_date=20230507T170000, start_date=20230705T094615, end_date=20230705T094615
[2023-07-05T10:46:15.629+0100] {local_task_job_runner.py:225} INFO - Task exited with return code 0
[2023-07-05T10:46:15.661+0100] {taskinstance.py:2653} INFO - 1 downstream tasks scheduled from follow-on schedule check
[2023-07-05T11:09:38.178+0100] {taskinstance.py:1103} INFO - Dependencies all met for dep_context=non-requeueable deps ti=<TaskInstance: update_current_data_10.trigger_location_db scheduled__2023-05-07T17:00:00+00:00 [queued]>
[2023-07-05T11:09:38.199+0100] {taskinstance.py:1103} INFO - Dependencies all met for dep_context=requeueable deps ti=<TaskInstance: update_current_data_10.trigger_location_db scheduled__2023-05-07T17:00:00+00:00 [queued]>
[2023-07-05T11:09:38.199+0100] {taskinstance.py:1308} INFO - Starting attempt 1 of 3
[2023-07-05T11:09:38.225+0100] {taskinstance.py:1327} INFO - Executing <Task(PythonOperator): trigger_location_db> on 2023-05-07 17:00:00+00:00
[2023-07-05T11:09:38.236+0100] {standard_task_runner.py:57} INFO - Started process 76027 to run task
[2023-07-05T11:09:38.242+0100] {standard_task_runner.py:84} INFO - Running: ['***', 'tasks', 'run', 'update_current_data_10', 'trigger_location_db', 'scheduled__2023-05-07T17:00:00+00:00', '--job-id', '785', '--raw', '--subdir', '/home/haboubi/Desktop/api/API_weather/dags/update_current_dags.py', '--cfg-path', '/tmp/tmpew6jejk2']
[2023-07-05T11:09:38.243+0100] {standard_task_runner.py:85} INFO - Job 785: Subtask trigger_location_db
[2023-07-05T11:09:38.377+0100] {task_command.py:410} INFO - Running <TaskInstance: update_current_data_10.trigger_location_db scheduled__2023-05-07T17:00:00+00:00 [running]> on host haboubi-VivoBook-15-ASUS-Laptop-X540UB
[2023-07-05T11:09:38.519+0100] {taskinstance.py:1545} INFO - Exporting env vars: AIRFLOW_CTX_DAG_OWNER='haboubi' AIRFLOW_CTX_DAG_ID='update_current_data_10' AIRFLOW_CTX_TASK_ID='trigger_location_db' AIRFLOW_CTX_EXECUTION_DATE='2023-05-07T17:00:00+00:00' AIRFLOW_CTX_TRY_NUMBER='1' AIRFLOW_CTX_DAG_RUN_ID='scheduled__2023-05-07T17:00:00+00:00'
[2023-07-05T11:09:38.607+0100] {python.py:183} INFO - Done. Returned value was: None
[2023-07-05T11:09:38.632+0100] {taskinstance.py:1345} INFO - Marking task as SUCCESS. dag_id=update_current_data_10, task_id=trigger_location_db, execution_date=20230507T170000, start_date=20230705T100938, end_date=20230705T100938
[2023-07-05T11:09:38.662+0100] {local_task_job_runner.py:225} INFO - Task exited with return code 0
[2023-07-05T11:09:38.712+0100] {taskinstance.py:2653} INFO - 1 downstream tasks scheduled from follow-on schedule check
