[2023-07-02T09:34:59.174+0100] {taskinstance.py:1103} INFO - Dependencies all met for dep_context=non-requeueable deps ti=<TaskInstance: init_db.load_data manual__2023-07-02T08:32:36.480624+00:00 [queued]>
[2023-07-02T09:34:59.184+0100] {taskinstance.py:1103} INFO - Dependencies all met for dep_context=requeueable deps ti=<TaskInstance: init_db.load_data manual__2023-07-02T08:32:36.480624+00:00 [queued]>
[2023-07-02T09:34:59.184+0100] {taskinstance.py:1308} INFO - Starting attempt 1 of 1
[2023-07-02T09:34:59.196+0100] {taskinstance.py:1327} INFO - Executing <Task(PythonOperator): load_data> on 2023-07-02 08:32:36.480624+00:00
[2023-07-02T09:34:59.201+0100] {standard_task_runner.py:57} INFO - Started process 17485 to run task
[2023-07-02T09:34:59.205+0100] {standard_task_runner.py:84} INFO - Running: ['***', 'tasks', 'run', 'init_db', 'load_data', 'manual__2023-07-02T08:32:36.480624+00:00', '--job-id', '12', '--raw', '--subdir', '/home/haboubi/Desktop/api/API_weather/dags/init_db.py', '--cfg-path', '/tmp/tmp4fv7kfdb']
[2023-07-02T09:34:59.207+0100] {standard_task_runner.py:85} INFO - Job 12: Subtask load_data
[2023-07-02T09:34:59.274+0100] {task_command.py:410} INFO - Running <TaskInstance: init_db.load_data manual__2023-07-02T08:32:36.480624+00:00 [running]> on host haboubi-VivoBook-15-ASUS-Laptop-X540UB
[2023-07-02T09:34:59.378+0100] {taskinstance.py:1545} INFO - Exporting env vars: AIRFLOW_CTX_DAG_OWNER='***' AIRFLOW_CTX_DAG_ID='init_db' AIRFLOW_CTX_TASK_ID='load_data' AIRFLOW_CTX_EXECUTION_DATE='2023-07-02T08:32:36.480624+00:00' AIRFLOW_CTX_TRY_NUMBER='1' AIRFLOW_CTX_DAG_RUN_ID='manual__2023-07-02T08:32:36.480624+00:00'
[2023-07-02T09:34:59.379+0100] {taskinstance.py:1824} ERROR - Task failed with exception
Traceback (most recent call last):
  File "/home/haboubi/Desktop/api/API_weather/api_env/lib/python3.10/site-packages/airflow/operators/python.py", line 181, in execute
    return_value = self.execute_callable()
  File "/home/haboubi/Desktop/api/API_weather/api_env/lib/python3.10/site-packages/airflow/operators/python.py", line 198, in execute_callable
    return self.python_callable(*self.op_args, **self.op_kwargs)
  File "/home/haboubi/Desktop/api/API_weather/dags/init_db.py", line 22, in load_data
    print("sdqqqqqqqqqqqqqq",Base.metadata.reflect())
  File "/home/haboubi/Desktop/api/API_weather/api_env/lib/python3.10/site-packages/sqlalchemy/sql/schema.py", line 4840, in reflect
    bind = _bind_or_error(self)
  File "/home/haboubi/Desktop/api/API_weather/api_env/lib/python3.10/site-packages/sqlalchemy/sql/base.py", line 1659, in _bind_or_error
    raise exc.UnboundExecutionError(msg)
sqlalchemy.exc.UnboundExecutionError: MetaData object is not bound to an Engine or Connection.  Execution can not proceed without a database to execute against.
[2023-07-02T09:34:59.396+0100] {taskinstance.py:1345} INFO - Marking task as FAILED. dag_id=init_db, task_id=load_data, execution_date=20230702T083236, start_date=20230702T083459, end_date=20230702T083459
[2023-07-02T09:34:59.407+0100] {standard_task_runner.py:104} ERROR - Failed to execute job 12 for task load_data (MetaData object is not bound to an Engine or Connection.  Execution can not proceed without a database to execute against.; 17485)
[2023-07-02T09:34:59.417+0100] {local_task_job_runner.py:225} INFO - Task exited with return code 1
[2023-07-02T09:34:59.446+0100] {taskinstance.py:2653} INFO - 0 downstream tasks scheduled from follow-on schedule check
