[2023-07-07T08:20:07.362+0100] {taskinstance.py:1103} INFO - Dependencies all met for dep_context=non-requeueable deps ti=<TaskInstance: update_current_data_10.extract_current_data scheduled__2023-07-07T07:00:00+00:00 [queued]>
[2023-07-07T08:20:07.375+0100] {taskinstance.py:1103} INFO - Dependencies all met for dep_context=requeueable deps ti=<TaskInstance: update_current_data_10.extract_current_data scheduled__2023-07-07T07:00:00+00:00 [queued]>
[2023-07-07T08:20:07.376+0100] {taskinstance.py:1308} INFO - Starting attempt 1 of 3
[2023-07-07T08:20:07.394+0100] {taskinstance.py:1327} INFO - Executing <Task(PythonOperator): extract_current_data> on 2023-07-07 07:00:00+00:00
[2023-07-07T08:20:07.401+0100] {standard_task_runner.py:57} INFO - Started process 1075238 to run task
[2023-07-07T08:20:07.405+0100] {standard_task_runner.py:84} INFO - Running: ['***', 'tasks', 'run', 'update_current_data_10', 'extract_current_data', 'scheduled__2023-07-07T07:00:00+00:00', '--job-id', '16909', '--raw', '--subdir', '/home/haboubi/Desktop/api/API_weather/dags/update_current_dags.py', '--cfg-path', '/tmp/tmpvi4z8f_e']
[2023-07-07T08:20:07.407+0100] {standard_task_runner.py:85} INFO - Job 16909: Subtask extract_current_data
[2023-07-07T08:20:07.503+0100] {task_command.py:410} INFO - Running <TaskInstance: update_current_data_10.extract_current_data scheduled__2023-07-07T07:00:00+00:00 [running]> on host haboubi-VivoBook-15-ASUS-Laptop-X540UB
[2023-07-07T08:20:07.637+0100] {taskinstance.py:1545} INFO - Exporting env vars: AIRFLOW_CTX_DAG_OWNER='haboubi' AIRFLOW_CTX_DAG_ID='update_current_data_10' AIRFLOW_CTX_TASK_ID='extract_current_data' AIRFLOW_CTX_EXECUTION_DATE='2023-07-07T07:00:00+00:00' AIRFLOW_CTX_TRY_NUMBER='1' AIRFLOW_CTX_DAG_RUN_ID='scheduled__2023-07-07T07:00:00+00:00'
[2023-07-07T08:20:07.645+0100] {logging_mixin.py:149} INFO - Paris
[2023-07-07T08:20:08.024+0100] {logging_mixin.py:149} INFO - London
[2023-07-07T08:20:08.221+0100] {logging_mixin.py:149} INFO - Barcelona
[2023-07-07T08:20:08.431+0100] {logging_mixin.py:149} INFO - Rome
[2023-07-07T08:20:08.619+0100] {logging_mixin.py:149} INFO - New York City
[2023-07-07T08:20:08.820+0100] {logging_mixin.py:149} INFO - Tokyo
[2023-07-07T08:20:09.020+0100] {logging_mixin.py:149} INFO - Istanbul
[2023-07-07T08:20:09.241+0100] {logging_mixin.py:149} INFO - Dubai
[2023-07-07T08:20:09.456+0100] {logging_mixin.py:149} INFO - Sydney
[2023-07-07T08:20:09.664+0100] {logging_mixin.py:149} INFO - Bangkok
[2023-07-07T08:20:09.889+0100] {logging_mixin.py:149} INFO - Amsterdam
[2023-07-07T08:20:10.114+0100] {logging_mixin.py:149} INFO - Rio de Janeiro
[2023-07-07T08:20:10.350+0100] {logging_mixin.py:149} INFO - Prague
[2023-07-07T08:20:10.540+0100] {logging_mixin.py:149} INFO - Cape Town
[2023-07-07T08:20:10.740+0100] {logging_mixin.py:149} INFO - Buenos Aires
[2023-07-07T08:20:10.952+0100] {logging_mixin.py:149} INFO - Berlin
[2023-07-07T08:20:11.147+0100] {logging_mixin.py:149} INFO - Singapore
[2023-07-07T08:20:11.351+0100] {logging_mixin.py:149} INFO - Florence
[2023-07-07T08:20:11.569+0100] {logging_mixin.py:149} INFO - San Francisco
[2023-07-07T08:20:11.760+0100] {logging_mixin.py:149} INFO - Marrakech
[2023-07-07T08:20:11.980+0100] {python.py:183} INFO - Done. Returned value was: None
[2023-07-07T08:20:12.001+0100] {taskinstance.py:1345} INFO - Marking task as SUCCESS. dag_id=update_current_data_10, task_id=extract_current_data, execution_date=20230707T070000, start_date=20230707T072007, end_date=20230707T072012
[2023-07-07T08:20:12.038+0100] {local_task_job_runner.py:225} INFO - Task exited with return code 0
[2023-07-07T08:20:12.079+0100] {taskinstance.py:2653} INFO - 1 downstream tasks scheduled from follow-on schedule check
