[2023-07-05T10:45:28.269+0100] {taskinstance.py:1103} INFO - Dependencies all met for dep_context=non-requeueable deps ti=<TaskInstance: update_current_data_10.extract_current_data scheduled__2023-05-07T16:20:00+00:00 [queued]>
[2023-07-05T10:45:28.277+0100] {taskinstance.py:1103} INFO - Dependencies all met for dep_context=requeueable deps ti=<TaskInstance: update_current_data_10.extract_current_data scheduled__2023-05-07T16:20:00+00:00 [queued]>
[2023-07-05T10:45:28.277+0100] {taskinstance.py:1308} INFO - Starting attempt 1 of 3
[2023-07-05T10:45:28.287+0100] {taskinstance.py:1327} INFO - Executing <Task(PythonOperator): extract_current_data> on 2023-05-07 16:20:00+00:00
[2023-07-05T10:45:28.291+0100] {standard_task_runner.py:57} INFO - Started process 55604 to run task
[2023-07-05T10:45:28.294+0100] {standard_task_runner.py:84} INFO - Running: ['***', 'tasks', 'run', 'update_current_data_10', 'extract_current_data', 'scheduled__2023-05-07T16:20:00+00:00', '--job-id', '484', '--raw', '--subdir', '/home/haboubi/Desktop/api/API_weather/dags/update_current_dags.py', '--cfg-path', '/tmp/tmpaqo3omjh']
[2023-07-05T10:45:28.295+0100] {standard_task_runner.py:85} INFO - Job 484: Subtask extract_current_data
[2023-07-05T10:45:28.358+0100] {task_command.py:410} INFO - Running <TaskInstance: update_current_data_10.extract_current_data scheduled__2023-05-07T16:20:00+00:00 [running]> on host haboubi-VivoBook-15-ASUS-Laptop-X540UB
[2023-07-05T10:45:28.453+0100] {taskinstance.py:1545} INFO - Exporting env vars: AIRFLOW_CTX_DAG_OWNER='haboubi' AIRFLOW_CTX_DAG_ID='update_current_data_10' AIRFLOW_CTX_TASK_ID='extract_current_data' AIRFLOW_CTX_EXECUTION_DATE='2023-05-07T16:20:00+00:00' AIRFLOW_CTX_TRY_NUMBER='1' AIRFLOW_CTX_DAG_RUN_ID='scheduled__2023-05-07T16:20:00+00:00'
[2023-07-05T10:45:32.610+0100] {python.py:183} INFO - Done. Returned value was: None
[2023-07-05T10:45:32.635+0100] {taskinstance.py:1345} INFO - Marking task as SUCCESS. dag_id=update_current_data_10, task_id=extract_current_data, execution_date=20230507T162000, start_date=20230705T094528, end_date=20230705T094532
[2023-07-05T10:45:32.688+0100] {local_task_job_runner.py:225} INFO - Task exited with return code 0
[2023-07-05T10:45:32.726+0100] {taskinstance.py:2653} INFO - 1 downstream tasks scheduled from follow-on schedule check
[2023-07-05T11:09:24.702+0100] {taskinstance.py:1103} INFO - Dependencies all met for dep_context=non-requeueable deps ti=<TaskInstance: update_current_data_10.extract_current_data scheduled__2023-05-07T16:20:00+00:00 [queued]>
[2023-07-05T11:09:24.712+0100] {taskinstance.py:1103} INFO - Dependencies all met for dep_context=requeueable deps ti=<TaskInstance: update_current_data_10.extract_current_data scheduled__2023-05-07T16:20:00+00:00 [queued]>
[2023-07-05T11:09:24.713+0100] {taskinstance.py:1308} INFO - Starting attempt 1 of 3
[2023-07-05T11:09:24.726+0100] {taskinstance.py:1327} INFO - Executing <Task(PythonOperator): extract_current_data> on 2023-05-07 16:20:00+00:00
[2023-07-05T11:09:24.734+0100] {standard_task_runner.py:57} INFO - Started process 75825 to run task
[2023-07-05T11:09:24.739+0100] {standard_task_runner.py:84} INFO - Running: ['***', 'tasks', 'run', 'update_current_data_10', 'extract_current_data', 'scheduled__2023-05-07T16:20:00+00:00', '--job-id', '782', '--raw', '--subdir', '/home/haboubi/Desktop/api/API_weather/dags/update_current_dags.py', '--cfg-path', '/tmp/tmp3ovb__1u']
[2023-07-05T11:09:24.742+0100] {standard_task_runner.py:85} INFO - Job 782: Subtask extract_current_data
[2023-07-05T11:09:24.840+0100] {task_command.py:410} INFO - Running <TaskInstance: update_current_data_10.extract_current_data scheduled__2023-05-07T16:20:00+00:00 [running]> on host haboubi-VivoBook-15-ASUS-Laptop-X540UB
[2023-07-05T11:09:24.983+0100] {taskinstance.py:1545} INFO - Exporting env vars: AIRFLOW_CTX_DAG_OWNER='haboubi' AIRFLOW_CTX_DAG_ID='update_current_data_10' AIRFLOW_CTX_TASK_ID='extract_current_data' AIRFLOW_CTX_EXECUTION_DATE='2023-05-07T16:20:00+00:00' AIRFLOW_CTX_TRY_NUMBER='1' AIRFLOW_CTX_DAG_RUN_ID='scheduled__2023-05-07T16:20:00+00:00'
[2023-07-05T11:09:28.703+0100] {python.py:183} INFO - Done. Returned value was: None
[2023-07-05T11:09:28.723+0100] {taskinstance.py:1345} INFO - Marking task as SUCCESS. dag_id=update_current_data_10, task_id=extract_current_data, execution_date=20230507T162000, start_date=20230705T100924, end_date=20230705T100928
[2023-07-05T11:09:28.770+0100] {local_task_job_runner.py:225} INFO - Task exited with return code 0
[2023-07-05T11:09:28.812+0100] {taskinstance.py:2653} INFO - 1 downstream tasks scheduled from follow-on schedule check
