[2023-07-05T10:42:52.362+0100] {taskinstance.py:1103} INFO - Dependencies all met for dep_context=non-requeueable deps ti=<TaskInstance: update_current_data_10.extract_current_data scheduled__2023-05-07T14:00:00+00:00 [queued]>
[2023-07-05T10:42:52.370+0100] {taskinstance.py:1103} INFO - Dependencies all met for dep_context=requeueable deps ti=<TaskInstance: update_current_data_10.extract_current_data scheduled__2023-05-07T14:00:00+00:00 [queued]>
[2023-07-05T10:42:52.370+0100] {taskinstance.py:1308} INFO - Starting attempt 1 of 3
[2023-07-05T10:42:52.382+0100] {taskinstance.py:1327} INFO - Executing <Task(PythonOperator): extract_current_data> on 2023-05-07 14:00:00+00:00
[2023-07-05T10:42:52.386+0100] {standard_task_runner.py:57} INFO - Started process 53445 to run task
[2023-07-05T10:42:52.389+0100] {standard_task_runner.py:84} INFO - Running: ['***', 'tasks', 'run', 'update_current_data_10', 'extract_current_data', 'scheduled__2023-05-07T14:00:00+00:00', '--job-id', '439', '--raw', '--subdir', '/home/haboubi/Desktop/api/API_weather/dags/update_current_dags.py', '--cfg-path', '/tmp/tmpwd0uk0cb']
[2023-07-05T10:42:52.390+0100] {standard_task_runner.py:85} INFO - Job 439: Subtask extract_current_data
[2023-07-05T10:42:52.454+0100] {task_command.py:410} INFO - Running <TaskInstance: update_current_data_10.extract_current_data scheduled__2023-05-07T14:00:00+00:00 [running]> on host haboubi-VivoBook-15-ASUS-Laptop-X540UB
[2023-07-05T10:42:52.580+0100] {taskinstance.py:1545} INFO - Exporting env vars: AIRFLOW_CTX_DAG_OWNER='haboubi' AIRFLOW_CTX_DAG_ID='update_current_data_10' AIRFLOW_CTX_TASK_ID='extract_current_data' AIRFLOW_CTX_EXECUTION_DATE='2023-05-07T14:00:00+00:00' AIRFLOW_CTX_TRY_NUMBER='1' AIRFLOW_CTX_DAG_RUN_ID='scheduled__2023-05-07T14:00:00+00:00'
[2023-07-05T10:42:56.375+0100] {python.py:183} INFO - Done. Returned value was: None
[2023-07-05T10:42:56.423+0100] {taskinstance.py:1345} INFO - Marking task as SUCCESS. dag_id=update_current_data_10, task_id=extract_current_data, execution_date=20230507T140000, start_date=20230705T094252, end_date=20230705T094256
[2023-07-05T10:42:56.467+0100] {local_task_job_runner.py:225} INFO - Task exited with return code 0
[2023-07-05T10:42:56.567+0100] {taskinstance.py:2653} INFO - 1 downstream tasks scheduled from follow-on schedule check
[2023-07-05T11:07:29.263+0100] {taskinstance.py:1103} INFO - Dependencies all met for dep_context=non-requeueable deps ti=<TaskInstance: update_current_data_10.extract_current_data scheduled__2023-05-07T14:00:00+00:00 [queued]>
[2023-07-05T11:07:29.272+0100] {taskinstance.py:1103} INFO - Dependencies all met for dep_context=requeueable deps ti=<TaskInstance: update_current_data_10.extract_current_data scheduled__2023-05-07T14:00:00+00:00 [queued]>
[2023-07-05T11:07:29.272+0100] {taskinstance.py:1308} INFO - Starting attempt 1 of 3
[2023-07-05T11:07:29.283+0100] {taskinstance.py:1327} INFO - Executing <Task(PythonOperator): extract_current_data> on 2023-05-07 14:00:00+00:00
[2023-07-05T11:07:29.288+0100] {standard_task_runner.py:57} INFO - Started process 73338 to run task
[2023-07-05T11:07:29.291+0100] {standard_task_runner.py:84} INFO - Running: ['***', 'tasks', 'run', 'update_current_data_10', 'extract_current_data', 'scheduled__2023-05-07T14:00:00+00:00', '--job-id', '753', '--raw', '--subdir', '/home/haboubi/Desktop/api/API_weather/dags/update_current_dags.py', '--cfg-path', '/tmp/tmpxysvj84q']
[2023-07-05T11:07:29.292+0100] {standard_task_runner.py:85} INFO - Job 753: Subtask extract_current_data
[2023-07-05T11:07:29.357+0100] {task_command.py:410} INFO - Running <TaskInstance: update_current_data_10.extract_current_data scheduled__2023-05-07T14:00:00+00:00 [running]> on host haboubi-VivoBook-15-ASUS-Laptop-X540UB
[2023-07-05T11:07:29.449+0100] {taskinstance.py:1545} INFO - Exporting env vars: AIRFLOW_CTX_DAG_OWNER='haboubi' AIRFLOW_CTX_DAG_ID='update_current_data_10' AIRFLOW_CTX_TASK_ID='extract_current_data' AIRFLOW_CTX_EXECUTION_DATE='2023-05-07T14:00:00+00:00' AIRFLOW_CTX_TRY_NUMBER='1' AIRFLOW_CTX_DAG_RUN_ID='scheduled__2023-05-07T14:00:00+00:00'
[2023-07-05T11:07:33.396+0100] {python.py:183} INFO - Done. Returned value was: None
[2023-07-05T11:07:33.471+0100] {taskinstance.py:1345} INFO - Marking task as SUCCESS. dag_id=update_current_data_10, task_id=extract_current_data, execution_date=20230507T140000, start_date=20230705T100729, end_date=20230705T100733
[2023-07-05T11:07:33.521+0100] {local_task_job_runner.py:225} INFO - Task exited with return code 0
[2023-07-05T11:07:33.573+0100] {taskinstance.py:2653} INFO - 1 downstream tasks scheduled from follow-on schedule check
