[2023-07-05T10:43:33.223+0100] {taskinstance.py:1103} INFO - Dependencies all met for dep_context=non-requeueable deps ti=<TaskInstance: update_current_data_10.trigger_location_db scheduled__2023-05-07T15:00:00+00:00 [queued]>
[2023-07-05T10:43:33.231+0100] {taskinstance.py:1103} INFO - Dependencies all met for dep_context=requeueable deps ti=<TaskInstance: update_current_data_10.trigger_location_db scheduled__2023-05-07T15:00:00+00:00 [queued]>
[2023-07-05T10:43:33.231+0100] {taskinstance.py:1308} INFO - Starting attempt 1 of 3
[2023-07-05T10:43:33.242+0100] {taskinstance.py:1327} INFO - Executing <Task(PythonOperator): trigger_location_db> on 2023-05-07 15:00:00+00:00
[2023-07-05T10:43:33.246+0100] {standard_task_runner.py:57} INFO - Started process 54008 to run task
[2023-07-05T10:43:33.250+0100] {standard_task_runner.py:84} INFO - Running: ['***', 'tasks', 'run', 'update_current_data_10', 'trigger_location_db', 'scheduled__2023-05-07T15:00:00+00:00', '--job-id', '451', '--raw', '--subdir', '/home/haboubi/Desktop/api/API_weather/dags/update_current_dags.py', '--cfg-path', '/tmp/tmp_zctkt8d']
[2023-07-05T10:43:33.251+0100] {standard_task_runner.py:85} INFO - Job 451: Subtask trigger_location_db
[2023-07-05T10:43:33.315+0100] {task_command.py:410} INFO - Running <TaskInstance: update_current_data_10.trigger_location_db scheduled__2023-05-07T15:00:00+00:00 [running]> on host haboubi-VivoBook-15-ASUS-Laptop-X540UB
[2023-07-05T10:43:33.422+0100] {taskinstance.py:1545} INFO - Exporting env vars: AIRFLOW_CTX_DAG_OWNER='haboubi' AIRFLOW_CTX_DAG_ID='update_current_data_10' AIRFLOW_CTX_TASK_ID='trigger_location_db' AIRFLOW_CTX_EXECUTION_DATE='2023-05-07T15:00:00+00:00' AIRFLOW_CTX_TRY_NUMBER='1' AIRFLOW_CTX_DAG_RUN_ID='scheduled__2023-05-07T15:00:00+00:00'
[2023-07-05T10:43:33.471+0100] {python.py:183} INFO - Done. Returned value was: None
[2023-07-05T10:43:33.489+0100] {taskinstance.py:1345} INFO - Marking task as SUCCESS. dag_id=update_current_data_10, task_id=trigger_location_db, execution_date=20230507T150000, start_date=20230705T094333, end_date=20230705T094333
[2023-07-05T10:43:33.542+0100] {local_task_job_runner.py:225} INFO - Task exited with return code 0
[2023-07-05T10:43:33.580+0100] {taskinstance.py:2653} INFO - 1 downstream tasks scheduled from follow-on schedule check
[2023-07-05T11:08:14.209+0100] {taskinstance.py:1103} INFO - Dependencies all met for dep_context=non-requeueable deps ti=<TaskInstance: update_current_data_10.trigger_location_db scheduled__2023-05-07T15:00:00+00:00 [queued]>
[2023-07-05T11:08:14.218+0100] {taskinstance.py:1103} INFO - Dependencies all met for dep_context=requeueable deps ti=<TaskInstance: update_current_data_10.trigger_location_db scheduled__2023-05-07T15:00:00+00:00 [queued]>
[2023-07-05T11:08:14.218+0100] {taskinstance.py:1308} INFO - Starting attempt 1 of 3
[2023-07-05T11:08:14.229+0100] {taskinstance.py:1327} INFO - Executing <Task(PythonOperator): trigger_location_db> on 2023-05-07 15:00:00+00:00
[2023-07-05T11:08:14.233+0100] {standard_task_runner.py:57} INFO - Started process 74198 to run task
[2023-07-05T11:08:14.236+0100] {standard_task_runner.py:84} INFO - Running: ['***', 'tasks', 'run', 'update_current_data_10', 'trigger_location_db', 'scheduled__2023-05-07T15:00:00+00:00', '--job-id', '764', '--raw', '--subdir', '/home/haboubi/Desktop/api/API_weather/dags/update_current_dags.py', '--cfg-path', '/tmp/tmpwzwahb31']
[2023-07-05T11:08:14.237+0100] {standard_task_runner.py:85} INFO - Job 764: Subtask trigger_location_db
[2023-07-05T11:08:14.325+0100] {task_command.py:410} INFO - Running <TaskInstance: update_current_data_10.trigger_location_db scheduled__2023-05-07T15:00:00+00:00 [running]> on host haboubi-VivoBook-15-ASUS-Laptop-X540UB
[2023-07-05T11:08:14.494+0100] {taskinstance.py:1545} INFO - Exporting env vars: AIRFLOW_CTX_DAG_OWNER='haboubi' AIRFLOW_CTX_DAG_ID='update_current_data_10' AIRFLOW_CTX_TASK_ID='trigger_location_db' AIRFLOW_CTX_EXECUTION_DATE='2023-05-07T15:00:00+00:00' AIRFLOW_CTX_TRY_NUMBER='1' AIRFLOW_CTX_DAG_RUN_ID='scheduled__2023-05-07T15:00:00+00:00'
[2023-07-05T11:08:14.552+0100] {python.py:183} INFO - Done. Returned value was: None
[2023-07-05T11:08:14.572+0100] {taskinstance.py:1345} INFO - Marking task as SUCCESS. dag_id=update_current_data_10, task_id=trigger_location_db, execution_date=20230507T150000, start_date=20230705T100814, end_date=20230705T100814
[2023-07-05T11:08:14.608+0100] {local_task_job_runner.py:225} INFO - Task exited with return code 0
[2023-07-05T11:08:14.661+0100] {taskinstance.py:2653} INFO - 1 downstream tasks scheduled from follow-on schedule check
