[2023-07-03T16:30:57.244+0100] {taskinstance.py:1103} INFO - Dependencies all met for dep_context=non-requeueable deps ti=<TaskInstance: updated_day_hist.extract_updated_data manual__2023-07-03T15:30:50.796587+00:00 [queued]>
[2023-07-03T16:30:57.256+0100] {taskinstance.py:1103} INFO - Dependencies all met for dep_context=requeueable deps ti=<TaskInstance: updated_day_hist.extract_updated_data manual__2023-07-03T15:30:50.796587+00:00 [queued]>
[2023-07-03T16:30:57.256+0100] {taskinstance.py:1308} INFO - Starting attempt 1 of 3
[2023-07-03T16:30:57.269+0100] {taskinstance.py:1327} INFO - Executing <Task(PythonOperator): extract_updated_data> on 2023-07-03 15:30:50.796587+00:00
[2023-07-03T16:30:57.274+0100] {standard_task_runner.py:57} INFO - Started process 16771 to run task
[2023-07-03T16:30:57.277+0100] {standard_task_runner.py:84} INFO - Running: ['***', 'tasks', 'run', 'updated_day_hist', 'extract_updated_data', 'manual__2023-07-03T15:30:50.796587+00:00', '--job-id', '67', '--raw', '--subdir', '/home/haboubi/Desktop/api/API_weather/dags/update_day_hist.py', '--cfg-path', '/tmp/tmprbd2f2nk']
[2023-07-03T16:30:57.279+0100] {standard_task_runner.py:85} INFO - Job 67: Subtask extract_updated_data
[2023-07-03T16:30:57.353+0100] {task_command.py:410} INFO - Running <TaskInstance: updated_day_hist.extract_updated_data manual__2023-07-03T15:30:50.796587+00:00 [running]> on host haboubi-VivoBook-15-ASUS-Laptop-X540UB
[2023-07-03T16:30:57.459+0100] {taskinstance.py:1545} INFO - Exporting env vars: AIRFLOW_CTX_DAG_OWNER='haboubi' AIRFLOW_CTX_DAG_ID='updated_day_hist' AIRFLOW_CTX_TASK_ID='extract_updated_data' AIRFLOW_CTX_EXECUTION_DATE='2023-07-03T15:30:50.796587+00:00' AIRFLOW_CTX_TRY_NUMBER='1' AIRFLOW_CTX_DAG_RUN_ID='manual__2023-07-03T15:30:50.796587+00:00'
[2023-07-03T16:30:57.484+0100] {logging_mixin.py:149} INFO - im here 2023
[2023-07-03T16:30:57.803+0100] {logging_mixin.py:149} INFO - im here 2023
[2023-07-03T16:30:58.386+0100] {logging_mixin.py:149} INFO - im here 2023
[2023-07-03T16:30:58.778+0100] {logging_mixin.py:149} INFO - im here 2023
[2023-07-03T16:30:59.079+0100] {logging_mixin.py:149} INFO - im here 2023
[2023-07-03T16:30:59.344+0100] {logging_mixin.py:149} INFO - im here 2023
[2023-07-03T16:30:59.656+0100] {logging_mixin.py:149} INFO - im here 2023
[2023-07-03T16:30:59.924+0100] {logging_mixin.py:149} INFO - im here 2023
[2023-07-03T16:31:00.192+0100] {logging_mixin.py:149} INFO - im here 2023
[2023-07-03T16:31:00.462+0100] {logging_mixin.py:149} INFO - im here 2023
[2023-07-03T16:31:00.745+0100] {logging_mixin.py:149} INFO - im here 2023
[2023-07-03T16:31:01.102+0100] {logging_mixin.py:149} INFO - im here 2023
[2023-07-03T16:31:01.453+0100] {logging_mixin.py:149} INFO - im here 2023
[2023-07-03T16:31:01.736+0100] {logging_mixin.py:149} INFO - im here 2023
[2023-07-03T16:31:02.311+0100] {logging_mixin.py:149} INFO - im here 2023
[2023-07-03T16:31:02.596+0100] {logging_mixin.py:149} INFO - im here 2023
[2023-07-03T16:31:03.067+0100] {logging_mixin.py:149} INFO - im here 2023
[2023-07-03T16:31:03.382+0100] {logging_mixin.py:149} INFO - im here 2023
[2023-07-03T16:31:03.683+0100] {logging_mixin.py:149} INFO - im here 2023
[2023-07-03T16:31:04.351+0100] {logging_mixin.py:149} INFO - im here 2023
[2023-07-03T16:31:04.687+0100] {python.py:183} INFO - Done. Returned value was: None
[2023-07-03T16:31:04.737+0100] {taskinstance.py:1345} INFO - Marking task as SUCCESS. dag_id=updated_day_hist, task_id=extract_updated_data, execution_date=20230703T153050, start_date=20230703T153057, end_date=20230703T153104
[2023-07-03T16:31:04.766+0100] {local_task_job_runner.py:225} INFO - Task exited with return code 0
[2023-07-03T16:31:04.816+0100] {taskinstance.py:2653} INFO - 1 downstream tasks scheduled from follow-on schedule check
