[2023-07-05T10:43:13.219+0100] {taskinstance.py:1103} INFO - Dependencies all met for dep_context=non-requeueable deps ti=<TaskInstance: update_current_data_10.trigger_location_db scheduled__2023-05-07T14:40:00+00:00 [queued]>
[2023-07-05T10:43:13.227+0100] {taskinstance.py:1103} INFO - Dependencies all met for dep_context=requeueable deps ti=<TaskInstance: update_current_data_10.trigger_location_db scheduled__2023-05-07T14:40:00+00:00 [queued]>
[2023-07-05T10:43:13.227+0100] {taskinstance.py:1308} INFO - Starting attempt 1 of 3
[2023-07-05T10:43:13.238+0100] {taskinstance.py:1327} INFO - Executing <Task(PythonOperator): trigger_location_db> on 2023-05-07 14:40:00+00:00
[2023-07-05T10:43:13.244+0100] {standard_task_runner.py:57} INFO - Started process 53741 to run task
[2023-07-05T10:43:13.248+0100] {standard_task_runner.py:84} INFO - Running: ['***', 'tasks', 'run', 'update_current_data_10', 'trigger_location_db', 'scheduled__2023-05-07T14:40:00+00:00', '--job-id', '446', '--raw', '--subdir', '/home/haboubi/Desktop/api/API_weather/dags/update_current_dags.py', '--cfg-path', '/tmp/tmpn5hkyfas']
[2023-07-05T10:43:13.250+0100] {standard_task_runner.py:85} INFO - Job 446: Subtask trigger_location_db
[2023-07-05T10:43:13.316+0100] {task_command.py:410} INFO - Running <TaskInstance: update_current_data_10.trigger_location_db scheduled__2023-05-07T14:40:00+00:00 [running]> on host haboubi-VivoBook-15-ASUS-Laptop-X540UB
[2023-07-05T10:43:13.408+0100] {taskinstance.py:1545} INFO - Exporting env vars: AIRFLOW_CTX_DAG_OWNER='haboubi' AIRFLOW_CTX_DAG_ID='update_current_data_10' AIRFLOW_CTX_TASK_ID='trigger_location_db' AIRFLOW_CTX_EXECUTION_DATE='2023-05-07T14:40:00+00:00' AIRFLOW_CTX_TRY_NUMBER='1' AIRFLOW_CTX_DAG_RUN_ID='scheduled__2023-05-07T14:40:00+00:00'
[2023-07-05T10:43:13.447+0100] {python.py:183} INFO - Done. Returned value was: None
[2023-07-05T10:43:13.465+0100] {taskinstance.py:1345} INFO - Marking task as SUCCESS. dag_id=update_current_data_10, task_id=trigger_location_db, execution_date=20230507T144000, start_date=20230705T094313, end_date=20230705T094313
[2023-07-05T10:43:13.500+0100] {local_task_job_runner.py:225} INFO - Task exited with return code 0
[2023-07-05T10:43:13.532+0100] {taskinstance.py:2653} INFO - 1 downstream tasks scheduled from follow-on schedule check
[2023-07-05T11:08:07.589+0100] {taskinstance.py:1103} INFO - Dependencies all met for dep_context=non-requeueable deps ti=<TaskInstance: update_current_data_10.trigger_location_db scheduled__2023-05-07T14:40:00+00:00 [queued]>
[2023-07-05T11:08:07.598+0100] {taskinstance.py:1103} INFO - Dependencies all met for dep_context=requeueable deps ti=<TaskInstance: update_current_data_10.trigger_location_db scheduled__2023-05-07T14:40:00+00:00 [queued]>
[2023-07-05T11:08:07.599+0100] {taskinstance.py:1308} INFO - Starting attempt 1 of 3
[2023-07-05T11:08:07.615+0100] {taskinstance.py:1327} INFO - Executing <Task(PythonOperator): trigger_location_db> on 2023-05-07 14:40:00+00:00
[2023-07-05T11:08:07.619+0100] {standard_task_runner.py:57} INFO - Started process 74036 to run task
[2023-07-05T11:08:07.623+0100] {standard_task_runner.py:84} INFO - Running: ['***', 'tasks', 'run', 'update_current_data_10', 'trigger_location_db', 'scheduled__2023-05-07T14:40:00+00:00', '--job-id', '762', '--raw', '--subdir', '/home/haboubi/Desktop/api/API_weather/dags/update_current_dags.py', '--cfg-path', '/tmp/tmppyfn8al7']
[2023-07-05T11:08:07.624+0100] {standard_task_runner.py:85} INFO - Job 762: Subtask trigger_location_db
[2023-07-05T11:08:07.704+0100] {task_command.py:410} INFO - Running <TaskInstance: update_current_data_10.trigger_location_db scheduled__2023-05-07T14:40:00+00:00 [running]> on host haboubi-VivoBook-15-ASUS-Laptop-X540UB
[2023-07-05T11:08:07.838+0100] {taskinstance.py:1545} INFO - Exporting env vars: AIRFLOW_CTX_DAG_OWNER='haboubi' AIRFLOW_CTX_DAG_ID='update_current_data_10' AIRFLOW_CTX_TASK_ID='trigger_location_db' AIRFLOW_CTX_EXECUTION_DATE='2023-05-07T14:40:00+00:00' AIRFLOW_CTX_TRY_NUMBER='1' AIRFLOW_CTX_DAG_RUN_ID='scheduled__2023-05-07T14:40:00+00:00'
[2023-07-05T11:08:07.901+0100] {python.py:183} INFO - Done. Returned value was: None
[2023-07-05T11:08:07.921+0100] {taskinstance.py:1345} INFO - Marking task as SUCCESS. dag_id=update_current_data_10, task_id=trigger_location_db, execution_date=20230507T144000, start_date=20230705T100807, end_date=20230705T100807
[2023-07-05T11:08:07.957+0100] {local_task_job_runner.py:225} INFO - Task exited with return code 0
[2023-07-05T11:08:08.017+0100] {taskinstance.py:2653} INFO - 1 downstream tasks scheduled from follow-on schedule check
