[2023-07-08T09:07:25.132+0100] {taskinstance.py:1103} INFO - Dependencies all met for dep_context=non-requeueable deps ti=<TaskInstance: update_current_data_10.extract_current_data scheduled__2023-07-08T07:40:00+00:00 [queued]>
[2023-07-08T09:07:25.146+0100] {taskinstance.py:1103} INFO - Dependencies all met for dep_context=requeueable deps ti=<TaskInstance: update_current_data_10.extract_current_data scheduled__2023-07-08T07:40:00+00:00 [queued]>
[2023-07-08T09:07:25.146+0100] {taskinstance.py:1308} INFO - Starting attempt 1 of 3
[2023-07-08T09:07:25.166+0100] {taskinstance.py:1327} INFO - Executing <Task(PythonOperator): extract_current_data> on 2023-07-08 07:40:00+00:00
[2023-07-08T09:07:25.172+0100] {standard_task_runner.py:57} INFO - Started process 10878 to run task
[2023-07-08T09:07:25.176+0100] {standard_task_runner.py:84} INFO - Running: ['***', 'tasks', 'run', 'update_current_data_10', 'extract_current_data', 'scheduled__2023-07-08T07:40:00+00:00', '--job-id', '16916', '--raw', '--subdir', '/home/haboubi/Desktop/api/API_weather/dags/update_current_dags.py', '--cfg-path', '/tmp/tmpm0_cibrb']
[2023-07-08T09:07:25.179+0100] {standard_task_runner.py:85} INFO - Job 16916: Subtask extract_current_data
[2023-07-08T09:07:25.255+0100] {task_command.py:410} INFO - Running <TaskInstance: update_current_data_10.extract_current_data scheduled__2023-07-08T07:40:00+00:00 [running]> on host haboubi-VivoBook-15-ASUS-Laptop-X540UB
[2023-07-08T09:07:25.391+0100] {taskinstance.py:1545} INFO - Exporting env vars: AIRFLOW_CTX_DAG_OWNER='haboubi' AIRFLOW_CTX_DAG_ID='update_current_data_10' AIRFLOW_CTX_TASK_ID='extract_current_data' AIRFLOW_CTX_EXECUTION_DATE='2023-07-08T07:40:00+00:00' AIRFLOW_CTX_TRY_NUMBER='1' AIRFLOW_CTX_DAG_RUN_ID='scheduled__2023-07-08T07:40:00+00:00'
[2023-07-08T09:07:25.398+0100] {logging_mixin.py:149} INFO - Paris
[2023-07-08T09:07:25.583+0100] {logging_mixin.py:149} INFO - London
[2023-07-08T09:07:25.773+0100] {logging_mixin.py:149} INFO - Barcelona
[2023-07-08T09:07:25.964+0100] {logging_mixin.py:149} INFO - Rome
[2023-07-08T09:07:26.186+0100] {logging_mixin.py:149} INFO - New York City
[2023-07-08T09:07:26.389+0100] {logging_mixin.py:149} INFO - Tokyo
[2023-07-08T09:07:26.601+0100] {logging_mixin.py:149} INFO - Istanbul
[2023-07-08T09:07:26.806+0100] {logging_mixin.py:149} INFO - Dubai
[2023-07-08T09:07:27.002+0100] {logging_mixin.py:149} INFO - Sydney
[2023-07-08T09:07:27.191+0100] {logging_mixin.py:149} INFO - Bangkok
[2023-07-08T09:07:27.345+0100] {logging_mixin.py:149} INFO - Amsterdam
[2023-07-08T09:07:27.516+0100] {logging_mixin.py:149} INFO - Rio de Janeiro
[2023-07-08T09:07:27.723+0100] {logging_mixin.py:149} INFO - Prague
[2023-07-08T09:07:27.940+0100] {logging_mixin.py:149} INFO - Cape Town
[2023-07-08T09:07:28.130+0100] {logging_mixin.py:149} INFO - Buenos Aires
[2023-07-08T09:07:28.330+0100] {logging_mixin.py:149} INFO - Berlin
[2023-07-08T09:07:28.541+0100] {logging_mixin.py:149} INFO - Singapore
[2023-07-08T09:07:28.744+0100] {logging_mixin.py:149} INFO - Florence
[2023-07-08T09:07:28.896+0100] {logging_mixin.py:149} INFO - San Francisco
[2023-07-08T09:07:29.056+0100] {logging_mixin.py:149} INFO - Marrakech
[2023-07-08T09:07:29.267+0100] {python.py:183} INFO - Done. Returned value was: None
[2023-07-08T09:07:29.293+0100] {taskinstance.py:1345} INFO - Marking task as SUCCESS. dag_id=update_current_data_10, task_id=extract_current_data, execution_date=20230708T074000, start_date=20230708T080725, end_date=20230708T080729
[2023-07-08T09:07:29.324+0100] {local_task_job_runner.py:225} INFO - Task exited with return code 0
[2023-07-08T09:07:29.364+0100] {taskinstance.py:2653} INFO - 1 downstream tasks scheduled from follow-on schedule check
