[2023-07-07T06:01:24.179+0100] {taskinstance.py:1103} INFO - Dependencies all met for dep_context=non-requeueable deps ti=<TaskInstance: update_current_data_10.load_current_data manual__2023-07-07T04:59:00.920803+00:00 [queued]>
[2023-07-07T06:01:24.188+0100] {taskinstance.py:1103} INFO - Dependencies all met for dep_context=requeueable deps ti=<TaskInstance: update_current_data_10.load_current_data manual__2023-07-07T04:59:00.920803+00:00 [queued]>
[2023-07-07T06:01:24.189+0100] {taskinstance.py:1308} INFO - Starting attempt 1 of 3
[2023-07-07T06:01:24.200+0100] {taskinstance.py:1327} INFO - Executing <Task(PythonOperator): load_current_data> on 2023-07-07 04:59:00.920803+00:00
[2023-07-07T06:01:24.205+0100] {standard_task_runner.py:57} INFO - Started process 1057018 to run task
[2023-07-07T06:01:24.209+0100] {standard_task_runner.py:84} INFO - Running: ['***', 'tasks', 'run', 'update_current_data_10', 'load_current_data', 'manual__2023-07-07T04:59:00.920803+00:00', '--job-id', '16875', '--raw', '--subdir', '/home/haboubi/Desktop/api/API_weather/dags/update_current_dags.py', '--cfg-path', '/tmp/tmpnxodqdv_']
[2023-07-07T06:01:24.211+0100] {standard_task_runner.py:85} INFO - Job 16875: Subtask load_current_data
[2023-07-07T06:01:24.277+0100] {task_command.py:410} INFO - Running <TaskInstance: update_current_data_10.load_current_data manual__2023-07-07T04:59:00.920803+00:00 [running]> on host haboubi-VivoBook-15-ASUS-Laptop-X540UB
[2023-07-07T06:01:24.376+0100] {taskinstance.py:1545} INFO - Exporting env vars: AIRFLOW_CTX_DAG_OWNER='haboubi' AIRFLOW_CTX_DAG_ID='update_current_data_10' AIRFLOW_CTX_TASK_ID='load_current_data' AIRFLOW_CTX_EXECUTION_DATE='2023-07-07T04:59:00.920803+00:00' AIRFLOW_CTX_TRY_NUMBER='1' AIRFLOW_CTX_DAG_RUN_ID='manual__2023-07-07T04:59:00.920803+00:00'
[2023-07-07T06:01:24.396+0100] {logging_mixin.py:149} INFO - ['Paris', datetime.date(2023, 7, 6)]
[2023-07-07T06:01:24.429+0100] {logging_mixin.py:149} INFO - ['London', datetime.date(2023, 7, 6)]
[2023-07-07T06:01:24.435+0100] {logging_mixin.py:149} INFO - ['Barcelona', datetime.date(2023, 7, 6)]
[2023-07-07T06:01:24.441+0100] {logging_mixin.py:149} INFO - ['Rome', datetime.date(2023, 7, 6)]
[2023-07-07T06:01:24.446+0100] {logging_mixin.py:149} INFO - ['New York', datetime.date(2023, 7, 6)]
[2023-07-07T06:01:24.452+0100] {logging_mixin.py:149} INFO - ['Tokyo', datetime.date(2023, 7, 6)]
[2023-07-07T06:01:24.458+0100] {logging_mixin.py:149} INFO - ['Istanbul', datetime.date(2023, 7, 6)]
[2023-07-07T06:01:24.463+0100] {logging_mixin.py:149} INFO - ['Dubai', datetime.date(2023, 7, 6)]
[2023-07-07T06:01:24.469+0100] {logging_mixin.py:149} INFO - ['Sydney', datetime.date(2023, 7, 6)]
[2023-07-07T06:01:24.475+0100] {logging_mixin.py:149} INFO - ['Bangkok', datetime.date(2023, 7, 6)]
[2023-07-07T06:01:24.481+0100] {logging_mixin.py:149} INFO - ['Amsterdam', datetime.date(2023, 7, 6)]
[2023-07-07T06:01:24.486+0100] {logging_mixin.py:149} INFO - ['Rio De Janeiro', datetime.date(2023, 7, 6)]
[2023-07-07T06:01:24.492+0100] {logging_mixin.py:149} INFO - ['Prague', datetime.date(2023, 7, 6)]
[2023-07-07T06:01:24.498+0100] {logging_mixin.py:149} INFO - ['Cape Town', datetime.date(2023, 7, 6)]
[2023-07-07T06:01:24.503+0100] {logging_mixin.py:149} INFO - ['Buenos Aires', datetime.date(2023, 7, 6)]
[2023-07-07T06:01:24.509+0100] {logging_mixin.py:149} INFO - ['Berlin', datetime.date(2023, 7, 6)]
[2023-07-07T06:01:24.516+0100] {logging_mixin.py:149} INFO - ['Singapore', datetime.date(2023, 7, 6)]
[2023-07-07T06:01:24.529+0100] {logging_mixin.py:149} INFO - ['Florence', datetime.date(2023, 7, 6)]
[2023-07-07T06:01:24.538+0100] {logging_mixin.py:149} INFO - ['San Francisco', datetime.date(2023, 7, 6)]
[2023-07-07T06:01:24.545+0100] {logging_mixin.py:149} INFO - ['Marrakech', datetime.date(2023, 7, 6)]
[2023-07-07T06:01:24.551+0100] {python.py:183} INFO - Done. Returned value was: 0
[2023-07-07T06:01:24.585+0100] {taskinstance.py:1345} INFO - Marking task as SUCCESS. dag_id=update_current_data_10, task_id=load_current_data, execution_date=20230707T045900, start_date=20230707T050124, end_date=20230707T050124
[2023-07-07T06:01:24.621+0100] {local_task_job_runner.py:225} INFO - Task exited with return code 0
[2023-07-07T06:01:24.653+0100] {taskinstance.py:2653} INFO - 1 downstream tasks scheduled from follow-on schedule check
