[2023-07-05T10:30:27.180+0100] {taskinstance.py:1103} INFO - Dependencies all met for dep_context=non-requeueable deps ti=<TaskInstance: update_current_data_10.extract_current_data scheduled__2023-05-07T01:00:00+00:00 [queued]>
[2023-07-05T10:30:27.194+0100] {taskinstance.py:1103} INFO - Dependencies all met for dep_context=requeueable deps ti=<TaskInstance: update_current_data_10.extract_current_data scheduled__2023-05-07T01:00:00+00:00 [queued]>
[2023-07-05T10:30:27.194+0100] {taskinstance.py:1308} INFO - Starting attempt 1 of 3
[2023-07-05T10:30:27.210+0100] {taskinstance.py:1327} INFO - Executing <Task(PythonOperator): extract_current_data> on 2023-05-07 01:00:00+00:00
[2023-07-05T10:30:27.215+0100] {standard_task_runner.py:57} INFO - Started process 41283 to run task
[2023-07-05T10:30:27.221+0100] {standard_task_runner.py:84} INFO - Running: ['***', 'tasks', 'run', 'update_current_data_10', 'extract_current_data', 'scheduled__2023-05-07T01:00:00+00:00', '--job-id', '228', '--raw', '--subdir', '/home/haboubi/Desktop/api/API_weather/dags/update_current_dags.py', '--cfg-path', '/tmp/tmphz9b7m09']
[2023-07-05T10:30:27.222+0100] {standard_task_runner.py:85} INFO - Job 228: Subtask extract_current_data
[2023-07-05T10:30:27.309+0100] {task_command.py:410} INFO - Running <TaskInstance: update_current_data_10.extract_current_data scheduled__2023-05-07T01:00:00+00:00 [running]> on host haboubi-VivoBook-15-ASUS-Laptop-X540UB
[2023-07-05T10:30:27.433+0100] {taskinstance.py:1545} INFO - Exporting env vars: AIRFLOW_CTX_DAG_OWNER='haboubi' AIRFLOW_CTX_DAG_ID='update_current_data_10' AIRFLOW_CTX_TASK_ID='extract_current_data' AIRFLOW_CTX_EXECUTION_DATE='2023-05-07T01:00:00+00:00' AIRFLOW_CTX_TRY_NUMBER='1' AIRFLOW_CTX_DAG_RUN_ID='scheduled__2023-05-07T01:00:00+00:00'
[2023-07-05T10:30:31.191+0100] {python.py:183} INFO - Done. Returned value was: None
[2023-07-05T10:30:31.230+0100] {taskinstance.py:1345} INFO - Marking task as SUCCESS. dag_id=update_current_data_10, task_id=extract_current_data, execution_date=20230507T010000, start_date=20230705T093027, end_date=20230705T093031
[2023-07-05T10:30:31.291+0100] {local_task_job_runner.py:225} INFO - Task exited with return code 0
[2023-07-05T10:30:31.372+0100] {taskinstance.py:2653} INFO - 1 downstream tasks scheduled from follow-on schedule check
[2023-07-05T10:51:23.772+0100] {taskinstance.py:1103} INFO - Dependencies all met for dep_context=non-requeueable deps ti=<TaskInstance: update_current_data_10.extract_current_data scheduled__2023-05-07T01:00:00+00:00 [queued]>
[2023-07-05T10:51:23.780+0100] {taskinstance.py:1103} INFO - Dependencies all met for dep_context=requeueable deps ti=<TaskInstance: update_current_data_10.extract_current_data scheduled__2023-05-07T01:00:00+00:00 [queued]>
[2023-07-05T10:51:23.780+0100] {taskinstance.py:1308} INFO - Starting attempt 1 of 3
[2023-07-05T10:51:23.790+0100] {taskinstance.py:1327} INFO - Executing <Task(PythonOperator): extract_current_data> on 2023-05-07 01:00:00+00:00
[2023-07-05T10:51:23.795+0100] {standard_task_runner.py:57} INFO - Started process 59999 to run task
[2023-07-05T10:51:23.798+0100] {standard_task_runner.py:84} INFO - Running: ['***', 'tasks', 'run', 'update_current_data_10', 'extract_current_data', 'scheduled__2023-05-07T01:00:00+00:00', '--job-id', '548', '--raw', '--subdir', '/home/haboubi/Desktop/api/API_weather/dags/update_current_dags.py', '--cfg-path', '/tmp/tmp_li6b_t6']
[2023-07-05T10:51:23.799+0100] {standard_task_runner.py:85} INFO - Job 548: Subtask extract_current_data
[2023-07-05T10:51:23.863+0100] {task_command.py:410} INFO - Running <TaskInstance: update_current_data_10.extract_current_data scheduled__2023-05-07T01:00:00+00:00 [running]> on host haboubi-VivoBook-15-ASUS-Laptop-X540UB
[2023-07-05T10:51:23.963+0100] {taskinstance.py:1545} INFO - Exporting env vars: AIRFLOW_CTX_DAG_OWNER='haboubi' AIRFLOW_CTX_DAG_ID='update_current_data_10' AIRFLOW_CTX_TASK_ID='extract_current_data' AIRFLOW_CTX_EXECUTION_DATE='2023-05-07T01:00:00+00:00' AIRFLOW_CTX_TRY_NUMBER='1' AIRFLOW_CTX_DAG_RUN_ID='scheduled__2023-05-07T01:00:00+00:00'
[2023-07-05T10:51:28.349+0100] {python.py:183} INFO - Done. Returned value was: None
[2023-07-05T10:51:28.371+0100] {taskinstance.py:1345} INFO - Marking task as SUCCESS. dag_id=update_current_data_10, task_id=extract_current_data, execution_date=20230507T010000, start_date=20230705T095123, end_date=20230705T095128
[2023-07-05T10:51:28.394+0100] {local_task_job_runner.py:225} INFO - Task exited with return code 0
[2023-07-05T10:51:28.441+0100] {taskinstance.py:2653} INFO - 1 downstream tasks scheduled from follow-on schedule check
