[2023-07-04T16:16:28.284+0100] {taskinstance.py:1103} INFO - Dependencies all met for dep_context=non-requeueable deps ti=<TaskInstance: updated_day_hist_forcast_data.extract_updated_data scheduled__2023-07-03T00:00:00+00:00 [queued]>
[2023-07-04T16:16:28.292+0100] {taskinstance.py:1103} INFO - Dependencies all met for dep_context=requeueable deps ti=<TaskInstance: updated_day_hist_forcast_data.extract_updated_data scheduled__2023-07-03T00:00:00+00:00 [queued]>
[2023-07-04T16:16:28.292+0100] {taskinstance.py:1308} INFO - Starting attempt 1 of 3
[2023-07-04T16:16:28.302+0100] {taskinstance.py:1327} INFO - Executing <Task(PythonOperator): extract_updated_data> on 2023-07-03 00:00:00+00:00
[2023-07-04T16:16:28.307+0100] {standard_task_runner.py:57} INFO - Started process 52023 to run task
[2023-07-04T16:16:28.310+0100] {standard_task_runner.py:84} INFO - Running: ['***', 'tasks', 'run', 'updated_day_hist_forcast_data', 'extract_updated_data', 'scheduled__2023-07-03T00:00:00+00:00', '--job-id', '136', '--raw', '--subdir', '/home/haboubi/Desktop/api/API_weather/dags/update_day_hist.py', '--cfg-path', '/tmp/tmp0odist9p']
[2023-07-04T16:16:28.311+0100] {standard_task_runner.py:85} INFO - Job 136: Subtask extract_updated_data
[2023-07-04T16:16:28.374+0100] {task_command.py:410} INFO - Running <TaskInstance: updated_day_hist_forcast_data.extract_updated_data scheduled__2023-07-03T00:00:00+00:00 [running]> on host haboubi-VivoBook-15-ASUS-Laptop-X540UB
[2023-07-04T16:16:28.475+0100] {taskinstance.py:1545} INFO - Exporting env vars: AIRFLOW_CTX_DAG_OWNER='haboubi' AIRFLOW_CTX_DAG_ID='updated_day_hist_forcast_data' AIRFLOW_CTX_TASK_ID='extract_updated_data' AIRFLOW_CTX_EXECUTION_DATE='2023-07-03T00:00:00+00:00' AIRFLOW_CTX_TRY_NUMBER='1' AIRFLOW_CTX_DAG_RUN_ID='scheduled__2023-07-03T00:00:00+00:00'
[2023-07-04T16:16:28.499+0100] {logging_mixin.py:149} INFO - im here 2023
[2023-07-04T16:16:28.745+0100] {logging_mixin.py:149} INFO - im here 2023
[2023-07-04T16:16:29.036+0100] {logging_mixin.py:149} INFO - im here 2023
[2023-07-04T16:16:29.312+0100] {logging_mixin.py:149} INFO - im here 2023
[2023-07-04T16:16:29.586+0100] {logging_mixin.py:149} INFO - im here 2023
[2023-07-04T16:16:29.965+0100] {logging_mixin.py:149} INFO - im here 2023
[2023-07-04T16:16:30.199+0100] {logging_mixin.py:149} INFO - im here 2023
[2023-07-04T16:16:30.512+0100] {logging_mixin.py:149} INFO - im here 2023
[2023-07-04T16:16:30.808+0100] {logging_mixin.py:149} INFO - im here 2023
[2023-07-04T16:16:32.121+0100] {logging_mixin.py:149} INFO - im here 2023
[2023-07-04T16:16:32.458+0100] {logging_mixin.py:149} INFO - im here 2023
[2023-07-04T16:16:32.741+0100] {logging_mixin.py:149} INFO - im here 2023
[2023-07-04T16:16:33.023+0100] {logging_mixin.py:149} INFO - im here 2023
[2023-07-04T16:16:33.269+0100] {logging_mixin.py:149} INFO - im here 2023
[2023-07-04T16:16:33.499+0100] {logging_mixin.py:149} INFO - im here 2023
[2023-07-04T16:16:33.788+0100] {logging_mixin.py:149} INFO - im here 2023
[2023-07-04T16:16:34.095+0100] {logging_mixin.py:149} INFO - im here 2023
[2023-07-04T16:16:34.338+0100] {logging_mixin.py:149} INFO - im here 2023
[2023-07-04T16:16:35.218+0100] {logging_mixin.py:149} INFO - im here 2023
[2023-07-04T16:16:35.477+0100] {logging_mixin.py:149} INFO - im here 2023
[2023-07-04T16:16:50.642+0100] {python.py:183} INFO - Done. Returned value was: None
[2023-07-04T16:16:50.672+0100] {taskinstance.py:1345} INFO - Marking task as SUCCESS. dag_id=updated_day_hist_forcast_data, task_id=extract_updated_data, execution_date=20230703T000000, start_date=20230704T151628, end_date=20230704T151650
[2023-07-04T16:16:50.726+0100] {local_task_job_runner.py:225} INFO - Task exited with return code 0
[2023-07-04T16:16:50.773+0100] {taskinstance.py:2653} INFO - 1 downstream tasks scheduled from follow-on schedule check
[2023-07-05T09:00:56.326+0100] {taskinstance.py:1103} INFO - Dependencies all met for dep_context=non-requeueable deps ti=<TaskInstance: updated_day_hist_forcast_data.extract_updated_data scheduled__2023-07-03T00:00:00+00:00 [queued]>
[2023-07-05T09:00:56.335+0100] {taskinstance.py:1103} INFO - Dependencies all met for dep_context=requeueable deps ti=<TaskInstance: updated_day_hist_forcast_data.extract_updated_data scheduled__2023-07-03T00:00:00+00:00 [queued]>
[2023-07-05T09:00:56.335+0100] {taskinstance.py:1308} INFO - Starting attempt 1 of 3
[2023-07-05T09:00:56.345+0100] {taskinstance.py:1327} INFO - Executing <Task(PythonOperator): extract_updated_data> on 2023-07-03 00:00:00+00:00
[2023-07-05T09:00:56.350+0100] {standard_task_runner.py:57} INFO - Started process 14034 to run task
[2023-07-05T09:00:56.353+0100] {standard_task_runner.py:84} INFO - Running: ['***', 'tasks', 'run', 'updated_day_hist_forcast_data', 'extract_updated_data', 'scheduled__2023-07-03T00:00:00+00:00', '--job-id', '159', '--raw', '--subdir', '/home/haboubi/Desktop/api/API_weather/dags/update_day_hist.py', '--cfg-path', '/tmp/tmpkio73f7n']
[2023-07-05T09:00:56.355+0100] {standard_task_runner.py:85} INFO - Job 159: Subtask extract_updated_data
[2023-07-05T09:00:56.420+0100] {task_command.py:410} INFO - Running <TaskInstance: updated_day_hist_forcast_data.extract_updated_data scheduled__2023-07-03T00:00:00+00:00 [running]> on host haboubi-VivoBook-15-ASUS-Laptop-X540UB
[2023-07-05T09:00:56.528+0100] {taskinstance.py:1545} INFO - Exporting env vars: AIRFLOW_CTX_DAG_OWNER='haboubi' AIRFLOW_CTX_DAG_ID='updated_day_hist_forcast_data' AIRFLOW_CTX_TASK_ID='extract_updated_data' AIRFLOW_CTX_EXECUTION_DATE='2023-07-03T00:00:00+00:00' AIRFLOW_CTX_TRY_NUMBER='1' AIRFLOW_CTX_DAG_RUN_ID='scheduled__2023-07-03T00:00:00+00:00'
[2023-07-05T09:00:56.565+0100] {logging_mixin.py:149} INFO - im here 2023
[2023-07-05T09:00:56.929+0100] {logging_mixin.py:149} INFO - im here 2023
[2023-07-05T09:00:57.145+0100] {logging_mixin.py:149} INFO - im here 2023
[2023-07-05T09:00:57.633+0100] {logging_mixin.py:149} INFO - im here 2023
[2023-07-05T09:00:58.162+0100] {logging_mixin.py:149} INFO - im here 2023
[2023-07-05T09:00:58.392+0100] {logging_mixin.py:149} INFO - im here 2023
[2023-07-05T09:00:58.644+0100] {logging_mixin.py:149} INFO - im here 2023
[2023-07-05T09:00:58.889+0100] {logging_mixin.py:149} INFO - im here 2023
[2023-07-05T09:00:59.101+0100] {logging_mixin.py:149} INFO - im here 2023
[2023-07-05T09:00:59.726+0100] {logging_mixin.py:149} INFO - im here 2023
[2023-07-05T09:01:00.178+0100] {logging_mixin.py:149} INFO - im here 2023
[2023-07-05T09:01:00.417+0100] {logging_mixin.py:149} INFO - im here 2023
[2023-07-05T09:01:00.665+0100] {logging_mixin.py:149} INFO - im here 2023
[2023-07-05T09:01:00.952+0100] {logging_mixin.py:149} INFO - im here 2023
[2023-07-05T09:01:01.225+0100] {logging_mixin.py:149} INFO - im here 2023
[2023-07-05T09:01:01.460+0100] {logging_mixin.py:149} INFO - im here 2023
[2023-07-05T09:01:01.671+0100] {logging_mixin.py:149} INFO - im here 2023
[2023-07-05T09:01:02.187+0100] {logging_mixin.py:149} INFO - im here 2023
[2023-07-05T09:01:02.477+0100] {logging_mixin.py:149} INFO - im here 2023
[2023-07-05T09:01:02.776+0100] {logging_mixin.py:149} INFO - im here 2023
[2023-07-05T09:01:11.265+0100] {python.py:183} INFO - Done. Returned value was: None
[2023-07-05T09:01:11.282+0100] {taskinstance.py:1345} INFO - Marking task as SUCCESS. dag_id=updated_day_hist_forcast_data, task_id=extract_updated_data, execution_date=20230703T000000, start_date=20230705T080056, end_date=20230705T080111
[2023-07-05T09:01:11.337+0100] {local_task_job_runner.py:225} INFO - Task exited with return code 0
[2023-07-05T09:01:11.369+0100] {taskinstance.py:2653} INFO - 1 downstream tasks scheduled from follow-on schedule check
