[2023-07-05T10:48:37.091+0100] {taskinstance.py:1103} INFO - Dependencies all met for dep_context=non-requeueable deps ti=<TaskInstance: update_current_data_10.extract_current_data scheduled__2023-05-07T18:20:00+00:00 [queued]>
[2023-07-05T10:48:37.099+0100] {taskinstance.py:1103} INFO - Dependencies all met for dep_context=requeueable deps ti=<TaskInstance: update_current_data_10.extract_current_data scheduled__2023-05-07T18:20:00+00:00 [queued]>
[2023-07-05T10:48:37.099+0100] {taskinstance.py:1308} INFO - Starting attempt 1 of 3
[2023-07-05T10:48:37.116+0100] {taskinstance.py:1327} INFO - Executing <Task(PythonOperator): extract_current_data> on 2023-05-07 18:20:00+00:00
[2023-07-05T10:48:37.121+0100] {standard_task_runner.py:57} INFO - Started process 58065 to run task
[2023-07-05T10:48:37.126+0100] {standard_task_runner.py:84} INFO - Running: ['***', 'tasks', 'run', 'update_current_data_10', 'extract_current_data', 'scheduled__2023-05-07T18:20:00+00:00', '--job-id', '523', '--raw', '--subdir', '/home/haboubi/Desktop/api/API_weather/dags/update_current_dags.py', '--cfg-path', '/tmp/tmp069_l0s4']
[2023-07-05T10:48:37.128+0100] {standard_task_runner.py:85} INFO - Job 523: Subtask extract_current_data
[2023-07-05T10:48:37.227+0100] {task_command.py:410} INFO - Running <TaskInstance: update_current_data_10.extract_current_data scheduled__2023-05-07T18:20:00+00:00 [running]> on host haboubi-VivoBook-15-ASUS-Laptop-X540UB
[2023-07-05T10:48:37.322+0100] {taskinstance.py:1545} INFO - Exporting env vars: AIRFLOW_CTX_DAG_OWNER='haboubi' AIRFLOW_CTX_DAG_ID='update_current_data_10' AIRFLOW_CTX_TASK_ID='extract_current_data' AIRFLOW_CTX_EXECUTION_DATE='2023-05-07T18:20:00+00:00' AIRFLOW_CTX_TRY_NUMBER='1' AIRFLOW_CTX_DAG_RUN_ID='scheduled__2023-05-07T18:20:00+00:00'
[2023-07-05T10:48:41.719+0100] {python.py:183} INFO - Done. Returned value was: None
[2023-07-05T10:48:41.778+0100] {taskinstance.py:1345} INFO - Marking task as SUCCESS. dag_id=update_current_data_10, task_id=extract_current_data, execution_date=20230507T182000, start_date=20230705T094837, end_date=20230705T094841
[2023-07-05T10:48:41.808+0100] {local_task_job_runner.py:225} INFO - Task exited with return code 0
[2023-07-05T10:48:41.871+0100] {taskinstance.py:2653} INFO - 1 downstream tasks scheduled from follow-on schedule check
[2023-07-05T11:11:25.664+0100] {taskinstance.py:1103} INFO - Dependencies all met for dep_context=non-requeueable deps ti=<TaskInstance: update_current_data_10.extract_current_data scheduled__2023-05-07T18:20:00+00:00 [queued]>
[2023-07-05T11:11:25.672+0100] {taskinstance.py:1103} INFO - Dependencies all met for dep_context=requeueable deps ti=<TaskInstance: update_current_data_10.extract_current_data scheduled__2023-05-07T18:20:00+00:00 [queued]>
[2023-07-05T11:11:25.672+0100] {taskinstance.py:1308} INFO - Starting attempt 1 of 3
[2023-07-05T11:11:25.683+0100] {taskinstance.py:1327} INFO - Executing <Task(PythonOperator): extract_current_data> on 2023-05-07 18:20:00+00:00
[2023-07-05T11:11:25.687+0100] {standard_task_runner.py:57} INFO - Started process 78085 to run task
[2023-07-05T11:11:25.690+0100] {standard_task_runner.py:84} INFO - Running: ['***', 'tasks', 'run', 'update_current_data_10', 'extract_current_data', 'scheduled__2023-05-07T18:20:00+00:00', '--job-id', '816', '--raw', '--subdir', '/home/haboubi/Desktop/api/API_weather/dags/update_current_dags.py', '--cfg-path', '/tmp/tmpzdw8_oiy']
[2023-07-05T11:11:25.691+0100] {standard_task_runner.py:85} INFO - Job 816: Subtask extract_current_data
[2023-07-05T11:11:25.754+0100] {task_command.py:410} INFO - Running <TaskInstance: update_current_data_10.extract_current_data scheduled__2023-05-07T18:20:00+00:00 [running]> on host haboubi-VivoBook-15-ASUS-Laptop-X540UB
[2023-07-05T11:11:25.848+0100] {taskinstance.py:1545} INFO - Exporting env vars: AIRFLOW_CTX_DAG_OWNER='haboubi' AIRFLOW_CTX_DAG_ID='update_current_data_10' AIRFLOW_CTX_TASK_ID='extract_current_data' AIRFLOW_CTX_EXECUTION_DATE='2023-05-07T18:20:00+00:00' AIRFLOW_CTX_TRY_NUMBER='1' AIRFLOW_CTX_DAG_RUN_ID='scheduled__2023-05-07T18:20:00+00:00'
[2023-07-05T11:11:29.548+0100] {python.py:183} INFO - Done. Returned value was: None
[2023-07-05T11:11:29.601+0100] {taskinstance.py:1345} INFO - Marking task as SUCCESS. dag_id=update_current_data_10, task_id=extract_current_data, execution_date=20230507T182000, start_date=20230705T101125, end_date=20230705T101129
[2023-07-05T11:11:29.679+0100] {local_task_job_runner.py:225} INFO - Task exited with return code 0
[2023-07-05T11:11:29.738+0100] {taskinstance.py:2653} INFO - 1 downstream tasks scheduled from follow-on schedule check
