[2023-07-03T18:25:26.020+0100] {taskinstance.py:1103} INFO - Dependencies all met for dep_context=non-requeueable deps ti=<TaskInstance: init_db.load_data manual__2023-07-03T17:22:46.203444+00:00 [queued]>
[2023-07-03T18:25:26.035+0100] {taskinstance.py:1103} INFO - Dependencies all met for dep_context=requeueable deps ti=<TaskInstance: init_db.load_data manual__2023-07-03T17:22:46.203444+00:00 [queued]>
[2023-07-03T18:25:26.035+0100] {taskinstance.py:1308} INFO - Starting attempt 1 of 1
[2023-07-03T18:25:26.055+0100] {taskinstance.py:1327} INFO - Executing <Task(PythonOperator): load_data> on 2023-07-03 17:22:46.203444+00:00
[2023-07-03T18:25:26.063+0100] {standard_task_runner.py:57} INFO - Started process 48463 to run task
[2023-07-03T18:25:26.066+0100] {standard_task_runner.py:84} INFO - Running: ['***', 'tasks', 'run', 'init_db', 'load_data', 'manual__2023-07-03T17:22:46.203444+00:00', '--job-id', '113', '--raw', '--subdir', '/home/haboubi/Desktop/api/API_weather/dags/init_db.py', '--cfg-path', '/tmp/tmpi91lmhfr']
[2023-07-03T18:25:26.067+0100] {standard_task_runner.py:85} INFO - Job 113: Subtask load_data
[2023-07-03T18:25:26.162+0100] {task_command.py:410} INFO - Running <TaskInstance: init_db.load_data manual__2023-07-03T17:22:46.203444+00:00 [running]> on host haboubi-VivoBook-15-ASUS-Laptop-X540UB
[2023-07-03T18:25:26.304+0100] {taskinstance.py:1545} INFO - Exporting env vars: AIRFLOW_CTX_DAG_OWNER='***' AIRFLOW_CTX_DAG_ID='init_db' AIRFLOW_CTX_TASK_ID='load_data' AIRFLOW_CTX_EXECUTION_DATE='2023-07-03T17:22:46.203444+00:00' AIRFLOW_CTX_TRY_NUMBER='1' AIRFLOW_CTX_DAG_RUN_ID='manual__2023-07-03T17:22:46.203444+00:00'
[2023-07-03T18:25:26.373+0100] {logging_mixin.py:149} INFO - <class 'numpy.float64'>
[2023-07-03T18:25:26.407+0100] {logging_mixin.py:149} INFO - <class 'numpy.float64'>
[2023-07-03T18:25:26.440+0100] {logging_mixin.py:149} INFO - <class 'numpy.float64'>
[2023-07-03T18:25:26.469+0100] {logging_mixin.py:149} INFO - <class 'numpy.float64'>
[2023-07-03T18:25:26.514+0100] {logging_mixin.py:149} INFO - <class 'numpy.float64'>
[2023-07-03T18:25:26.564+0100] {logging_mixin.py:149} INFO - <class 'numpy.float64'>
[2023-07-03T18:25:26.604+0100] {logging_mixin.py:149} INFO - <class 'numpy.float64'>
[2023-07-03T18:25:26.650+0100] {logging_mixin.py:149} INFO - <class 'numpy.float64'>
[2023-07-03T18:25:26.692+0100] {logging_mixin.py:149} INFO - <class 'numpy.float64'>
[2023-07-03T18:25:26.738+0100] {logging_mixin.py:149} INFO - <class 'numpy.float64'>
[2023-07-03T18:25:26.787+0100] {logging_mixin.py:149} INFO - <class 'numpy.float64'>
[2023-07-03T18:25:26.853+0100] {logging_mixin.py:149} INFO - <class 'numpy.float64'>
[2023-07-03T18:25:26.912+0100] {logging_mixin.py:149} INFO - <class 'numpy.float64'>
[2023-07-03T18:25:26.955+0100] {logging_mixin.py:149} INFO - <class 'numpy.float64'>
[2023-07-03T18:25:26.993+0100] {logging_mixin.py:149} INFO - <class 'numpy.float64'>
[2023-07-03T18:25:27.034+0100] {logging_mixin.py:149} INFO - <class 'numpy.float64'>
[2023-07-03T18:25:27.072+0100] {logging_mixin.py:149} INFO - <class 'numpy.float64'>
[2023-07-03T18:25:27.112+0100] {logging_mixin.py:149} INFO - <class 'numpy.float64'>
[2023-07-03T18:25:27.157+0100] {logging_mixin.py:149} INFO - <class 'numpy.float64'>
[2023-07-03T18:25:27.195+0100] {logging_mixin.py:149} INFO - <class 'numpy.float64'>
[2023-07-03T18:25:27.996+0100] {python.py:183} INFO - Done. Returned value was: None
[2023-07-03T18:25:28.019+0100] {taskinstance.py:1345} INFO - Marking task as SUCCESS. dag_id=init_db, task_id=load_data, execution_date=20230703T172246, start_date=20230703T172526, end_date=20230703T172528
[2023-07-03T18:25:28.047+0100] {local_task_job_runner.py:225} INFO - Task exited with return code 0
[2023-07-03T18:25:28.085+0100] {taskinstance.py:2653} INFO - 1 downstream tasks scheduled from follow-on schedule check
