[2023-07-05T10:38:51.942+0100] {taskinstance.py:1103} INFO - Dependencies all met for dep_context=non-requeueable deps ti=<TaskInstance: update_current_data_10.extract_current_data scheduled__2023-05-07T10:00:00+00:00 [queued]>
[2023-07-05T10:38:51.950+0100] {taskinstance.py:1103} INFO - Dependencies all met for dep_context=requeueable deps ti=<TaskInstance: update_current_data_10.extract_current_data scheduled__2023-05-07T10:00:00+00:00 [queued]>
[2023-07-05T10:38:51.951+0100] {taskinstance.py:1308} INFO - Starting attempt 1 of 3
[2023-07-05T10:38:51.961+0100] {taskinstance.py:1327} INFO - Executing <Task(PythonOperator): extract_current_data> on 2023-05-07 10:00:00+00:00
[2023-07-05T10:38:51.965+0100] {standard_task_runner.py:57} INFO - Started process 49607 to run task
[2023-07-05T10:38:51.968+0100] {standard_task_runner.py:84} INFO - Running: ['***', 'tasks', 'run', 'update_current_data_10', 'extract_current_data', 'scheduled__2023-05-07T10:00:00+00:00', '--job-id', '369', '--raw', '--subdir', '/home/haboubi/Desktop/api/API_weather/dags/update_current_dags.py', '--cfg-path', '/tmp/tmp6uh_s6k4']
[2023-07-05T10:38:51.969+0100] {standard_task_runner.py:85} INFO - Job 369: Subtask extract_current_data
[2023-07-05T10:38:52.032+0100] {task_command.py:410} INFO - Running <TaskInstance: update_current_data_10.extract_current_data scheduled__2023-05-07T10:00:00+00:00 [running]> on host haboubi-VivoBook-15-ASUS-Laptop-X540UB
[2023-07-05T10:38:52.137+0100] {taskinstance.py:1545} INFO - Exporting env vars: AIRFLOW_CTX_DAG_OWNER='haboubi' AIRFLOW_CTX_DAG_ID='update_current_data_10' AIRFLOW_CTX_TASK_ID='extract_current_data' AIRFLOW_CTX_EXECUTION_DATE='2023-05-07T10:00:00+00:00' AIRFLOW_CTX_TRY_NUMBER='1' AIRFLOW_CTX_DAG_RUN_ID='scheduled__2023-05-07T10:00:00+00:00'
[2023-07-05T10:38:55.924+0100] {python.py:183} INFO - Done. Returned value was: None
[2023-07-05T10:38:55.971+0100] {taskinstance.py:1345} INFO - Marking task as SUCCESS. dag_id=update_current_data_10, task_id=extract_current_data, execution_date=20230507T100000, start_date=20230705T093851, end_date=20230705T093855
[2023-07-05T10:38:55.999+0100] {local_task_job_runner.py:225} INFO - Task exited with return code 0
[2023-07-05T10:38:56.031+0100] {taskinstance.py:2653} INFO - 1 downstream tasks scheduled from follow-on schedule check
[2023-07-05T11:04:17.796+0100] {taskinstance.py:1103} INFO - Dependencies all met for dep_context=non-requeueable deps ti=<TaskInstance: update_current_data_10.extract_current_data scheduled__2023-05-07T10:00:00+00:00 [queued]>
[2023-07-05T11:04:17.805+0100] {taskinstance.py:1103} INFO - Dependencies all met for dep_context=requeueable deps ti=<TaskInstance: update_current_data_10.extract_current_data scheduled__2023-05-07T10:00:00+00:00 [queued]>
[2023-07-05T11:04:17.805+0100] {taskinstance.py:1308} INFO - Starting attempt 1 of 3
[2023-07-05T11:04:17.815+0100] {taskinstance.py:1327} INFO - Executing <Task(PythonOperator): extract_current_data> on 2023-05-07 10:00:00+00:00
[2023-07-05T11:04:17.819+0100] {standard_task_runner.py:57} INFO - Started process 70046 to run task
[2023-07-05T11:04:17.822+0100] {standard_task_runner.py:84} INFO - Running: ['***', 'tasks', 'run', 'update_current_data_10', 'extract_current_data', 'scheduled__2023-05-07T10:00:00+00:00', '--job-id', '696', '--raw', '--subdir', '/home/haboubi/Desktop/api/API_weather/dags/update_current_dags.py', '--cfg-path', '/tmp/tmpjvnvcfoa']
[2023-07-05T11:04:17.823+0100] {standard_task_runner.py:85} INFO - Job 696: Subtask extract_current_data
[2023-07-05T11:04:17.886+0100] {task_command.py:410} INFO - Running <TaskInstance: update_current_data_10.extract_current_data scheduled__2023-05-07T10:00:00+00:00 [running]> on host haboubi-VivoBook-15-ASUS-Laptop-X540UB
[2023-07-05T11:04:17.977+0100] {taskinstance.py:1545} INFO - Exporting env vars: AIRFLOW_CTX_DAG_OWNER='haboubi' AIRFLOW_CTX_DAG_ID='update_current_data_10' AIRFLOW_CTX_TASK_ID='extract_current_data' AIRFLOW_CTX_EXECUTION_DATE='2023-05-07T10:00:00+00:00' AIRFLOW_CTX_TRY_NUMBER='1' AIRFLOW_CTX_DAG_RUN_ID='scheduled__2023-05-07T10:00:00+00:00'
[2023-07-05T11:04:21.713+0100] {python.py:183} INFO - Done. Returned value was: None
[2023-07-05T11:04:21.746+0100] {taskinstance.py:1345} INFO - Marking task as SUCCESS. dag_id=update_current_data_10, task_id=extract_current_data, execution_date=20230507T100000, start_date=20230705T100417, end_date=20230705T100421
[2023-07-05T11:04:21.777+0100] {local_task_job_runner.py:225} INFO - Task exited with return code 0
[2023-07-05T11:04:21.808+0100] {taskinstance.py:2653} INFO - 1 downstream tasks scheduled from follow-on schedule check
