[2023-07-03T16:26:00.331+0100] {taskinstance.py:1103} INFO - Dependencies all met for dep_context=non-requeueable deps ti=<TaskInstance: updated_day_hist.extract_updated_data scheduled__2023-07-02T00:00:00+00:00 [queued]>
[2023-07-03T16:26:00.343+0100] {taskinstance.py:1103} INFO - Dependencies all met for dep_context=requeueable deps ti=<TaskInstance: updated_day_hist.extract_updated_data scheduled__2023-07-02T00:00:00+00:00 [queued]>
[2023-07-03T16:26:00.343+0100] {taskinstance.py:1308} INFO - Starting attempt 1 of 3
[2023-07-03T16:26:00.359+0100] {taskinstance.py:1327} INFO - Executing <Task(PythonOperator): extract_updated_data> on 2023-07-02 00:00:00+00:00
[2023-07-03T16:26:00.365+0100] {standard_task_runner.py:57} INFO - Started process 15106 to run task
[2023-07-03T16:26:00.370+0100] {standard_task_runner.py:84} INFO - Running: ['***', 'tasks', 'run', 'updated_day_hist', 'extract_updated_data', 'scheduled__2023-07-02T00:00:00+00:00', '--job-id', '55', '--raw', '--subdir', '/home/haboubi/Desktop/api/API_weather/dags/update_day_hist.py', '--cfg-path', '/tmp/tmpvrdu1yrr']
[2023-07-03T16:26:00.371+0100] {standard_task_runner.py:85} INFO - Job 55: Subtask extract_updated_data
[2023-07-03T16:26:00.468+0100] {task_command.py:410} INFO - Running <TaskInstance: updated_day_hist.extract_updated_data scheduled__2023-07-02T00:00:00+00:00 [running]> on host haboubi-VivoBook-15-ASUS-Laptop-X540UB
[2023-07-03T16:26:00.625+0100] {taskinstance.py:1545} INFO - Exporting env vars: AIRFLOW_CTX_DAG_OWNER='haboubi' AIRFLOW_CTX_DAG_ID='updated_day_hist' AIRFLOW_CTX_TASK_ID='extract_updated_data' AIRFLOW_CTX_EXECUTION_DATE='2023-07-02T00:00:00+00:00' AIRFLOW_CTX_TRY_NUMBER='1' AIRFLOW_CTX_DAG_RUN_ID='scheduled__2023-07-02T00:00:00+00:00'
[2023-07-03T16:26:00.664+0100] {logging_mixin.py:149} INFO - im here 2023
[2023-07-03T16:26:01.333+0100] {logging_mixin.py:149} INFO - im here 2023
[2023-07-03T16:26:01.662+0100] {logging_mixin.py:149} INFO - im here 2023
[2023-07-03T16:26:01.918+0100] {logging_mixin.py:149} INFO - im here 2023
[2023-07-03T16:26:02.232+0100] {logging_mixin.py:149} INFO - im here 2023
[2023-07-03T16:26:02.474+0100] {logging_mixin.py:149} INFO - im here 2023
[2023-07-03T16:26:02.817+0100] {logging_mixin.py:149} INFO - im here 2023
[2023-07-03T16:26:03.360+0100] {logging_mixin.py:149} INFO - im here 2023
[2023-07-03T16:26:03.674+0100] {logging_mixin.py:149} INFO - im here 2023
[2023-07-03T16:26:03.965+0100] {logging_mixin.py:149} INFO - im here 2023
[2023-07-03T16:26:04.221+0100] {logging_mixin.py:149} INFO - im here 2023
[2023-07-03T16:26:04.486+0100] {logging_mixin.py:149} INFO - im here 2023
[2023-07-03T16:26:04.819+0100] {logging_mixin.py:149} INFO - im here 2023
[2023-07-03T16:26:05.078+0100] {logging_mixin.py:149} INFO - im here 2023
[2023-07-03T16:26:05.690+0100] {logging_mixin.py:149} INFO - im here 2023
[2023-07-03T16:26:06.231+0100] {logging_mixin.py:149} INFO - im here 2023
[2023-07-03T16:26:06.495+0100] {logging_mixin.py:149} INFO - im here 2023
[2023-07-03T16:26:06.785+0100] {logging_mixin.py:149} INFO - im here 2023
[2023-07-03T16:26:07.187+0100] {logging_mixin.py:149} INFO - im here 2023
[2023-07-03T16:26:07.783+0100] {logging_mixin.py:149} INFO - im here 2023
[2023-07-03T16:26:08.109+0100] {python.py:183} INFO - Done. Returned value was: None
[2023-07-03T16:26:08.130+0100] {taskinstance.py:1345} INFO - Marking task as SUCCESS. dag_id=updated_day_hist, task_id=extract_updated_data, execution_date=20230702T000000, start_date=20230703T152600, end_date=20230703T152608
[2023-07-03T16:26:08.149+0100] {local_task_job_runner.py:225} INFO - Task exited with return code 0
[2023-07-03T16:26:08.183+0100] {taskinstance.py:2653} INFO - 1 downstream tasks scheduled from follow-on schedule check
[2023-07-03T16:48:49.043+0100] {taskinstance.py:1103} INFO - Dependencies all met for dep_context=non-requeueable deps ti=<TaskInstance: updated_day_hist.extract_updated_data scheduled__2023-07-02T00:00:00+00:00 [queued]>
[2023-07-03T16:48:49.053+0100] {taskinstance.py:1103} INFO - Dependencies all met for dep_context=requeueable deps ti=<TaskInstance: updated_day_hist.extract_updated_data scheduled__2023-07-02T00:00:00+00:00 [queued]>
[2023-07-03T16:48:49.053+0100] {taskinstance.py:1308} INFO - Starting attempt 1 of 3
[2023-07-03T16:48:49.064+0100] {taskinstance.py:1327} INFO - Executing <Task(PythonOperator): extract_updated_data> on 2023-07-02 00:00:00+00:00
[2023-07-03T16:48:49.070+0100] {standard_task_runner.py:57} INFO - Started process 23090 to run task
[2023-07-03T16:48:49.073+0100] {standard_task_runner.py:84} INFO - Running: ['***', 'tasks', 'run', 'updated_day_hist', 'extract_updated_data', 'scheduled__2023-07-02T00:00:00+00:00', '--job-id', '90', '--raw', '--subdir', '/home/haboubi/Desktop/api/API_weather/dags/update_day_hist.py', '--cfg-path', '/tmp/tmp_6b8h9no']
[2023-07-03T16:48:49.075+0100] {standard_task_runner.py:85} INFO - Job 90: Subtask extract_updated_data
[2023-07-03T16:48:49.144+0100] {task_command.py:410} INFO - Running <TaskInstance: updated_day_hist.extract_updated_data scheduled__2023-07-02T00:00:00+00:00 [running]> on host haboubi-VivoBook-15-ASUS-Laptop-X540UB
[2023-07-03T16:48:49.252+0100] {taskinstance.py:1545} INFO - Exporting env vars: AIRFLOW_CTX_DAG_OWNER='haboubi' AIRFLOW_CTX_DAG_ID='updated_day_hist' AIRFLOW_CTX_TASK_ID='extract_updated_data' AIRFLOW_CTX_EXECUTION_DATE='2023-07-02T00:00:00+00:00' AIRFLOW_CTX_TRY_NUMBER='1' AIRFLOW_CTX_DAG_RUN_ID='scheduled__2023-07-02T00:00:00+00:00'
[2023-07-03T16:48:49.276+0100] {logging_mixin.py:149} INFO - im here 2023
[2023-07-03T16:48:49.569+0100] {logging_mixin.py:149} INFO - im here 2023
[2023-07-03T16:48:49.795+0100] {logging_mixin.py:149} INFO - im here 2023
[2023-07-03T16:48:50.103+0100] {logging_mixin.py:149} INFO - im here 2023
[2023-07-03T16:48:50.347+0100] {logging_mixin.py:149} INFO - im here 2023
[2023-07-03T16:48:50.750+0100] {logging_mixin.py:149} INFO - im here 2023
[2023-07-03T16:48:51.039+0100] {logging_mixin.py:149} INFO - im here 2023
[2023-07-03T16:48:51.368+0100] {logging_mixin.py:149} INFO - im here 2023
[2023-07-03T16:48:52.285+0100] {logging_mixin.py:149} INFO - im here 2023
[2023-07-03T16:48:52.573+0100] {logging_mixin.py:149} INFO - im here 2023
[2023-07-03T16:48:52.830+0100] {logging_mixin.py:149} INFO - im here 2023
[2023-07-03T16:48:53.282+0100] {logging_mixin.py:149} INFO - im here 2023
[2023-07-03T16:48:53.820+0100] {logging_mixin.py:149} INFO - im here 2023
[2023-07-03T16:48:54.112+0100] {logging_mixin.py:149} INFO - im here 2023
[2023-07-03T16:48:54.434+0100] {logging_mixin.py:149} INFO - im here 2023
[2023-07-03T16:48:54.729+0100] {logging_mixin.py:149} INFO - im here 2023
[2023-07-03T16:48:55.030+0100] {logging_mixin.py:149} INFO - im here 2023
[2023-07-03T16:48:55.347+0100] {logging_mixin.py:149} INFO - im here 2023
[2023-07-03T16:48:55.702+0100] {logging_mixin.py:149} INFO - im here 2023
[2023-07-03T16:48:56.156+0100] {logging_mixin.py:149} INFO - im here 2023
[2023-07-03T16:48:56.556+0100] {python.py:183} INFO - Done. Returned value was: None
[2023-07-03T16:48:56.575+0100] {taskinstance.py:1345} INFO - Marking task as SUCCESS. dag_id=updated_day_hist, task_id=extract_updated_data, execution_date=20230702T000000, start_date=20230703T154849, end_date=20230703T154856
[2023-07-03T16:48:56.611+0100] {local_task_job_runner.py:225} INFO - Task exited with return code 0
[2023-07-03T16:48:56.644+0100] {taskinstance.py:2653} INFO - 1 downstream tasks scheduled from follow-on schedule check
