[2023-07-05T10:43:01.243+0100] {taskinstance.py:1103} INFO - Dependencies all met for dep_context=non-requeueable deps ti=<TaskInstance: update_current_data_10.trigger_location_db scheduled__2023-05-07T14:20:00+00:00 [queued]>
[2023-07-05T10:43:01.251+0100] {taskinstance.py:1103} INFO - Dependencies all met for dep_context=requeueable deps ti=<TaskInstance: update_current_data_10.trigger_location_db scheduled__2023-05-07T14:20:00+00:00 [queued]>
[2023-07-05T10:43:01.251+0100] {taskinstance.py:1308} INFO - Starting attempt 1 of 3
[2023-07-05T10:43:01.261+0100] {taskinstance.py:1327} INFO - Executing <Task(PythonOperator): trigger_location_db> on 2023-05-07 14:20:00+00:00
[2023-07-05T10:43:01.265+0100] {standard_task_runner.py:57} INFO - Started process 53548 to run task
[2023-07-05T10:43:01.268+0100] {standard_task_runner.py:84} INFO - Running: ['***', 'tasks', 'run', 'update_current_data_10', 'trigger_location_db', 'scheduled__2023-05-07T14:20:00+00:00', '--job-id', '441', '--raw', '--subdir', '/home/haboubi/Desktop/api/API_weather/dags/update_current_dags.py', '--cfg-path', '/tmp/tmpxyl52luw']
[2023-07-05T10:43:01.269+0100] {standard_task_runner.py:85} INFO - Job 441: Subtask trigger_location_db
[2023-07-05T10:43:01.333+0100] {task_command.py:410} INFO - Running <TaskInstance: update_current_data_10.trigger_location_db scheduled__2023-05-07T14:20:00+00:00 [running]> on host haboubi-VivoBook-15-ASUS-Laptop-X540UB
[2023-07-05T10:43:01.427+0100] {taskinstance.py:1545} INFO - Exporting env vars: AIRFLOW_CTX_DAG_OWNER='haboubi' AIRFLOW_CTX_DAG_ID='update_current_data_10' AIRFLOW_CTX_TASK_ID='trigger_location_db' AIRFLOW_CTX_EXECUTION_DATE='2023-05-07T14:20:00+00:00' AIRFLOW_CTX_TRY_NUMBER='1' AIRFLOW_CTX_DAG_RUN_ID='scheduled__2023-05-07T14:20:00+00:00'
[2023-07-05T10:43:01.469+0100] {python.py:183} INFO - Done. Returned value was: None
[2023-07-05T10:43:01.487+0100] {taskinstance.py:1345} INFO - Marking task as SUCCESS. dag_id=update_current_data_10, task_id=trigger_location_db, execution_date=20230507T142000, start_date=20230705T094301, end_date=20230705T094301
[2023-07-05T10:43:01.520+0100] {local_task_job_runner.py:225} INFO - Task exited with return code 0
[2023-07-05T10:43:01.552+0100] {taskinstance.py:2653} INFO - 1 downstream tasks scheduled from follow-on schedule check
[2023-07-05T11:07:47.987+0100] {taskinstance.py:1103} INFO - Dependencies all met for dep_context=non-requeueable deps ti=<TaskInstance: update_current_data_10.trigger_location_db scheduled__2023-05-07T14:20:00+00:00 [queued]>
[2023-07-05T11:07:47.995+0100] {taskinstance.py:1103} INFO - Dependencies all met for dep_context=requeueable deps ti=<TaskInstance: update_current_data_10.trigger_location_db scheduled__2023-05-07T14:20:00+00:00 [queued]>
[2023-07-05T11:07:47.995+0100] {taskinstance.py:1308} INFO - Starting attempt 1 of 3
[2023-07-05T11:07:48.011+0100] {taskinstance.py:1327} INFO - Executing <Task(PythonOperator): trigger_location_db> on 2023-05-07 14:20:00+00:00
[2023-07-05T11:07:48.018+0100] {standard_task_runner.py:57} INFO - Started process 73676 to run task
[2023-07-05T11:07:48.023+0100] {standard_task_runner.py:84} INFO - Running: ['***', 'tasks', 'run', 'update_current_data_10', 'trigger_location_db', 'scheduled__2023-05-07T14:20:00+00:00', '--job-id', '757', '--raw', '--subdir', '/home/haboubi/Desktop/api/API_weather/dags/update_current_dags.py', '--cfg-path', '/tmp/tmp9f59liho']
[2023-07-05T11:07:48.025+0100] {standard_task_runner.py:85} INFO - Job 757: Subtask trigger_location_db
[2023-07-05T11:07:48.116+0100] {task_command.py:410} INFO - Running <TaskInstance: update_current_data_10.trigger_location_db scheduled__2023-05-07T14:20:00+00:00 [running]> on host haboubi-VivoBook-15-ASUS-Laptop-X540UB
[2023-07-05T11:07:48.234+0100] {taskinstance.py:1545} INFO - Exporting env vars: AIRFLOW_CTX_DAG_OWNER='haboubi' AIRFLOW_CTX_DAG_ID='update_current_data_10' AIRFLOW_CTX_TASK_ID='trigger_location_db' AIRFLOW_CTX_EXECUTION_DATE='2023-05-07T14:20:00+00:00' AIRFLOW_CTX_TRY_NUMBER='1' AIRFLOW_CTX_DAG_RUN_ID='scheduled__2023-05-07T14:20:00+00:00'
[2023-07-05T11:07:48.283+0100] {python.py:183} INFO - Done. Returned value was: None
[2023-07-05T11:07:48.298+0100] {taskinstance.py:1345} INFO - Marking task as SUCCESS. dag_id=update_current_data_10, task_id=trigger_location_db, execution_date=20230507T142000, start_date=20230705T100747, end_date=20230705T100748
[2023-07-05T11:07:48.314+0100] {local_task_job_runner.py:225} INFO - Task exited with return code 0
[2023-07-05T11:07:48.348+0100] {taskinstance.py:2653} INFO - 1 downstream tasks scheduled from follow-on schedule check
