[2023-07-05T10:29:34.293+0100] {taskinstance.py:1103} INFO - Dependencies all met for dep_context=non-requeueable deps ti=<TaskInstance: update_current_data_10.trigger_location_db scheduled__2023-05-07T00:00:00+00:00 [queued]>
[2023-07-05T10:29:34.302+0100] {taskinstance.py:1103} INFO - Dependencies all met for dep_context=requeueable deps ti=<TaskInstance: update_current_data_10.trigger_location_db scheduled__2023-05-07T00:00:00+00:00 [queued]>
[2023-07-05T10:29:34.302+0100] {taskinstance.py:1308} INFO - Starting attempt 1 of 3
[2023-07-05T10:29:34.312+0100] {taskinstance.py:1327} INFO - Executing <Task(PythonOperator): trigger_location_db> on 2023-05-07 00:00:00+00:00
[2023-07-05T10:29:34.316+0100] {standard_task_runner.py:57} INFO - Started process 40296 to run task
[2023-07-05T10:29:34.320+0100] {standard_task_runner.py:84} INFO - Running: ['***', 'tasks', 'run', 'update_current_data_10', 'trigger_location_db', 'scheduled__2023-05-07T00:00:00+00:00', '--job-id', '215', '--raw', '--subdir', '/home/haboubi/Desktop/api/API_weather/dags/update_current_dags.py', '--cfg-path', '/tmp/tmpo1c9eqhy']
[2023-07-05T10:29:34.322+0100] {standard_task_runner.py:85} INFO - Job 215: Subtask trigger_location_db
[2023-07-05T10:29:34.407+0100] {task_command.py:410} INFO - Running <TaskInstance: update_current_data_10.trigger_location_db scheduled__2023-05-07T00:00:00+00:00 [running]> on host haboubi-VivoBook-15-ASUS-Laptop-X540UB
[2023-07-05T10:29:34.522+0100] {taskinstance.py:1545} INFO - Exporting env vars: AIRFLOW_CTX_DAG_OWNER='haboubi' AIRFLOW_CTX_DAG_ID='update_current_data_10' AIRFLOW_CTX_TASK_ID='trigger_location_db' AIRFLOW_CTX_EXECUTION_DATE='2023-05-07T00:00:00+00:00' AIRFLOW_CTX_TRY_NUMBER='1' AIRFLOW_CTX_DAG_RUN_ID='scheduled__2023-05-07T00:00:00+00:00'
[2023-07-05T10:29:34.561+0100] {python.py:183} INFO - Done. Returned value was: None
[2023-07-05T10:29:34.577+0100] {taskinstance.py:1345} INFO - Marking task as SUCCESS. dag_id=update_current_data_10, task_id=trigger_location_db, execution_date=20230507T000000, start_date=20230705T092934, end_date=20230705T092934
[2023-07-05T10:29:34.612+0100] {local_task_job_runner.py:225} INFO - Task exited with return code 0
[2023-07-05T10:29:34.645+0100] {taskinstance.py:2653} INFO - 1 downstream tasks scheduled from follow-on schedule check
[2023-07-05T10:50:35.085+0100] {taskinstance.py:1103} INFO - Dependencies all met for dep_context=non-requeueable deps ti=<TaskInstance: update_current_data_10.trigger_location_db scheduled__2023-05-07T00:00:00+00:00 [queued]>
[2023-07-05T10:50:35.094+0100] {taskinstance.py:1103} INFO - Dependencies all met for dep_context=requeueable deps ti=<TaskInstance: update_current_data_10.trigger_location_db scheduled__2023-05-07T00:00:00+00:00 [queued]>
[2023-07-05T10:50:35.095+0100] {taskinstance.py:1308} INFO - Starting attempt 1 of 3
[2023-07-05T10:50:35.106+0100] {taskinstance.py:1327} INFO - Executing <Task(PythonOperator): trigger_location_db> on 2023-05-07 00:00:00+00:00
[2023-07-05T10:50:35.110+0100] {standard_task_runner.py:57} INFO - Started process 59097 to run task
[2023-07-05T10:50:35.114+0100] {standard_task_runner.py:84} INFO - Running: ['***', 'tasks', 'run', 'update_current_data_10', 'trigger_location_db', 'scheduled__2023-05-07T00:00:00+00:00', '--job-id', '535', '--raw', '--subdir', '/home/haboubi/Desktop/api/API_weather/dags/update_current_dags.py', '--cfg-path', '/tmp/tmpdqwlbmxz']
[2023-07-05T10:50:35.116+0100] {standard_task_runner.py:85} INFO - Job 535: Subtask trigger_location_db
[2023-07-05T10:50:35.185+0100] {task_command.py:410} INFO - Running <TaskInstance: update_current_data_10.trigger_location_db scheduled__2023-05-07T00:00:00+00:00 [running]> on host haboubi-VivoBook-15-ASUS-Laptop-X540UB
[2023-07-05T10:50:35.291+0100] {taskinstance.py:1545} INFO - Exporting env vars: AIRFLOW_CTX_DAG_OWNER='haboubi' AIRFLOW_CTX_DAG_ID='update_current_data_10' AIRFLOW_CTX_TASK_ID='trigger_location_db' AIRFLOW_CTX_EXECUTION_DATE='2023-05-07T00:00:00+00:00' AIRFLOW_CTX_TRY_NUMBER='1' AIRFLOW_CTX_DAG_RUN_ID='scheduled__2023-05-07T00:00:00+00:00'
[2023-07-05T10:50:35.337+0100] {python.py:183} INFO - Done. Returned value was: None
[2023-07-05T10:50:35.354+0100] {taskinstance.py:1345} INFO - Marking task as SUCCESS. dag_id=update_current_data_10, task_id=trigger_location_db, execution_date=20230507T000000, start_date=20230705T095035, end_date=20230705T095035
[2023-07-05T10:50:35.406+0100] {local_task_job_runner.py:225} INFO - Task exited with return code 0
[2023-07-05T10:50:35.449+0100] {taskinstance.py:2653} INFO - 1 downstream tasks scheduled from follow-on schedule check
