[2023-07-07T07:20:11.644+0100] {taskinstance.py:1103} INFO - Dependencies all met for dep_context=non-requeueable deps ti=<TaskInstance: update_current_data_10.load_current_data scheduled__2023-07-07T06:00:00+00:00 [queued]>
[2023-07-07T07:20:11.652+0100] {taskinstance.py:1103} INFO - Dependencies all met for dep_context=requeueable deps ti=<TaskInstance: update_current_data_10.load_current_data scheduled__2023-07-07T06:00:00+00:00 [queued]>
[2023-07-07T07:20:11.653+0100] {taskinstance.py:1308} INFO - Starting attempt 1 of 3
[2023-07-07T07:20:11.664+0100] {taskinstance.py:1327} INFO - Executing <Task(PythonOperator): load_current_data> on 2023-07-07 06:00:00+00:00
[2023-07-07T07:20:11.668+0100] {standard_task_runner.py:57} INFO - Started process 1068598 to run task
[2023-07-07T07:20:11.671+0100] {standard_task_runner.py:84} INFO - Running: ['***', 'tasks', 'run', 'update_current_data_10', 'load_current_data', 'scheduled__2023-07-07T06:00:00+00:00', '--job-id', '16898', '--raw', '--subdir', '/home/haboubi/Desktop/api/API_weather/dags/update_current_dags.py', '--cfg-path', '/tmp/tmps2f2n2g6']
[2023-07-07T07:20:11.672+0100] {standard_task_runner.py:85} INFO - Job 16898: Subtask load_current_data
[2023-07-07T07:20:11.736+0100] {task_command.py:410} INFO - Running <TaskInstance: update_current_data_10.load_current_data scheduled__2023-07-07T06:00:00+00:00 [running]> on host haboubi-VivoBook-15-ASUS-Laptop-X540UB
[2023-07-07T07:20:11.839+0100] {taskinstance.py:1545} INFO - Exporting env vars: AIRFLOW_CTX_DAG_OWNER='haboubi' AIRFLOW_CTX_DAG_ID='update_current_data_10' AIRFLOW_CTX_TASK_ID='load_current_data' AIRFLOW_CTX_EXECUTION_DATE='2023-07-07T06:00:00+00:00' AIRFLOW_CTX_TRY_NUMBER='1' AIRFLOW_CTX_DAG_RUN_ID='scheduled__2023-07-07T06:00:00+00:00'
[2023-07-07T07:20:11.859+0100] {logging_mixin.py:149} INFO - ['Paris', datetime.date(2023, 7, 6)]
[2023-07-07T07:20:11.893+0100] {logging_mixin.py:149} INFO - ['London', datetime.date(2023, 7, 6)]
[2023-07-07T07:20:11.898+0100] {logging_mixin.py:149} INFO - ['Barcelona', datetime.date(2023, 7, 6)]
[2023-07-07T07:20:11.904+0100] {logging_mixin.py:149} INFO - ['Rome', datetime.date(2023, 7, 6)]
[2023-07-07T07:20:11.914+0100] {logging_mixin.py:149} INFO - ['New York', datetime.date(2023, 7, 6)]
[2023-07-07T07:20:11.921+0100] {logging_mixin.py:149} INFO - ['Tokyo', datetime.date(2023, 7, 6)]
[2023-07-07T07:20:11.927+0100] {logging_mixin.py:149} INFO - ['Istanbul', datetime.date(2023, 7, 6)]
[2023-07-07T07:20:11.934+0100] {logging_mixin.py:149} INFO - ['Dubai', datetime.date(2023, 7, 6)]
[2023-07-07T07:20:11.940+0100] {logging_mixin.py:149} INFO - ['Sydney', datetime.date(2023, 7, 6)]
[2023-07-07T07:20:11.947+0100] {logging_mixin.py:149} INFO - ['Bangkok', datetime.date(2023, 7, 6)]
[2023-07-07T07:20:11.953+0100] {logging_mixin.py:149} INFO - ['Amsterdam', datetime.date(2023, 7, 6)]
[2023-07-07T07:20:11.959+0100] {logging_mixin.py:149} INFO - ['Rio De Janeiro', datetime.date(2023, 7, 6)]
[2023-07-07T07:20:11.965+0100] {logging_mixin.py:149} INFO - ['Prague', datetime.date(2023, 7, 6)]
[2023-07-07T07:20:11.970+0100] {logging_mixin.py:149} INFO - ['Cape Town', datetime.date(2023, 7, 6)]
[2023-07-07T07:20:11.976+0100] {logging_mixin.py:149} INFO - ['Buenos Aires', datetime.date(2023, 7, 6)]
[2023-07-07T07:20:11.981+0100] {logging_mixin.py:149} INFO - ['Berlin', datetime.date(2023, 7, 6)]
[2023-07-07T07:20:11.986+0100] {logging_mixin.py:149} INFO - ['Singapore', datetime.date(2023, 7, 6)]
[2023-07-07T07:20:11.992+0100] {logging_mixin.py:149} INFO - ['Florence', datetime.date(2023, 7, 6)]
[2023-07-07T07:20:11.998+0100] {logging_mixin.py:149} INFO - ['San Francisco', datetime.date(2023, 7, 6)]
[2023-07-07T07:20:12.003+0100] {logging_mixin.py:149} INFO - ['Marrakech', datetime.date(2023, 7, 6)]
[2023-07-07T07:20:12.008+0100] {python.py:183} INFO - Done. Returned value was: 0
[2023-07-07T07:20:12.042+0100] {taskinstance.py:1345} INFO - Marking task as SUCCESS. dag_id=update_current_data_10, task_id=load_current_data, execution_date=20230707T060000, start_date=20230707T062011, end_date=20230707T062012
[2023-07-07T07:20:12.083+0100] {local_task_job_runner.py:225} INFO - Task exited with return code 0
[2023-07-07T07:20:12.112+0100] {taskinstance.py:2653} INFO - 1 downstream tasks scheduled from follow-on schedule check
