[2023-07-05T10:40:24.290+0100] {taskinstance.py:1103} INFO - Dependencies all met for dep_context=non-requeueable deps ti=<TaskInstance: update_current_data_10.extract_current_data scheduled__2023-05-07T11:40:00+00:00 [queued]>
[2023-07-05T10:40:24.299+0100] {taskinstance.py:1103} INFO - Dependencies all met for dep_context=requeueable deps ti=<TaskInstance: update_current_data_10.extract_current_data scheduled__2023-05-07T11:40:00+00:00 [queued]>
[2023-07-05T10:40:24.299+0100] {taskinstance.py:1308} INFO - Starting attempt 1 of 3
[2023-07-05T10:40:24.310+0100] {taskinstance.py:1327} INFO - Executing <Task(PythonOperator): extract_current_data> on 2023-05-07 11:40:00+00:00
[2023-07-05T10:40:24.313+0100] {standard_task_runner.py:57} INFO - Started process 50905 to run task
[2023-07-05T10:40:24.317+0100] {standard_task_runner.py:84} INFO - Running: ['***', 'tasks', 'run', 'update_current_data_10', 'extract_current_data', 'scheduled__2023-05-07T11:40:00+00:00', '--job-id', '396', '--raw', '--subdir', '/home/haboubi/Desktop/api/API_weather/dags/update_current_dags.py', '--cfg-path', '/tmp/tmpb8sgfdj0']
[2023-07-05T10:40:24.318+0100] {standard_task_runner.py:85} INFO - Job 396: Subtask extract_current_data
[2023-07-05T10:40:24.382+0100] {task_command.py:410} INFO - Running <TaskInstance: update_current_data_10.extract_current_data scheduled__2023-05-07T11:40:00+00:00 [running]> on host haboubi-VivoBook-15-ASUS-Laptop-X540UB
[2023-07-05T10:40:24.475+0100] {taskinstance.py:1545} INFO - Exporting env vars: AIRFLOW_CTX_DAG_OWNER='haboubi' AIRFLOW_CTX_DAG_ID='update_current_data_10' AIRFLOW_CTX_TASK_ID='extract_current_data' AIRFLOW_CTX_EXECUTION_DATE='2023-05-07T11:40:00+00:00' AIRFLOW_CTX_TRY_NUMBER='1' AIRFLOW_CTX_DAG_RUN_ID='scheduled__2023-05-07T11:40:00+00:00'
[2023-07-05T10:40:28.130+0100] {python.py:183} INFO - Done. Returned value was: None
[2023-07-05T10:40:28.174+0100] {taskinstance.py:1345} INFO - Marking task as SUCCESS. dag_id=update_current_data_10, task_id=extract_current_data, execution_date=20230507T114000, start_date=20230705T094024, end_date=20230705T094028
[2023-07-05T10:40:28.225+0100] {local_task_job_runner.py:225} INFO - Task exited with return code 0
[2023-07-05T10:40:28.258+0100] {taskinstance.py:2653} INFO - 1 downstream tasks scheduled from follow-on schedule check
[2023-07-05T11:03:09.805+0100] {taskinstance.py:1103} INFO - Dependencies all met for dep_context=non-requeueable deps ti=<TaskInstance: update_current_data_10.extract_current_data scheduled__2023-05-07T11:40:00+00:00 [queued]>
[2023-07-05T11:03:09.814+0100] {taskinstance.py:1103} INFO - Dependencies all met for dep_context=requeueable deps ti=<TaskInstance: update_current_data_10.extract_current_data scheduled__2023-05-07T11:40:00+00:00 [queued]>
[2023-07-05T11:03:09.814+0100] {taskinstance.py:1308} INFO - Starting attempt 1 of 3
[2023-07-05T11:03:09.824+0100] {taskinstance.py:1327} INFO - Executing <Task(PythonOperator): extract_current_data> on 2023-05-07 11:40:00+00:00
[2023-07-05T11:03:09.828+0100] {standard_task_runner.py:57} INFO - Started process 69131 to run task
[2023-07-05T11:03:09.831+0100] {standard_task_runner.py:84} INFO - Running: ['***', 'tasks', 'run', 'update_current_data_10', 'extract_current_data', 'scheduled__2023-05-07T11:40:00+00:00', '--job-id', '679', '--raw', '--subdir', '/home/haboubi/Desktop/api/API_weather/dags/update_current_dags.py', '--cfg-path', '/tmp/tmpz92hfw5s']
[2023-07-05T11:03:09.832+0100] {standard_task_runner.py:85} INFO - Job 679: Subtask extract_current_data
[2023-07-05T11:03:09.894+0100] {task_command.py:410} INFO - Running <TaskInstance: update_current_data_10.extract_current_data scheduled__2023-05-07T11:40:00+00:00 [running]> on host haboubi-VivoBook-15-ASUS-Laptop-X540UB
[2023-07-05T11:03:09.990+0100] {taskinstance.py:1545} INFO - Exporting env vars: AIRFLOW_CTX_DAG_OWNER='haboubi' AIRFLOW_CTX_DAG_ID='update_current_data_10' AIRFLOW_CTX_TASK_ID='extract_current_data' AIRFLOW_CTX_EXECUTION_DATE='2023-05-07T11:40:00+00:00' AIRFLOW_CTX_TRY_NUMBER='1' AIRFLOW_CTX_DAG_RUN_ID='scheduled__2023-05-07T11:40:00+00:00'
[2023-07-05T11:03:14.172+0100] {python.py:183} INFO - Done. Returned value was: None
[2023-07-05T11:03:14.193+0100] {taskinstance.py:1345} INFO - Marking task as SUCCESS. dag_id=update_current_data_10, task_id=extract_current_data, execution_date=20230507T114000, start_date=20230705T100309, end_date=20230705T100314
[2023-07-05T11:03:14.228+0100] {local_task_job_runner.py:225} INFO - Task exited with return code 0
[2023-07-05T11:03:14.272+0100] {taskinstance.py:2653} INFO - 1 downstream tasks scheduled from follow-on schedule check
