[2023-06-30T04:19:44.017+0100] {taskinstance.py:1103} INFO - Dependencies all met for dep_context=non-requeueable deps ti=<TaskInstance: using_taskflow_v2.greet scheduled__0029-07-12T00:00:00+00:00 [queued]>
[2023-06-30T04:19:44.024+0100] {taskinstance.py:1103} INFO - Dependencies all met for dep_context=requeueable deps ti=<TaskInstance: using_taskflow_v2.greet scheduled__0029-07-12T00:00:00+00:00 [queued]>
[2023-06-30T04:19:44.024+0100] {taskinstance.py:1308} INFO - Starting attempt 1 of 6
[2023-06-30T04:19:44.038+0100] {taskinstance.py:1327} INFO - Executing <Task(_PythonDecoratedOperator): greet> on 0029-07-12 00:00:00+00:00
[2023-06-30T04:19:44.041+0100] {standard_task_runner.py:57} INFO - Started process 30212 to run task
[2023-06-30T04:19:44.047+0100] {standard_task_runner.py:84} INFO - Running: ['airflow', 'tasks', 'run', 'using_taskflow_v2', 'greet', 'scheduled__0029-07-12T00:00:00+00:00', '--job-id', '207', '--raw', '--subdir', '/home/haboubi/Desktop/api/API_weather/dags/dag_create_py_api_taskflow.py', '--cfg-path', '/tmp/tmpq19p6rae']
[2023-06-30T04:19:44.048+0100] {standard_task_runner.py:85} INFO - Job 207: Subtask greet
[2023-06-30T04:19:44.084+0100] {task_command.py:410} INFO - Running <TaskInstance: using_taskflow_v2.greet scheduled__0029-07-12T00:00:00+00:00 [running]> on host haboubi-VivoBook-15-ASUS-Laptop-X540UB
[2023-06-30T04:19:44.147+0100] {taskinstance.py:1545} INFO - Exporting env vars: AIRFLOW_CTX_DAG_OWNER='haboubi' AIRFLOW_CTX_DAG_ID='using_taskflow_v2' AIRFLOW_CTX_TASK_ID='greet' AIRFLOW_CTX_EXECUTION_DATE='0029-07-12T00:00:00+00:00' AIRFLOW_CTX_TRY_NUMBER='1' AIRFLOW_CTX_DAG_RUN_ID='scheduled__0029-07-12T00:00:00+00:00'
[2023-06-30T04:19:44.148+0100] {logging_mixin.py:149} INFO - hello my name is fadi hello my prenom is haboubi and im 18 years old
[2023-06-30T04:19:44.148+0100] {python.py:183} INFO - Done. Returned value was: None
[2023-06-30T04:19:44.151+0100] {taskinstance.py:1345} INFO - Marking task as SUCCESS. dag_id=using_taskflow_v2, task_id=greet, execution_date=290712T000000, start_date=20230630T031944, end_date=20230630T031944
[2023-06-30T04:19:44.178+0100] {local_task_job_runner.py:225} INFO - Task exited with return code 0
[2023-06-30T04:19:44.190+0100] {taskinstance.py:2653} INFO - 0 downstream tasks scheduled from follow-on schedule check
[2023-06-30T04:21:52.487+0100] {taskinstance.py:1103} INFO - Dependencies all met for dep_context=non-requeueable deps ti=<TaskInstance: using_taskflow_v2.greet scheduled__0029-07-12T00:00:00+00:00 [queued]>
[2023-06-30T04:21:52.493+0100] {taskinstance.py:1103} INFO - Dependencies all met for dep_context=requeueable deps ti=<TaskInstance: using_taskflow_v2.greet scheduled__0029-07-12T00:00:00+00:00 [queued]>
[2023-06-30T04:21:52.494+0100] {taskinstance.py:1308} INFO - Starting attempt 1 of 6
[2023-06-30T04:21:52.506+0100] {taskinstance.py:1327} INFO - Executing <Task(_PythonDecoratedOperator): greet> on 0029-07-12 00:00:00+00:00
[2023-06-30T04:21:52.509+0100] {standard_task_runner.py:57} INFO - Started process 31645 to run task
[2023-06-30T04:21:52.512+0100] {standard_task_runner.py:84} INFO - Running: ['airflow', 'tasks', 'run', 'using_taskflow_v2', 'greet', 'scheduled__0029-07-12T00:00:00+00:00', '--job-id', '209', '--raw', '--subdir', '/home/haboubi/Desktop/api/API_weather/dags/dag_create_py_api_taskflow.py', '--cfg-path', '/tmp/tmp0jsu7gyr']
[2023-06-30T04:21:52.513+0100] {standard_task_runner.py:85} INFO - Job 209: Subtask greet
[2023-06-30T04:21:52.540+0100] {task_command.py:410} INFO - Running <TaskInstance: using_taskflow_v2.greet scheduled__0029-07-12T00:00:00+00:00 [running]> on host haboubi-VivoBook-15-ASUS-Laptop-X540UB
[2023-06-30T04:21:52.596+0100] {taskinstance.py:1545} INFO - Exporting env vars: AIRFLOW_CTX_DAG_OWNER='haboubi' AIRFLOW_CTX_DAG_ID='using_taskflow_v2' AIRFLOW_CTX_TASK_ID='greet' AIRFLOW_CTX_EXECUTION_DATE='0029-07-12T00:00:00+00:00' AIRFLOW_CTX_TRY_NUMBER='1' AIRFLOW_CTX_DAG_RUN_ID='scheduled__0029-07-12T00:00:00+00:00'
[2023-06-30T04:21:52.597+0100] {logging_mixin.py:149} INFO - hello my name is fadi hello my prenom is haboubi and im 18 years old
[2023-06-30T04:21:52.597+0100] {python.py:183} INFO - Done. Returned value was: None
[2023-06-30T04:21:52.600+0100] {taskinstance.py:1345} INFO - Marking task as SUCCESS. dag_id=using_taskflow_v2, task_id=greet, execution_date=290712T000000, start_date=20230630T032152, end_date=20230630T032152
[2023-06-30T04:21:52.643+0100] {local_task_job_runner.py:225} INFO - Task exited with return code 0
[2023-06-30T04:21:52.655+0100] {taskinstance.py:2653} INFO - 0 downstream tasks scheduled from follow-on schedule check
