[2023-07-08T09:07:07.969+0100] {processor.py:157} INFO - Started process (PID=10400) to work on /home/haboubi/Desktop/api/API_weather/dags/__pycache__/dag_connect_db.py
[2023-07-08T09:07:07.969+0100] {processor.py:826} INFO - Processing file /home/haboubi/Desktop/api/API_weather/dags/__pycache__/dag_connect_db.py for tasks to queue
[2023-07-08T09:07:07.972+0100] {logging_mixin.py:149} INFO - [2023-07-08T09:07:07.971+0100] {dagbag.py:541} INFO - Filling up the DagBag from /home/haboubi/Desktop/api/API_weather/dags/__pycache__/dag_connect_db.py
[2023-07-08T09:07:07.995+0100] {processor.py:836} INFO - DAG(s) dict_keys(['cnt_to_db']) retrieved from /home/haboubi/Desktop/api/API_weather/dags/__pycache__/dag_connect_db.py
[2023-07-08T09:07:08.197+0100] {logging_mixin.py:149} INFO - [2023-07-08T09:07:08.197+0100] {dag.py:2726} INFO - Sync 1 DAGs
[2023-07-08T09:07:08.228+0100] {logging_mixin.py:149} INFO - [2023-07-08T09:07:08.228+0100] {dag.py:3486} INFO - Setting next_dagrun for cnt_to_db to 2023-06-30T00:00:00+00:00, run_after=2023-07-01T00:00:00+00:00
[2023-07-08T09:07:08.260+0100] {processor.py:179} INFO - Processing /home/haboubi/Desktop/api/API_weather/dags/__pycache__/dag_connect_db.py took 0.304 seconds
[2023-07-08T09:07:38.738+0100] {processor.py:157} INFO - Started process (PID=11129) to work on /home/haboubi/Desktop/api/API_weather/dags/__pycache__/dag_connect_db.py
[2023-07-08T09:07:38.739+0100] {processor.py:826} INFO - Processing file /home/haboubi/Desktop/api/API_weather/dags/__pycache__/dag_connect_db.py for tasks to queue
[2023-07-08T09:07:38.740+0100] {logging_mixin.py:149} INFO - [2023-07-08T09:07:38.740+0100] {dagbag.py:541} INFO - Filling up the DagBag from /home/haboubi/Desktop/api/API_weather/dags/__pycache__/dag_connect_db.py
[2023-07-08T09:07:38.754+0100] {processor.py:836} INFO - DAG(s) dict_keys(['cnt_to_db']) retrieved from /home/haboubi/Desktop/api/API_weather/dags/__pycache__/dag_connect_db.py
[2023-07-08T09:07:38.829+0100] {logging_mixin.py:149} INFO - [2023-07-08T09:07:38.829+0100] {dag.py:2726} INFO - Sync 1 DAGs
[2023-07-08T09:07:38.876+0100] {logging_mixin.py:149} INFO - [2023-07-08T09:07:38.875+0100] {dag.py:3486} INFO - Setting next_dagrun for cnt_to_db to 2023-06-30T00:00:00+00:00, run_after=2023-07-01T00:00:00+00:00
[2023-07-08T09:07:38.906+0100] {processor.py:179} INFO - Processing /home/haboubi/Desktop/api/API_weather/dags/__pycache__/dag_connect_db.py took 0.172 seconds
[2023-07-08T09:08:09.624+0100] {processor.py:157} INFO - Started process (PID=11392) to work on /home/haboubi/Desktop/api/API_weather/dags/__pycache__/dag_connect_db.py
[2023-07-08T09:08:09.627+0100] {processor.py:826} INFO - Processing file /home/haboubi/Desktop/api/API_weather/dags/__pycache__/dag_connect_db.py for tasks to queue
[2023-07-08T09:08:09.628+0100] {logging_mixin.py:149} INFO - [2023-07-08T09:08:09.628+0100] {dagbag.py:541} INFO - Filling up the DagBag from /home/haboubi/Desktop/api/API_weather/dags/__pycache__/dag_connect_db.py
[2023-07-08T09:08:09.651+0100] {processor.py:836} INFO - DAG(s) dict_keys(['cnt_to_db']) retrieved from /home/haboubi/Desktop/api/API_weather/dags/__pycache__/dag_connect_db.py
[2023-07-08T09:08:09.756+0100] {logging_mixin.py:149} INFO - [2023-07-08T09:08:09.756+0100] {dag.py:2726} INFO - Sync 1 DAGs
[2023-07-08T09:08:09.801+0100] {logging_mixin.py:149} INFO - [2023-07-08T09:08:09.799+0100] {dag.py:3486} INFO - Setting next_dagrun for cnt_to_db to 2023-06-30T00:00:00+00:00, run_after=2023-07-01T00:00:00+00:00
[2023-07-08T09:08:09.836+0100] {processor.py:179} INFO - Processing /home/haboubi/Desktop/api/API_weather/dags/__pycache__/dag_connect_db.py took 0.221 seconds
[2023-07-08T09:08:39.950+0100] {processor.py:157} INFO - Started process (PID=11441) to work on /home/haboubi/Desktop/api/API_weather/dags/__pycache__/dag_connect_db.py
[2023-07-08T09:08:39.951+0100] {processor.py:826} INFO - Processing file /home/haboubi/Desktop/api/API_weather/dags/__pycache__/dag_connect_db.py for tasks to queue
[2023-07-08T09:08:39.952+0100] {logging_mixin.py:149} INFO - [2023-07-08T09:08:39.952+0100] {dagbag.py:541} INFO - Filling up the DagBag from /home/haboubi/Desktop/api/API_weather/dags/__pycache__/dag_connect_db.py
[2023-07-08T09:08:39.971+0100] {processor.py:836} INFO - DAG(s) dict_keys(['cnt_to_db']) retrieved from /home/haboubi/Desktop/api/API_weather/dags/__pycache__/dag_connect_db.py
[2023-07-08T09:08:40.048+0100] {logging_mixin.py:149} INFO - [2023-07-08T09:08:40.047+0100] {dag.py:2726} INFO - Sync 1 DAGs
[2023-07-08T09:08:40.099+0100] {logging_mixin.py:149} INFO - [2023-07-08T09:08:40.099+0100] {dag.py:3486} INFO - Setting next_dagrun for cnt_to_db to 2023-06-30T00:00:00+00:00, run_after=2023-07-01T00:00:00+00:00
[2023-07-08T09:08:40.128+0100] {processor.py:179} INFO - Processing /home/haboubi/Desktop/api/API_weather/dags/__pycache__/dag_connect_db.py took 0.185 seconds
[2023-07-08T09:09:10.686+0100] {processor.py:157} INFO - Started process (PID=11479) to work on /home/haboubi/Desktop/api/API_weather/dags/__pycache__/dag_connect_db.py
[2023-07-08T09:09:10.688+0100] {processor.py:826} INFO - Processing file /home/haboubi/Desktop/api/API_weather/dags/__pycache__/dag_connect_db.py for tasks to queue
[2023-07-08T09:09:10.689+0100] {logging_mixin.py:149} INFO - [2023-07-08T09:09:10.689+0100] {dagbag.py:541} INFO - Filling up the DagBag from /home/haboubi/Desktop/api/API_weather/dags/__pycache__/dag_connect_db.py
[2023-07-08T09:09:10.705+0100] {processor.py:836} INFO - DAG(s) dict_keys(['cnt_to_db']) retrieved from /home/haboubi/Desktop/api/API_weather/dags/__pycache__/dag_connect_db.py
[2023-07-08T09:09:10.776+0100] {logging_mixin.py:149} INFO - [2023-07-08T09:09:10.776+0100] {dag.py:2726} INFO - Sync 1 DAGs
[2023-07-08T09:09:10.818+0100] {logging_mixin.py:149} INFO - [2023-07-08T09:09:10.817+0100] {dag.py:3486} INFO - Setting next_dagrun for cnt_to_db to 2023-06-30T00:00:00+00:00, run_after=2023-07-01T00:00:00+00:00
[2023-07-08T09:09:10.852+0100] {processor.py:179} INFO - Processing /home/haboubi/Desktop/api/API_weather/dags/__pycache__/dag_connect_db.py took 0.170 seconds
[2023-07-08T09:09:41.721+0100] {processor.py:157} INFO - Started process (PID=11509) to work on /home/haboubi/Desktop/api/API_weather/dags/__pycache__/dag_connect_db.py
[2023-07-08T09:09:41.722+0100] {processor.py:826} INFO - Processing file /home/haboubi/Desktop/api/API_weather/dags/__pycache__/dag_connect_db.py for tasks to queue
[2023-07-08T09:09:41.723+0100] {logging_mixin.py:149} INFO - [2023-07-08T09:09:41.723+0100] {dagbag.py:541} INFO - Filling up the DagBag from /home/haboubi/Desktop/api/API_weather/dags/__pycache__/dag_connect_db.py
[2023-07-08T09:09:41.735+0100] {processor.py:836} INFO - DAG(s) dict_keys(['cnt_to_db']) retrieved from /home/haboubi/Desktop/api/API_weather/dags/__pycache__/dag_connect_db.py
[2023-07-08T09:09:41.770+0100] {logging_mixin.py:149} INFO - [2023-07-08T09:09:41.770+0100] {dag.py:2726} INFO - Sync 1 DAGs
[2023-07-08T09:09:41.795+0100] {logging_mixin.py:149} INFO - [2023-07-08T09:09:41.795+0100] {dag.py:3486} INFO - Setting next_dagrun for cnt_to_db to 2023-06-30T00:00:00+00:00, run_after=2023-07-01T00:00:00+00:00
[2023-07-08T09:09:41.814+0100] {processor.py:179} INFO - Processing /home/haboubi/Desktop/api/API_weather/dags/__pycache__/dag_connect_db.py took 0.097 seconds
[2023-07-08T09:10:12.762+0100] {processor.py:157} INFO - Started process (PID=11558) to work on /home/haboubi/Desktop/api/API_weather/dags/__pycache__/dag_connect_db.py
[2023-07-08T09:10:12.763+0100] {processor.py:826} INFO - Processing file /home/haboubi/Desktop/api/API_weather/dags/__pycache__/dag_connect_db.py for tasks to queue
[2023-07-08T09:10:12.764+0100] {logging_mixin.py:149} INFO - [2023-07-08T09:10:12.764+0100] {dagbag.py:541} INFO - Filling up the DagBag from /home/haboubi/Desktop/api/API_weather/dags/__pycache__/dag_connect_db.py
[2023-07-08T09:10:12.781+0100] {processor.py:836} INFO - DAG(s) dict_keys(['cnt_to_db']) retrieved from /home/haboubi/Desktop/api/API_weather/dags/__pycache__/dag_connect_db.py
[2023-07-08T09:10:12.856+0100] {logging_mixin.py:149} INFO - [2023-07-08T09:10:12.856+0100] {dag.py:2726} INFO - Sync 1 DAGs
[2023-07-08T09:10:12.897+0100] {logging_mixin.py:149} INFO - [2023-07-08T09:10:12.897+0100] {dag.py:3486} INFO - Setting next_dagrun for cnt_to_db to 2023-06-30T00:00:00+00:00, run_after=2023-07-01T00:00:00+00:00
[2023-07-08T09:10:12.927+0100] {processor.py:179} INFO - Processing /home/haboubi/Desktop/api/API_weather/dags/__pycache__/dag_connect_db.py took 0.174 seconds
[2023-07-08T09:10:43.705+0100] {processor.py:157} INFO - Started process (PID=11593) to work on /home/haboubi/Desktop/api/API_weather/dags/__pycache__/dag_connect_db.py
[2023-07-08T09:10:43.707+0100] {processor.py:826} INFO - Processing file /home/haboubi/Desktop/api/API_weather/dags/__pycache__/dag_connect_db.py for tasks to queue
[2023-07-08T09:10:43.707+0100] {logging_mixin.py:149} INFO - [2023-07-08T09:10:43.707+0100] {dagbag.py:541} INFO - Filling up the DagBag from /home/haboubi/Desktop/api/API_weather/dags/__pycache__/dag_connect_db.py
[2023-07-08T09:10:43.719+0100] {processor.py:836} INFO - DAG(s) dict_keys(['cnt_to_db']) retrieved from /home/haboubi/Desktop/api/API_weather/dags/__pycache__/dag_connect_db.py
[2023-07-08T09:10:43.755+0100] {logging_mixin.py:149} INFO - [2023-07-08T09:10:43.755+0100] {dag.py:2726} INFO - Sync 1 DAGs
[2023-07-08T09:10:43.781+0100] {logging_mixin.py:149} INFO - [2023-07-08T09:10:43.781+0100] {dag.py:3486} INFO - Setting next_dagrun for cnt_to_db to 2023-06-30T00:00:00+00:00, run_after=2023-07-01T00:00:00+00:00
[2023-07-08T09:10:43.804+0100] {processor.py:179} INFO - Processing /home/haboubi/Desktop/api/API_weather/dags/__pycache__/dag_connect_db.py took 0.102 seconds
[2023-07-08T09:11:14.624+0100] {processor.py:157} INFO - Started process (PID=11621) to work on /home/haboubi/Desktop/api/API_weather/dags/__pycache__/dag_connect_db.py
[2023-07-08T09:11:14.625+0100] {processor.py:826} INFO - Processing file /home/haboubi/Desktop/api/API_weather/dags/__pycache__/dag_connect_db.py for tasks to queue
[2023-07-08T09:11:14.626+0100] {logging_mixin.py:149} INFO - [2023-07-08T09:11:14.625+0100] {dagbag.py:541} INFO - Filling up the DagBag from /home/haboubi/Desktop/api/API_weather/dags/__pycache__/dag_connect_db.py
[2023-07-08T09:11:14.637+0100] {processor.py:836} INFO - DAG(s) dict_keys(['cnt_to_db']) retrieved from /home/haboubi/Desktop/api/API_weather/dags/__pycache__/dag_connect_db.py
[2023-07-08T09:11:14.672+0100] {logging_mixin.py:149} INFO - [2023-07-08T09:11:14.672+0100] {dag.py:2726} INFO - Sync 1 DAGs
[2023-07-08T09:11:14.694+0100] {logging_mixin.py:149} INFO - [2023-07-08T09:11:14.694+0100] {dag.py:3486} INFO - Setting next_dagrun for cnt_to_db to 2023-06-30T00:00:00+00:00, run_after=2023-07-01T00:00:00+00:00
[2023-07-08T09:11:14.710+0100] {processor.py:179} INFO - Processing /home/haboubi/Desktop/api/API_weather/dags/__pycache__/dag_connect_db.py took 0.092 seconds
[2023-07-08T09:11:45.402+0100] {processor.py:157} INFO - Started process (PID=11658) to work on /home/haboubi/Desktop/api/API_weather/dags/__pycache__/dag_connect_db.py
[2023-07-08T09:11:45.404+0100] {processor.py:826} INFO - Processing file /home/haboubi/Desktop/api/API_weather/dags/__pycache__/dag_connect_db.py for tasks to queue
[2023-07-08T09:11:45.405+0100] {logging_mixin.py:149} INFO - [2023-07-08T09:11:45.405+0100] {dagbag.py:541} INFO - Filling up the DagBag from /home/haboubi/Desktop/api/API_weather/dags/__pycache__/dag_connect_db.py
[2023-07-08T09:11:45.419+0100] {processor.py:836} INFO - DAG(s) dict_keys(['cnt_to_db']) retrieved from /home/haboubi/Desktop/api/API_weather/dags/__pycache__/dag_connect_db.py
[2023-07-08T09:11:45.459+0100] {logging_mixin.py:149} INFO - [2023-07-08T09:11:45.459+0100] {dag.py:2726} INFO - Sync 1 DAGs
[2023-07-08T09:11:45.481+0100] {logging_mixin.py:149} INFO - [2023-07-08T09:11:45.481+0100] {dag.py:3486} INFO - Setting next_dagrun for cnt_to_db to 2023-06-30T00:00:00+00:00, run_after=2023-07-01T00:00:00+00:00
[2023-07-08T09:11:45.502+0100] {processor.py:179} INFO - Processing /home/haboubi/Desktop/api/API_weather/dags/__pycache__/dag_connect_db.py took 0.105 seconds
[2023-07-08T09:12:16.189+0100] {processor.py:157} INFO - Started process (PID=11712) to work on /home/haboubi/Desktop/api/API_weather/dags/__pycache__/dag_connect_db.py
[2023-07-08T09:12:16.190+0100] {processor.py:826} INFO - Processing file /home/haboubi/Desktop/api/API_weather/dags/__pycache__/dag_connect_db.py for tasks to queue
[2023-07-08T09:12:16.191+0100] {logging_mixin.py:149} INFO - [2023-07-08T09:12:16.191+0100] {dagbag.py:541} INFO - Filling up the DagBag from /home/haboubi/Desktop/api/API_weather/dags/__pycache__/dag_connect_db.py
[2023-07-08T09:12:16.206+0100] {processor.py:836} INFO - DAG(s) dict_keys(['cnt_to_db']) retrieved from /home/haboubi/Desktop/api/API_weather/dags/__pycache__/dag_connect_db.py
[2023-07-08T09:12:16.244+0100] {logging_mixin.py:149} INFO - [2023-07-08T09:12:16.244+0100] {dag.py:2726} INFO - Sync 1 DAGs
[2023-07-08T09:12:16.269+0100] {logging_mixin.py:149} INFO - [2023-07-08T09:12:16.269+0100] {dag.py:3486} INFO - Setting next_dagrun for cnt_to_db to 2023-06-30T00:00:00+00:00, run_after=2023-07-01T00:00:00+00:00
[2023-07-08T09:12:16.285+0100] {processor.py:179} INFO - Processing /home/haboubi/Desktop/api/API_weather/dags/__pycache__/dag_connect_db.py took 0.099 seconds
[2023-07-08T09:12:46.976+0100] {processor.py:157} INFO - Started process (PID=11745) to work on /home/haboubi/Desktop/api/API_weather/dags/__pycache__/dag_connect_db.py
[2023-07-08T09:12:46.977+0100] {processor.py:826} INFO - Processing file /home/haboubi/Desktop/api/API_weather/dags/__pycache__/dag_connect_db.py for tasks to queue
[2023-07-08T09:12:46.978+0100] {logging_mixin.py:149} INFO - [2023-07-08T09:12:46.977+0100] {dagbag.py:541} INFO - Filling up the DagBag from /home/haboubi/Desktop/api/API_weather/dags/__pycache__/dag_connect_db.py
[2023-07-08T09:12:46.993+0100] {processor.py:836} INFO - DAG(s) dict_keys(['cnt_to_db']) retrieved from /home/haboubi/Desktop/api/API_weather/dags/__pycache__/dag_connect_db.py
[2023-07-08T09:12:47.037+0100] {logging_mixin.py:149} INFO - [2023-07-08T09:12:47.037+0100] {dag.py:2726} INFO - Sync 1 DAGs
[2023-07-08T09:12:47.060+0100] {logging_mixin.py:149} INFO - [2023-07-08T09:12:47.060+0100] {dag.py:3486} INFO - Setting next_dagrun for cnt_to_db to 2023-06-30T00:00:00+00:00, run_after=2023-07-01T00:00:00+00:00
[2023-07-08T09:12:47.078+0100] {processor.py:179} INFO - Processing /home/haboubi/Desktop/api/API_weather/dags/__pycache__/dag_connect_db.py took 0.106 seconds
[2023-07-08T09:13:17.830+0100] {processor.py:157} INFO - Started process (PID=11775) to work on /home/haboubi/Desktop/api/API_weather/dags/__pycache__/dag_connect_db.py
[2023-07-08T09:13:17.831+0100] {processor.py:826} INFO - Processing file /home/haboubi/Desktop/api/API_weather/dags/__pycache__/dag_connect_db.py for tasks to queue
[2023-07-08T09:13:17.832+0100] {logging_mixin.py:149} INFO - [2023-07-08T09:13:17.831+0100] {dagbag.py:541} INFO - Filling up the DagBag from /home/haboubi/Desktop/api/API_weather/dags/__pycache__/dag_connect_db.py
[2023-07-08T09:13:17.842+0100] {processor.py:836} INFO - DAG(s) dict_keys(['cnt_to_db']) retrieved from /home/haboubi/Desktop/api/API_weather/dags/__pycache__/dag_connect_db.py
[2023-07-08T09:13:17.879+0100] {logging_mixin.py:149} INFO - [2023-07-08T09:13:17.878+0100] {dag.py:2726} INFO - Sync 1 DAGs
[2023-07-08T09:13:17.904+0100] {logging_mixin.py:149} INFO - [2023-07-08T09:13:17.904+0100] {dag.py:3486} INFO - Setting next_dagrun for cnt_to_db to 2023-06-30T00:00:00+00:00, run_after=2023-07-01T00:00:00+00:00
[2023-07-08T09:13:17.923+0100] {processor.py:179} INFO - Processing /home/haboubi/Desktop/api/API_weather/dags/__pycache__/dag_connect_db.py took 0.097 seconds
[2023-07-08T09:13:48.678+0100] {processor.py:157} INFO - Started process (PID=11860) to work on /home/haboubi/Desktop/api/API_weather/dags/__pycache__/dag_connect_db.py
[2023-07-08T09:13:48.680+0100] {processor.py:826} INFO - Processing file /home/haboubi/Desktop/api/API_weather/dags/__pycache__/dag_connect_db.py for tasks to queue
[2023-07-08T09:13:48.682+0100] {logging_mixin.py:149} INFO - [2023-07-08T09:13:48.681+0100] {dagbag.py:541} INFO - Filling up the DagBag from /home/haboubi/Desktop/api/API_weather/dags/__pycache__/dag_connect_db.py
[2023-07-08T09:13:48.694+0100] {processor.py:836} INFO - DAG(s) dict_keys(['cnt_to_db']) retrieved from /home/haboubi/Desktop/api/API_weather/dags/__pycache__/dag_connect_db.py
[2023-07-08T09:13:48.736+0100] {logging_mixin.py:149} INFO - [2023-07-08T09:13:48.735+0100] {dag.py:2726} INFO - Sync 1 DAGs
[2023-07-08T09:13:48.763+0100] {logging_mixin.py:149} INFO - [2023-07-08T09:13:48.763+0100] {dag.py:3486} INFO - Setting next_dagrun for cnt_to_db to 2023-06-30T00:00:00+00:00, run_after=2023-07-01T00:00:00+00:00
[2023-07-08T09:13:48.787+0100] {processor.py:179} INFO - Processing /home/haboubi/Desktop/api/API_weather/dags/__pycache__/dag_connect_db.py took 0.116 seconds
[2023-07-08T09:14:19.465+0100] {processor.py:157} INFO - Started process (PID=12183) to work on /home/haboubi/Desktop/api/API_weather/dags/__pycache__/dag_connect_db.py
[2023-07-08T09:14:19.466+0100] {processor.py:826} INFO - Processing file /home/haboubi/Desktop/api/API_weather/dags/__pycache__/dag_connect_db.py for tasks to queue
[2023-07-08T09:14:19.467+0100] {logging_mixin.py:149} INFO - [2023-07-08T09:14:19.467+0100] {dagbag.py:541} INFO - Filling up the DagBag from /home/haboubi/Desktop/api/API_weather/dags/__pycache__/dag_connect_db.py
[2023-07-08T09:14:19.481+0100] {processor.py:836} INFO - DAG(s) dict_keys(['cnt_to_db']) retrieved from /home/haboubi/Desktop/api/API_weather/dags/__pycache__/dag_connect_db.py
[2023-07-08T09:14:19.518+0100] {logging_mixin.py:149} INFO - [2023-07-08T09:14:19.517+0100] {dag.py:2726} INFO - Sync 1 DAGs
[2023-07-08T09:14:19.541+0100] {logging_mixin.py:149} INFO - [2023-07-08T09:14:19.541+0100] {dag.py:3486} INFO - Setting next_dagrun for cnt_to_db to 2023-06-30T00:00:00+00:00, run_after=2023-07-01T00:00:00+00:00
[2023-07-08T09:14:19.562+0100] {processor.py:179} INFO - Processing /home/haboubi/Desktop/api/API_weather/dags/__pycache__/dag_connect_db.py took 0.102 seconds
[2023-07-08T09:14:50.470+0100] {processor.py:157} INFO - Started process (PID=12630) to work on /home/haboubi/Desktop/api/API_weather/dags/__pycache__/dag_connect_db.py
[2023-07-08T09:14:50.479+0100] {processor.py:826} INFO - Processing file /home/haboubi/Desktop/api/API_weather/dags/__pycache__/dag_connect_db.py for tasks to queue
[2023-07-08T09:14:50.480+0100] {logging_mixin.py:149} INFO - [2023-07-08T09:14:50.479+0100] {dagbag.py:541} INFO - Filling up the DagBag from /home/haboubi/Desktop/api/API_weather/dags/__pycache__/dag_connect_db.py
[2023-07-08T09:14:50.500+0100] {processor.py:836} INFO - DAG(s) dict_keys(['cnt_to_db']) retrieved from /home/haboubi/Desktop/api/API_weather/dags/__pycache__/dag_connect_db.py
[2023-07-08T09:14:50.589+0100] {logging_mixin.py:149} INFO - [2023-07-08T09:14:50.588+0100] {dag.py:2726} INFO - Sync 1 DAGs
[2023-07-08T09:14:50.631+0100] {logging_mixin.py:149} INFO - [2023-07-08T09:14:50.631+0100] {dag.py:3486} INFO - Setting next_dagrun for cnt_to_db to 2023-06-30T00:00:00+00:00, run_after=2023-07-01T00:00:00+00:00
[2023-07-08T09:14:50.669+0100] {processor.py:179} INFO - Processing /home/haboubi/Desktop/api/API_weather/dags/__pycache__/dag_connect_db.py took 0.204 seconds
[2023-07-08T09:15:21.512+0100] {processor.py:157} INFO - Started process (PID=13111) to work on /home/haboubi/Desktop/api/API_weather/dags/__pycache__/dag_connect_db.py
[2023-07-08T09:15:21.523+0100] {processor.py:826} INFO - Processing file /home/haboubi/Desktop/api/API_weather/dags/__pycache__/dag_connect_db.py for tasks to queue
[2023-07-08T09:15:21.524+0100] {logging_mixin.py:149} INFO - [2023-07-08T09:15:21.524+0100] {dagbag.py:541} INFO - Filling up the DagBag from /home/haboubi/Desktop/api/API_weather/dags/__pycache__/dag_connect_db.py
[2023-07-08T09:15:21.533+0100] {processor.py:836} INFO - DAG(s) dict_keys(['cnt_to_db']) retrieved from /home/haboubi/Desktop/api/API_weather/dags/__pycache__/dag_connect_db.py
[2023-07-08T09:15:21.577+0100] {logging_mixin.py:149} INFO - [2023-07-08T09:15:21.577+0100] {dag.py:2726} INFO - Sync 1 DAGs
[2023-07-08T09:15:21.604+0100] {logging_mixin.py:149} INFO - [2023-07-08T09:15:21.603+0100] {dag.py:3486} INFO - Setting next_dagrun for cnt_to_db to 2023-06-30T00:00:00+00:00, run_after=2023-07-01T00:00:00+00:00
[2023-07-08T09:15:21.643+0100] {processor.py:179} INFO - Processing /home/haboubi/Desktop/api/API_weather/dags/__pycache__/dag_connect_db.py took 0.136 seconds
[2023-07-08T09:15:52.901+0100] {processor.py:157} INFO - Started process (PID=13809) to work on /home/haboubi/Desktop/api/API_weather/dags/__pycache__/dag_connect_db.py
[2023-07-08T09:15:52.902+0100] {processor.py:826} INFO - Processing file /home/haboubi/Desktop/api/API_weather/dags/__pycache__/dag_connect_db.py for tasks to queue
[2023-07-08T09:15:52.903+0100] {logging_mixin.py:149} INFO - [2023-07-08T09:15:52.903+0100] {dagbag.py:541} INFO - Filling up the DagBag from /home/haboubi/Desktop/api/API_weather/dags/__pycache__/dag_connect_db.py
[2023-07-08T09:15:52.932+0100] {processor.py:836} INFO - DAG(s) dict_keys(['cnt_to_db']) retrieved from /home/haboubi/Desktop/api/API_weather/dags/__pycache__/dag_connect_db.py
[2023-07-08T09:15:53.022+0100] {logging_mixin.py:149} INFO - [2023-07-08T09:15:53.022+0100] {dag.py:2726} INFO - Sync 1 DAGs
[2023-07-08T09:15:53.081+0100] {logging_mixin.py:149} INFO - [2023-07-08T09:15:53.081+0100] {dag.py:3486} INFO - Setting next_dagrun for cnt_to_db to 2023-06-30T00:00:00+00:00, run_after=2023-07-01T00:00:00+00:00
[2023-07-08T09:15:53.133+0100] {processor.py:179} INFO - Processing /home/haboubi/Desktop/api/API_weather/dags/__pycache__/dag_connect_db.py took 0.245 seconds
[2023-07-08T09:16:24.067+0100] {processor.py:157} INFO - Started process (PID=14096) to work on /home/haboubi/Desktop/api/API_weather/dags/__pycache__/dag_connect_db.py
[2023-07-08T09:16:24.089+0100] {processor.py:826} INFO - Processing file /home/haboubi/Desktop/api/API_weather/dags/__pycache__/dag_connect_db.py for tasks to queue
[2023-07-08T09:16:24.090+0100] {logging_mixin.py:149} INFO - [2023-07-08T09:16:24.090+0100] {dagbag.py:541} INFO - Filling up the DagBag from /home/haboubi/Desktop/api/API_weather/dags/__pycache__/dag_connect_db.py
[2023-07-08T09:16:24.105+0100] {processor.py:836} INFO - DAG(s) dict_keys(['cnt_to_db']) retrieved from /home/haboubi/Desktop/api/API_weather/dags/__pycache__/dag_connect_db.py
[2023-07-08T09:16:24.156+0100] {logging_mixin.py:149} INFO - [2023-07-08T09:16:24.155+0100] {dag.py:2726} INFO - Sync 1 DAGs
[2023-07-08T09:16:24.191+0100] {logging_mixin.py:149} INFO - [2023-07-08T09:16:24.191+0100] {dag.py:3486} INFO - Setting next_dagrun for cnt_to_db to 2023-06-30T00:00:00+00:00, run_after=2023-07-01T00:00:00+00:00
[2023-07-08T09:16:24.271+0100] {processor.py:179} INFO - Processing /home/haboubi/Desktop/api/API_weather/dags/__pycache__/dag_connect_db.py took 0.211 seconds
[2023-07-08T09:16:55.501+0100] {processor.py:157} INFO - Started process (PID=14610) to work on /home/haboubi/Desktop/api/API_weather/dags/__pycache__/dag_connect_db.py
[2023-07-08T09:16:55.501+0100] {processor.py:826} INFO - Processing file /home/haboubi/Desktop/api/API_weather/dags/__pycache__/dag_connect_db.py for tasks to queue
[2023-07-08T09:16:55.502+0100] {logging_mixin.py:149} INFO - [2023-07-08T09:16:55.502+0100] {dagbag.py:541} INFO - Filling up the DagBag from /home/haboubi/Desktop/api/API_weather/dags/__pycache__/dag_connect_db.py
[2023-07-08T09:16:55.516+0100] {processor.py:836} INFO - DAG(s) dict_keys(['cnt_to_db']) retrieved from /home/haboubi/Desktop/api/API_weather/dags/__pycache__/dag_connect_db.py
[2023-07-08T09:16:55.561+0100] {logging_mixin.py:149} INFO - [2023-07-08T09:16:55.560+0100] {dag.py:2726} INFO - Sync 1 DAGs
[2023-07-08T09:16:55.581+0100] {logging_mixin.py:149} INFO - [2023-07-08T09:16:55.581+0100] {dag.py:3486} INFO - Setting next_dagrun for cnt_to_db to 2023-06-30T00:00:00+00:00, run_after=2023-07-01T00:00:00+00:00
[2023-07-08T09:16:55.642+0100] {processor.py:179} INFO - Processing /home/haboubi/Desktop/api/API_weather/dags/__pycache__/dag_connect_db.py took 0.146 seconds
[2023-07-08T09:17:26.317+0100] {processor.py:157} INFO - Started process (PID=14811) to work on /home/haboubi/Desktop/api/API_weather/dags/__pycache__/dag_connect_db.py
[2023-07-08T09:17:26.318+0100] {processor.py:826} INFO - Processing file /home/haboubi/Desktop/api/API_weather/dags/__pycache__/dag_connect_db.py for tasks to queue
[2023-07-08T09:17:26.319+0100] {logging_mixin.py:149} INFO - [2023-07-08T09:17:26.319+0100] {dagbag.py:541} INFO - Filling up the DagBag from /home/haboubi/Desktop/api/API_weather/dags/__pycache__/dag_connect_db.py
[2023-07-08T09:17:26.333+0100] {processor.py:836} INFO - DAG(s) dict_keys(['cnt_to_db']) retrieved from /home/haboubi/Desktop/api/API_weather/dags/__pycache__/dag_connect_db.py
[2023-07-08T09:17:26.370+0100] {logging_mixin.py:149} INFO - [2023-07-08T09:17:26.370+0100] {dag.py:2726} INFO - Sync 1 DAGs
[2023-07-08T09:17:26.394+0100] {logging_mixin.py:149} INFO - [2023-07-08T09:17:26.394+0100] {dag.py:3486} INFO - Setting next_dagrun for cnt_to_db to 2023-06-30T00:00:00+00:00, run_after=2023-07-01T00:00:00+00:00
[2023-07-08T09:17:26.460+0100] {processor.py:179} INFO - Processing /home/haboubi/Desktop/api/API_weather/dags/__pycache__/dag_connect_db.py took 0.147 seconds
[2023-07-08T09:17:57.507+0100] {processor.py:157} INFO - Started process (PID=15073) to work on /home/haboubi/Desktop/api/API_weather/dags/__pycache__/dag_connect_db.py
[2023-07-08T09:17:57.511+0100] {processor.py:826} INFO - Processing file /home/haboubi/Desktop/api/API_weather/dags/__pycache__/dag_connect_db.py for tasks to queue
[2023-07-08T09:17:57.513+0100] {logging_mixin.py:149} INFO - [2023-07-08T09:17:57.512+0100] {dagbag.py:541} INFO - Filling up the DagBag from /home/haboubi/Desktop/api/API_weather/dags/__pycache__/dag_connect_db.py
[2023-07-08T09:17:57.531+0100] {processor.py:836} INFO - DAG(s) dict_keys(['cnt_to_db']) retrieved from /home/haboubi/Desktop/api/API_weather/dags/__pycache__/dag_connect_db.py
[2023-07-08T09:17:57.950+0100] {logging_mixin.py:149} INFO - [2023-07-08T09:17:57.950+0100] {dag.py:2726} INFO - Sync 1 DAGs
[2023-07-08T09:17:57.965+0100] {logging_mixin.py:149} INFO - [2023-07-08T09:17:57.965+0100] {dag.py:2747} INFO - Creating ORM DAG for cnt_to_db
[2023-07-08T09:17:57.981+0100] {logging_mixin.py:149} INFO - [2023-07-08T09:17:57.981+0100] {dag.py:3486} INFO - Setting next_dagrun for cnt_to_db to 2023-06-30T00:00:00+00:00, run_after=2023-07-01T00:00:00+00:00
[2023-07-08T09:17:58.018+0100] {processor.py:179} INFO - Processing /home/haboubi/Desktop/api/API_weather/dags/__pycache__/dag_connect_db.py took 0.516 seconds
[2023-07-08T09:18:28.187+0100] {processor.py:157} INFO - Started process (PID=15220) to work on /home/haboubi/Desktop/api/API_weather/dags/__pycache__/dag_connect_db.py
[2023-07-08T09:18:28.188+0100] {processor.py:826} INFO - Processing file /home/haboubi/Desktop/api/API_weather/dags/__pycache__/dag_connect_db.py for tasks to queue
[2023-07-08T09:18:28.189+0100] {logging_mixin.py:149} INFO - [2023-07-08T09:18:28.189+0100] {dagbag.py:541} INFO - Filling up the DagBag from /home/haboubi/Desktop/api/API_weather/dags/__pycache__/dag_connect_db.py
[2023-07-08T09:18:28.201+0100] {processor.py:836} INFO - DAG(s) dict_keys(['cnt_to_db']) retrieved from /home/haboubi/Desktop/api/API_weather/dags/__pycache__/dag_connect_db.py
[2023-07-08T09:18:28.234+0100] {logging_mixin.py:149} INFO - [2023-07-08T09:18:28.233+0100] {dag.py:2726} INFO - Sync 1 DAGs
[2023-07-08T09:18:28.262+0100] {logging_mixin.py:149} INFO - [2023-07-08T09:18:28.262+0100] {dag.py:3486} INFO - Setting next_dagrun for cnt_to_db to 2023-06-30T00:00:00+00:00, run_after=2023-07-01T00:00:00+00:00
[2023-07-08T09:18:28.326+0100] {processor.py:179} INFO - Processing /home/haboubi/Desktop/api/API_weather/dags/__pycache__/dag_connect_db.py took 0.142 seconds
[2023-07-08T09:18:59.483+0100] {processor.py:157} INFO - Started process (PID=15299) to work on /home/haboubi/Desktop/api/API_weather/dags/__pycache__/dag_connect_db.py
[2023-07-08T09:18:59.485+0100] {processor.py:826} INFO - Processing file /home/haboubi/Desktop/api/API_weather/dags/__pycache__/dag_connect_db.py for tasks to queue
[2023-07-08T09:18:59.486+0100] {logging_mixin.py:149} INFO - [2023-07-08T09:18:59.486+0100] {dagbag.py:541} INFO - Filling up the DagBag from /home/haboubi/Desktop/api/API_weather/dags/__pycache__/dag_connect_db.py
[2023-07-08T09:18:59.504+0100] {processor.py:836} INFO - DAG(s) dict_keys(['cnt_to_db']) retrieved from /home/haboubi/Desktop/api/API_weather/dags/__pycache__/dag_connect_db.py
[2023-07-08T09:18:59.567+0100] {logging_mixin.py:149} INFO - [2023-07-08T09:18:59.567+0100] {dag.py:2726} INFO - Sync 1 DAGs
[2023-07-08T09:18:59.613+0100] {logging_mixin.py:149} INFO - [2023-07-08T09:18:59.612+0100] {dag.py:3486} INFO - Setting next_dagrun for cnt_to_db to 2023-06-30T00:00:00+00:00, run_after=2023-07-01T00:00:00+00:00
[2023-07-08T09:18:59.651+0100] {processor.py:179} INFO - Processing /home/haboubi/Desktop/api/API_weather/dags/__pycache__/dag_connect_db.py took 0.174 seconds
[2023-07-08T09:19:30.375+0100] {processor.py:157} INFO - Started process (PID=15479) to work on /home/haboubi/Desktop/api/API_weather/dags/__pycache__/dag_connect_db.py
[2023-07-08T09:19:30.376+0100] {processor.py:826} INFO - Processing file /home/haboubi/Desktop/api/API_weather/dags/__pycache__/dag_connect_db.py for tasks to queue
[2023-07-08T09:19:30.377+0100] {logging_mixin.py:149} INFO - [2023-07-08T09:19:30.377+0100] {dagbag.py:541} INFO - Filling up the DagBag from /home/haboubi/Desktop/api/API_weather/dags/__pycache__/dag_connect_db.py
[2023-07-08T09:19:30.389+0100] {processor.py:836} INFO - DAG(s) dict_keys(['cnt_to_db']) retrieved from /home/haboubi/Desktop/api/API_weather/dags/__pycache__/dag_connect_db.py
[2023-07-08T09:19:30.428+0100] {logging_mixin.py:149} INFO - [2023-07-08T09:19:30.428+0100] {dag.py:2726} INFO - Sync 1 DAGs
[2023-07-08T09:19:30.456+0100] {logging_mixin.py:149} INFO - [2023-07-08T09:19:30.456+0100] {dag.py:3486} INFO - Setting next_dagrun for cnt_to_db to 2023-06-30T00:00:00+00:00, run_after=2023-07-01T00:00:00+00:00
[2023-07-08T09:19:30.477+0100] {processor.py:179} INFO - Processing /home/haboubi/Desktop/api/API_weather/dags/__pycache__/dag_connect_db.py took 0.105 seconds
[2023-07-08T09:20:01.282+0100] {processor.py:157} INFO - Started process (PID=15536) to work on /home/haboubi/Desktop/api/API_weather/dags/__pycache__/dag_connect_db.py
[2023-07-08T09:20:01.284+0100] {processor.py:826} INFO - Processing file /home/haboubi/Desktop/api/API_weather/dags/__pycache__/dag_connect_db.py for tasks to queue
[2023-07-08T09:20:01.285+0100] {logging_mixin.py:149} INFO - [2023-07-08T09:20:01.285+0100] {dagbag.py:541} INFO - Filling up the DagBag from /home/haboubi/Desktop/api/API_weather/dags/__pycache__/dag_connect_db.py
[2023-07-08T09:20:01.298+0100] {processor.py:836} INFO - DAG(s) dict_keys(['cnt_to_db']) retrieved from /home/haboubi/Desktop/api/API_weather/dags/__pycache__/dag_connect_db.py
[2023-07-08T09:20:01.352+0100] {logging_mixin.py:149} INFO - [2023-07-08T09:20:01.352+0100] {dag.py:2726} INFO - Sync 1 DAGs
[2023-07-08T09:20:01.388+0100] {logging_mixin.py:149} INFO - [2023-07-08T09:20:01.388+0100] {dag.py:3486} INFO - Setting next_dagrun for cnt_to_db to 2023-06-30T00:00:00+00:00, run_after=2023-07-01T00:00:00+00:00
[2023-07-08T09:20:01.419+0100] {processor.py:179} INFO - Processing /home/haboubi/Desktop/api/API_weather/dags/__pycache__/dag_connect_db.py took 0.141 seconds
[2023-07-08T09:20:32.148+0100] {processor.py:157} INFO - Started process (PID=15808) to work on /home/haboubi/Desktop/api/API_weather/dags/__pycache__/dag_connect_db.py
[2023-07-08T09:20:32.149+0100] {processor.py:826} INFO - Processing file /home/haboubi/Desktop/api/API_weather/dags/__pycache__/dag_connect_db.py for tasks to queue
[2023-07-08T09:20:32.150+0100] {logging_mixin.py:149} INFO - [2023-07-08T09:20:32.150+0100] {dagbag.py:541} INFO - Filling up the DagBag from /home/haboubi/Desktop/api/API_weather/dags/__pycache__/dag_connect_db.py
[2023-07-08T09:20:32.164+0100] {processor.py:836} INFO - DAG(s) dict_keys(['cnt_to_db']) retrieved from /home/haboubi/Desktop/api/API_weather/dags/__pycache__/dag_connect_db.py
[2023-07-08T09:20:32.202+0100] {logging_mixin.py:149} INFO - [2023-07-08T09:20:32.202+0100] {dag.py:2726} INFO - Sync 1 DAGs
[2023-07-08T09:20:32.237+0100] {logging_mixin.py:149} INFO - [2023-07-08T09:20:32.237+0100] {dag.py:3486} INFO - Setting next_dagrun for cnt_to_db to 2023-06-30T00:00:00+00:00, run_after=2023-07-01T00:00:00+00:00
[2023-07-08T09:20:32.257+0100] {processor.py:179} INFO - Processing /home/haboubi/Desktop/api/API_weather/dags/__pycache__/dag_connect_db.py took 0.114 seconds
[2023-07-08T09:21:02.894+0100] {processor.py:157} INFO - Started process (PID=15844) to work on /home/haboubi/Desktop/api/API_weather/dags/__pycache__/dag_connect_db.py
[2023-07-08T09:21:02.896+0100] {processor.py:826} INFO - Processing file /home/haboubi/Desktop/api/API_weather/dags/__pycache__/dag_connect_db.py for tasks to queue
[2023-07-08T09:21:02.897+0100] {logging_mixin.py:149} INFO - [2023-07-08T09:21:02.896+0100] {dagbag.py:541} INFO - Filling up the DagBag from /home/haboubi/Desktop/api/API_weather/dags/__pycache__/dag_connect_db.py
[2023-07-08T09:21:02.911+0100] {processor.py:836} INFO - DAG(s) dict_keys(['cnt_to_db']) retrieved from /home/haboubi/Desktop/api/API_weather/dags/__pycache__/dag_connect_db.py
[2023-07-08T09:21:02.947+0100] {logging_mixin.py:149} INFO - [2023-07-08T09:21:02.947+0100] {dag.py:2726} INFO - Sync 1 DAGs
[2023-07-08T09:21:02.969+0100] {logging_mixin.py:149} INFO - [2023-07-08T09:21:02.969+0100] {dag.py:3486} INFO - Setting next_dagrun for cnt_to_db to 2023-06-30T00:00:00+00:00, run_after=2023-07-01T00:00:00+00:00
[2023-07-08T09:21:02.988+0100] {processor.py:179} INFO - Processing /home/haboubi/Desktop/api/API_weather/dags/__pycache__/dag_connect_db.py took 0.098 seconds
[2023-07-08T09:21:34.007+0100] {processor.py:157} INFO - Started process (PID=15933) to work on /home/haboubi/Desktop/api/API_weather/dags/__pycache__/dag_connect_db.py
[2023-07-08T09:21:34.012+0100] {processor.py:826} INFO - Processing file /home/haboubi/Desktop/api/API_weather/dags/__pycache__/dag_connect_db.py for tasks to queue
[2023-07-08T09:21:34.013+0100] {logging_mixin.py:149} INFO - [2023-07-08T09:21:34.013+0100] {dagbag.py:541} INFO - Filling up the DagBag from /home/haboubi/Desktop/api/API_weather/dags/__pycache__/dag_connect_db.py
[2023-07-08T09:21:34.041+0100] {processor.py:836} INFO - DAG(s) dict_keys(['cnt_to_db']) retrieved from /home/haboubi/Desktop/api/API_weather/dags/__pycache__/dag_connect_db.py
[2023-07-08T09:21:34.130+0100] {logging_mixin.py:149} INFO - [2023-07-08T09:21:34.130+0100] {dag.py:2726} INFO - Sync 1 DAGs
[2023-07-08T09:21:34.181+0100] {logging_mixin.py:149} INFO - [2023-07-08T09:21:34.181+0100] {dag.py:3486} INFO - Setting next_dagrun for cnt_to_db to 2023-06-30T00:00:00+00:00, run_after=2023-07-01T00:00:00+00:00
[2023-07-08T09:21:34.216+0100] {processor.py:179} INFO - Processing /home/haboubi/Desktop/api/API_weather/dags/__pycache__/dag_connect_db.py took 0.217 seconds
[2023-07-08T09:22:04.919+0100] {processor.py:157} INFO - Started process (PID=15978) to work on /home/haboubi/Desktop/api/API_weather/dags/__pycache__/dag_connect_db.py
[2023-07-08T09:22:04.920+0100] {processor.py:826} INFO - Processing file /home/haboubi/Desktop/api/API_weather/dags/__pycache__/dag_connect_db.py for tasks to queue
[2023-07-08T09:22:04.921+0100] {logging_mixin.py:149} INFO - [2023-07-08T09:22:04.920+0100] {dagbag.py:541} INFO - Filling up the DagBag from /home/haboubi/Desktop/api/API_weather/dags/__pycache__/dag_connect_db.py
[2023-07-08T09:22:04.931+0100] {processor.py:836} INFO - DAG(s) dict_keys(['cnt_to_db']) retrieved from /home/haboubi/Desktop/api/API_weather/dags/__pycache__/dag_connect_db.py
[2023-07-08T09:22:04.966+0100] {logging_mixin.py:149} INFO - [2023-07-08T09:22:04.966+0100] {dag.py:2726} INFO - Sync 1 DAGs
[2023-07-08T09:22:04.988+0100] {logging_mixin.py:149} INFO - [2023-07-08T09:22:04.988+0100] {dag.py:3486} INFO - Setting next_dagrun for cnt_to_db to 2023-06-30T00:00:00+00:00, run_after=2023-07-01T00:00:00+00:00
[2023-07-08T09:22:05.010+0100] {processor.py:179} INFO - Processing /home/haboubi/Desktop/api/API_weather/dags/__pycache__/dag_connect_db.py took 0.096 seconds
[2023-07-08T09:22:35.711+0100] {processor.py:157} INFO - Started process (PID=16040) to work on /home/haboubi/Desktop/api/API_weather/dags/__pycache__/dag_connect_db.py
[2023-07-08T09:22:35.713+0100] {processor.py:826} INFO - Processing file /home/haboubi/Desktop/api/API_weather/dags/__pycache__/dag_connect_db.py for tasks to queue
[2023-07-08T09:22:35.718+0100] {logging_mixin.py:149} INFO - [2023-07-08T09:22:35.717+0100] {dagbag.py:541} INFO - Filling up the DagBag from /home/haboubi/Desktop/api/API_weather/dags/__pycache__/dag_connect_db.py
[2023-07-08T09:22:35.733+0100] {processor.py:836} INFO - DAG(s) dict_keys(['cnt_to_db']) retrieved from /home/haboubi/Desktop/api/API_weather/dags/__pycache__/dag_connect_db.py
[2023-07-08T09:22:35.772+0100] {logging_mixin.py:149} INFO - [2023-07-08T09:22:35.772+0100] {dag.py:2726} INFO - Sync 1 DAGs
[2023-07-08T09:22:35.803+0100] {logging_mixin.py:149} INFO - [2023-07-08T09:22:35.803+0100] {dag.py:3486} INFO - Setting next_dagrun for cnt_to_db to 2023-06-30T00:00:00+00:00, run_after=2023-07-01T00:00:00+00:00
[2023-07-08T09:22:35.821+0100] {processor.py:179} INFO - Processing /home/haboubi/Desktop/api/API_weather/dags/__pycache__/dag_connect_db.py took 0.115 seconds
[2023-07-08T09:23:06.700+0100] {processor.py:157} INFO - Started process (PID=16091) to work on /home/haboubi/Desktop/api/API_weather/dags/__pycache__/dag_connect_db.py
[2023-07-08T09:23:06.705+0100] {processor.py:826} INFO - Processing file /home/haboubi/Desktop/api/API_weather/dags/__pycache__/dag_connect_db.py for tasks to queue
[2023-07-08T09:23:06.706+0100] {logging_mixin.py:149} INFO - [2023-07-08T09:23:06.706+0100] {dagbag.py:541} INFO - Filling up the DagBag from /home/haboubi/Desktop/api/API_weather/dags/__pycache__/dag_connect_db.py
[2023-07-08T09:23:06.722+0100] {processor.py:836} INFO - DAG(s) dict_keys(['cnt_to_db']) retrieved from /home/haboubi/Desktop/api/API_weather/dags/__pycache__/dag_connect_db.py
[2023-07-08T09:23:06.765+0100] {logging_mixin.py:149} INFO - [2023-07-08T09:23:06.765+0100] {dag.py:2726} INFO - Sync 1 DAGs
[2023-07-08T09:23:06.806+0100] {logging_mixin.py:149} INFO - [2023-07-08T09:23:06.805+0100] {dag.py:3486} INFO - Setting next_dagrun for cnt_to_db to 2023-06-30T00:00:00+00:00, run_after=2023-07-01T00:00:00+00:00
[2023-07-08T09:23:06.838+0100] {processor.py:179} INFO - Processing /home/haboubi/Desktop/api/API_weather/dags/__pycache__/dag_connect_db.py took 0.143 seconds
[2023-07-08T09:23:37.790+0100] {processor.py:157} INFO - Started process (PID=16194) to work on /home/haboubi/Desktop/api/API_weather/dags/__pycache__/dag_connect_db.py
[2023-07-08T09:23:37.793+0100] {processor.py:826} INFO - Processing file /home/haboubi/Desktop/api/API_weather/dags/__pycache__/dag_connect_db.py for tasks to queue
[2023-07-08T09:23:37.794+0100] {logging_mixin.py:149} INFO - [2023-07-08T09:23:37.794+0100] {dagbag.py:541} INFO - Filling up the DagBag from /home/haboubi/Desktop/api/API_weather/dags/__pycache__/dag_connect_db.py
[2023-07-08T09:23:37.818+0100] {processor.py:836} INFO - DAG(s) dict_keys(['cnt_to_db']) retrieved from /home/haboubi/Desktop/api/API_weather/dags/__pycache__/dag_connect_db.py
[2023-07-08T09:23:37.864+0100] {logging_mixin.py:149} INFO - [2023-07-08T09:23:37.864+0100] {dag.py:2726} INFO - Sync 1 DAGs
[2023-07-08T09:23:37.902+0100] {logging_mixin.py:149} INFO - [2023-07-08T09:23:37.902+0100] {dag.py:3486} INFO - Setting next_dagrun for cnt_to_db to 2023-06-30T00:00:00+00:00, run_after=2023-07-01T00:00:00+00:00
[2023-07-08T09:23:37.924+0100] {processor.py:179} INFO - Processing /home/haboubi/Desktop/api/API_weather/dags/__pycache__/dag_connect_db.py took 0.139 seconds
[2023-07-08T09:24:08.629+0100] {processor.py:157} INFO - Started process (PID=16254) to work on /home/haboubi/Desktop/api/API_weather/dags/__pycache__/dag_connect_db.py
[2023-07-08T09:24:08.630+0100] {processor.py:826} INFO - Processing file /home/haboubi/Desktop/api/API_weather/dags/__pycache__/dag_connect_db.py for tasks to queue
[2023-07-08T09:24:08.632+0100] {logging_mixin.py:149} INFO - [2023-07-08T09:24:08.632+0100] {dagbag.py:541} INFO - Filling up the DagBag from /home/haboubi/Desktop/api/API_weather/dags/__pycache__/dag_connect_db.py
[2023-07-08T09:24:08.646+0100] {processor.py:836} INFO - DAG(s) dict_keys(['cnt_to_db']) retrieved from /home/haboubi/Desktop/api/API_weather/dags/__pycache__/dag_connect_db.py
[2023-07-08T09:24:08.694+0100] {logging_mixin.py:149} INFO - [2023-07-08T09:24:08.694+0100] {dag.py:2726} INFO - Sync 1 DAGs
[2023-07-08T09:24:08.726+0100] {logging_mixin.py:149} INFO - [2023-07-08T09:24:08.726+0100] {dag.py:3486} INFO - Setting next_dagrun for cnt_to_db to 2023-06-30T00:00:00+00:00, run_after=2023-07-01T00:00:00+00:00
[2023-07-08T09:24:08.750+0100] {processor.py:179} INFO - Processing /home/haboubi/Desktop/api/API_weather/dags/__pycache__/dag_connect_db.py took 0.127 seconds
[2023-07-08T09:24:39.594+0100] {processor.py:157} INFO - Started process (PID=16287) to work on /home/haboubi/Desktop/api/API_weather/dags/__pycache__/dag_connect_db.py
[2023-07-08T09:24:39.596+0100] {processor.py:826} INFO - Processing file /home/haboubi/Desktop/api/API_weather/dags/__pycache__/dag_connect_db.py for tasks to queue
[2023-07-08T09:24:39.597+0100] {logging_mixin.py:149} INFO - [2023-07-08T09:24:39.596+0100] {dagbag.py:541} INFO - Filling up the DagBag from /home/haboubi/Desktop/api/API_weather/dags/__pycache__/dag_connect_db.py
[2023-07-08T09:24:39.611+0100] {processor.py:836} INFO - DAG(s) dict_keys(['cnt_to_db']) retrieved from /home/haboubi/Desktop/api/API_weather/dags/__pycache__/dag_connect_db.py
[2023-07-08T09:24:39.663+0100] {logging_mixin.py:149} INFO - [2023-07-08T09:24:39.663+0100] {dag.py:2726} INFO - Sync 1 DAGs
[2023-07-08T09:24:39.699+0100] {logging_mixin.py:149} INFO - [2023-07-08T09:24:39.699+0100] {dag.py:3486} INFO - Setting next_dagrun for cnt_to_db to 2023-06-30T00:00:00+00:00, run_after=2023-07-01T00:00:00+00:00
[2023-07-08T09:24:39.730+0100] {processor.py:179} INFO - Processing /home/haboubi/Desktop/api/API_weather/dags/__pycache__/dag_connect_db.py took 0.140 seconds
[2023-07-08T09:25:10.449+0100] {processor.py:157} INFO - Started process (PID=16324) to work on /home/haboubi/Desktop/api/API_weather/dags/__pycache__/dag_connect_db.py
[2023-07-08T09:25:10.451+0100] {processor.py:826} INFO - Processing file /home/haboubi/Desktop/api/API_weather/dags/__pycache__/dag_connect_db.py for tasks to queue
[2023-07-08T09:25:10.452+0100] {logging_mixin.py:149} INFO - [2023-07-08T09:25:10.451+0100] {dagbag.py:541} INFO - Filling up the DagBag from /home/haboubi/Desktop/api/API_weather/dags/__pycache__/dag_connect_db.py
[2023-07-08T09:25:10.468+0100] {processor.py:836} INFO - DAG(s) dict_keys(['cnt_to_db']) retrieved from /home/haboubi/Desktop/api/API_weather/dags/__pycache__/dag_connect_db.py
[2023-07-08T09:25:10.506+0100] {logging_mixin.py:149} INFO - [2023-07-08T09:25:10.506+0100] {dag.py:2726} INFO - Sync 1 DAGs
[2023-07-08T09:25:10.544+0100] {logging_mixin.py:149} INFO - [2023-07-08T09:25:10.544+0100] {dag.py:3486} INFO - Setting next_dagrun for cnt_to_db to 2023-06-30T00:00:00+00:00, run_after=2023-07-01T00:00:00+00:00
[2023-07-08T09:25:10.566+0100] {processor.py:179} INFO - Processing /home/haboubi/Desktop/api/API_weather/dags/__pycache__/dag_connect_db.py took 0.121 seconds
[2023-07-08T09:25:41.429+0100] {processor.py:157} INFO - Started process (PID=16354) to work on /home/haboubi/Desktop/api/API_weather/dags/__pycache__/dag_connect_db.py
[2023-07-08T09:25:41.430+0100] {processor.py:826} INFO - Processing file /home/haboubi/Desktop/api/API_weather/dags/__pycache__/dag_connect_db.py for tasks to queue
[2023-07-08T09:25:41.430+0100] {logging_mixin.py:149} INFO - [2023-07-08T09:25:41.430+0100] {dagbag.py:541} INFO - Filling up the DagBag from /home/haboubi/Desktop/api/API_weather/dags/__pycache__/dag_connect_db.py
[2023-07-08T09:25:41.447+0100] {processor.py:836} INFO - DAG(s) dict_keys(['cnt_to_db']) retrieved from /home/haboubi/Desktop/api/API_weather/dags/__pycache__/dag_connect_db.py
[2023-07-08T09:25:41.513+0100] {logging_mixin.py:149} INFO - [2023-07-08T09:25:41.512+0100] {dag.py:2726} INFO - Sync 1 DAGs
[2023-07-08T09:25:41.563+0100] {logging_mixin.py:149} INFO - [2023-07-08T09:25:41.563+0100] {dag.py:3486} INFO - Setting next_dagrun for cnt_to_db to 2023-06-30T00:00:00+00:00, run_after=2023-07-01T00:00:00+00:00
[2023-07-08T09:25:41.594+0100] {processor.py:179} INFO - Processing /home/haboubi/Desktop/api/API_weather/dags/__pycache__/dag_connect_db.py took 0.170 seconds
[2023-07-08T09:26:12.388+0100] {processor.py:157} INFO - Started process (PID=16383) to work on /home/haboubi/Desktop/api/API_weather/dags/__pycache__/dag_connect_db.py
[2023-07-08T09:26:12.389+0100] {processor.py:826} INFO - Processing file /home/haboubi/Desktop/api/API_weather/dags/__pycache__/dag_connect_db.py for tasks to queue
[2023-07-08T09:26:12.390+0100] {logging_mixin.py:149} INFO - [2023-07-08T09:26:12.390+0100] {dagbag.py:541} INFO - Filling up the DagBag from /home/haboubi/Desktop/api/API_weather/dags/__pycache__/dag_connect_db.py
[2023-07-08T09:26:12.405+0100] {processor.py:836} INFO - DAG(s) dict_keys(['cnt_to_db']) retrieved from /home/haboubi/Desktop/api/API_weather/dags/__pycache__/dag_connect_db.py
[2023-07-08T09:26:12.445+0100] {logging_mixin.py:149} INFO - [2023-07-08T09:26:12.445+0100] {dag.py:2726} INFO - Sync 1 DAGs
[2023-07-08T09:26:12.466+0100] {logging_mixin.py:149} INFO - [2023-07-08T09:26:12.466+0100] {dag.py:3486} INFO - Setting next_dagrun for cnt_to_db to 2023-06-30T00:00:00+00:00, run_after=2023-07-01T00:00:00+00:00
[2023-07-08T09:26:12.490+0100] {processor.py:179} INFO - Processing /home/haboubi/Desktop/api/API_weather/dags/__pycache__/dag_connect_db.py took 0.106 seconds
[2023-07-08T09:26:43.203+0100] {processor.py:157} INFO - Started process (PID=16432) to work on /home/haboubi/Desktop/api/API_weather/dags/__pycache__/dag_connect_db.py
[2023-07-08T09:26:43.205+0100] {processor.py:826} INFO - Processing file /home/haboubi/Desktop/api/API_weather/dags/__pycache__/dag_connect_db.py for tasks to queue
[2023-07-08T09:26:43.206+0100] {logging_mixin.py:149} INFO - [2023-07-08T09:26:43.205+0100] {dagbag.py:541} INFO - Filling up the DagBag from /home/haboubi/Desktop/api/API_weather/dags/__pycache__/dag_connect_db.py
[2023-07-08T09:26:43.217+0100] {processor.py:836} INFO - DAG(s) dict_keys(['cnt_to_db']) retrieved from /home/haboubi/Desktop/api/API_weather/dags/__pycache__/dag_connect_db.py
[2023-07-08T09:26:43.264+0100] {logging_mixin.py:149} INFO - [2023-07-08T09:26:43.263+0100] {dag.py:2726} INFO - Sync 1 DAGs
[2023-07-08T09:26:43.298+0100] {logging_mixin.py:149} INFO - [2023-07-08T09:26:43.298+0100] {dag.py:3486} INFO - Setting next_dagrun for cnt_to_db to 2023-06-30T00:00:00+00:00, run_after=2023-07-01T00:00:00+00:00
[2023-07-08T09:26:43.318+0100] {processor.py:179} INFO - Processing /home/haboubi/Desktop/api/API_weather/dags/__pycache__/dag_connect_db.py took 0.119 seconds
[2023-07-08T09:27:14.342+0100] {processor.py:157} INFO - Started process (PID=16508) to work on /home/haboubi/Desktop/api/API_weather/dags/__pycache__/dag_connect_db.py
[2023-07-08T09:27:14.344+0100] {processor.py:826} INFO - Processing file /home/haboubi/Desktop/api/API_weather/dags/__pycache__/dag_connect_db.py for tasks to queue
[2023-07-08T09:27:14.345+0100] {logging_mixin.py:149} INFO - [2023-07-08T09:27:14.345+0100] {dagbag.py:541} INFO - Filling up the DagBag from /home/haboubi/Desktop/api/API_weather/dags/__pycache__/dag_connect_db.py
[2023-07-08T09:27:14.363+0100] {processor.py:836} INFO - DAG(s) dict_keys(['cnt_to_db']) retrieved from /home/haboubi/Desktop/api/API_weather/dags/__pycache__/dag_connect_db.py
[2023-07-08T09:27:14.428+0100] {logging_mixin.py:149} INFO - [2023-07-08T09:27:14.428+0100] {dag.py:2726} INFO - Sync 1 DAGs
[2023-07-08T09:27:14.457+0100] {logging_mixin.py:149} INFO - [2023-07-08T09:27:14.456+0100] {dag.py:3486} INFO - Setting next_dagrun for cnt_to_db to 2023-06-30T00:00:00+00:00, run_after=2023-07-01T00:00:00+00:00
[2023-07-08T09:27:14.483+0100] {processor.py:179} INFO - Processing /home/haboubi/Desktop/api/API_weather/dags/__pycache__/dag_connect_db.py took 0.145 seconds
[2023-07-08T09:27:45.383+0100] {processor.py:157} INFO - Started process (PID=16564) to work on /home/haboubi/Desktop/api/API_weather/dags/__pycache__/dag_connect_db.py
[2023-07-08T09:27:45.384+0100] {processor.py:826} INFO - Processing file /home/haboubi/Desktop/api/API_weather/dags/__pycache__/dag_connect_db.py for tasks to queue
[2023-07-08T09:27:45.385+0100] {logging_mixin.py:149} INFO - [2023-07-08T09:27:45.385+0100] {dagbag.py:541} INFO - Filling up the DagBag from /home/haboubi/Desktop/api/API_weather/dags/__pycache__/dag_connect_db.py
[2023-07-08T09:27:45.400+0100] {processor.py:836} INFO - DAG(s) dict_keys(['cnt_to_db']) retrieved from /home/haboubi/Desktop/api/API_weather/dags/__pycache__/dag_connect_db.py
[2023-07-08T09:27:45.442+0100] {logging_mixin.py:149} INFO - [2023-07-08T09:27:45.442+0100] {dag.py:2726} INFO - Sync 1 DAGs
[2023-07-08T09:27:45.495+0100] {logging_mixin.py:149} INFO - [2023-07-08T09:27:45.495+0100] {dag.py:3486} INFO - Setting next_dagrun for cnt_to_db to 2023-06-30T00:00:00+00:00, run_after=2023-07-01T00:00:00+00:00
[2023-07-08T09:27:45.535+0100] {processor.py:179} INFO - Processing /home/haboubi/Desktop/api/API_weather/dags/__pycache__/dag_connect_db.py took 0.161 seconds
[2023-07-08T09:28:16.451+0100] {processor.py:157} INFO - Started process (PID=16609) to work on /home/haboubi/Desktop/api/API_weather/dags/__pycache__/dag_connect_db.py
[2023-07-08T09:28:16.452+0100] {processor.py:826} INFO - Processing file /home/haboubi/Desktop/api/API_weather/dags/__pycache__/dag_connect_db.py for tasks to queue
[2023-07-08T09:28:16.453+0100] {logging_mixin.py:149} INFO - [2023-07-08T09:28:16.453+0100] {dagbag.py:541} INFO - Filling up the DagBag from /home/haboubi/Desktop/api/API_weather/dags/__pycache__/dag_connect_db.py
[2023-07-08T09:28:16.491+0100] {processor.py:836} INFO - DAG(s) dict_keys(['cnt_to_db']) retrieved from /home/haboubi/Desktop/api/API_weather/dags/__pycache__/dag_connect_db.py
[2023-07-08T09:28:16.574+0100] {logging_mixin.py:149} INFO - [2023-07-08T09:28:16.574+0100] {dag.py:2726} INFO - Sync 1 DAGs
[2023-07-08T09:28:16.614+0100] {logging_mixin.py:149} INFO - [2023-07-08T09:28:16.614+0100] {dag.py:3486} INFO - Setting next_dagrun for cnt_to_db to 2023-06-30T00:00:00+00:00, run_after=2023-07-01T00:00:00+00:00
[2023-07-08T09:28:16.653+0100] {processor.py:179} INFO - Processing /home/haboubi/Desktop/api/API_weather/dags/__pycache__/dag_connect_db.py took 0.207 seconds
[2023-07-08T09:28:47.606+0100] {processor.py:157} INFO - Started process (PID=16661) to work on /home/haboubi/Desktop/api/API_weather/dags/__pycache__/dag_connect_db.py
[2023-07-08T09:28:47.607+0100] {processor.py:826} INFO - Processing file /home/haboubi/Desktop/api/API_weather/dags/__pycache__/dag_connect_db.py for tasks to queue
[2023-07-08T09:28:47.608+0100] {logging_mixin.py:149} INFO - [2023-07-08T09:28:47.608+0100] {dagbag.py:541} INFO - Filling up the DagBag from /home/haboubi/Desktop/api/API_weather/dags/__pycache__/dag_connect_db.py
[2023-07-08T09:28:47.626+0100] {processor.py:836} INFO - DAG(s) dict_keys(['cnt_to_db']) retrieved from /home/haboubi/Desktop/api/API_weather/dags/__pycache__/dag_connect_db.py
[2023-07-08T09:28:47.687+0100] {logging_mixin.py:149} INFO - [2023-07-08T09:28:47.687+0100] {dag.py:2726} INFO - Sync 1 DAGs
[2023-07-08T09:28:47.742+0100] {logging_mixin.py:149} INFO - [2023-07-08T09:28:47.742+0100] {dag.py:3486} INFO - Setting next_dagrun for cnt_to_db to 2023-06-30T00:00:00+00:00, run_after=2023-07-01T00:00:00+00:00
[2023-07-08T09:28:47.784+0100] {processor.py:179} INFO - Processing /home/haboubi/Desktop/api/API_weather/dags/__pycache__/dag_connect_db.py took 0.184 seconds
[2023-07-08T09:29:18.739+0100] {processor.py:157} INFO - Started process (PID=16703) to work on /home/haboubi/Desktop/api/API_weather/dags/__pycache__/dag_connect_db.py
[2023-07-08T09:29:18.740+0100] {processor.py:826} INFO - Processing file /home/haboubi/Desktop/api/API_weather/dags/__pycache__/dag_connect_db.py for tasks to queue
[2023-07-08T09:29:18.742+0100] {logging_mixin.py:149} INFO - [2023-07-08T09:29:18.742+0100] {dagbag.py:541} INFO - Filling up the DagBag from /home/haboubi/Desktop/api/API_weather/dags/__pycache__/dag_connect_db.py
[2023-07-08T09:29:18.768+0100] {processor.py:836} INFO - DAG(s) dict_keys(['cnt_to_db']) retrieved from /home/haboubi/Desktop/api/API_weather/dags/__pycache__/dag_connect_db.py
[2023-07-08T09:29:18.817+0100] {logging_mixin.py:149} INFO - [2023-07-08T09:29:18.817+0100] {dag.py:2726} INFO - Sync 1 DAGs
[2023-07-08T09:29:18.850+0100] {logging_mixin.py:149} INFO - [2023-07-08T09:29:18.850+0100] {dag.py:3486} INFO - Setting next_dagrun for cnt_to_db to 2023-06-30T00:00:00+00:00, run_after=2023-07-01T00:00:00+00:00
[2023-07-08T09:29:18.873+0100] {processor.py:179} INFO - Processing /home/haboubi/Desktop/api/API_weather/dags/__pycache__/dag_connect_db.py took 0.140 seconds
[2023-07-08T09:29:49.561+0100] {processor.py:157} INFO - Started process (PID=16749) to work on /home/haboubi/Desktop/api/API_weather/dags/__pycache__/dag_connect_db.py
[2023-07-08T09:29:49.562+0100] {processor.py:826} INFO - Processing file /home/haboubi/Desktop/api/API_weather/dags/__pycache__/dag_connect_db.py for tasks to queue
[2023-07-08T09:29:49.563+0100] {logging_mixin.py:149} INFO - [2023-07-08T09:29:49.563+0100] {dagbag.py:541} INFO - Filling up the DagBag from /home/haboubi/Desktop/api/API_weather/dags/__pycache__/dag_connect_db.py
[2023-07-08T09:29:49.579+0100] {processor.py:836} INFO - DAG(s) dict_keys(['cnt_to_db']) retrieved from /home/haboubi/Desktop/api/API_weather/dags/__pycache__/dag_connect_db.py
[2023-07-08T09:29:49.619+0100] {logging_mixin.py:149} INFO - [2023-07-08T09:29:49.618+0100] {dag.py:2726} INFO - Sync 1 DAGs
[2023-07-08T09:29:49.641+0100] {logging_mixin.py:149} INFO - [2023-07-08T09:29:49.640+0100] {dag.py:3486} INFO - Setting next_dagrun for cnt_to_db to 2023-06-30T00:00:00+00:00, run_after=2023-07-01T00:00:00+00:00
[2023-07-08T09:29:49.665+0100] {processor.py:179} INFO - Processing /home/haboubi/Desktop/api/API_weather/dags/__pycache__/dag_connect_db.py took 0.108 seconds
[2023-07-08T09:30:20.660+0100] {processor.py:157} INFO - Started process (PID=16809) to work on /home/haboubi/Desktop/api/API_weather/dags/__pycache__/dag_connect_db.py
[2023-07-08T09:30:20.661+0100] {processor.py:826} INFO - Processing file /home/haboubi/Desktop/api/API_weather/dags/__pycache__/dag_connect_db.py for tasks to queue
[2023-07-08T09:30:20.663+0100] {logging_mixin.py:149} INFO - [2023-07-08T09:30:20.662+0100] {dagbag.py:541} INFO - Filling up the DagBag from /home/haboubi/Desktop/api/API_weather/dags/__pycache__/dag_connect_db.py
[2023-07-08T09:30:20.682+0100] {processor.py:836} INFO - DAG(s) dict_keys(['cnt_to_db']) retrieved from /home/haboubi/Desktop/api/API_weather/dags/__pycache__/dag_connect_db.py
[2023-07-08T09:30:20.749+0100] {logging_mixin.py:149} INFO - [2023-07-08T09:30:20.749+0100] {dag.py:2726} INFO - Sync 1 DAGs
[2023-07-08T09:30:20.803+0100] {logging_mixin.py:149} INFO - [2023-07-08T09:30:20.802+0100] {dag.py:3486} INFO - Setting next_dagrun for cnt_to_db to 2023-06-30T00:00:00+00:00, run_after=2023-07-01T00:00:00+00:00
[2023-07-08T09:30:20.843+0100] {processor.py:179} INFO - Processing /home/haboubi/Desktop/api/API_weather/dags/__pycache__/dag_connect_db.py took 0.188 seconds
[2023-07-08T09:30:51.748+0100] {processor.py:157} INFO - Started process (PID=16840) to work on /home/haboubi/Desktop/api/API_weather/dags/__pycache__/dag_connect_db.py
[2023-07-08T09:30:51.749+0100] {processor.py:826} INFO - Processing file /home/haboubi/Desktop/api/API_weather/dags/__pycache__/dag_connect_db.py for tasks to queue
[2023-07-08T09:30:51.751+0100] {logging_mixin.py:149} INFO - [2023-07-08T09:30:51.750+0100] {dagbag.py:541} INFO - Filling up the DagBag from /home/haboubi/Desktop/api/API_weather/dags/__pycache__/dag_connect_db.py
[2023-07-08T09:30:51.764+0100] {processor.py:836} INFO - DAG(s) dict_keys(['cnt_to_db']) retrieved from /home/haboubi/Desktop/api/API_weather/dags/__pycache__/dag_connect_db.py
[2023-07-08T09:30:51.801+0100] {logging_mixin.py:149} INFO - [2023-07-08T09:30:51.801+0100] {dag.py:2726} INFO - Sync 1 DAGs
[2023-07-08T09:30:51.829+0100] {logging_mixin.py:149} INFO - [2023-07-08T09:30:51.829+0100] {dag.py:3486} INFO - Setting next_dagrun for cnt_to_db to 2023-06-30T00:00:00+00:00, run_after=2023-07-01T00:00:00+00:00
[2023-07-08T09:30:51.847+0100] {processor.py:179} INFO - Processing /home/haboubi/Desktop/api/API_weather/dags/__pycache__/dag_connect_db.py took 0.104 seconds
[2023-07-08T09:31:22.582+0100] {processor.py:157} INFO - Started process (PID=16867) to work on /home/haboubi/Desktop/api/API_weather/dags/__pycache__/dag_connect_db.py
[2023-07-08T09:31:22.583+0100] {processor.py:826} INFO - Processing file /home/haboubi/Desktop/api/API_weather/dags/__pycache__/dag_connect_db.py for tasks to queue
[2023-07-08T09:31:22.584+0100] {logging_mixin.py:149} INFO - [2023-07-08T09:31:22.583+0100] {dagbag.py:541} INFO - Filling up the DagBag from /home/haboubi/Desktop/api/API_weather/dags/__pycache__/dag_connect_db.py
[2023-07-08T09:31:22.595+0100] {processor.py:836} INFO - DAG(s) dict_keys(['cnt_to_db']) retrieved from /home/haboubi/Desktop/api/API_weather/dags/__pycache__/dag_connect_db.py
[2023-07-08T09:31:22.634+0100] {logging_mixin.py:149} INFO - [2023-07-08T09:31:22.634+0100] {dag.py:2726} INFO - Sync 1 DAGs
[2023-07-08T09:31:22.655+0100] {logging_mixin.py:149} INFO - [2023-07-08T09:31:22.655+0100] {dag.py:3486} INFO - Setting next_dagrun for cnt_to_db to 2023-06-30T00:00:00+00:00, run_after=2023-07-01T00:00:00+00:00
[2023-07-08T09:31:22.673+0100] {processor.py:179} INFO - Processing /home/haboubi/Desktop/api/API_weather/dags/__pycache__/dag_connect_db.py took 0.096 seconds
[2023-07-08T09:31:53.699+0100] {processor.py:157} INFO - Started process (PID=16902) to work on /home/haboubi/Desktop/api/API_weather/dags/__pycache__/dag_connect_db.py
[2023-07-08T09:31:53.701+0100] {processor.py:826} INFO - Processing file /home/haboubi/Desktop/api/API_weather/dags/__pycache__/dag_connect_db.py for tasks to queue
[2023-07-08T09:31:53.702+0100] {logging_mixin.py:149} INFO - [2023-07-08T09:31:53.702+0100] {dagbag.py:541} INFO - Filling up the DagBag from /home/haboubi/Desktop/api/API_weather/dags/__pycache__/dag_connect_db.py
[2023-07-08T09:31:53.713+0100] {processor.py:836} INFO - DAG(s) dict_keys(['cnt_to_db']) retrieved from /home/haboubi/Desktop/api/API_weather/dags/__pycache__/dag_connect_db.py
[2023-07-08T09:31:53.761+0100] {logging_mixin.py:149} INFO - [2023-07-08T09:31:53.761+0100] {dag.py:2726} INFO - Sync 1 DAGs
[2023-07-08T09:31:53.800+0100] {logging_mixin.py:149} INFO - [2023-07-08T09:31:53.799+0100] {dag.py:3486} INFO - Setting next_dagrun for cnt_to_db to 2023-06-30T00:00:00+00:00, run_after=2023-07-01T00:00:00+00:00
[2023-07-08T09:31:53.823+0100] {processor.py:179} INFO - Processing /home/haboubi/Desktop/api/API_weather/dags/__pycache__/dag_connect_db.py took 0.130 seconds
[2023-07-08T09:32:24.785+0100] {processor.py:157} INFO - Started process (PID=17025) to work on /home/haboubi/Desktop/api/API_weather/dags/__pycache__/dag_connect_db.py
[2023-07-08T09:32:24.786+0100] {processor.py:826} INFO - Processing file /home/haboubi/Desktop/api/API_weather/dags/__pycache__/dag_connect_db.py for tasks to queue
[2023-07-08T09:32:24.787+0100] {logging_mixin.py:149} INFO - [2023-07-08T09:32:24.786+0100] {dagbag.py:541} INFO - Filling up the DagBag from /home/haboubi/Desktop/api/API_weather/dags/__pycache__/dag_connect_db.py
[2023-07-08T09:32:24.796+0100] {processor.py:836} INFO - DAG(s) dict_keys(['cnt_to_db']) retrieved from /home/haboubi/Desktop/api/API_weather/dags/__pycache__/dag_connect_db.py
[2023-07-08T09:32:24.830+0100] {logging_mixin.py:149} INFO - [2023-07-08T09:32:24.830+0100] {dag.py:2726} INFO - Sync 1 DAGs
[2023-07-08T09:32:24.857+0100] {logging_mixin.py:149} INFO - [2023-07-08T09:32:24.857+0100] {dag.py:3486} INFO - Setting next_dagrun for cnt_to_db to 2023-06-30T00:00:00+00:00, run_after=2023-07-01T00:00:00+00:00
[2023-07-08T09:32:24.884+0100] {processor.py:179} INFO - Processing /home/haboubi/Desktop/api/API_weather/dags/__pycache__/dag_connect_db.py took 0.102 seconds
[2023-07-08T09:32:55.621+0100] {processor.py:157} INFO - Started process (PID=17053) to work on /home/haboubi/Desktop/api/API_weather/dags/__pycache__/dag_connect_db.py
[2023-07-08T09:32:55.622+0100] {processor.py:826} INFO - Processing file /home/haboubi/Desktop/api/API_weather/dags/__pycache__/dag_connect_db.py for tasks to queue
[2023-07-08T09:32:55.623+0100] {logging_mixin.py:149} INFO - [2023-07-08T09:32:55.623+0100] {dagbag.py:541} INFO - Filling up the DagBag from /home/haboubi/Desktop/api/API_weather/dags/__pycache__/dag_connect_db.py
[2023-07-08T09:32:55.634+0100] {processor.py:836} INFO - DAG(s) dict_keys(['cnt_to_db']) retrieved from /home/haboubi/Desktop/api/API_weather/dags/__pycache__/dag_connect_db.py
[2023-07-08T09:32:55.670+0100] {logging_mixin.py:149} INFO - [2023-07-08T09:32:55.670+0100] {dag.py:2726} INFO - Sync 1 DAGs
[2023-07-08T09:32:55.692+0100] {logging_mixin.py:149} INFO - [2023-07-08T09:32:55.692+0100] {dag.py:3486} INFO - Setting next_dagrun for cnt_to_db to 2023-06-30T00:00:00+00:00, run_after=2023-07-01T00:00:00+00:00
[2023-07-08T09:32:55.713+0100] {processor.py:179} INFO - Processing /home/haboubi/Desktop/api/API_weather/dags/__pycache__/dag_connect_db.py took 0.097 seconds
[2023-07-08T09:33:26.481+0100] {processor.py:157} INFO - Started process (PID=17086) to work on /home/haboubi/Desktop/api/API_weather/dags/__pycache__/dag_connect_db.py
[2023-07-08T09:33:26.482+0100] {processor.py:826} INFO - Processing file /home/haboubi/Desktop/api/API_weather/dags/__pycache__/dag_connect_db.py for tasks to queue
[2023-07-08T09:33:26.483+0100] {logging_mixin.py:149} INFO - [2023-07-08T09:33:26.483+0100] {dagbag.py:541} INFO - Filling up the DagBag from /home/haboubi/Desktop/api/API_weather/dags/__pycache__/dag_connect_db.py
[2023-07-08T09:33:26.496+0100] {processor.py:836} INFO - DAG(s) dict_keys(['cnt_to_db']) retrieved from /home/haboubi/Desktop/api/API_weather/dags/__pycache__/dag_connect_db.py
[2023-07-08T09:33:26.534+0100] {logging_mixin.py:149} INFO - [2023-07-08T09:33:26.534+0100] {dag.py:2726} INFO - Sync 1 DAGs
[2023-07-08T09:33:26.558+0100] {logging_mixin.py:149} INFO - [2023-07-08T09:33:26.557+0100] {dag.py:3486} INFO - Setting next_dagrun for cnt_to_db to 2023-06-30T00:00:00+00:00, run_after=2023-07-01T00:00:00+00:00
[2023-07-08T09:33:26.585+0100] {processor.py:179} INFO - Processing /home/haboubi/Desktop/api/API_weather/dags/__pycache__/dag_connect_db.py took 0.108 seconds
[2023-07-08T09:33:57.380+0100] {processor.py:157} INFO - Started process (PID=17127) to work on /home/haboubi/Desktop/api/API_weather/dags/__pycache__/dag_connect_db.py
[2023-07-08T09:33:57.381+0100] {processor.py:826} INFO - Processing file /home/haboubi/Desktop/api/API_weather/dags/__pycache__/dag_connect_db.py for tasks to queue
[2023-07-08T09:33:57.382+0100] {logging_mixin.py:149} INFO - [2023-07-08T09:33:57.382+0100] {dagbag.py:541} INFO - Filling up the DagBag from /home/haboubi/Desktop/api/API_weather/dags/__pycache__/dag_connect_db.py
[2023-07-08T09:33:57.394+0100] {processor.py:836} INFO - DAG(s) dict_keys(['cnt_to_db']) retrieved from /home/haboubi/Desktop/api/API_weather/dags/__pycache__/dag_connect_db.py
[2023-07-08T09:33:57.427+0100] {logging_mixin.py:149} INFO - [2023-07-08T09:33:57.427+0100] {dag.py:2726} INFO - Sync 1 DAGs
[2023-07-08T09:33:57.450+0100] {logging_mixin.py:149} INFO - [2023-07-08T09:33:57.450+0100] {dag.py:3486} INFO - Setting next_dagrun for cnt_to_db to 2023-06-30T00:00:00+00:00, run_after=2023-07-01T00:00:00+00:00
[2023-07-08T09:33:57.466+0100] {processor.py:179} INFO - Processing /home/haboubi/Desktop/api/API_weather/dags/__pycache__/dag_connect_db.py took 0.091 seconds
[2023-07-08T09:34:28.255+0100] {processor.py:157} INFO - Started process (PID=17218) to work on /home/haboubi/Desktop/api/API_weather/dags/__pycache__/dag_connect_db.py
[2023-07-08T09:34:28.256+0100] {processor.py:826} INFO - Processing file /home/haboubi/Desktop/api/API_weather/dags/__pycache__/dag_connect_db.py for tasks to queue
[2023-07-08T09:34:28.257+0100] {logging_mixin.py:149} INFO - [2023-07-08T09:34:28.257+0100] {dagbag.py:541} INFO - Filling up the DagBag from /home/haboubi/Desktop/api/API_weather/dags/__pycache__/dag_connect_db.py
[2023-07-08T09:34:28.270+0100] {processor.py:836} INFO - DAG(s) dict_keys(['cnt_to_db']) retrieved from /home/haboubi/Desktop/api/API_weather/dags/__pycache__/dag_connect_db.py
[2023-07-08T09:34:28.317+0100] {logging_mixin.py:149} INFO - [2023-07-08T09:34:28.317+0100] {dag.py:2726} INFO - Sync 1 DAGs
[2023-07-08T09:34:28.339+0100] {logging_mixin.py:149} INFO - [2023-07-08T09:34:28.339+0100] {dag.py:3486} INFO - Setting next_dagrun for cnt_to_db to 2023-06-30T00:00:00+00:00, run_after=2023-07-01T00:00:00+00:00
[2023-07-08T09:34:28.357+0100] {processor.py:179} INFO - Processing /home/haboubi/Desktop/api/API_weather/dags/__pycache__/dag_connect_db.py took 0.106 seconds
[2023-07-08T09:34:59.092+0100] {processor.py:157} INFO - Started process (PID=17295) to work on /home/haboubi/Desktop/api/API_weather/dags/__pycache__/dag_connect_db.py
[2023-07-08T09:34:59.093+0100] {processor.py:826} INFO - Processing file /home/haboubi/Desktop/api/API_weather/dags/__pycache__/dag_connect_db.py for tasks to queue
[2023-07-08T09:34:59.094+0100] {logging_mixin.py:149} INFO - [2023-07-08T09:34:59.094+0100] {dagbag.py:541} INFO - Filling up the DagBag from /home/haboubi/Desktop/api/API_weather/dags/__pycache__/dag_connect_db.py
[2023-07-08T09:34:59.106+0100] {processor.py:836} INFO - DAG(s) dict_keys(['cnt_to_db']) retrieved from /home/haboubi/Desktop/api/API_weather/dags/__pycache__/dag_connect_db.py
[2023-07-08T09:34:59.148+0100] {logging_mixin.py:149} INFO - [2023-07-08T09:34:59.148+0100] {dag.py:2726} INFO - Sync 1 DAGs
[2023-07-08T09:34:59.176+0100] {logging_mixin.py:149} INFO - [2023-07-08T09:34:59.175+0100] {dag.py:3486} INFO - Setting next_dagrun for cnt_to_db to 2023-06-30T00:00:00+00:00, run_after=2023-07-01T00:00:00+00:00
[2023-07-08T09:34:59.196+0100] {processor.py:179} INFO - Processing /home/haboubi/Desktop/api/API_weather/dags/__pycache__/dag_connect_db.py took 0.107 seconds
[2023-07-08T09:35:30.053+0100] {processor.py:157} INFO - Started process (PID=17382) to work on /home/haboubi/Desktop/api/API_weather/dags/__pycache__/dag_connect_db.py
[2023-07-08T09:35:30.054+0100] {processor.py:826} INFO - Processing file /home/haboubi/Desktop/api/API_weather/dags/__pycache__/dag_connect_db.py for tasks to queue
[2023-07-08T09:35:30.055+0100] {logging_mixin.py:149} INFO - [2023-07-08T09:35:30.055+0100] {dagbag.py:541} INFO - Filling up the DagBag from /home/haboubi/Desktop/api/API_weather/dags/__pycache__/dag_connect_db.py
[2023-07-08T09:35:30.064+0100] {processor.py:836} INFO - DAG(s) dict_keys(['cnt_to_db']) retrieved from /home/haboubi/Desktop/api/API_weather/dags/__pycache__/dag_connect_db.py
[2023-07-08T09:35:30.105+0100] {logging_mixin.py:149} INFO - [2023-07-08T09:35:30.105+0100] {dag.py:2726} INFO - Sync 1 DAGs
[2023-07-08T09:35:30.132+0100] {logging_mixin.py:149} INFO - [2023-07-08T09:35:30.132+0100] {dag.py:3486} INFO - Setting next_dagrun for cnt_to_db to 2023-06-30T00:00:00+00:00, run_after=2023-07-01T00:00:00+00:00
[2023-07-08T09:35:30.151+0100] {processor.py:179} INFO - Processing /home/haboubi/Desktop/api/API_weather/dags/__pycache__/dag_connect_db.py took 0.101 seconds
[2023-07-08T09:36:00.892+0100] {processor.py:157} INFO - Started process (PID=17439) to work on /home/haboubi/Desktop/api/API_weather/dags/__pycache__/dag_connect_db.py
[2023-07-08T09:36:00.893+0100] {processor.py:826} INFO - Processing file /home/haboubi/Desktop/api/API_weather/dags/__pycache__/dag_connect_db.py for tasks to queue
[2023-07-08T09:36:00.894+0100] {logging_mixin.py:149} INFO - [2023-07-08T09:36:00.893+0100] {dagbag.py:541} INFO - Filling up the DagBag from /home/haboubi/Desktop/api/API_weather/dags/__pycache__/dag_connect_db.py
[2023-07-08T09:36:00.908+0100] {processor.py:836} INFO - DAG(s) dict_keys(['cnt_to_db']) retrieved from /home/haboubi/Desktop/api/API_weather/dags/__pycache__/dag_connect_db.py
[2023-07-08T09:36:00.945+0100] {logging_mixin.py:149} INFO - [2023-07-08T09:36:00.945+0100] {dag.py:2726} INFO - Sync 1 DAGs
[2023-07-08T09:36:00.973+0100] {logging_mixin.py:149} INFO - [2023-07-08T09:36:00.973+0100] {dag.py:3486} INFO - Setting next_dagrun for cnt_to_db to 2023-06-30T00:00:00+00:00, run_after=2023-07-01T00:00:00+00:00
[2023-07-08T09:36:00.990+0100] {processor.py:179} INFO - Processing /home/haboubi/Desktop/api/API_weather/dags/__pycache__/dag_connect_db.py took 0.102 seconds
[2023-07-08T09:36:31.725+0100] {processor.py:157} INFO - Started process (PID=17481) to work on /home/haboubi/Desktop/api/API_weather/dags/__pycache__/dag_connect_db.py
[2023-07-08T09:36:31.726+0100] {processor.py:826} INFO - Processing file /home/haboubi/Desktop/api/API_weather/dags/__pycache__/dag_connect_db.py for tasks to queue
[2023-07-08T09:36:31.727+0100] {logging_mixin.py:149} INFO - [2023-07-08T09:36:31.727+0100] {dagbag.py:541} INFO - Filling up the DagBag from /home/haboubi/Desktop/api/API_weather/dags/__pycache__/dag_connect_db.py
[2023-07-08T09:36:31.737+0100] {processor.py:836} INFO - DAG(s) dict_keys(['cnt_to_db']) retrieved from /home/haboubi/Desktop/api/API_weather/dags/__pycache__/dag_connect_db.py
[2023-07-08T09:36:31.769+0100] {logging_mixin.py:149} INFO - [2023-07-08T09:36:31.769+0100] {dag.py:2726} INFO - Sync 1 DAGs
[2023-07-08T09:36:31.790+0100] {logging_mixin.py:149} INFO - [2023-07-08T09:36:31.790+0100] {dag.py:3486} INFO - Setting next_dagrun for cnt_to_db to 2023-06-30T00:00:00+00:00, run_after=2023-07-01T00:00:00+00:00
[2023-07-08T09:36:31.807+0100] {processor.py:179} INFO - Processing /home/haboubi/Desktop/api/API_weather/dags/__pycache__/dag_connect_db.py took 0.085 seconds
[2023-07-08T09:37:02.669+0100] {processor.py:157} INFO - Started process (PID=17515) to work on /home/haboubi/Desktop/api/API_weather/dags/__pycache__/dag_connect_db.py
[2023-07-08T09:37:02.670+0100] {processor.py:826} INFO - Processing file /home/haboubi/Desktop/api/API_weather/dags/__pycache__/dag_connect_db.py for tasks to queue
[2023-07-08T09:37:02.670+0100] {logging_mixin.py:149} INFO - [2023-07-08T09:37:02.670+0100] {dagbag.py:541} INFO - Filling up the DagBag from /home/haboubi/Desktop/api/API_weather/dags/__pycache__/dag_connect_db.py
[2023-07-08T09:37:02.680+0100] {processor.py:836} INFO - DAG(s) dict_keys(['cnt_to_db']) retrieved from /home/haboubi/Desktop/api/API_weather/dags/__pycache__/dag_connect_db.py
[2023-07-08T09:37:02.712+0100] {logging_mixin.py:149} INFO - [2023-07-08T09:37:02.712+0100] {dag.py:2726} INFO - Sync 1 DAGs
[2023-07-08T09:37:02.733+0100] {logging_mixin.py:149} INFO - [2023-07-08T09:37:02.733+0100] {dag.py:3486} INFO - Setting next_dagrun for cnt_to_db to 2023-06-30T00:00:00+00:00, run_after=2023-07-01T00:00:00+00:00
[2023-07-08T09:37:02.748+0100] {processor.py:179} INFO - Processing /home/haboubi/Desktop/api/API_weather/dags/__pycache__/dag_connect_db.py took 0.082 seconds
[2023-07-08T09:37:33.628+0100] {processor.py:157} INFO - Started process (PID=17581) to work on /home/haboubi/Desktop/api/API_weather/dags/__pycache__/dag_connect_db.py
[2023-07-08T09:37:33.629+0100] {processor.py:826} INFO - Processing file /home/haboubi/Desktop/api/API_weather/dags/__pycache__/dag_connect_db.py for tasks to queue
[2023-07-08T09:37:33.630+0100] {logging_mixin.py:149} INFO - [2023-07-08T09:37:33.630+0100] {dagbag.py:541} INFO - Filling up the DagBag from /home/haboubi/Desktop/api/API_weather/dags/__pycache__/dag_connect_db.py
[2023-07-08T09:37:33.644+0100] {processor.py:836} INFO - DAG(s) dict_keys(['cnt_to_db']) retrieved from /home/haboubi/Desktop/api/API_weather/dags/__pycache__/dag_connect_db.py
[2023-07-08T09:37:33.697+0100] {logging_mixin.py:149} INFO - [2023-07-08T09:37:33.697+0100] {dag.py:2726} INFO - Sync 1 DAGs
[2023-07-08T09:37:33.734+0100] {logging_mixin.py:149} INFO - [2023-07-08T09:37:33.733+0100] {dag.py:3486} INFO - Setting next_dagrun for cnt_to_db to 2023-06-30T00:00:00+00:00, run_after=2023-07-01T00:00:00+00:00
[2023-07-08T09:37:33.758+0100] {processor.py:179} INFO - Processing /home/haboubi/Desktop/api/API_weather/dags/__pycache__/dag_connect_db.py took 0.135 seconds
[2023-07-08T09:38:04.640+0100] {processor.py:157} INFO - Started process (PID=17630) to work on /home/haboubi/Desktop/api/API_weather/dags/__pycache__/dag_connect_db.py
[2023-07-08T09:38:04.641+0100] {processor.py:826} INFO - Processing file /home/haboubi/Desktop/api/API_weather/dags/__pycache__/dag_connect_db.py for tasks to queue
[2023-07-08T09:38:04.642+0100] {logging_mixin.py:149} INFO - [2023-07-08T09:38:04.641+0100] {dagbag.py:541} INFO - Filling up the DagBag from /home/haboubi/Desktop/api/API_weather/dags/__pycache__/dag_connect_db.py
[2023-07-08T09:38:04.655+0100] {processor.py:836} INFO - DAG(s) dict_keys(['cnt_to_db']) retrieved from /home/haboubi/Desktop/api/API_weather/dags/__pycache__/dag_connect_db.py
[2023-07-08T09:38:04.694+0100] {logging_mixin.py:149} INFO - [2023-07-08T09:38:04.694+0100] {dag.py:2726} INFO - Sync 1 DAGs
[2023-07-08T09:38:04.723+0100] {logging_mixin.py:149} INFO - [2023-07-08T09:38:04.723+0100] {dag.py:3486} INFO - Setting next_dagrun for cnt_to_db to 2023-06-30T00:00:00+00:00, run_after=2023-07-01T00:00:00+00:00
[2023-07-08T09:38:04.755+0100] {processor.py:179} INFO - Processing /home/haboubi/Desktop/api/API_weather/dags/__pycache__/dag_connect_db.py took 0.119 seconds
[2023-07-08T09:38:35.640+0100] {processor.py:157} INFO - Started process (PID=17669) to work on /home/haboubi/Desktop/api/API_weather/dags/__pycache__/dag_connect_db.py
[2023-07-08T09:38:35.641+0100] {processor.py:826} INFO - Processing file /home/haboubi/Desktop/api/API_weather/dags/__pycache__/dag_connect_db.py for tasks to queue
[2023-07-08T09:38:35.642+0100] {logging_mixin.py:149} INFO - [2023-07-08T09:38:35.641+0100] {dagbag.py:541} INFO - Filling up the DagBag from /home/haboubi/Desktop/api/API_weather/dags/__pycache__/dag_connect_db.py
[2023-07-08T09:38:35.652+0100] {processor.py:836} INFO - DAG(s) dict_keys(['cnt_to_db']) retrieved from /home/haboubi/Desktop/api/API_weather/dags/__pycache__/dag_connect_db.py
[2023-07-08T09:38:35.689+0100] {logging_mixin.py:149} INFO - [2023-07-08T09:38:35.689+0100] {dag.py:2726} INFO - Sync 1 DAGs
[2023-07-08T09:38:35.715+0100] {logging_mixin.py:149} INFO - [2023-07-08T09:38:35.715+0100] {dag.py:3486} INFO - Setting next_dagrun for cnt_to_db to 2023-06-30T00:00:00+00:00, run_after=2023-07-01T00:00:00+00:00
[2023-07-08T09:38:35.743+0100] {processor.py:179} INFO - Processing /home/haboubi/Desktop/api/API_weather/dags/__pycache__/dag_connect_db.py took 0.109 seconds
[2023-07-08T09:39:06.656+0100] {processor.py:157} INFO - Started process (PID=17771) to work on /home/haboubi/Desktop/api/API_weather/dags/__pycache__/dag_connect_db.py
[2023-07-08T09:39:06.657+0100] {processor.py:826} INFO - Processing file /home/haboubi/Desktop/api/API_weather/dags/__pycache__/dag_connect_db.py for tasks to queue
[2023-07-08T09:39:06.658+0100] {logging_mixin.py:149} INFO - [2023-07-08T09:39:06.658+0100] {dagbag.py:541} INFO - Filling up the DagBag from /home/haboubi/Desktop/api/API_weather/dags/__pycache__/dag_connect_db.py
[2023-07-08T09:39:06.671+0100] {processor.py:836} INFO - DAG(s) dict_keys(['cnt_to_db']) retrieved from /home/haboubi/Desktop/api/API_weather/dags/__pycache__/dag_connect_db.py
[2023-07-08T09:39:06.713+0100] {logging_mixin.py:149} INFO - [2023-07-08T09:39:06.713+0100] {dag.py:2726} INFO - Sync 1 DAGs
[2023-07-08T09:39:06.744+0100] {logging_mixin.py:149} INFO - [2023-07-08T09:39:06.743+0100] {dag.py:3486} INFO - Setting next_dagrun for cnt_to_db to 2023-06-30T00:00:00+00:00, run_after=2023-07-01T00:00:00+00:00
[2023-07-08T09:39:06.766+0100] {processor.py:179} INFO - Processing /home/haboubi/Desktop/api/API_weather/dags/__pycache__/dag_connect_db.py took 0.114 seconds
