[2023-07-08T09:20:05.449+0100] {taskinstance.py:1103} INFO - Dependencies all met for dep_context=non-requeueable deps ti=<TaskInstance: update_current_data_10.extract_current_data scheduled__2023-07-08T08:00:00+00:00 [queued]>
[2023-07-08T09:20:05.460+0100] {taskinstance.py:1103} INFO - Dependencies all met for dep_context=requeueable deps ti=<TaskInstance: update_current_data_10.extract_current_data scheduled__2023-07-08T08:00:00+00:00 [queued]>
[2023-07-08T09:20:05.460+0100] {taskinstance.py:1308} INFO - Starting attempt 1 of 3
[2023-07-08T09:20:05.473+0100] {taskinstance.py:1327} INFO - Executing <Task(PythonOperator): extract_current_data> on 2023-07-08 08:00:00+00:00
[2023-07-08T09:20:05.478+0100] {standard_task_runner.py:57} INFO - Started process 15614 to run task
[2023-07-08T09:20:05.481+0100] {standard_task_runner.py:84} INFO - Running: ['***', 'tasks', 'run', 'update_current_data_10', 'extract_current_data', 'scheduled__2023-07-08T08:00:00+00:00', '--job-id', '16947', '--raw', '--subdir', '/home/haboubi/Desktop/api/API_weather/dags/update_current_dags.py', '--cfg-path', '/tmp/tmp59ibr5tm']
[2023-07-08T09:20:05.483+0100] {standard_task_runner.py:85} INFO - Job 16947: Subtask extract_current_data
[2023-07-08T09:20:05.552+0100] {task_command.py:410} INFO - Running <TaskInstance: update_current_data_10.extract_current_data scheduled__2023-07-08T08:00:00+00:00 [running]> on host haboubi-VivoBook-15-ASUS-Laptop-X540UB
[2023-07-08T09:20:05.659+0100] {taskinstance.py:1545} INFO - Exporting env vars: AIRFLOW_CTX_DAG_OWNER='haboubi' AIRFLOW_CTX_DAG_ID='update_current_data_10' AIRFLOW_CTX_TASK_ID='extract_current_data' AIRFLOW_CTX_EXECUTION_DATE='2023-07-08T08:00:00+00:00' AIRFLOW_CTX_TRY_NUMBER='1' AIRFLOW_CTX_DAG_RUN_ID='scheduled__2023-07-08T08:00:00+00:00'
[2023-07-08T09:20:05.664+0100] {logging_mixin.py:149} INFO - Paris
[2023-07-08T09:20:05.905+0100] {logging_mixin.py:149} INFO - London
[2023-07-08T09:20:06.086+0100] {logging_mixin.py:149} INFO - Barcelona
[2023-07-08T09:20:06.292+0100] {logging_mixin.py:149} INFO - Rome
[2023-07-08T09:20:06.489+0100] {logging_mixin.py:149} INFO - New York City
[2023-07-08T09:20:06.699+0100] {logging_mixin.py:149} INFO - Tokyo
[2023-07-08T09:20:06.903+0100] {logging_mixin.py:149} INFO - Istanbul
[2023-07-08T09:20:07.117+0100] {logging_mixin.py:149} INFO - Dubai
[2023-07-08T09:20:07.302+0100] {logging_mixin.py:149} INFO - Sydney
[2023-07-08T09:20:07.494+0100] {logging_mixin.py:149} INFO - Bangkok
[2023-07-08T09:20:07.717+0100] {logging_mixin.py:149} INFO - Amsterdam
[2023-07-08T09:20:07.968+0100] {logging_mixin.py:149} INFO - Rio de Janeiro
[2023-07-08T09:20:08.195+0100] {logging_mixin.py:149} INFO - Prague
[2023-07-08T09:20:08.405+0100] {logging_mixin.py:149} INFO - Cape Town
[2023-07-08T09:20:08.604+0100] {logging_mixin.py:149} INFO - Buenos Aires
[2023-07-08T09:20:08.788+0100] {logging_mixin.py:149} INFO - Berlin
[2023-07-08T09:20:09.002+0100] {logging_mixin.py:149} INFO - Singapore
[2023-07-08T09:20:09.176+0100] {logging_mixin.py:149} INFO - Florence
[2023-07-08T09:20:09.415+0100] {logging_mixin.py:149} INFO - San Francisco
[2023-07-08T09:20:09.626+0100] {logging_mixin.py:149} INFO - Marrakech
[2023-07-08T09:20:09.832+0100] {python.py:183} INFO - Done. Returned value was: None
[2023-07-08T09:20:09.852+0100] {taskinstance.py:1345} INFO - Marking task as SUCCESS. dag_id=update_current_data_10, task_id=extract_current_data, execution_date=20230708T080000, start_date=20230708T082005, end_date=20230708T082009
[2023-07-08T09:20:09.869+0100] {local_task_job_runner.py:225} INFO - Task exited with return code 0
[2023-07-08T09:20:09.904+0100] {taskinstance.py:2653} INFO - 1 downstream tasks scheduled from follow-on schedule check
