[2023-06-30T10:26:28.581+0100] {taskinstance.py:1103} INFO - Dependencies all met for dep_context=non-requeueable deps ti=<TaskInstance: cnt_to_db.insert_into_table manual__2023-06-30T09:17:24.660804+00:00 [queued]>
[2023-06-30T10:26:28.589+0100] {taskinstance.py:1103} INFO - Dependencies all met for dep_context=requeueable deps ti=<TaskInstance: cnt_to_db.insert_into_table manual__2023-06-30T09:17:24.660804+00:00 [queued]>
[2023-06-30T10:26:28.590+0100] {taskinstance.py:1308} INFO - Starting attempt 4 of 4
[2023-06-30T10:26:28.606+0100] {taskinstance.py:1327} INFO - Executing <Task(PostgresOperator): insert_into_table> on 2023-06-30 09:17:24.660804+00:00
[2023-06-30T10:26:28.610+0100] {standard_task_runner.py:57} INFO - Started process 133696 to run task
[2023-06-30T10:26:28.613+0100] {standard_task_runner.py:84} INFO - Running: ['airflow', 'tasks', 'run', 'cnt_to_db', 'insert_into_table', 'manual__2023-06-30T09:17:24.660804+00:00', '--job-id', '8', '--raw', '--subdir', '/home/haboubi/Desktop/api/API_weather/dags/__pycache__/dag_connect_db.py', '--cfg-path', '/tmp/tmp9agl390d']
[2023-06-30T10:26:28.615+0100] {standard_task_runner.py:85} INFO - Job 8: Subtask insert_into_table
[2023-06-30T10:26:28.678+0100] {task_command.py:410} INFO - Running <TaskInstance: cnt_to_db.insert_into_table manual__2023-06-30T09:17:24.660804+00:00 [running]> on host haboubi-VivoBook-15-ASUS-Laptop-X540UB
[2023-06-30T10:26:28.770+0100] {taskinstance.py:1545} INFO - Exporting env vars: AIRFLOW_CTX_DAG_OWNER='haboubi' AIRFLOW_CTX_DAG_ID='cnt_to_db' AIRFLOW_CTX_TASK_ID='insert_into_table' AIRFLOW_CTX_EXECUTION_DATE='2023-06-30T09:17:24.660804+00:00' AIRFLOW_CTX_TRY_NUMBER='4' AIRFLOW_CTX_DAG_RUN_ID='manual__2023-06-30T09:17:24.660804+00:00'
[2023-06-30T10:26:28.771+0100] {sql.py:265} INFO - Executing: 
                insert into dag_runs (dt, dag_id) values ('2023-06-30','cnt_to_db')
                
                
[2023-06-30T10:26:28.785+0100] {base.py:73} INFO - Using connection ID 'postgres_localhost' for task execution.
[2023-06-30T10:26:28.810+0100] {base.py:73} INFO - Using connection ID 'postgres_localhost' for task execution.
[2023-06-30T10:26:28.821+0100] {sql.py:375} INFO - Running statement: 
                insert into dag_runs (dt, dag_id) values ('2023-06-30','cnt_to_db')
                
                , parameters: None
[2023-06-30T10:26:28.822+0100] {taskinstance.py:1824} ERROR - Task failed with exception
Traceback (most recent call last):
  File "/home/haboubi/Desktop/api/API_weather/api_env/lib/python3.10/site-packages/airflow/providers/common/sql/operators/sql.py", line 271, in execute
    output = hook.run(
  File "/home/haboubi/Desktop/api/API_weather/api_env/lib/python3.10/site-packages/airflow/providers/common/sql/hooks/sql.py", line 349, in run
    self._run_command(cur, sql_statement, parameters)
  File "/home/haboubi/Desktop/api/API_weather/api_env/lib/python3.10/site-packages/airflow/providers/common/sql/hooks/sql.py", line 380, in _run_command
    cur.execute(sql_statement)
psycopg2.errors.UniqueViolation: duplicate key value violates unique constraint "dag_runs_pkey"
DETAIL:  Key (dt, dag_id)=(2023-06-30, cnt_to_db) already exists.

[2023-06-30T10:26:28.837+0100] {taskinstance.py:1345} INFO - Marking task as FAILED. dag_id=cnt_to_db, task_id=insert_into_table, execution_date=20230630T091724, start_date=20230630T092628, end_date=20230630T092628
[2023-06-30T10:26:28.846+0100] {standard_task_runner.py:104} ERROR - Failed to execute job 8 for task insert_into_table (duplicate key value violates unique constraint "dag_runs_pkey"
DETAIL:  Key (dt, dag_id)=(2023-06-30, cnt_to_db) already exists.
; 133696)
[2023-06-30T10:26:28.866+0100] {local_task_job_runner.py:225} INFO - Task exited with return code 1
[2023-06-30T10:26:28.888+0100] {taskinstance.py:2653} INFO - 0 downstream tasks scheduled from follow-on schedule check
