[2023-07-05T10:43:15.650+0100] {taskinstance.py:1103} INFO - Dependencies all met for dep_context=non-requeueable deps ti=<TaskInstance: update_current_data_10.extract_current_data scheduled__2023-05-07T14:20:00+00:00 [queued]>
[2023-07-05T10:43:15.658+0100] {taskinstance.py:1103} INFO - Dependencies all met for dep_context=requeueable deps ti=<TaskInstance: update_current_data_10.extract_current_data scheduled__2023-05-07T14:20:00+00:00 [queued]>
[2023-07-05T10:43:15.658+0100] {taskinstance.py:1308} INFO - Starting attempt 1 of 3
[2023-07-05T10:43:15.669+0100] {taskinstance.py:1327} INFO - Executing <Task(PythonOperator): extract_current_data> on 2023-05-07 14:20:00+00:00
[2023-07-05T10:43:15.673+0100] {standard_task_runner.py:57} INFO - Started process 53768 to run task
[2023-07-05T10:43:15.676+0100] {standard_task_runner.py:84} INFO - Running: ['***', 'tasks', 'run', 'update_current_data_10', 'extract_current_data', 'scheduled__2023-05-07T14:20:00+00:00', '--job-id', '447', '--raw', '--subdir', '/home/haboubi/Desktop/api/API_weather/dags/update_current_dags.py', '--cfg-path', '/tmp/tmp6dg749jb']
[2023-07-05T10:43:15.677+0100] {standard_task_runner.py:85} INFO - Job 447: Subtask extract_current_data
[2023-07-05T10:43:15.741+0100] {task_command.py:410} INFO - Running <TaskInstance: update_current_data_10.extract_current_data scheduled__2023-05-07T14:20:00+00:00 [running]> on host haboubi-VivoBook-15-ASUS-Laptop-X540UB
[2023-07-05T10:43:15.834+0100] {taskinstance.py:1545} INFO - Exporting env vars: AIRFLOW_CTX_DAG_OWNER='haboubi' AIRFLOW_CTX_DAG_ID='update_current_data_10' AIRFLOW_CTX_TASK_ID='extract_current_data' AIRFLOW_CTX_EXECUTION_DATE='2023-05-07T14:20:00+00:00' AIRFLOW_CTX_TRY_NUMBER='1' AIRFLOW_CTX_DAG_RUN_ID='scheduled__2023-05-07T14:20:00+00:00'
[2023-07-05T10:43:19.769+0100] {python.py:183} INFO - Done. Returned value was: None
[2023-07-05T10:43:19.806+0100] {taskinstance.py:1345} INFO - Marking task as SUCCESS. dag_id=update_current_data_10, task_id=extract_current_data, execution_date=20230507T142000, start_date=20230705T094315, end_date=20230705T094319
[2023-07-05T10:43:19.829+0100] {local_task_job_runner.py:225} INFO - Task exited with return code 0
[2023-07-05T10:43:19.862+0100] {taskinstance.py:2653} INFO - 1 downstream tasks scheduled from follow-on schedule check
[2023-07-05T11:07:54.769+0100] {taskinstance.py:1103} INFO - Dependencies all met for dep_context=non-requeueable deps ti=<TaskInstance: update_current_data_10.extract_current_data scheduled__2023-05-07T14:20:00+00:00 [queued]>
[2023-07-05T11:07:54.781+0100] {taskinstance.py:1103} INFO - Dependencies all met for dep_context=requeueable deps ti=<TaskInstance: update_current_data_10.extract_current_data scheduled__2023-05-07T14:20:00+00:00 [queued]>
[2023-07-05T11:07:54.781+0100] {taskinstance.py:1308} INFO - Starting attempt 1 of 3
[2023-07-05T11:07:54.792+0100] {taskinstance.py:1327} INFO - Executing <Task(PythonOperator): extract_current_data> on 2023-05-07 14:20:00+00:00
[2023-07-05T11:07:54.797+0100] {standard_task_runner.py:57} INFO - Started process 73812 to run task
[2023-07-05T11:07:54.801+0100] {standard_task_runner.py:84} INFO - Running: ['***', 'tasks', 'run', 'update_current_data_10', 'extract_current_data', 'scheduled__2023-05-07T14:20:00+00:00', '--job-id', '759', '--raw', '--subdir', '/home/haboubi/Desktop/api/API_weather/dags/update_current_dags.py', '--cfg-path', '/tmp/tmprc1rc21t']
[2023-07-05T11:07:54.802+0100] {standard_task_runner.py:85} INFO - Job 759: Subtask extract_current_data
[2023-07-05T11:07:54.868+0100] {task_command.py:410} INFO - Running <TaskInstance: update_current_data_10.extract_current_data scheduled__2023-05-07T14:20:00+00:00 [running]> on host haboubi-VivoBook-15-ASUS-Laptop-X540UB
[2023-07-05T11:07:54.976+0100] {taskinstance.py:1545} INFO - Exporting env vars: AIRFLOW_CTX_DAG_OWNER='haboubi' AIRFLOW_CTX_DAG_ID='update_current_data_10' AIRFLOW_CTX_TASK_ID='extract_current_data' AIRFLOW_CTX_EXECUTION_DATE='2023-05-07T14:20:00+00:00' AIRFLOW_CTX_TRY_NUMBER='1' AIRFLOW_CTX_DAG_RUN_ID='scheduled__2023-05-07T14:20:00+00:00'
[2023-07-05T11:07:58.976+0100] {python.py:183} INFO - Done. Returned value was: None
[2023-07-05T11:07:59.038+0100] {taskinstance.py:1345} INFO - Marking task as SUCCESS. dag_id=update_current_data_10, task_id=extract_current_data, execution_date=20230507T142000, start_date=20230705T100754, end_date=20230705T100759
[2023-07-05T11:07:59.112+0100] {local_task_job_runner.py:225} INFO - Task exited with return code 0
[2023-07-05T11:07:59.177+0100] {taskinstance.py:2653} INFO - 1 downstream tasks scheduled from follow-on schedule check
