[2023-06-30T04:18:41.312+0100] {taskinstance.py:1103} INFO - Dependencies all met for dep_context=non-requeueable deps ti=<TaskInstance: using_taskflow_v2.get_name scheduled__0029-07-04T00:00:00+00:00 [queued]>
[2023-06-30T04:18:41.318+0100] {taskinstance.py:1103} INFO - Dependencies all met for dep_context=requeueable deps ti=<TaskInstance: using_taskflow_v2.get_name scheduled__0029-07-04T00:00:00+00:00 [queued]>
[2023-06-30T04:18:41.319+0100] {taskinstance.py:1308} INFO - Starting attempt 1 of 6
[2023-06-30T04:18:41.336+0100] {taskinstance.py:1327} INFO - Executing <Task(_PythonDecoratedOperator): get_name> on 0029-07-04 00:00:00+00:00
[2023-06-30T04:18:41.338+0100] {standard_task_runner.py:57} INFO - Started process 29571 to run task
[2023-06-30T04:18:41.341+0100] {standard_task_runner.py:84} INFO - Running: ['airflow', 'tasks', 'run', 'using_taskflow_v2', 'get_name', 'scheduled__0029-07-04T00:00:00+00:00', '--job-id', '180', '--raw', '--subdir', '/home/haboubi/Desktop/api/API_weather/dags/dag_create_py_api_taskflow.py', '--cfg-path', '/tmp/tmpst7ghcb7']
[2023-06-30T04:18:41.343+0100] {standard_task_runner.py:85} INFO - Job 180: Subtask get_name
[2023-06-30T04:18:41.375+0100] {task_command.py:410} INFO - Running <TaskInstance: using_taskflow_v2.get_name scheduled__0029-07-04T00:00:00+00:00 [running]> on host haboubi-VivoBook-15-ASUS-Laptop-X540UB
[2023-06-30T04:18:41.423+0100] {taskinstance.py:1545} INFO - Exporting env vars: AIRFLOW_CTX_DAG_OWNER='haboubi' AIRFLOW_CTX_DAG_ID='using_taskflow_v2' AIRFLOW_CTX_TASK_ID='get_name' AIRFLOW_CTX_EXECUTION_DATE='0029-07-04T00:00:00+00:00' AIRFLOW_CTX_TRY_NUMBER='1' AIRFLOW_CTX_DAG_RUN_ID='scheduled__0029-07-04T00:00:00+00:00'
[2023-06-30T04:18:41.424+0100] {python.py:183} INFO - Done. Returned value was: {'first_name': 'fadi', 'last_name': 'haboubi'}
[2023-06-30T04:18:41.435+0100] {taskinstance.py:1345} INFO - Marking task as SUCCESS. dag_id=using_taskflow_v2, task_id=get_name, execution_date=290704T000000, start_date=20230630T031841, end_date=20230630T031841
[2023-06-30T04:18:41.473+0100] {local_task_job_runner.py:225} INFO - Task exited with return code 0
[2023-06-30T04:18:41.490+0100] {taskinstance.py:2653} INFO - 0 downstream tasks scheduled from follow-on schedule check
[2023-06-30T04:20:58.284+0100] {taskinstance.py:1103} INFO - Dependencies all met for dep_context=non-requeueable deps ti=<TaskInstance: using_taskflow_v2.get_name scheduled__0029-07-04T00:00:00+00:00 [queued]>
[2023-06-30T04:20:58.290+0100] {taskinstance.py:1103} INFO - Dependencies all met for dep_context=requeueable deps ti=<TaskInstance: using_taskflow_v2.get_name scheduled__0029-07-04T00:00:00+00:00 [queued]>
[2023-06-30T04:20:58.291+0100] {taskinstance.py:1308} INFO - Starting attempt 1 of 6
[2023-06-30T04:20:58.303+0100] {taskinstance.py:1327} INFO - Executing <Task(_PythonDecoratedOperator): get_name> on 0029-07-04 00:00:00+00:00
[2023-06-30T04:20:58.305+0100] {standard_task_runner.py:57} INFO - Started process 31222 to run task
[2023-06-30T04:20:58.308+0100] {standard_task_runner.py:84} INFO - Running: ['airflow', 'tasks', 'run', 'using_taskflow_v2', 'get_name', 'scheduled__0029-07-04T00:00:00+00:00', '--job-id', '180', '--raw', '--subdir', '/home/haboubi/Desktop/api/API_weather/dags/dag_create_py_api_taskflow.py', '--cfg-path', '/tmp/tmpslbjvp2_']
[2023-06-30T04:20:58.310+0100] {standard_task_runner.py:85} INFO - Job 180: Subtask get_name
[2023-06-30T04:20:58.338+0100] {task_command.py:410} INFO - Running <TaskInstance: using_taskflow_v2.get_name scheduled__0029-07-04T00:00:00+00:00 [running]> on host haboubi-VivoBook-15-ASUS-Laptop-X540UB
[2023-06-30T04:20:58.388+0100] {taskinstance.py:1545} INFO - Exporting env vars: AIRFLOW_CTX_DAG_OWNER='haboubi' AIRFLOW_CTX_DAG_ID='using_taskflow_v2' AIRFLOW_CTX_TASK_ID='get_name' AIRFLOW_CTX_EXECUTION_DATE='0029-07-04T00:00:00+00:00' AIRFLOW_CTX_TRY_NUMBER='1' AIRFLOW_CTX_DAG_RUN_ID='scheduled__0029-07-04T00:00:00+00:00'
[2023-06-30T04:20:58.388+0100] {python.py:183} INFO - Done. Returned value was: {'first_name': 'fadi', 'last_name': 'haboubi'}
[2023-06-30T04:20:58.411+0100] {taskinstance.py:1345} INFO - Marking task as SUCCESS. dag_id=using_taskflow_v2, task_id=get_name, execution_date=290704T000000, start_date=20230630T032058, end_date=20230630T032058
[2023-06-30T04:20:58.440+0100] {local_task_job_runner.py:225} INFO - Task exited with return code 0
[2023-06-30T04:20:58.460+0100] {taskinstance.py:2653} INFO - 0 downstream tasks scheduled from follow-on schedule check
