[2023-07-08T09:14:51.304+0100] {taskinstance.py:1103} INFO - Dependencies all met for dep_context=non-requeueable deps ti=<TaskInstance: updated_day_hist_forcast_data.extract_updated_data scheduled__2023-07-07T00:00:00+00:00 [queued]>
[2023-07-08T09:14:51.317+0100] {taskinstance.py:1103} INFO - Dependencies all met for dep_context=requeueable deps ti=<TaskInstance: updated_day_hist_forcast_data.extract_updated_data scheduled__2023-07-07T00:00:00+00:00 [queued]>
[2023-07-08T09:14:51.317+0100] {taskinstance.py:1308} INFO - Starting attempt 1 of 3
[2023-07-08T09:14:51.341+0100] {taskinstance.py:1327} INFO - Executing <Task(PythonOperator): extract_updated_data> on 2023-07-07 00:00:00+00:00
[2023-07-08T09:14:51.351+0100] {standard_task_runner.py:57} INFO - Started process 12653 to run task
[2023-07-08T09:14:51.362+0100] {standard_task_runner.py:84} INFO - Running: ['***', 'tasks', 'run', 'updated_day_hist_forcast_data', 'extract_updated_data', 'scheduled__2023-07-07T00:00:00+00:00', '--job-id', '16928', '--raw', '--subdir', '/home/haboubi/Desktop/api/API_weather/dags/update_day_hist_forcast.py', '--cfg-path', '/tmp/tmppie6xqme']
[2023-07-08T09:14:51.366+0100] {standard_task_runner.py:85} INFO - Job 16928: Subtask extract_updated_data
[2023-07-08T09:14:51.469+0100] {task_command.py:410} INFO - Running <TaskInstance: updated_day_hist_forcast_data.extract_updated_data scheduled__2023-07-07T00:00:00+00:00 [running]> on host haboubi-VivoBook-15-ASUS-Laptop-X540UB
[2023-07-08T09:14:51.678+0100] {taskinstance.py:1545} INFO - Exporting env vars: AIRFLOW_CTX_DAG_OWNER='haboubi' AIRFLOW_CTX_DAG_ID='updated_day_hist_forcast_data' AIRFLOW_CTX_TASK_ID='extract_updated_data' AIRFLOW_CTX_EXECUTION_DATE='2023-07-07T00:00:00+00:00' AIRFLOW_CTX_TRY_NUMBER='1' AIRFLOW_CTX_DAG_RUN_ID='scheduled__2023-07-07T00:00:00+00:00'
[2023-07-08T09:14:51.716+0100] {logging_mixin.py:149} INFO - im here 2023
[2023-07-08T09:14:52.122+0100] {logging_mixin.py:149} INFO - im here 2023
[2023-07-08T09:14:52.427+0100] {logging_mixin.py:149} INFO - im here 2023
[2023-07-08T09:14:52.722+0100] {logging_mixin.py:149} INFO - im here 2023
[2023-07-08T09:14:52.994+0100] {logging_mixin.py:149} INFO - im here 2023
[2023-07-08T09:14:53.219+0100] {logging_mixin.py:149} INFO - im here 2023
[2023-07-08T09:14:53.445+0100] {logging_mixin.py:149} INFO - im here 2023
[2023-07-08T09:14:53.769+0100] {logging_mixin.py:149} INFO - im here 2023
[2023-07-08T09:14:54.139+0100] {logging_mixin.py:149} INFO - im here 2023
[2023-07-08T09:14:54.488+0100] {logging_mixin.py:149} INFO - im here 2023
[2023-07-08T09:14:54.721+0100] {logging_mixin.py:149} INFO - im here 2023
[2023-07-08T09:14:55.019+0100] {logging_mixin.py:149} INFO - im here 2023
[2023-07-08T09:14:55.313+0100] {logging_mixin.py:149} INFO - im here 2023
[2023-07-08T09:14:55.554+0100] {logging_mixin.py:149} INFO - im here 2023
[2023-07-08T09:14:55.846+0100] {logging_mixin.py:149} INFO - im here 2023
[2023-07-08T09:14:56.107+0100] {logging_mixin.py:149} INFO - im here 2023
[2023-07-08T09:14:56.451+0100] {logging_mixin.py:149} INFO - im here 2023
[2023-07-08T09:14:57.204+0100] {logging_mixin.py:149} INFO - im here 2023
[2023-07-08T09:14:57.444+0100] {logging_mixin.py:149} INFO - im here 2023
[2023-07-08T09:14:57.756+0100] {logging_mixin.py:149} INFO - im here 2023
[2023-07-08T09:15:04.467+0100] {python.py:183} INFO - Done. Returned value was: None
[2023-07-08T09:15:04.485+0100] {taskinstance.py:1345} INFO - Marking task as SUCCESS. dag_id=updated_day_hist_forcast_data, task_id=extract_updated_data, execution_date=20230707T000000, start_date=20230708T081451, end_date=20230708T081504
[2023-07-08T09:15:04.547+0100] {local_task_job_runner.py:225} INFO - Task exited with return code 0
[2023-07-08T09:15:04.583+0100] {taskinstance.py:2653} INFO - 1 downstream tasks scheduled from follow-on schedule check
