[2023-07-05T10:46:24.882+0100] {taskinstance.py:1103} INFO - Dependencies all met for dep_context=non-requeueable deps ti=<TaskInstance: update_current_data_10.extract_current_data scheduled__2023-05-07T17:00:00+00:00 [queued]>
[2023-07-05T10:46:24.891+0100] {taskinstance.py:1103} INFO - Dependencies all met for dep_context=requeueable deps ti=<TaskInstance: update_current_data_10.extract_current_data scheduled__2023-05-07T17:00:00+00:00 [queued]>
[2023-07-05T10:46:24.892+0100] {taskinstance.py:1308} INFO - Starting attempt 1 of 3
[2023-07-05T10:46:24.904+0100] {taskinstance.py:1327} INFO - Executing <Task(PythonOperator): extract_current_data> on 2023-05-07 17:00:00+00:00
[2023-07-05T10:46:24.907+0100] {standard_task_runner.py:57} INFO - Started process 56355 to run task
[2023-07-05T10:46:24.913+0100] {standard_task_runner.py:84} INFO - Running: ['***', 'tasks', 'run', 'update_current_data_10', 'extract_current_data', 'scheduled__2023-05-07T17:00:00+00:00', '--job-id', '498', '--raw', '--subdir', '/home/haboubi/Desktop/api/API_weather/dags/update_current_dags.py', '--cfg-path', '/tmp/tmp5cseiwe9']
[2023-07-05T10:46:24.914+0100] {standard_task_runner.py:85} INFO - Job 498: Subtask extract_current_data
[2023-07-05T10:46:24.987+0100] {task_command.py:410} INFO - Running <TaskInstance: update_current_data_10.extract_current_data scheduled__2023-05-07T17:00:00+00:00 [running]> on host haboubi-VivoBook-15-ASUS-Laptop-X540UB
[2023-07-05T10:46:25.091+0100] {taskinstance.py:1545} INFO - Exporting env vars: AIRFLOW_CTX_DAG_OWNER='haboubi' AIRFLOW_CTX_DAG_ID='update_current_data_10' AIRFLOW_CTX_TASK_ID='extract_current_data' AIRFLOW_CTX_EXECUTION_DATE='2023-05-07T17:00:00+00:00' AIRFLOW_CTX_TRY_NUMBER='1' AIRFLOW_CTX_DAG_RUN_ID='scheduled__2023-05-07T17:00:00+00:00'
[2023-07-05T10:46:29.000+0100] {python.py:183} INFO - Done. Returned value was: None
[2023-07-05T10:46:29.062+0100] {taskinstance.py:1345} INFO - Marking task as SUCCESS. dag_id=update_current_data_10, task_id=extract_current_data, execution_date=20230507T170000, start_date=20230705T094624, end_date=20230705T094629
[2023-07-05T10:46:29.144+0100] {local_task_job_runner.py:225} INFO - Task exited with return code 0
[2023-07-05T10:46:29.224+0100] {taskinstance.py:2653} INFO - 1 downstream tasks scheduled from follow-on schedule check
[2023-07-05T11:09:56.140+0100] {taskinstance.py:1103} INFO - Dependencies all met for dep_context=non-requeueable deps ti=<TaskInstance: update_current_data_10.extract_current_data scheduled__2023-05-07T17:00:00+00:00 [queued]>
[2023-07-05T11:09:56.150+0100] {taskinstance.py:1103} INFO - Dependencies all met for dep_context=requeueable deps ti=<TaskInstance: update_current_data_10.extract_current_data scheduled__2023-05-07T17:00:00+00:00 [queued]>
[2023-07-05T11:09:56.150+0100] {taskinstance.py:1308} INFO - Starting attempt 1 of 3
[2023-07-05T11:09:56.161+0100] {taskinstance.py:1327} INFO - Executing <Task(PythonOperator): extract_current_data> on 2023-05-07 17:00:00+00:00
[2023-07-05T11:09:56.166+0100] {standard_task_runner.py:57} INFO - Started process 76375 to run task
[2023-07-05T11:09:56.169+0100] {standard_task_runner.py:84} INFO - Running: ['***', 'tasks', 'run', 'update_current_data_10', 'extract_current_data', 'scheduled__2023-05-07T17:00:00+00:00', '--job-id', '790', '--raw', '--subdir', '/home/haboubi/Desktop/api/API_weather/dags/update_current_dags.py', '--cfg-path', '/tmp/tmprbxfogih']
[2023-07-05T11:09:56.170+0100] {standard_task_runner.py:85} INFO - Job 790: Subtask extract_current_data
[2023-07-05T11:09:56.233+0100] {task_command.py:410} INFO - Running <TaskInstance: update_current_data_10.extract_current_data scheduled__2023-05-07T17:00:00+00:00 [running]> on host haboubi-VivoBook-15-ASUS-Laptop-X540UB
[2023-07-05T11:09:56.358+0100] {taskinstance.py:1545} INFO - Exporting env vars: AIRFLOW_CTX_DAG_OWNER='haboubi' AIRFLOW_CTX_DAG_ID='update_current_data_10' AIRFLOW_CTX_TASK_ID='extract_current_data' AIRFLOW_CTX_EXECUTION_DATE='2023-05-07T17:00:00+00:00' AIRFLOW_CTX_TRY_NUMBER='1' AIRFLOW_CTX_DAG_RUN_ID='scheduled__2023-05-07T17:00:00+00:00'
[2023-07-05T11:10:00.247+0100] {python.py:183} INFO - Done. Returned value was: None
[2023-07-05T11:10:00.280+0100] {taskinstance.py:1345} INFO - Marking task as SUCCESS. dag_id=update_current_data_10, task_id=extract_current_data, execution_date=20230507T170000, start_date=20230705T100956, end_date=20230705T101000
[2023-07-05T11:10:00.324+0100] {local_task_job_runner.py:225} INFO - Task exited with return code 0
[2023-07-05T11:10:00.358+0100] {taskinstance.py:2653} INFO - 1 downstream tasks scheduled from follow-on schedule check
