[2023-07-08T09:14:44.222+0100] {taskinstance.py:1103} INFO - Dependencies all met for dep_context=non-requeueable deps ti=<TaskInstance: updated_day_hist_forcast_data.load_updated_data_hist_forcast scheduled__2023-07-05T00:00:00+00:00 [queued]>
[2023-07-08T09:14:44.237+0100] {taskinstance.py:1103} INFO - Dependencies all met for dep_context=requeueable deps ti=<TaskInstance: updated_day_hist_forcast_data.load_updated_data_hist_forcast scheduled__2023-07-05T00:00:00+00:00 [queued]>
[2023-07-08T09:14:44.238+0100] {taskinstance.py:1308} INFO - Starting attempt 1 of 3
[2023-07-08T09:14:44.256+0100] {taskinstance.py:1327} INFO - Executing <Task(PythonOperator): load_updated_data_hist_forcast> on 2023-07-05 00:00:00+00:00
[2023-07-08T09:14:44.262+0100] {standard_task_runner.py:57} INFO - Started process 12515 to run task
[2023-07-08T09:14:44.267+0100] {standard_task_runner.py:84} INFO - Running: ['***', 'tasks', 'run', 'updated_day_hist_forcast_data', 'load_updated_data_hist_forcast', 'scheduled__2023-07-05T00:00:00+00:00', '--job-id', '16926', '--raw', '--subdir', '/home/haboubi/Desktop/api/API_weather/dags/update_day_hist_forcast.py', '--cfg-path', '/tmp/tmpht4dduu5']
[2023-07-08T09:14:44.271+0100] {standard_task_runner.py:85} INFO - Job 16926: Subtask load_updated_data_hist_forcast
[2023-07-08T09:14:44.374+0100] {task_command.py:410} INFO - Running <TaskInstance: updated_day_hist_forcast_data.load_updated_data_hist_forcast scheduled__2023-07-05T00:00:00+00:00 [running]> on host haboubi-VivoBook-15-ASUS-Laptop-X540UB
[2023-07-08T09:14:44.514+0100] {taskinstance.py:1545} INFO - Exporting env vars: AIRFLOW_CTX_DAG_OWNER='haboubi' AIRFLOW_CTX_DAG_ID='updated_day_hist_forcast_data' AIRFLOW_CTX_TASK_ID='load_updated_data_hist_forcast' AIRFLOW_CTX_EXECUTION_DATE='2023-07-05T00:00:00+00:00' AIRFLOW_CTX_TRY_NUMBER='1' AIRFLOW_CTX_DAG_RUN_ID='scheduled__2023-07-05T00:00:00+00:00'
[2023-07-08T09:14:44.523+0100] {logging_mixin.py:149} INFO - debug prb: Paris
[2023-07-08T09:14:44.582+0100] {logging_mixin.py:149} INFO - last_time_updated: 2023-07-07
[2023-07-08T09:14:44.583+0100] {logging_mixin.py:149} INFO - debug prb: London
[2023-07-08T09:14:44.616+0100] {logging_mixin.py:149} INFO - last_time_updated: 2023-07-07
[2023-07-08T09:14:44.617+0100] {logging_mixin.py:149} INFO - debug prb: Barcelona
[2023-07-08T09:14:44.651+0100] {logging_mixin.py:149} INFO - last_time_updated: 2023-07-07
[2023-07-08T09:14:44.653+0100] {logging_mixin.py:149} INFO - debug prb: Rome
[2023-07-08T09:14:44.678+0100] {logging_mixin.py:149} INFO - last_time_updated: 2023-07-07
[2023-07-08T09:14:44.678+0100] {logging_mixin.py:149} INFO - debug prb: New York
[2023-07-08T09:14:44.700+0100] {logging_mixin.py:149} INFO - last_time_updated: 2023-07-07
[2023-07-08T09:14:44.701+0100] {logging_mixin.py:149} INFO - debug prb: Tokyo
[2023-07-08T09:14:44.723+0100] {logging_mixin.py:149} INFO - last_time_updated: 2023-07-07
[2023-07-08T09:14:44.724+0100] {logging_mixin.py:149} INFO - debug prb: Istanbul
[2023-07-08T09:14:44.743+0100] {logging_mixin.py:149} INFO - last_time_updated: 2023-07-07
[2023-07-08T09:14:44.744+0100] {logging_mixin.py:149} INFO - debug prb: Dubai
[2023-07-08T09:14:44.763+0100] {logging_mixin.py:149} INFO - last_time_updated: 2023-07-07
[2023-07-08T09:14:44.763+0100] {logging_mixin.py:149} INFO - debug prb: Sydney
[2023-07-08T09:14:44.782+0100] {logging_mixin.py:149} INFO - last_time_updated: 2023-07-07
[2023-07-08T09:14:44.783+0100] {logging_mixin.py:149} INFO - debug prb: Bangkok
[2023-07-08T09:14:44.802+0100] {logging_mixin.py:149} INFO - last_time_updated: 2023-07-07
[2023-07-08T09:14:44.803+0100] {logging_mixin.py:149} INFO - debug prb: Amsterdam
[2023-07-08T09:14:44.825+0100] {logging_mixin.py:149} INFO - last_time_updated: 2023-07-07
[2023-07-08T09:14:44.825+0100] {logging_mixin.py:149} INFO - debug prb: Rio De Janeiro
[2023-07-08T09:14:44.845+0100] {logging_mixin.py:149} INFO - last_time_updated: 2023-07-07
[2023-07-08T09:14:44.845+0100] {logging_mixin.py:149} INFO - debug prb: Prague
[2023-07-08T09:14:44.863+0100] {logging_mixin.py:149} INFO - last_time_updated: 2023-07-07
[2023-07-08T09:14:44.864+0100] {logging_mixin.py:149} INFO - debug prb: Cape Town
[2023-07-08T09:14:44.884+0100] {logging_mixin.py:149} INFO - last_time_updated: 2023-07-07
[2023-07-08T09:14:44.885+0100] {logging_mixin.py:149} INFO - debug prb: Buenos Aires
[2023-07-08T09:14:44.904+0100] {logging_mixin.py:149} INFO - last_time_updated: 2023-07-07
[2023-07-08T09:14:44.905+0100] {logging_mixin.py:149} INFO - debug prb: Berlin
[2023-07-08T09:14:44.922+0100] {logging_mixin.py:149} INFO - last_time_updated: 2023-07-07
[2023-07-08T09:14:44.922+0100] {logging_mixin.py:149} INFO - debug prb: Singapore
[2023-07-08T09:14:44.943+0100] {logging_mixin.py:149} INFO - last_time_updated: 2023-07-07
[2023-07-08T09:14:44.943+0100] {logging_mixin.py:149} INFO - debug prb: Florence
[2023-07-08T09:14:44.962+0100] {logging_mixin.py:149} INFO - last_time_updated: 2023-07-07
[2023-07-08T09:14:44.962+0100] {logging_mixin.py:149} INFO - debug prb: San Francisco
[2023-07-08T09:14:44.981+0100] {logging_mixin.py:149} INFO - last_time_updated: 2023-07-07
[2023-07-08T09:14:44.982+0100] {logging_mixin.py:149} INFO - debug prb: Marrakech
[2023-07-08T09:14:45.009+0100] {logging_mixin.py:149} INFO - last_time_updated: 2023-07-07
[2023-07-08T09:14:45.022+0100] {python.py:183} INFO - Done. Returned value was: 0
[2023-07-08T09:14:45.067+0100] {taskinstance.py:1345} INFO - Marking task as SUCCESS. dag_id=updated_day_hist_forcast_data, task_id=load_updated_data_hist_forcast, execution_date=20230705T000000, start_date=20230708T081444, end_date=20230708T081445
[2023-07-08T09:14:45.122+0100] {local_task_job_runner.py:225} INFO - Task exited with return code 0
[2023-07-08T09:14:45.162+0100] {taskinstance.py:2653} INFO - 2 downstream tasks scheduled from follow-on schedule check
