[2023-07-03T16:35:38.581+0100] {taskinstance.py:1103} INFO - Dependencies all met for dep_context=non-requeueable deps ti=<TaskInstance: updated_day_hist.extract_updated_data manual__2023-07-03T15:35:31.838573+00:00 [queued]>
[2023-07-03T16:35:38.591+0100] {taskinstance.py:1103} INFO - Dependencies all met for dep_context=requeueable deps ti=<TaskInstance: updated_day_hist.extract_updated_data manual__2023-07-03T15:35:31.838573+00:00 [queued]>
[2023-07-03T16:35:38.592+0100] {taskinstance.py:1308} INFO - Starting attempt 1 of 3
[2023-07-03T16:35:38.602+0100] {taskinstance.py:1327} INFO - Executing <Task(PythonOperator): extract_updated_data> on 2023-07-03 15:35:31.838573+00:00
[2023-07-03T16:35:38.607+0100] {standard_task_runner.py:57} INFO - Started process 17692 to run task
[2023-07-03T16:35:38.610+0100] {standard_task_runner.py:84} INFO - Running: ['***', 'tasks', 'run', 'updated_day_hist', 'extract_updated_data', 'manual__2023-07-03T15:35:31.838573+00:00', '--job-id', '72', '--raw', '--subdir', '/home/haboubi/Desktop/api/API_weather/dags/update_day_hist.py', '--cfg-path', '/tmp/tmpd8zctrav']
[2023-07-03T16:35:38.612+0100] {standard_task_runner.py:85} INFO - Job 72: Subtask extract_updated_data
[2023-07-03T16:35:38.680+0100] {task_command.py:410} INFO - Running <TaskInstance: updated_day_hist.extract_updated_data manual__2023-07-03T15:35:31.838573+00:00 [running]> on host haboubi-VivoBook-15-ASUS-Laptop-X540UB
[2023-07-03T16:35:38.781+0100] {taskinstance.py:1545} INFO - Exporting env vars: AIRFLOW_CTX_DAG_OWNER='haboubi' AIRFLOW_CTX_DAG_ID='updated_day_hist' AIRFLOW_CTX_TASK_ID='extract_updated_data' AIRFLOW_CTX_EXECUTION_DATE='2023-07-03T15:35:31.838573+00:00' AIRFLOW_CTX_TRY_NUMBER='1' AIRFLOW_CTX_DAG_RUN_ID='manual__2023-07-03T15:35:31.838573+00:00'
[2023-07-03T16:35:38.804+0100] {logging_mixin.py:149} INFO - im here 2023
[2023-07-03T16:35:39.132+0100] {logging_mixin.py:149} INFO - im here 2023
[2023-07-03T16:35:39.571+0100] {logging_mixin.py:149} INFO - im here 2023
[2023-07-03T16:35:39.950+0100] {logging_mixin.py:149} INFO - im here 2023
[2023-07-03T16:35:40.265+0100] {logging_mixin.py:149} INFO - im here 2023
[2023-07-03T16:35:40.601+0100] {logging_mixin.py:149} INFO - im here 2023
[2023-07-03T16:35:41.142+0100] {logging_mixin.py:149} INFO - im here 2023
[2023-07-03T16:35:41.527+0100] {logging_mixin.py:149} INFO - im here 2023
[2023-07-03T16:35:41.810+0100] {logging_mixin.py:149} INFO - im here 2023
[2023-07-03T16:35:42.277+0100] {logging_mixin.py:149} INFO - im here 2023
[2023-07-03T16:35:42.529+0100] {logging_mixin.py:149} INFO - im here 2023
[2023-07-03T16:35:42.784+0100] {logging_mixin.py:149} INFO - im here 2023
[2023-07-03T16:35:43.184+0100] {logging_mixin.py:149} INFO - im here 2023
[2023-07-03T16:35:43.466+0100] {logging_mixin.py:149} INFO - im here 2023
[2023-07-03T16:35:43.957+0100] {logging_mixin.py:149} INFO - im here 2023
[2023-07-03T16:35:44.444+0100] {logging_mixin.py:149} INFO - im here 2023
[2023-07-03T16:35:45.017+0100] {logging_mixin.py:149} INFO - im here 2023
[2023-07-03T16:35:45.322+0100] {logging_mixin.py:149} INFO - im here 2023
[2023-07-03T16:35:45.656+0100] {logging_mixin.py:149} INFO - im here 2023
[2023-07-03T16:35:45.994+0100] {logging_mixin.py:149} INFO - im here 2023
[2023-07-03T16:35:46.347+0100] {python.py:183} INFO - Done. Returned value was: None
[2023-07-03T16:35:46.372+0100] {taskinstance.py:1345} INFO - Marking task as SUCCESS. dag_id=updated_day_hist, task_id=extract_updated_data, execution_date=20230703T153531, start_date=20230703T153538, end_date=20230703T153546
[2023-07-03T16:35:46.422+0100] {local_task_job_runner.py:225} INFO - Task exited with return code 0
[2023-07-03T16:35:46.457+0100] {taskinstance.py:2653} INFO - 1 downstream tasks scheduled from follow-on schedule check
