[2023-06-30T04:19:34.339+0100] {taskinstance.py:1103} INFO - Dependencies all met for dep_context=non-requeueable deps ti=<TaskInstance: using_taskflow_v2.greet scheduled__0029-07-10T00:00:00+00:00 [queued]>
[2023-06-30T04:19:34.348+0100] {taskinstance.py:1103} INFO - Dependencies all met for dep_context=requeueable deps ti=<TaskInstance: using_taskflow_v2.greet scheduled__0029-07-10T00:00:00+00:00 [queued]>
[2023-06-30T04:19:34.349+0100] {taskinstance.py:1308} INFO - Starting attempt 1 of 6
[2023-06-30T04:19:34.369+0100] {taskinstance.py:1327} INFO - Executing <Task(_PythonDecoratedOperator): greet> on 0029-07-10 00:00:00+00:00
[2023-06-30T04:19:34.373+0100] {standard_task_runner.py:57} INFO - Started process 30093 to run task
[2023-06-30T04:19:34.378+0100] {standard_task_runner.py:84} INFO - Running: ['airflow', 'tasks', 'run', 'using_taskflow_v2', 'greet', 'scheduled__0029-07-10T00:00:00+00:00', '--job-id', '203', '--raw', '--subdir', '/home/haboubi/Desktop/api/API_weather/dags/dag_create_py_api_taskflow.py', '--cfg-path', '/tmp/tmpf6afakyj']
[2023-06-30T04:19:34.380+0100] {standard_task_runner.py:85} INFO - Job 203: Subtask greet
[2023-06-30T04:19:34.424+0100] {task_command.py:410} INFO - Running <TaskInstance: using_taskflow_v2.greet scheduled__0029-07-10T00:00:00+00:00 [running]> on host haboubi-VivoBook-15-ASUS-Laptop-X540UB
[2023-06-30T04:19:34.491+0100] {taskinstance.py:1545} INFO - Exporting env vars: AIRFLOW_CTX_DAG_OWNER='haboubi' AIRFLOW_CTX_DAG_ID='using_taskflow_v2' AIRFLOW_CTX_TASK_ID='greet' AIRFLOW_CTX_EXECUTION_DATE='0029-07-10T00:00:00+00:00' AIRFLOW_CTX_TRY_NUMBER='1' AIRFLOW_CTX_DAG_RUN_ID='scheduled__0029-07-10T00:00:00+00:00'
[2023-06-30T04:19:34.492+0100] {logging_mixin.py:149} INFO - hello my name is fadi hello my prenom is haboubi and im 18 years old
[2023-06-30T04:19:34.492+0100] {python.py:183} INFO - Done. Returned value was: None
[2023-06-30T04:19:34.498+0100] {taskinstance.py:1345} INFO - Marking task as SUCCESS. dag_id=using_taskflow_v2, task_id=greet, execution_date=290710T000000, start_date=20230630T031934, end_date=20230630T031934
[2023-06-30T04:19:34.513+0100] {local_task_job_runner.py:225} INFO - Task exited with return code 0
[2023-06-30T04:19:34.523+0100] {taskinstance.py:2653} INFO - 0 downstream tasks scheduled from follow-on schedule check
[2023-06-30T04:21:38.273+0100] {taskinstance.py:1103} INFO - Dependencies all met for dep_context=non-requeueable deps ti=<TaskInstance: using_taskflow_v2.greet scheduled__0029-07-10T00:00:00+00:00 [queued]>
[2023-06-30T04:21:38.279+0100] {taskinstance.py:1103} INFO - Dependencies all met for dep_context=requeueable deps ti=<TaskInstance: using_taskflow_v2.greet scheduled__0029-07-10T00:00:00+00:00 [queued]>
[2023-06-30T04:21:38.279+0100] {taskinstance.py:1308} INFO - Starting attempt 1 of 6
[2023-06-30T04:21:38.291+0100] {taskinstance.py:1327} INFO - Executing <Task(_PythonDecoratedOperator): greet> on 0029-07-10 00:00:00+00:00
[2023-06-30T04:21:38.294+0100] {standard_task_runner.py:57} INFO - Started process 31533 to run task
[2023-06-30T04:21:38.297+0100] {standard_task_runner.py:84} INFO - Running: ['airflow', 'tasks', 'run', 'using_taskflow_v2', 'greet', 'scheduled__0029-07-10T00:00:00+00:00', '--job-id', '201', '--raw', '--subdir', '/home/haboubi/Desktop/api/API_weather/dags/dag_create_py_api_taskflow.py', '--cfg-path', '/tmp/tmpmc17shzf']
[2023-06-30T04:21:38.298+0100] {standard_task_runner.py:85} INFO - Job 201: Subtask greet
[2023-06-30T04:21:38.326+0100] {task_command.py:410} INFO - Running <TaskInstance: using_taskflow_v2.greet scheduled__0029-07-10T00:00:00+00:00 [running]> on host haboubi-VivoBook-15-ASUS-Laptop-X540UB
[2023-06-30T04:21:38.384+0100] {taskinstance.py:1545} INFO - Exporting env vars: AIRFLOW_CTX_DAG_OWNER='haboubi' AIRFLOW_CTX_DAG_ID='using_taskflow_v2' AIRFLOW_CTX_TASK_ID='greet' AIRFLOW_CTX_EXECUTION_DATE='0029-07-10T00:00:00+00:00' AIRFLOW_CTX_TRY_NUMBER='1' AIRFLOW_CTX_DAG_RUN_ID='scheduled__0029-07-10T00:00:00+00:00'
[2023-06-30T04:21:38.385+0100] {logging_mixin.py:149} INFO - hello my name is fadi hello my prenom is haboubi and im 18 years old
[2023-06-30T04:21:38.385+0100] {python.py:183} INFO - Done. Returned value was: None
[2023-06-30T04:21:38.389+0100] {taskinstance.py:1345} INFO - Marking task as SUCCESS. dag_id=using_taskflow_v2, task_id=greet, execution_date=290710T000000, start_date=20230630T032138, end_date=20230630T032138
[2023-06-30T04:21:38.429+0100] {local_task_job_runner.py:225} INFO - Task exited with return code 0
[2023-06-30T04:21:38.449+0100] {taskinstance.py:2653} INFO - 0 downstream tasks scheduled from follow-on schedule check
