[2023-07-05T10:42:13.717+0100] {taskinstance.py:1103} INFO - Dependencies all met for dep_context=non-requeueable deps ti=<TaskInstance: update_current_data_10.trigger_location_db scheduled__2023-05-07T13:40:00+00:00 [queued]>
[2023-07-05T10:42:13.725+0100] {taskinstance.py:1103} INFO - Dependencies all met for dep_context=requeueable deps ti=<TaskInstance: update_current_data_10.trigger_location_db scheduled__2023-05-07T13:40:00+00:00 [queued]>
[2023-07-05T10:42:13.726+0100] {taskinstance.py:1308} INFO - Starting attempt 1 of 3
[2023-07-05T10:42:13.736+0100] {taskinstance.py:1327} INFO - Executing <Task(PythonOperator): trigger_location_db> on 2023-05-07 13:40:00+00:00
[2023-07-05T10:42:13.741+0100] {standard_task_runner.py:57} INFO - Started process 52806 to run task
[2023-07-05T10:42:13.745+0100] {standard_task_runner.py:84} INFO - Running: ['***', 'tasks', 'run', 'update_current_data_10', 'trigger_location_db', 'scheduled__2023-05-07T13:40:00+00:00', '--job-id', '427', '--raw', '--subdir', '/home/haboubi/Desktop/api/API_weather/dags/update_current_dags.py', '--cfg-path', '/tmp/tmp0ksf9tuu']
[2023-07-05T10:42:13.746+0100] {standard_task_runner.py:85} INFO - Job 427: Subtask trigger_location_db
[2023-07-05T10:42:13.834+0100] {task_command.py:410} INFO - Running <TaskInstance: update_current_data_10.trigger_location_db scheduled__2023-05-07T13:40:00+00:00 [running]> on host haboubi-VivoBook-15-ASUS-Laptop-X540UB
[2023-07-05T10:42:13.952+0100] {taskinstance.py:1545} INFO - Exporting env vars: AIRFLOW_CTX_DAG_OWNER='haboubi' AIRFLOW_CTX_DAG_ID='update_current_data_10' AIRFLOW_CTX_TASK_ID='trigger_location_db' AIRFLOW_CTX_EXECUTION_DATE='2023-05-07T13:40:00+00:00' AIRFLOW_CTX_TRY_NUMBER='1' AIRFLOW_CTX_DAG_RUN_ID='scheduled__2023-05-07T13:40:00+00:00'
[2023-07-05T10:42:14.002+0100] {python.py:183} INFO - Done. Returned value was: None
[2023-07-05T10:42:14.020+0100] {taskinstance.py:1345} INFO - Marking task as SUCCESS. dag_id=update_current_data_10, task_id=trigger_location_db, execution_date=20230507T134000, start_date=20230705T094213, end_date=20230705T094214
[2023-07-05T10:42:14.077+0100] {local_task_job_runner.py:225} INFO - Task exited with return code 0
[2023-07-05T10:42:14.118+0100] {taskinstance.py:2653} INFO - 1 downstream tasks scheduled from follow-on schedule check
[2023-07-05T11:06:57.370+0100] {taskinstance.py:1103} INFO - Dependencies all met for dep_context=non-requeueable deps ti=<TaskInstance: update_current_data_10.trigger_location_db scheduled__2023-05-07T13:40:00+00:00 [queued]>
[2023-07-05T11:06:57.378+0100] {taskinstance.py:1103} INFO - Dependencies all met for dep_context=requeueable deps ti=<TaskInstance: update_current_data_10.trigger_location_db scheduled__2023-05-07T13:40:00+00:00 [queued]>
[2023-07-05T11:06:57.378+0100] {taskinstance.py:1308} INFO - Starting attempt 1 of 3
[2023-07-05T11:06:57.388+0100] {taskinstance.py:1327} INFO - Executing <Task(PythonOperator): trigger_location_db> on 2023-05-07 13:40:00+00:00
[2023-07-05T11:06:57.393+0100] {standard_task_runner.py:57} INFO - Started process 72683 to run task
[2023-07-05T11:06:57.396+0100] {standard_task_runner.py:84} INFO - Running: ['***', 'tasks', 'run', 'update_current_data_10', 'trigger_location_db', 'scheduled__2023-05-07T13:40:00+00:00', '--job-id', '742', '--raw', '--subdir', '/home/haboubi/Desktop/api/API_weather/dags/update_current_dags.py', '--cfg-path', '/tmp/tmpzepsp6jz']
[2023-07-05T11:06:57.397+0100] {standard_task_runner.py:85} INFO - Job 742: Subtask trigger_location_db
[2023-07-05T11:06:57.467+0100] {task_command.py:410} INFO - Running <TaskInstance: update_current_data_10.trigger_location_db scheduled__2023-05-07T13:40:00+00:00 [running]> on host haboubi-VivoBook-15-ASUS-Laptop-X540UB
[2023-07-05T11:06:57.584+0100] {taskinstance.py:1545} INFO - Exporting env vars: AIRFLOW_CTX_DAG_OWNER='haboubi' AIRFLOW_CTX_DAG_ID='update_current_data_10' AIRFLOW_CTX_TASK_ID='trigger_location_db' AIRFLOW_CTX_EXECUTION_DATE='2023-05-07T13:40:00+00:00' AIRFLOW_CTX_TRY_NUMBER='1' AIRFLOW_CTX_DAG_RUN_ID='scheduled__2023-05-07T13:40:00+00:00'
[2023-07-05T11:06:57.633+0100] {python.py:183} INFO - Done. Returned value was: None
[2023-07-05T11:06:57.650+0100] {taskinstance.py:1345} INFO - Marking task as SUCCESS. dag_id=update_current_data_10, task_id=trigger_location_db, execution_date=20230507T134000, start_date=20230705T100657, end_date=20230705T100657
[2023-07-05T11:06:57.688+0100] {local_task_job_runner.py:225} INFO - Task exited with return code 0
[2023-07-05T11:06:57.747+0100] {taskinstance.py:2653} INFO - 1 downstream tasks scheduled from follow-on schedule check
