[2023-07-08T09:14:28.614+0100] {taskinstance.py:1103} INFO - Dependencies all met for dep_context=non-requeueable deps ti=<TaskInstance: updated_day_hist_forcast_data.extract_updated_data scheduled__2023-07-06T00:00:00+00:00 [queued]>
[2023-07-08T09:14:28.625+0100] {taskinstance.py:1103} INFO - Dependencies all met for dep_context=requeueable deps ti=<TaskInstance: updated_day_hist_forcast_data.extract_updated_data scheduled__2023-07-06T00:00:00+00:00 [queued]>
[2023-07-08T09:14:28.625+0100] {taskinstance.py:1308} INFO - Starting attempt 1 of 3
[2023-07-08T09:14:28.639+0100] {taskinstance.py:1327} INFO - Executing <Task(PythonOperator): extract_updated_data> on 2023-07-06 00:00:00+00:00
[2023-07-08T09:14:28.643+0100] {standard_task_runner.py:57} INFO - Started process 12295 to run task
[2023-07-08T09:14:28.646+0100] {standard_task_runner.py:84} INFO - Running: ['***', 'tasks', 'run', 'updated_day_hist_forcast_data', 'extract_updated_data', 'scheduled__2023-07-06T00:00:00+00:00', '--job-id', '16925', '--raw', '--subdir', '/home/haboubi/Desktop/api/API_weather/dags/update_day_hist_forcast.py', '--cfg-path', '/tmp/tmprm6ng_71']
[2023-07-08T09:14:28.647+0100] {standard_task_runner.py:85} INFO - Job 16925: Subtask extract_updated_data
[2023-07-08T09:14:28.712+0100] {task_command.py:410} INFO - Running <TaskInstance: updated_day_hist_forcast_data.extract_updated_data scheduled__2023-07-06T00:00:00+00:00 [running]> on host haboubi-VivoBook-15-ASUS-Laptop-X540UB
[2023-07-08T09:14:28.822+0100] {taskinstance.py:1545} INFO - Exporting env vars: AIRFLOW_CTX_DAG_OWNER='haboubi' AIRFLOW_CTX_DAG_ID='updated_day_hist_forcast_data' AIRFLOW_CTX_TASK_ID='extract_updated_data' AIRFLOW_CTX_EXECUTION_DATE='2023-07-06T00:00:00+00:00' AIRFLOW_CTX_TRY_NUMBER='1' AIRFLOW_CTX_DAG_RUN_ID='scheduled__2023-07-06T00:00:00+00:00'
[2023-07-08T09:14:28.844+0100] {logging_mixin.py:149} INFO - im here 2023
[2023-07-08T09:14:29.147+0100] {logging_mixin.py:149} INFO - im here 2023
[2023-07-08T09:14:29.388+0100] {logging_mixin.py:149} INFO - im here 2023
[2023-07-08T09:14:29.702+0100] {logging_mixin.py:149} INFO - im here 2023
[2023-07-08T09:14:29.951+0100] {logging_mixin.py:149} INFO - im here 2023
[2023-07-08T09:14:30.249+0100] {logging_mixin.py:149} INFO - im here 2023
[2023-07-08T09:14:30.477+0100] {logging_mixin.py:149} INFO - im here 2023
[2023-07-08T09:14:30.715+0100] {logging_mixin.py:149} INFO - im here 2023
[2023-07-08T09:14:31.011+0100] {logging_mixin.py:149} INFO - im here 2023
[2023-07-08T09:14:31.319+0100] {logging_mixin.py:149} INFO - im here 2023
[2023-07-08T09:14:31.679+0100] {logging_mixin.py:149} INFO - im here 2023
[2023-07-08T09:14:31.985+0100] {logging_mixin.py:149} INFO - im here 2023
[2023-07-08T09:14:32.253+0100] {logging_mixin.py:149} INFO - im here 2023
[2023-07-08T09:14:32.493+0100] {logging_mixin.py:149} INFO - im here 2023
[2023-07-08T09:14:32.779+0100] {logging_mixin.py:149} INFO - im here 2023
[2023-07-08T09:14:33.024+0100] {logging_mixin.py:149} INFO - im here 2023
[2023-07-08T09:14:33.359+0100] {logging_mixin.py:149} INFO - im here 2023
[2023-07-08T09:14:33.595+0100] {logging_mixin.py:149} INFO - im here 2023
[2023-07-08T09:14:33.844+0100] {logging_mixin.py:149} INFO - im here 2023
[2023-07-08T09:14:34.084+0100] {logging_mixin.py:149} INFO - im here 2023
[2023-07-08T09:14:41.272+0100] {python.py:183} INFO - Done. Returned value was: None
[2023-07-08T09:14:41.313+0100] {taskinstance.py:1345} INFO - Marking task as SUCCESS. dag_id=updated_day_hist_forcast_data, task_id=extract_updated_data, execution_date=20230706T000000, start_date=20230708T081428, end_date=20230708T081441
[2023-07-08T09:14:41.362+0100] {local_task_job_runner.py:225} INFO - Task exited with return code 0
[2023-07-08T09:14:41.401+0100] {taskinstance.py:2653} INFO - 1 downstream tasks scheduled from follow-on schedule check
