[2023-07-05T10:48:11.520+0100] {taskinstance.py:1103} INFO - Dependencies all met for dep_context=non-requeueable deps ti=<TaskInstance: update_current_data_10.trigger_location_db scheduled__2023-05-07T17:40:00+00:00 [queued]>
[2023-07-05T10:48:11.531+0100] {taskinstance.py:1103} INFO - Dependencies all met for dep_context=requeueable deps ti=<TaskInstance: update_current_data_10.trigger_location_db scheduled__2023-05-07T17:40:00+00:00 [queued]>
[2023-07-05T10:48:11.531+0100] {taskinstance.py:1308} INFO - Starting attempt 1 of 3
[2023-07-05T10:48:11.546+0100] {taskinstance.py:1327} INFO - Executing <Task(PythonOperator): trigger_location_db> on 2023-05-07 17:40:00+00:00
[2023-07-05T10:48:11.550+0100] {standard_task_runner.py:57} INFO - Started process 57722 to run task
[2023-07-05T10:48:11.554+0100] {standard_task_runner.py:84} INFO - Running: ['***', 'tasks', 'run', 'update_current_data_10', 'trigger_location_db', 'scheduled__2023-05-07T17:40:00+00:00', '--job-id', '516', '--raw', '--subdir', '/home/haboubi/Desktop/api/API_weather/dags/update_current_dags.py', '--cfg-path', '/tmp/tmpvc7py7xh']
[2023-07-05T10:48:11.556+0100] {standard_task_runner.py:85} INFO - Job 516: Subtask trigger_location_db
[2023-07-05T10:48:11.631+0100] {task_command.py:410} INFO - Running <TaskInstance: update_current_data_10.trigger_location_db scheduled__2023-05-07T17:40:00+00:00 [running]> on host haboubi-VivoBook-15-ASUS-Laptop-X540UB
[2023-07-05T10:48:11.726+0100] {taskinstance.py:1545} INFO - Exporting env vars: AIRFLOW_CTX_DAG_OWNER='haboubi' AIRFLOW_CTX_DAG_ID='update_current_data_10' AIRFLOW_CTX_TASK_ID='trigger_location_db' AIRFLOW_CTX_EXECUTION_DATE='2023-05-07T17:40:00+00:00' AIRFLOW_CTX_TRY_NUMBER='1' AIRFLOW_CTX_DAG_RUN_ID='scheduled__2023-05-07T17:40:00+00:00'
[2023-07-05T10:48:11.766+0100] {python.py:183} INFO - Done. Returned value was: None
[2023-07-05T10:48:11.789+0100] {taskinstance.py:1345} INFO - Marking task as SUCCESS. dag_id=update_current_data_10, task_id=trigger_location_db, execution_date=20230507T174000, start_date=20230705T094811, end_date=20230705T094811
[2023-07-05T10:48:11.805+0100] {local_task_job_runner.py:225} INFO - Task exited with return code 0
[2023-07-05T10:48:11.837+0100] {taskinstance.py:2653} INFO - 1 downstream tasks scheduled from follow-on schedule check
[2023-07-05T11:10:11.974+0100] {taskinstance.py:1103} INFO - Dependencies all met for dep_context=non-requeueable deps ti=<TaskInstance: update_current_data_10.trigger_location_db scheduled__2023-05-07T17:40:00+00:00 [queued]>
[2023-07-05T11:10:11.990+0100] {taskinstance.py:1103} INFO - Dependencies all met for dep_context=requeueable deps ti=<TaskInstance: update_current_data_10.trigger_location_db scheduled__2023-05-07T17:40:00+00:00 [queued]>
[2023-07-05T11:10:11.990+0100] {taskinstance.py:1308} INFO - Starting attempt 1 of 3
[2023-07-05T11:10:12.006+0100] {taskinstance.py:1327} INFO - Executing <Task(PythonOperator): trigger_location_db> on 2023-05-07 17:40:00+00:00
[2023-07-05T11:10:12.010+0100] {standard_task_runner.py:57} INFO - Started process 76678 to run task
[2023-07-05T11:10:12.014+0100] {standard_task_runner.py:84} INFO - Running: ['***', 'tasks', 'run', 'update_current_data_10', 'trigger_location_db', 'scheduled__2023-05-07T17:40:00+00:00', '--job-id', '794', '--raw', '--subdir', '/home/haboubi/Desktop/api/API_weather/dags/update_current_dags.py', '--cfg-path', '/tmp/tmp51vp4sd6']
[2023-07-05T11:10:12.016+0100] {standard_task_runner.py:85} INFO - Job 794: Subtask trigger_location_db
[2023-07-05T11:10:12.102+0100] {task_command.py:410} INFO - Running <TaskInstance: update_current_data_10.trigger_location_db scheduled__2023-05-07T17:40:00+00:00 [running]> on host haboubi-VivoBook-15-ASUS-Laptop-X540UB
[2023-07-05T11:10:12.214+0100] {taskinstance.py:1545} INFO - Exporting env vars: AIRFLOW_CTX_DAG_OWNER='haboubi' AIRFLOW_CTX_DAG_ID='update_current_data_10' AIRFLOW_CTX_TASK_ID='trigger_location_db' AIRFLOW_CTX_EXECUTION_DATE='2023-05-07T17:40:00+00:00' AIRFLOW_CTX_TRY_NUMBER='1' AIRFLOW_CTX_DAG_RUN_ID='scheduled__2023-05-07T17:40:00+00:00'
[2023-07-05T11:10:12.264+0100] {python.py:183} INFO - Done. Returned value was: None
[2023-07-05T11:10:12.284+0100] {taskinstance.py:1345} INFO - Marking task as SUCCESS. dag_id=update_current_data_10, task_id=trigger_location_db, execution_date=20230507T174000, start_date=20230705T101011, end_date=20230705T101012
[2023-07-05T11:10:12.305+0100] {local_task_job_runner.py:225} INFO - Task exited with return code 0
[2023-07-05T11:10:12.343+0100] {taskinstance.py:2653} INFO - 1 downstream tasks scheduled from follow-on schedule check
