[2023-07-04T16:16:58.162+0100] {taskinstance.py:1103} INFO - Dependencies all met for dep_context=non-requeueable deps ti=<TaskInstance: updated_day_hist_forcast_data.clear_memory_hist_csv_dag scheduled__2023-07-03T00:00:00+00:00 [queued]>
[2023-07-04T16:16:58.175+0100] {taskinstance.py:1103} INFO - Dependencies all met for dep_context=requeueable deps ti=<TaskInstance: updated_day_hist_forcast_data.clear_memory_hist_csv_dag scheduled__2023-07-03T00:00:00+00:00 [queued]>
[2023-07-04T16:16:58.176+0100] {taskinstance.py:1308} INFO - Starting attempt 1 of 3
[2023-07-04T16:16:58.190+0100] {taskinstance.py:1327} INFO - Executing <Task(PythonOperator): clear_memory_hist_csv_dag> on 2023-07-03 00:00:00+00:00
[2023-07-04T16:16:58.195+0100] {standard_task_runner.py:57} INFO - Started process 52337 to run task
[2023-07-04T16:16:58.199+0100] {standard_task_runner.py:84} INFO - Running: ['***', 'tasks', 'run', 'updated_day_hist_forcast_data', 'clear_memory_hist_csv_dag', 'scheduled__2023-07-03T00:00:00+00:00', '--job-id', '138', '--raw', '--subdir', '/home/haboubi/Desktop/api/API_weather/dags/update_day_hist.py', '--cfg-path', '/tmp/tmpbovw3hpf']
[2023-07-04T16:16:58.202+0100] {standard_task_runner.py:85} INFO - Job 138: Subtask clear_memory_hist_csv_dag
[2023-07-04T16:16:58.285+0100] {task_command.py:410} INFO - Running <TaskInstance: updated_day_hist_forcast_data.clear_memory_hist_csv_dag scheduled__2023-07-03T00:00:00+00:00 [running]> on host haboubi-VivoBook-15-ASUS-Laptop-X540UB
[2023-07-04T16:16:58.443+0100] {taskinstance.py:1545} INFO - Exporting env vars: AIRFLOW_CTX_DAG_OWNER='haboubi' AIRFLOW_CTX_DAG_ID='updated_day_hist_forcast_data' AIRFLOW_CTX_TASK_ID='clear_memory_hist_csv_dag' AIRFLOW_CTX_EXECUTION_DATE='2023-07-03T00:00:00+00:00' AIRFLOW_CTX_TRY_NUMBER='1' AIRFLOW_CTX_DAG_RUN_ID='scheduled__2023-07-03T00:00:00+00:00'
[2023-07-04T16:16:58.445+0100] {python.py:183} INFO - Done. Returned value was: 0
[2023-07-04T16:16:58.493+0100] {taskinstance.py:1345} INFO - Marking task as SUCCESS. dag_id=updated_day_hist_forcast_data, task_id=clear_memory_hist_csv_dag, execution_date=20230703T000000, start_date=20230704T151658, end_date=20230704T151658
[2023-07-04T16:16:58.533+0100] {local_task_job_runner.py:225} INFO - Task exited with return code 0
[2023-07-04T16:16:58.573+0100] {taskinstance.py:2653} INFO - 0 downstream tasks scheduled from follow-on schedule check
[2023-07-05T09:01:51.641+0100] {taskinstance.py:1103} INFO - Dependencies all met for dep_context=non-requeueable deps ti=<TaskInstance: updated_day_hist_forcast_data.clear_memory_hist_csv_dag scheduled__2023-07-03T00:00:00+00:00 [queued]>
[2023-07-05T09:01:51.651+0100] {taskinstance.py:1103} INFO - Dependencies all met for dep_context=requeueable deps ti=<TaskInstance: updated_day_hist_forcast_data.clear_memory_hist_csv_dag scheduled__2023-07-03T00:00:00+00:00 [queued]>
[2023-07-05T09:01:51.651+0100] {taskinstance.py:1308} INFO - Starting attempt 1 of 3
[2023-07-05T09:01:51.662+0100] {taskinstance.py:1327} INFO - Executing <Task(PythonOperator): clear_memory_hist_csv_dag> on 2023-07-03 00:00:00+00:00
[2023-07-05T09:01:51.667+0100] {standard_task_runner.py:57} INFO - Started process 14905 to run task
[2023-07-05T09:01:51.670+0100] {standard_task_runner.py:84} INFO - Running: ['***', 'tasks', 'run', 'updated_day_hist_forcast_data', 'clear_memory_hist_csv_dag', 'scheduled__2023-07-03T00:00:00+00:00', '--job-id', '168', '--raw', '--subdir', '/home/haboubi/Desktop/api/API_weather/dags/update_day_hist.py', '--cfg-path', '/tmp/tmp5jihr8zc']
[2023-07-05T09:01:51.671+0100] {standard_task_runner.py:85} INFO - Job 168: Subtask clear_memory_hist_csv_dag
[2023-07-05T09:01:51.740+0100] {task_command.py:410} INFO - Running <TaskInstance: updated_day_hist_forcast_data.clear_memory_hist_csv_dag scheduled__2023-07-03T00:00:00+00:00 [running]> on host haboubi-VivoBook-15-ASUS-Laptop-X540UB
[2023-07-05T09:01:51.843+0100] {taskinstance.py:1545} INFO - Exporting env vars: AIRFLOW_CTX_DAG_OWNER='haboubi' AIRFLOW_CTX_DAG_ID='updated_day_hist_forcast_data' AIRFLOW_CTX_TASK_ID='clear_memory_hist_csv_dag' AIRFLOW_CTX_EXECUTION_DATE='2023-07-03T00:00:00+00:00' AIRFLOW_CTX_TRY_NUMBER='1' AIRFLOW_CTX_DAG_RUN_ID='scheduled__2023-07-03T00:00:00+00:00'
[2023-07-05T09:01:51.844+0100] {python.py:183} INFO - Done. Returned value was: 0
[2023-07-05T09:01:51.878+0100] {taskinstance.py:1345} INFO - Marking task as SUCCESS. dag_id=updated_day_hist_forcast_data, task_id=clear_memory_hist_csv_dag, execution_date=20230703T000000, start_date=20230705T080151, end_date=20230705T080151
[2023-07-05T09:01:51.922+0100] {local_task_job_runner.py:225} INFO - Task exited with return code 0
[2023-07-05T09:01:51.945+0100] {taskinstance.py:2653} INFO - 0 downstream tasks scheduled from follow-on schedule check
