[2023-07-05T10:32:41.568+0100] {taskinstance.py:1103} INFO - Dependencies all met for dep_context=non-requeueable deps ti=<TaskInstance: update_current_data_10.extract_current_data scheduled__2023-05-07T04:00:00+00:00 [queued]>
[2023-07-05T10:32:41.576+0100] {taskinstance.py:1103} INFO - Dependencies all met for dep_context=requeueable deps ti=<TaskInstance: update_current_data_10.extract_current_data scheduled__2023-05-07T04:00:00+00:00 [queued]>
[2023-07-05T10:32:41.576+0100] {taskinstance.py:1308} INFO - Starting attempt 1 of 3
[2023-07-05T10:32:41.587+0100] {taskinstance.py:1327} INFO - Executing <Task(PythonOperator): extract_current_data> on 2023-05-07 04:00:00+00:00
[2023-07-05T10:32:41.595+0100] {standard_task_runner.py:57} INFO - Started process 43382 to run task
[2023-07-05T10:32:41.601+0100] {standard_task_runner.py:84} INFO - Running: ['***', 'tasks', 'run', 'update_current_data_10', 'extract_current_data', 'scheduled__2023-05-07T04:00:00+00:00', '--job-id', '263', '--raw', '--subdir', '/home/haboubi/Desktop/api/API_weather/dags/update_current_dags.py', '--cfg-path', '/tmp/tmpj4lzknxf']
[2023-07-05T10:32:41.603+0100] {standard_task_runner.py:85} INFO - Job 263: Subtask extract_current_data
[2023-07-05T10:32:41.668+0100] {task_command.py:410} INFO - Running <TaskInstance: update_current_data_10.extract_current_data scheduled__2023-05-07T04:00:00+00:00 [running]> on host haboubi-VivoBook-15-ASUS-Laptop-X540UB
[2023-07-05T10:32:41.761+0100] {taskinstance.py:1545} INFO - Exporting env vars: AIRFLOW_CTX_DAG_OWNER='haboubi' AIRFLOW_CTX_DAG_ID='update_current_data_10' AIRFLOW_CTX_TASK_ID='extract_current_data' AIRFLOW_CTX_EXECUTION_DATE='2023-05-07T04:00:00+00:00' AIRFLOW_CTX_TRY_NUMBER='1' AIRFLOW_CTX_DAG_RUN_ID='scheduled__2023-05-07T04:00:00+00:00'
[2023-07-05T10:32:45.866+0100] {python.py:183} INFO - Done. Returned value was: None
[2023-07-05T10:32:45.905+0100] {taskinstance.py:1345} INFO - Marking task as SUCCESS. dag_id=update_current_data_10, task_id=extract_current_data, execution_date=20230507T040000, start_date=20230705T093241, end_date=20230705T093245
[2023-07-05T10:32:45.957+0100] {local_task_job_runner.py:225} INFO - Task exited with return code 0
[2023-07-05T10:32:45.999+0100] {taskinstance.py:2653} INFO - 1 downstream tasks scheduled from follow-on schedule check
[2023-07-05T10:53:24.258+0100] {taskinstance.py:1103} INFO - Dependencies all met for dep_context=non-requeueable deps ti=<TaskInstance: update_current_data_10.extract_current_data scheduled__2023-05-07T04:00:00+00:00 [queued]>
[2023-07-05T10:53:24.267+0100] {taskinstance.py:1103} INFO - Dependencies all met for dep_context=requeueable deps ti=<TaskInstance: update_current_data_10.extract_current_data scheduled__2023-05-07T04:00:00+00:00 [queued]>
[2023-07-05T10:53:24.267+0100] {taskinstance.py:1308} INFO - Starting attempt 1 of 3
[2023-07-05T10:53:24.279+0100] {taskinstance.py:1327} INFO - Executing <Task(PythonOperator): extract_current_data> on 2023-05-07 04:00:00+00:00
[2023-07-05T10:53:24.283+0100] {standard_task_runner.py:57} INFO - Started process 61615 to run task
[2023-07-05T10:53:24.287+0100] {standard_task_runner.py:84} INFO - Running: ['***', 'tasks', 'run', 'update_current_data_10', 'extract_current_data', 'scheduled__2023-05-07T04:00:00+00:00', '--job-id', '581', '--raw', '--subdir', '/home/haboubi/Desktop/api/API_weather/dags/update_current_dags.py', '--cfg-path', '/tmp/tmp_qklxeim']
[2023-07-05T10:53:24.288+0100] {standard_task_runner.py:85} INFO - Job 581: Subtask extract_current_data
[2023-07-05T10:53:24.353+0100] {task_command.py:410} INFO - Running <TaskInstance: update_current_data_10.extract_current_data scheduled__2023-05-07T04:00:00+00:00 [running]> on host haboubi-VivoBook-15-ASUS-Laptop-X540UB
[2023-07-05T10:53:24.467+0100] {taskinstance.py:1545} INFO - Exporting env vars: AIRFLOW_CTX_DAG_OWNER='haboubi' AIRFLOW_CTX_DAG_ID='update_current_data_10' AIRFLOW_CTX_TASK_ID='extract_current_data' AIRFLOW_CTX_EXECUTION_DATE='2023-05-07T04:00:00+00:00' AIRFLOW_CTX_TRY_NUMBER='1' AIRFLOW_CTX_DAG_RUN_ID='scheduled__2023-05-07T04:00:00+00:00'
[2023-07-05T10:53:28.265+0100] {python.py:183} INFO - Done. Returned value was: None
[2023-07-05T10:53:28.300+0100] {taskinstance.py:1345} INFO - Marking task as SUCCESS. dag_id=update_current_data_10, task_id=extract_current_data, execution_date=20230507T040000, start_date=20230705T095324, end_date=20230705T095328
[2023-07-05T10:53:28.356+0100] {local_task_job_runner.py:225} INFO - Task exited with return code 0
[2023-07-05T10:53:28.399+0100] {taskinstance.py:2653} INFO - 1 downstream tasks scheduled from follow-on schedule check
