[2023-07-05T10:48:14.256+0100] {taskinstance.py:1103} INFO - Dependencies all met for dep_context=non-requeueable deps ti=<TaskInstance: update_current_data_10.trigger_location_db scheduled__2023-05-07T18:00:00+00:00 [queued]>
[2023-07-05T10:48:14.264+0100] {taskinstance.py:1103} INFO - Dependencies all met for dep_context=requeueable deps ti=<TaskInstance: update_current_data_10.trigger_location_db scheduled__2023-05-07T18:00:00+00:00 [queued]>
[2023-07-05T10:48:14.264+0100] {taskinstance.py:1308} INFO - Starting attempt 1 of 3
[2023-07-05T10:48:14.275+0100] {taskinstance.py:1327} INFO - Executing <Task(PythonOperator): trigger_location_db> on 2023-05-07 18:00:00+00:00
[2023-07-05T10:48:14.278+0100] {standard_task_runner.py:57} INFO - Started process 57775 to run task
[2023-07-05T10:48:14.281+0100] {standard_task_runner.py:84} INFO - Running: ['***', 'tasks', 'run', 'update_current_data_10', 'trigger_location_db', 'scheduled__2023-05-07T18:00:00+00:00', '--job-id', '517', '--raw', '--subdir', '/home/haboubi/Desktop/api/API_weather/dags/update_current_dags.py', '--cfg-path', '/tmp/tmpyslcki5m']
[2023-07-05T10:48:14.283+0100] {standard_task_runner.py:85} INFO - Job 517: Subtask trigger_location_db
[2023-07-05T10:48:14.344+0100] {task_command.py:410} INFO - Running <TaskInstance: update_current_data_10.trigger_location_db scheduled__2023-05-07T18:00:00+00:00 [running]> on host haboubi-VivoBook-15-ASUS-Laptop-X540UB
[2023-07-05T10:48:14.437+0100] {taskinstance.py:1545} INFO - Exporting env vars: AIRFLOW_CTX_DAG_OWNER='haboubi' AIRFLOW_CTX_DAG_ID='update_current_data_10' AIRFLOW_CTX_TASK_ID='trigger_location_db' AIRFLOW_CTX_EXECUTION_DATE='2023-05-07T18:00:00+00:00' AIRFLOW_CTX_TRY_NUMBER='1' AIRFLOW_CTX_DAG_RUN_ID='scheduled__2023-05-07T18:00:00+00:00'
[2023-07-05T10:48:14.478+0100] {python.py:183} INFO - Done. Returned value was: None
[2023-07-05T10:48:14.493+0100] {taskinstance.py:1345} INFO - Marking task as SUCCESS. dag_id=update_current_data_10, task_id=trigger_location_db, execution_date=20230507T180000, start_date=20230705T094814, end_date=20230705T094814
[2023-07-05T10:48:14.533+0100] {local_task_job_runner.py:225} INFO - Task exited with return code 0
[2023-07-05T10:48:14.570+0100] {taskinstance.py:2653} INFO - 1 downstream tasks scheduled from follow-on schedule check
[2023-07-05T11:10:37.660+0100] {taskinstance.py:1103} INFO - Dependencies all met for dep_context=non-requeueable deps ti=<TaskInstance: update_current_data_10.trigger_location_db scheduled__2023-05-07T18:00:00+00:00 [queued]>
[2023-07-05T11:10:37.670+0100] {taskinstance.py:1103} INFO - Dependencies all met for dep_context=requeueable deps ti=<TaskInstance: update_current_data_10.trigger_location_db scheduled__2023-05-07T18:00:00+00:00 [queued]>
[2023-07-05T11:10:37.671+0100] {taskinstance.py:1308} INFO - Starting attempt 1 of 3
[2023-07-05T11:10:37.685+0100] {taskinstance.py:1327} INFO - Executing <Task(PythonOperator): trigger_location_db> on 2023-05-07 18:00:00+00:00
[2023-07-05T11:10:37.691+0100] {standard_task_runner.py:57} INFO - Started process 77170 to run task
[2023-07-05T11:10:37.695+0100] {standard_task_runner.py:84} INFO - Running: ['***', 'tasks', 'run', 'update_current_data_10', 'trigger_location_db', 'scheduled__2023-05-07T18:00:00+00:00', '--job-id', '801', '--raw', '--subdir', '/home/haboubi/Desktop/api/API_weather/dags/update_current_dags.py', '--cfg-path', '/tmp/tmpd2au5mog']
[2023-07-05T11:10:37.697+0100] {standard_task_runner.py:85} INFO - Job 801: Subtask trigger_location_db
[2023-07-05T11:10:37.788+0100] {task_command.py:410} INFO - Running <TaskInstance: update_current_data_10.trigger_location_db scheduled__2023-05-07T18:00:00+00:00 [running]> on host haboubi-VivoBook-15-ASUS-Laptop-X540UB
[2023-07-05T11:10:37.917+0100] {taskinstance.py:1545} INFO - Exporting env vars: AIRFLOW_CTX_DAG_OWNER='haboubi' AIRFLOW_CTX_DAG_ID='update_current_data_10' AIRFLOW_CTX_TASK_ID='trigger_location_db' AIRFLOW_CTX_EXECUTION_DATE='2023-05-07T18:00:00+00:00' AIRFLOW_CTX_TRY_NUMBER='1' AIRFLOW_CTX_DAG_RUN_ID='scheduled__2023-05-07T18:00:00+00:00'
[2023-07-05T11:10:37.969+0100] {python.py:183} INFO - Done. Returned value was: None
[2023-07-05T11:10:37.987+0100] {taskinstance.py:1345} INFO - Marking task as SUCCESS. dag_id=update_current_data_10, task_id=trigger_location_db, execution_date=20230507T180000, start_date=20230705T101037, end_date=20230705T101037
[2023-07-05T11:10:38.027+0100] {local_task_job_runner.py:225} INFO - Task exited with return code 0
[2023-07-05T11:10:38.072+0100] {taskinstance.py:2653} INFO - 1 downstream tasks scheduled from follow-on schedule check
