[2023-07-06T22:22:35.234+0100] {taskinstance.py:1103} INFO - Dependencies all met for dep_context=non-requeueable deps ti=<TaskInstance: update_current_data_10.load_current_data scheduled__2023-06-07T10:00:00+00:00 [queued]>
[2023-07-06T22:22:35.243+0100] {taskinstance.py:1103} INFO - Dependencies all met for dep_context=requeueable deps ti=<TaskInstance: update_current_data_10.load_current_data scheduled__2023-06-07T10:00:00+00:00 [queued]>
[2023-07-06T22:22:35.243+0100] {taskinstance.py:1308} INFO - Starting attempt 1 of 3
[2023-07-06T22:22:35.255+0100] {taskinstance.py:1327} INFO - Executing <Task(PythonOperator): load_current_data> on 2023-06-07 10:00:00+00:00
[2023-07-06T22:22:35.259+0100] {standard_task_runner.py:57} INFO - Started process 581172 to run task
[2023-07-06T22:22:35.263+0100] {standard_task_runner.py:84} INFO - Running: ['***', 'tasks', 'run', 'update_current_data_10', 'load_current_data', 'scheduled__2023-06-07T10:00:00+00:00', '--job-id', '10192', '--raw', '--subdir', '/home/haboubi/Desktop/api/API_weather/dags/update_current_dags.py', '--cfg-path', '/tmp/tmp05_4n8ku']
[2023-07-06T22:22:35.265+0100] {standard_task_runner.py:85} INFO - Job 10192: Subtask load_current_data
[2023-07-06T22:22:35.330+0100] {task_command.py:410} INFO - Running <TaskInstance: update_current_data_10.load_current_data scheduled__2023-06-07T10:00:00+00:00 [running]> on host haboubi-VivoBook-15-ASUS-Laptop-X540UB
[2023-07-06T22:22:35.428+0100] {taskinstance.py:1545} INFO - Exporting env vars: AIRFLOW_CTX_DAG_OWNER='haboubi' AIRFLOW_CTX_DAG_ID='update_current_data_10' AIRFLOW_CTX_TASK_ID='load_current_data' AIRFLOW_CTX_EXECUTION_DATE='2023-06-07T10:00:00+00:00' AIRFLOW_CTX_TRY_NUMBER='1' AIRFLOW_CTX_DAG_RUN_ID='scheduled__2023-06-07T10:00:00+00:00'
[2023-07-06T22:22:35.446+0100] {logging_mixin.py:149} INFO - ['Paris', datetime.date(2023, 7, 5)]
[2023-07-06T22:22:35.511+0100] {logging_mixin.py:149} INFO - ['London', datetime.date(2023, 7, 5)]
[2023-07-06T22:22:35.551+0100] {logging_mixin.py:149} INFO - ['Barcelona', datetime.date(2023, 7, 5)]
[2023-07-06T22:22:35.669+0100] {logging_mixin.py:149} INFO - ['Rome', datetime.date(2023, 7, 5)]
[2023-07-06T22:22:35.705+0100] {logging_mixin.py:149} INFO - ['New York', datetime.date(2023, 7, 5)]
[2023-07-06T22:22:35.742+0100] {logging_mixin.py:149} INFO - ['Tokyo', datetime.date(2023, 7, 5)]
[2023-07-06T22:22:35.779+0100] {logging_mixin.py:149} INFO - ['Istanbul', datetime.date(2023, 7, 5)]
[2023-07-06T22:22:35.877+0100] {logging_mixin.py:149} INFO - ['Dubai', datetime.date(2023, 7, 5)]
[2023-07-06T22:22:35.916+0100] {logging_mixin.py:149} INFO - ['Sydney', datetime.date(2023, 7, 5)]
[2023-07-06T22:22:35.953+0100] {logging_mixin.py:149} INFO - ['Bangkok', datetime.date(2023, 7, 5)]
[2023-07-06T22:22:35.991+0100] {logging_mixin.py:149} INFO - ['Amsterdam', datetime.date(2023, 7, 5)]
[2023-07-06T22:22:36.086+0100] {logging_mixin.py:149} INFO - ['Rio De Janeiro', datetime.date(2023, 7, 5)]
[2023-07-06T22:22:36.124+0100] {logging_mixin.py:149} INFO - ['Prague', datetime.date(2023, 7, 5)]
[2023-07-06T22:22:36.162+0100] {logging_mixin.py:149} INFO - ['Cape Town', datetime.date(2023, 7, 5)]
[2023-07-06T22:22:36.266+0100] {logging_mixin.py:149} INFO - ['Buenos Aires', datetime.date(2023, 7, 5)]
[2023-07-06T22:22:36.306+0100] {logging_mixin.py:149} INFO - ['Berlin', datetime.date(2023, 7, 5)]
[2023-07-06T22:22:36.348+0100] {logging_mixin.py:149} INFO - ['Singapore', datetime.date(2023, 7, 5)]
[2023-07-06T22:22:36.387+0100] {logging_mixin.py:149} INFO - ['Florence', datetime.date(2023, 7, 5)]
[2023-07-06T22:22:36.482+0100] {logging_mixin.py:149} INFO - ['San Francisco', datetime.date(2023, 7, 5)]
[2023-07-06T22:22:36.520+0100] {logging_mixin.py:149} INFO - ['Marrakech', datetime.date(2023, 7, 5)]
[2023-07-06T22:22:36.558+0100] {python.py:183} INFO - Done. Returned value was: 0
[2023-07-06T22:22:36.590+0100] {taskinstance.py:1345} INFO - Marking task as SUCCESS. dag_id=update_current_data_10, task_id=load_current_data, execution_date=20230607T100000, start_date=20230706T212235, end_date=20230706T212236
[2023-07-06T22:22:36.638+0100] {local_task_job_runner.py:225} INFO - Task exited with return code 0
[2023-07-06T22:22:36.671+0100] {taskinstance.py:2653} INFO - 1 downstream tasks scheduled from follow-on schedule check
