[2023-07-05T10:40:39.404+0100] {taskinstance.py:1103} INFO - Dependencies all met for dep_context=non-requeueable deps ti=<TaskInstance: update_current_data_10.extract_current_data scheduled__2023-05-07T12:00:00+00:00 [queued]>
[2023-07-05T10:40:39.412+0100] {taskinstance.py:1103} INFO - Dependencies all met for dep_context=requeueable deps ti=<TaskInstance: update_current_data_10.extract_current_data scheduled__2023-05-07T12:00:00+00:00 [queued]>
[2023-07-05T10:40:39.412+0100] {taskinstance.py:1308} INFO - Starting attempt 1 of 3
[2023-07-05T10:40:39.423+0100] {taskinstance.py:1327} INFO - Executing <Task(PythonOperator): extract_current_data> on 2023-05-07 12:00:00+00:00
[2023-07-05T10:40:39.427+0100] {standard_task_runner.py:57} INFO - Started process 51094 to run task
[2023-07-05T10:40:39.430+0100] {standard_task_runner.py:84} INFO - Running: ['***', 'tasks', 'run', 'update_current_data_10', 'extract_current_data', 'scheduled__2023-05-07T12:00:00+00:00', '--job-id', '400', '--raw', '--subdir', '/home/haboubi/Desktop/api/API_weather/dags/update_current_dags.py', '--cfg-path', '/tmp/tmpn7yp50fb']
[2023-07-05T10:40:39.431+0100] {standard_task_runner.py:85} INFO - Job 400: Subtask extract_current_data
[2023-07-05T10:40:39.497+0100] {task_command.py:410} INFO - Running <TaskInstance: update_current_data_10.extract_current_data scheduled__2023-05-07T12:00:00+00:00 [running]> on host haboubi-VivoBook-15-ASUS-Laptop-X540UB
[2023-07-05T10:40:39.607+0100] {taskinstance.py:1545} INFO - Exporting env vars: AIRFLOW_CTX_DAG_OWNER='haboubi' AIRFLOW_CTX_DAG_ID='update_current_data_10' AIRFLOW_CTX_TASK_ID='extract_current_data' AIRFLOW_CTX_EXECUTION_DATE='2023-05-07T12:00:00+00:00' AIRFLOW_CTX_TRY_NUMBER='1' AIRFLOW_CTX_DAG_RUN_ID='scheduled__2023-05-07T12:00:00+00:00'
[2023-07-05T10:40:43.619+0100] {python.py:183} INFO - Done. Returned value was: None
[2023-07-05T10:40:43.651+0100] {taskinstance.py:1345} INFO - Marking task as SUCCESS. dag_id=update_current_data_10, task_id=extract_current_data, execution_date=20230507T120000, start_date=20230705T094039, end_date=20230705T094043
[2023-07-05T10:40:43.698+0100] {local_task_job_runner.py:225} INFO - Task exited with return code 0
[2023-07-05T10:40:43.769+0100] {taskinstance.py:2653} INFO - 1 downstream tasks scheduled from follow-on schedule check
[2023-07-05T11:03:47.679+0100] {taskinstance.py:1103} INFO - Dependencies all met for dep_context=non-requeueable deps ti=<TaskInstance: update_current_data_10.extract_current_data scheduled__2023-05-07T12:00:00+00:00 [queued]>
[2023-07-05T11:03:47.688+0100] {taskinstance.py:1103} INFO - Dependencies all met for dep_context=requeueable deps ti=<TaskInstance: update_current_data_10.extract_current_data scheduled__2023-05-07T12:00:00+00:00 [queued]>
[2023-07-05T11:03:47.688+0100] {taskinstance.py:1308} INFO - Starting attempt 1 of 3
[2023-07-05T11:03:47.698+0100] {taskinstance.py:1327} INFO - Executing <Task(PythonOperator): extract_current_data> on 2023-05-07 12:00:00+00:00
[2023-07-05T11:03:47.704+0100] {standard_task_runner.py:57} INFO - Started process 69649 to run task
[2023-07-05T11:03:47.707+0100] {standard_task_runner.py:84} INFO - Running: ['***', 'tasks', 'run', 'update_current_data_10', 'extract_current_data', 'scheduled__2023-05-07T12:00:00+00:00', '--job-id', '690', '--raw', '--subdir', '/home/haboubi/Desktop/api/API_weather/dags/update_current_dags.py', '--cfg-path', '/tmp/tmph17mjc3o']
[2023-07-05T11:03:47.708+0100] {standard_task_runner.py:85} INFO - Job 690: Subtask extract_current_data
[2023-07-05T11:03:47.772+0100] {task_command.py:410} INFO - Running <TaskInstance: update_current_data_10.extract_current_data scheduled__2023-05-07T12:00:00+00:00 [running]> on host haboubi-VivoBook-15-ASUS-Laptop-X540UB
[2023-07-05T11:03:47.866+0100] {taskinstance.py:1545} INFO - Exporting env vars: AIRFLOW_CTX_DAG_OWNER='haboubi' AIRFLOW_CTX_DAG_ID='update_current_data_10' AIRFLOW_CTX_TASK_ID='extract_current_data' AIRFLOW_CTX_EXECUTION_DATE='2023-05-07T12:00:00+00:00' AIRFLOW_CTX_TRY_NUMBER='1' AIRFLOW_CTX_DAG_RUN_ID='scheduled__2023-05-07T12:00:00+00:00'
[2023-07-05T11:03:51.626+0100] {python.py:183} INFO - Done. Returned value was: None
[2023-07-05T11:03:51.666+0100] {taskinstance.py:1345} INFO - Marking task as SUCCESS. dag_id=update_current_data_10, task_id=extract_current_data, execution_date=20230507T120000, start_date=20230705T100347, end_date=20230705T100351
[2023-07-05T11:03:51.702+0100] {local_task_job_runner.py:225} INFO - Task exited with return code 0
[2023-07-05T11:03:51.744+0100] {taskinstance.py:2653} INFO - 1 downstream tasks scheduled from follow-on schedule check
