[2023-06-30T04:19:47.853+0100] {taskinstance.py:1103} INFO - Dependencies all met for dep_context=non-requeueable deps ti=<TaskInstance: using_taskflow_v2.get_name scheduled__0029-07-13T00:00:00+00:00 [queued]>
[2023-06-30T04:19:47.867+0100] {taskinstance.py:1103} INFO - Dependencies all met for dep_context=requeueable deps ti=<TaskInstance: using_taskflow_v2.get_name scheduled__0029-07-13T00:00:00+00:00 [queued]>
[2023-06-30T04:19:47.868+0100] {taskinstance.py:1308} INFO - Starting attempt 1 of 6
[2023-06-30T04:19:47.905+0100] {taskinstance.py:1327} INFO - Executing <Task(_PythonDecoratedOperator): get_name> on 0029-07-13 00:00:00+00:00
[2023-06-30T04:19:47.912+0100] {standard_task_runner.py:57} INFO - Started process 30263 to run task
[2023-06-30T04:19:47.916+0100] {standard_task_runner.py:84} INFO - Running: ['airflow', 'tasks', 'run', 'using_taskflow_v2', 'get_name', 'scheduled__0029-07-13T00:00:00+00:00', '--job-id', '208', '--raw', '--subdir', '/home/haboubi/Desktop/api/API_weather/dags/dag_create_py_api_taskflow.py', '--cfg-path', '/tmp/tmpz5jo56g_']
[2023-06-30T04:19:47.919+0100] {standard_task_runner.py:85} INFO - Job 208: Subtask get_name
[2023-06-30T04:19:47.987+0100] {task_command.py:410} INFO - Running <TaskInstance: using_taskflow_v2.get_name scheduled__0029-07-13T00:00:00+00:00 [running]> on host haboubi-VivoBook-15-ASUS-Laptop-X540UB
[2023-06-30T04:19:48.112+0100] {taskinstance.py:1545} INFO - Exporting env vars: AIRFLOW_CTX_DAG_OWNER='haboubi' AIRFLOW_CTX_DAG_ID='using_taskflow_v2' AIRFLOW_CTX_TASK_ID='get_name' AIRFLOW_CTX_EXECUTION_DATE='0029-07-13T00:00:00+00:00' AIRFLOW_CTX_TRY_NUMBER='1' AIRFLOW_CTX_DAG_RUN_ID='scheduled__0029-07-13T00:00:00+00:00'
[2023-06-30T04:19:48.114+0100] {python.py:183} INFO - Done. Returned value was: {'first_name': 'fadi', 'last_name': 'haboubi'}
[2023-06-30T04:19:48.151+0100] {taskinstance.py:1345} INFO - Marking task as SUCCESS. dag_id=using_taskflow_v2, task_id=get_name, execution_date=290713T000000, start_date=20230630T031947, end_date=20230630T031948
[2023-06-30T04:19:48.175+0100] {local_task_job_runner.py:225} INFO - Task exited with return code 0
[2023-06-30T04:19:48.196+0100] {taskinstance.py:2653} INFO - 0 downstream tasks scheduled from follow-on schedule check
[2023-06-30T04:21:49.050+0100] {taskinstance.py:1103} INFO - Dependencies all met for dep_context=non-requeueable deps ti=<TaskInstance: using_taskflow_v2.get_name scheduled__0029-07-13T00:00:00+00:00 [queued]>
[2023-06-30T04:21:49.056+0100] {taskinstance.py:1103} INFO - Dependencies all met for dep_context=requeueable deps ti=<TaskInstance: using_taskflow_v2.get_name scheduled__0029-07-13T00:00:00+00:00 [queued]>
[2023-06-30T04:21:49.056+0100] {taskinstance.py:1308} INFO - Starting attempt 1 of 6
[2023-06-30T04:21:49.069+0100] {taskinstance.py:1327} INFO - Executing <Task(_PythonDecoratedOperator): get_name> on 0029-07-13 00:00:00+00:00
[2023-06-30T04:21:49.071+0100] {standard_task_runner.py:57} INFO - Started process 31628 to run task
[2023-06-30T04:21:49.074+0100] {standard_task_runner.py:84} INFO - Running: ['airflow', 'tasks', 'run', 'using_taskflow_v2', 'get_name', 'scheduled__0029-07-13T00:00:00+00:00', '--job-id', '207', '--raw', '--subdir', '/home/haboubi/Desktop/api/API_weather/dags/dag_create_py_api_taskflow.py', '--cfg-path', '/tmp/tmpovg3ml9h']
[2023-06-30T04:21:49.076+0100] {standard_task_runner.py:85} INFO - Job 207: Subtask get_name
[2023-06-30T04:21:49.103+0100] {task_command.py:410} INFO - Running <TaskInstance: using_taskflow_v2.get_name scheduled__0029-07-13T00:00:00+00:00 [running]> on host haboubi-VivoBook-15-ASUS-Laptop-X540UB
[2023-06-30T04:21:49.150+0100] {taskinstance.py:1545} INFO - Exporting env vars: AIRFLOW_CTX_DAG_OWNER='haboubi' AIRFLOW_CTX_DAG_ID='using_taskflow_v2' AIRFLOW_CTX_TASK_ID='get_name' AIRFLOW_CTX_EXECUTION_DATE='0029-07-13T00:00:00+00:00' AIRFLOW_CTX_TRY_NUMBER='1' AIRFLOW_CTX_DAG_RUN_ID='scheduled__0029-07-13T00:00:00+00:00'
[2023-06-30T04:21:49.150+0100] {python.py:183} INFO - Done. Returned value was: {'first_name': 'fadi', 'last_name': 'haboubi'}
[2023-06-30T04:21:49.178+0100] {taskinstance.py:1345} INFO - Marking task as SUCCESS. dag_id=using_taskflow_v2, task_id=get_name, execution_date=290713T000000, start_date=20230630T032149, end_date=20230630T032149
[2023-06-30T04:21:49.206+0100] {local_task_job_runner.py:225} INFO - Task exited with return code 0
[2023-06-30T04:21:49.221+0100] {taskinstance.py:2653} INFO - 0 downstream tasks scheduled from follow-on schedule check
