[2023-07-06T22:18:04.814+0100] {taskinstance.py:1103} INFO - Dependencies all met for dep_context=non-requeueable deps ti=<TaskInstance: update_current_data_10.load_current_data scheduled__2023-06-07T02:40:00+00:00 [queued]>
[2023-07-06T22:18:04.825+0100] {taskinstance.py:1103} INFO - Dependencies all met for dep_context=requeueable deps ti=<TaskInstance: update_current_data_10.load_current_data scheduled__2023-06-07T02:40:00+00:00 [queued]>
[2023-07-06T22:18:04.825+0100] {taskinstance.py:1308} INFO - Starting attempt 2 of 3
[2023-07-06T22:18:04.842+0100] {taskinstance.py:1327} INFO - Executing <Task(PythonOperator): load_current_data> on 2023-06-07 02:40:00+00:00
[2023-07-06T22:18:04.846+0100] {standard_task_runner.py:57} INFO - Started process 576007 to run task
[2023-07-06T22:18:04.849+0100] {standard_task_runner.py:84} INFO - Running: ['***', 'tasks', 'run', 'update_current_data_10', 'load_current_data', 'scheduled__2023-06-07T02:40:00+00:00', '--job-id', '10120', '--raw', '--subdir', '/home/haboubi/Desktop/api/API_weather/dags/update_current_dags.py', '--cfg-path', '/tmp/tmph9c_ycl8']
[2023-07-06T22:18:04.851+0100] {standard_task_runner.py:85} INFO - Job 10120: Subtask load_current_data
[2023-07-06T22:18:04.913+0100] {task_command.py:410} INFO - Running <TaskInstance: update_current_data_10.load_current_data scheduled__2023-06-07T02:40:00+00:00 [running]> on host haboubi-VivoBook-15-ASUS-Laptop-X540UB
[2023-07-06T22:18:05.011+0100] {taskinstance.py:1545} INFO - Exporting env vars: AIRFLOW_CTX_DAG_OWNER='haboubi' AIRFLOW_CTX_DAG_ID='update_current_data_10' AIRFLOW_CTX_TASK_ID='load_current_data' AIRFLOW_CTX_EXECUTION_DATE='2023-06-07T02:40:00+00:00' AIRFLOW_CTX_TRY_NUMBER='2' AIRFLOW_CTX_DAG_RUN_ID='scheduled__2023-06-07T02:40:00+00:00'
[2023-07-06T22:18:05.029+0100] {logging_mixin.py:149} INFO - ['Paris', datetime.date(2023, 7, 5)]
[2023-07-06T22:18:05.102+0100] {logging_mixin.py:149} INFO - ['London', datetime.date(2023, 7, 5)]
[2023-07-06T22:18:05.137+0100] {logging_mixin.py:149} INFO - ['Barcelona', datetime.date(2023, 7, 5)]
[2023-07-06T22:18:05.257+0100] {logging_mixin.py:149} INFO - ['Rome', datetime.date(2023, 7, 5)]
[2023-07-06T22:18:05.294+0100] {logging_mixin.py:149} INFO - ['New York', datetime.date(2023, 7, 5)]
[2023-07-06T22:18:05.337+0100] {logging_mixin.py:149} INFO - ['Tokyo', datetime.date(2023, 7, 5)]
[2023-07-06T22:18:05.374+0100] {logging_mixin.py:149} INFO - ['Istanbul', datetime.date(2023, 7, 5)]
[2023-07-06T22:18:05.467+0100] {logging_mixin.py:149} INFO - ['Dubai', datetime.date(2023, 7, 5)]
[2023-07-06T22:18:05.504+0100] {logging_mixin.py:149} INFO - ['Sydney', datetime.date(2023, 7, 5)]
[2023-07-06T22:18:05.551+0100] {logging_mixin.py:149} INFO - ['Bangkok', datetime.date(2023, 7, 5)]
[2023-07-06T22:18:05.587+0100] {logging_mixin.py:149} INFO - ['Amsterdam', datetime.date(2023, 7, 5)]
[2023-07-06T22:18:05.683+0100] {logging_mixin.py:149} INFO - ['Rio De Janeiro', datetime.date(2023, 7, 5)]
[2023-07-06T22:18:05.720+0100] {logging_mixin.py:149} INFO - ['Prague', datetime.date(2023, 7, 5)]
[2023-07-06T22:18:05.756+0100] {logging_mixin.py:149} INFO - ['Cape Town', datetime.date(2023, 7, 5)]
[2023-07-06T22:18:05.864+0100] {logging_mixin.py:149} INFO - ['Buenos Aires', datetime.date(2023, 7, 5)]
[2023-07-06T22:18:05.902+0100] {logging_mixin.py:149} INFO - ['Berlin', datetime.date(2023, 7, 5)]
[2023-07-06T22:18:05.938+0100] {logging_mixin.py:149} INFO - ['Singapore', datetime.date(2023, 7, 5)]
[2023-07-06T22:18:05.973+0100] {logging_mixin.py:149} INFO - ['Florence', datetime.date(2023, 7, 5)]
[2023-07-06T22:18:06.067+0100] {logging_mixin.py:149} INFO - ['San Francisco', datetime.date(2023, 7, 5)]
[2023-07-06T22:18:06.103+0100] {logging_mixin.py:149} INFO - ['Marrakech', datetime.date(2023, 7, 5)]
[2023-07-06T22:18:06.141+0100] {python.py:183} INFO - Done. Returned value was: 0
[2023-07-06T22:18:06.173+0100] {taskinstance.py:1345} INFO - Marking task as SUCCESS. dag_id=update_current_data_10, task_id=load_current_data, execution_date=20230607T024000, start_date=20230706T211804, end_date=20230706T211806
[2023-07-06T22:18:06.224+0100] {local_task_job_runner.py:225} INFO - Task exited with return code 0
[2023-07-06T22:18:06.251+0100] {taskinstance.py:2653} INFO - 1 downstream tasks scheduled from follow-on schedule check
