[2023-07-07T07:20:04.288+0100] {taskinstance.py:1103} INFO - Dependencies all met for dep_context=non-requeueable deps ti=<TaskInstance: update_current_data_10.extract_current_data scheduled__2023-07-07T06:00:00+00:00 [queued]>
[2023-07-07T07:20:04.297+0100] {taskinstance.py:1103} INFO - Dependencies all met for dep_context=requeueable deps ti=<TaskInstance: update_current_data_10.extract_current_data scheduled__2023-07-07T06:00:00+00:00 [queued]>
[2023-07-07T07:20:04.297+0100] {taskinstance.py:1308} INFO - Starting attempt 1 of 3
[2023-07-07T07:20:04.309+0100] {taskinstance.py:1327} INFO - Executing <Task(PythonOperator): extract_current_data> on 2023-07-07 06:00:00+00:00
[2023-07-07T07:20:04.312+0100] {standard_task_runner.py:57} INFO - Started process 1068503 to run task
[2023-07-07T07:20:04.315+0100] {standard_task_runner.py:84} INFO - Running: ['***', 'tasks', 'run', 'update_current_data_10', 'extract_current_data', 'scheduled__2023-07-07T06:00:00+00:00', '--job-id', '16897', '--raw', '--subdir', '/home/haboubi/Desktop/api/API_weather/dags/update_current_dags.py', '--cfg-path', '/tmp/tmpzhyf5fe9']
[2023-07-07T07:20:04.316+0100] {standard_task_runner.py:85} INFO - Job 16897: Subtask extract_current_data
[2023-07-07T07:20:04.380+0100] {task_command.py:410} INFO - Running <TaskInstance: update_current_data_10.extract_current_data scheduled__2023-07-07T06:00:00+00:00 [running]> on host haboubi-VivoBook-15-ASUS-Laptop-X540UB
[2023-07-07T07:20:04.480+0100] {taskinstance.py:1545} INFO - Exporting env vars: AIRFLOW_CTX_DAG_OWNER='haboubi' AIRFLOW_CTX_DAG_ID='update_current_data_10' AIRFLOW_CTX_TASK_ID='extract_current_data' AIRFLOW_CTX_EXECUTION_DATE='2023-07-07T06:00:00+00:00' AIRFLOW_CTX_TRY_NUMBER='1' AIRFLOW_CTX_DAG_RUN_ID='scheduled__2023-07-07T06:00:00+00:00'
[2023-07-07T07:20:04.485+0100] {logging_mixin.py:149} INFO - Paris
[2023-07-07T07:20:04.766+0100] {logging_mixin.py:149} INFO - London
[2023-07-07T07:20:04.982+0100] {logging_mixin.py:149} INFO - Barcelona
[2023-07-07T07:20:05.183+0100] {logging_mixin.py:149} INFO - Rome
[2023-07-07T07:20:05.441+0100] {logging_mixin.py:149} INFO - New York City
[2023-07-07T07:20:05.633+0100] {logging_mixin.py:149} INFO - Tokyo
[2023-07-07T07:20:05.884+0100] {logging_mixin.py:149} INFO - Istanbul
[2023-07-07T07:20:06.086+0100] {logging_mixin.py:149} INFO - Dubai
[2023-07-07T07:20:06.303+0100] {logging_mixin.py:149} INFO - Sydney
[2023-07-07T07:20:06.581+0100] {logging_mixin.py:149} INFO - Bangkok
[2023-07-07T07:20:06.783+0100] {logging_mixin.py:149} INFO - Amsterdam
[2023-07-07T07:20:07.032+0100] {logging_mixin.py:149} INFO - Rio de Janeiro
[2023-07-07T07:20:07.427+0100] {logging_mixin.py:149} INFO - Prague
[2023-07-07T07:20:07.731+0100] {logging_mixin.py:149} INFO - Cape Town
[2023-07-07T07:20:08.131+0100] {logging_mixin.py:149} INFO - Buenos Aires
[2023-07-07T07:20:08.345+0100] {logging_mixin.py:149} INFO - Berlin
[2023-07-07T07:20:08.516+0100] {logging_mixin.py:149} INFO - Singapore
[2023-07-07T07:20:08.698+0100] {logging_mixin.py:149} INFO - Florence
[2023-07-07T07:20:08.914+0100] {logging_mixin.py:149} INFO - San Francisco
[2023-07-07T07:20:09.113+0100] {logging_mixin.py:149} INFO - Marrakech
[2023-07-07T07:20:09.331+0100] {python.py:183} INFO - Done. Returned value was: None
[2023-07-07T07:20:09.374+0100] {taskinstance.py:1345} INFO - Marking task as SUCCESS. dag_id=update_current_data_10, task_id=extract_current_data, execution_date=20230707T060000, start_date=20230707T062004, end_date=20230707T062009
[2023-07-07T07:20:09.400+0100] {local_task_job_runner.py:225} INFO - Task exited with return code 0
[2023-07-07T07:20:09.436+0100] {taskinstance.py:2653} INFO - 1 downstream tasks scheduled from follow-on schedule check
