[2023-07-05T10:40:10.234+0100] {taskinstance.py:1103} INFO - Dependencies all met for dep_context=non-requeueable deps ti=<TaskInstance: update_current_data_10.extract_current_data scheduled__2023-05-07T11:20:00+00:00 [queued]>
[2023-07-05T10:40:10.253+0100] {taskinstance.py:1103} INFO - Dependencies all met for dep_context=requeueable deps ti=<TaskInstance: update_current_data_10.extract_current_data scheduled__2023-05-07T11:20:00+00:00 [queued]>
[2023-07-05T10:40:10.253+0100] {taskinstance.py:1308} INFO - Starting attempt 1 of 3
[2023-07-05T10:40:10.276+0100] {taskinstance.py:1327} INFO - Executing <Task(PythonOperator): extract_current_data> on 2023-05-07 11:20:00+00:00
[2023-07-05T10:40:10.283+0100] {standard_task_runner.py:57} INFO - Started process 50702 to run task
[2023-07-05T10:40:10.291+0100] {standard_task_runner.py:84} INFO - Running: ['***', 'tasks', 'run', 'update_current_data_10', 'extract_current_data', 'scheduled__2023-05-07T11:20:00+00:00', '--job-id', '392', '--raw', '--subdir', '/home/haboubi/Desktop/api/API_weather/dags/update_current_dags.py', '--cfg-path', '/tmp/tmpjmj52ptz']
[2023-07-05T10:40:10.293+0100] {standard_task_runner.py:85} INFO - Job 392: Subtask extract_current_data
[2023-07-05T10:40:10.395+0100] {task_command.py:410} INFO - Running <TaskInstance: update_current_data_10.extract_current_data scheduled__2023-05-07T11:20:00+00:00 [running]> on host haboubi-VivoBook-15-ASUS-Laptop-X540UB
[2023-07-05T10:40:10.529+0100] {taskinstance.py:1545} INFO - Exporting env vars: AIRFLOW_CTX_DAG_OWNER='haboubi' AIRFLOW_CTX_DAG_ID='update_current_data_10' AIRFLOW_CTX_TASK_ID='extract_current_data' AIRFLOW_CTX_EXECUTION_DATE='2023-05-07T11:20:00+00:00' AIRFLOW_CTX_TRY_NUMBER='1' AIRFLOW_CTX_DAG_RUN_ID='scheduled__2023-05-07T11:20:00+00:00'
[2023-07-05T10:40:14.456+0100] {python.py:183} INFO - Done. Returned value was: None
[2023-07-05T10:40:14.509+0100] {taskinstance.py:1345} INFO - Marking task as SUCCESS. dag_id=update_current_data_10, task_id=extract_current_data, execution_date=20230507T112000, start_date=20230705T094010, end_date=20230705T094014
[2023-07-05T10:40:14.563+0100] {local_task_job_runner.py:225} INFO - Task exited with return code 0
[2023-07-05T10:40:14.612+0100] {taskinstance.py:2653} INFO - 1 downstream tasks scheduled from follow-on schedule check
[2023-07-05T11:02:54.059+0100] {taskinstance.py:1103} INFO - Dependencies all met for dep_context=non-requeueable deps ti=<TaskInstance: update_current_data_10.extract_current_data scheduled__2023-05-07T11:20:00+00:00 [queued]>
[2023-07-05T11:02:54.067+0100] {taskinstance.py:1103} INFO - Dependencies all met for dep_context=requeueable deps ti=<TaskInstance: update_current_data_10.extract_current_data scheduled__2023-05-07T11:20:00+00:00 [queued]>
[2023-07-05T11:02:54.068+0100] {taskinstance.py:1308} INFO - Starting attempt 1 of 3
[2023-07-05T11:02:54.078+0100] {taskinstance.py:1327} INFO - Executing <Task(PythonOperator): extract_current_data> on 2023-05-07 11:20:00+00:00
[2023-07-05T11:02:54.082+0100] {standard_task_runner.py:57} INFO - Started process 68917 to run task
[2023-07-05T11:02:54.084+0100] {standard_task_runner.py:84} INFO - Running: ['***', 'tasks', 'run', 'update_current_data_10', 'extract_current_data', 'scheduled__2023-05-07T11:20:00+00:00', '--job-id', '674', '--raw', '--subdir', '/home/haboubi/Desktop/api/API_weather/dags/update_current_dags.py', '--cfg-path', '/tmp/tmpr4vfor9j']
[2023-07-05T11:02:54.086+0100] {standard_task_runner.py:85} INFO - Job 674: Subtask extract_current_data
[2023-07-05T11:02:54.149+0100] {task_command.py:410} INFO - Running <TaskInstance: update_current_data_10.extract_current_data scheduled__2023-05-07T11:20:00+00:00 [running]> on host haboubi-VivoBook-15-ASUS-Laptop-X540UB
[2023-07-05T11:02:54.241+0100] {taskinstance.py:1545} INFO - Exporting env vars: AIRFLOW_CTX_DAG_OWNER='haboubi' AIRFLOW_CTX_DAG_ID='update_current_data_10' AIRFLOW_CTX_TASK_ID='extract_current_data' AIRFLOW_CTX_EXECUTION_DATE='2023-05-07T11:20:00+00:00' AIRFLOW_CTX_TRY_NUMBER='1' AIRFLOW_CTX_DAG_RUN_ID='scheduled__2023-05-07T11:20:00+00:00'
[2023-07-05T11:02:58.052+0100] {python.py:183} INFO - Done. Returned value was: None
[2023-07-05T11:02:58.074+0100] {taskinstance.py:1345} INFO - Marking task as SUCCESS. dag_id=update_current_data_10, task_id=extract_current_data, execution_date=20230507T112000, start_date=20230705T100254, end_date=20230705T100258
[2023-07-05T11:02:58.119+0100] {local_task_job_runner.py:225} INFO - Task exited with return code 0
[2023-07-05T11:02:58.151+0100] {taskinstance.py:2653} INFO - 1 downstream tasks scheduled from follow-on schedule check
