[2023-06-30T02:43:04.298+0100] {taskinstance.py:1103} INFO - Dependencies all met for dep_context=non-requeueable deps ti=<TaskInstance: first_python_dag_v5.first_task_python scheduled__2023-06-29T00:00:00+00:00 [queued]>
[2023-06-30T02:43:04.304+0100] {taskinstance.py:1103} INFO - Dependencies all met for dep_context=requeueable deps ti=<TaskInstance: first_python_dag_v5.first_task_python scheduled__2023-06-29T00:00:00+00:00 [queued]>
[2023-06-30T02:43:04.304+0100] {taskinstance.py:1308} INFO - Starting attempt 1 of 6
[2023-06-30T02:43:04.315+0100] {taskinstance.py:1327} INFO - Executing <Task(PythonOperator): first_task_python> on 2023-06-29 00:00:00+00:00
[2023-06-30T02:43:04.317+0100] {standard_task_runner.py:57} INFO - Started process 13394 to run task
[2023-06-30T02:43:04.320+0100] {standard_task_runner.py:84} INFO - Running: ['airflow', 'tasks', 'run', 'first_python_dag_v5', 'first_task_python', 'scheduled__2023-06-29T00:00:00+00:00', '--job-id', '14', '--raw', '--subdir', '/home/haboubi/Desktop/api/API_weather/dags/dag_create_py.py', '--cfg-path', '/tmp/tmppgbnqqti']
[2023-06-30T02:43:04.321+0100] {standard_task_runner.py:85} INFO - Job 14: Subtask first_task_python
[2023-06-30T02:43:04.352+0100] {task_command.py:410} INFO - Running <TaskInstance: first_python_dag_v5.first_task_python scheduled__2023-06-29T00:00:00+00:00 [running]> on host haboubi-VivoBook-15-ASUS-Laptop-X540UB
[2023-06-30T02:43:04.395+0100] {taskinstance.py:1545} INFO - Exporting env vars: AIRFLOW_CTX_DAG_OWNER='haboubi' AIRFLOW_CTX_DAG_ID='first_python_dag_v5' AIRFLOW_CTX_TASK_ID='first_task_python' AIRFLOW_CTX_EXECUTION_DATE='2023-06-29T00:00:00+00:00' AIRFLOW_CTX_TRY_NUMBER='1' AIRFLOW_CTX_DAG_RUN_ID='scheduled__2023-06-29T00:00:00+00:00'
[2023-06-30T02:43:04.396+0100] {taskinstance.py:1824} ERROR - Task failed with exception
Traceback (most recent call last):
  File "/home/haboubi/Desktop/api/API_weather/api_env/lib/python3.10/site-packages/airflow/operators/python.py", line 181, in execute
    return_value = self.execute_callable()
  File "/home/haboubi/Desktop/api/API_weather/api_env/lib/python3.10/site-packages/airflow/operators/python.py", line 198, in execute_callable
    return self.python_callable(*self.op_args, **self.op_kwargs)
  File "/home/haboubi/Desktop/api/API_weather/dags/dag_create_py.py", line 14, in greet
    name=ti.xcomp_pull(task_ids='get_name')
AttributeError: 'TaskInstance' object has no attribute 'xcomp_pull'. Did you mean: 'xcom_pull'?
[2023-06-30T02:43:04.401+0100] {taskinstance.py:1345} INFO - Marking task as UP_FOR_RETRY. dag_id=first_python_dag_v5, task_id=first_task_python, execution_date=20230629T000000, start_date=20230630T014304, end_date=20230630T014304
[2023-06-30T02:43:04.409+0100] {standard_task_runner.py:104} ERROR - Failed to execute job 14 for task first_task_python ('TaskInstance' object has no attribute 'xcomp_pull'; 13394)
[2023-06-30T02:43:04.452+0100] {local_task_job_runner.py:225} INFO - Task exited with return code 1
[2023-06-30T02:43:04.467+0100] {taskinstance.py:2653} INFO - 0 downstream tasks scheduled from follow-on schedule check
