[2023-07-07T00:10:05.978+0100] {taskinstance.py:1103} INFO - Dependencies all met for dep_context=non-requeueable deps ti=<TaskInstance: update_current_data_10.load_current_data scheduled__2023-06-13T03:20:00+00:00 [queued]>
[2023-07-07T00:10:05.987+0100] {taskinstance.py:1103} INFO - Dependencies all met for dep_context=requeueable deps ti=<TaskInstance: update_current_data_10.load_current_data scheduled__2023-06-13T03:20:00+00:00 [queued]>
[2023-07-07T00:10:05.987+0100] {taskinstance.py:1308} INFO - Starting attempt 1 of 3
[2023-07-07T00:10:05.998+0100] {taskinstance.py:1327} INFO - Executing <Task(PythonOperator): load_current_data> on 2023-06-13 03:20:00+00:00
[2023-07-07T00:10:06.002+0100] {standard_task_runner.py:57} INFO - Started process 704636 to run task
[2023-07-07T00:10:06.005+0100] {standard_task_runner.py:84} INFO - Running: ['***', 'tasks', 'run', 'update_current_data_10', 'load_current_data', 'scheduled__2023-06-13T03:20:00+00:00', '--job-id', '11901', '--raw', '--subdir', '/home/haboubi/Desktop/api/API_weather/dags/update_current_dags.py', '--cfg-path', '/tmp/tmpfhaa1cpg']
[2023-07-07T00:10:06.006+0100] {standard_task_runner.py:85} INFO - Job 11901: Subtask load_current_data
[2023-07-07T00:10:06.068+0100] {task_command.py:410} INFO - Running <TaskInstance: update_current_data_10.load_current_data scheduled__2023-06-13T03:20:00+00:00 [running]> on host haboubi-VivoBook-15-ASUS-Laptop-X540UB
[2023-07-07T00:10:06.168+0100] {taskinstance.py:1545} INFO - Exporting env vars: AIRFLOW_CTX_DAG_OWNER='haboubi' AIRFLOW_CTX_DAG_ID='update_current_data_10' AIRFLOW_CTX_TASK_ID='load_current_data' AIRFLOW_CTX_EXECUTION_DATE='2023-06-13T03:20:00+00:00' AIRFLOW_CTX_TRY_NUMBER='1' AIRFLOW_CTX_DAG_RUN_ID='scheduled__2023-06-13T03:20:00+00:00'
[2023-07-07T00:10:06.187+0100] {logging_mixin.py:149} INFO - ['Paris', datetime.date(2023, 7, 5)]
[2023-07-07T00:10:06.268+0100] {logging_mixin.py:149} INFO - ['London', datetime.date(2023, 7, 5)]
[2023-07-07T00:10:06.397+0100] {logging_mixin.py:149} INFO - ['Barcelona', datetime.date(2023, 7, 5)]
[2023-07-07T00:10:06.439+0100] {logging_mixin.py:149} INFO - ['Rome', datetime.date(2023, 7, 5)]
[2023-07-07T00:10:06.482+0100] {logging_mixin.py:149} INFO - ['New York', datetime.date(2023, 7, 5)]
[2023-07-07T00:10:06.584+0100] {logging_mixin.py:149} INFO - ['Tokyo', datetime.date(2023, 7, 5)]
[2023-07-07T00:10:06.627+0100] {logging_mixin.py:149} INFO - ['Istanbul', datetime.date(2023, 7, 5)]
[2023-07-07T00:10:06.670+0100] {logging_mixin.py:149} INFO - ['Dubai', datetime.date(2023, 7, 5)]
[2023-07-07T00:10:06.772+0100] {logging_mixin.py:149} INFO - ['Sydney', datetime.date(2023, 7, 5)]
[2023-07-07T00:10:06.818+0100] {logging_mixin.py:149} INFO - ['Bangkok', datetime.date(2023, 7, 5)]
[2023-07-07T00:10:06.866+0100] {logging_mixin.py:149} INFO - ['Amsterdam', datetime.date(2023, 7, 5)]
[2023-07-07T00:10:06.968+0100] {logging_mixin.py:149} INFO - ['Rio De Janeiro', datetime.date(2023, 7, 5)]
[2023-07-07T00:10:07.013+0100] {logging_mixin.py:149} INFO - ['Prague', datetime.date(2023, 7, 5)]
[2023-07-07T00:10:07.059+0100] {logging_mixin.py:149} INFO - ['Cape Town', datetime.date(2023, 7, 5)]
[2023-07-07T00:10:07.162+0100] {logging_mixin.py:149} INFO - ['Buenos Aires', datetime.date(2023, 7, 5)]
[2023-07-07T00:10:07.206+0100] {logging_mixin.py:149} INFO - ['Berlin', datetime.date(2023, 7, 5)]
[2023-07-07T00:10:07.251+0100] {logging_mixin.py:149} INFO - ['Singapore', datetime.date(2023, 7, 5)]
[2023-07-07T00:10:07.374+0100] {logging_mixin.py:149} INFO - ['Florence', datetime.date(2023, 7, 5)]
[2023-07-07T00:10:07.418+0100] {logging_mixin.py:149} INFO - ['San Francisco', datetime.date(2023, 7, 5)]
[2023-07-07T00:10:07.464+0100] {logging_mixin.py:149} INFO - ['Marrakech', datetime.date(2023, 7, 5)]
[2023-07-07T00:10:07.569+0100] {python.py:183} INFO - Done. Returned value was: 0
[2023-07-07T00:10:07.605+0100] {taskinstance.py:1345} INFO - Marking task as SUCCESS. dag_id=update_current_data_10, task_id=load_current_data, execution_date=20230613T032000, start_date=20230706T231005, end_date=20230706T231007
[2023-07-07T00:10:07.621+0100] {local_task_job_runner.py:225} INFO - Task exited with return code 0
[2023-07-07T00:10:07.653+0100] {taskinstance.py:2653} INFO - 1 downstream tasks scheduled from follow-on schedule check
