[2023-07-03T16:50:49.369+0100] {taskinstance.py:1103} INFO - Dependencies all met for dep_context=non-requeueable deps ti=<TaskInstance: updated_day_hist.extract_updated_data manual__2023-07-03T15:50:43.203025+00:00 [queued]>
[2023-07-03T16:50:49.379+0100] {taskinstance.py:1103} INFO - Dependencies all met for dep_context=requeueable deps ti=<TaskInstance: updated_day_hist.extract_updated_data manual__2023-07-03T15:50:43.203025+00:00 [queued]>
[2023-07-03T16:50:49.379+0100] {taskinstance.py:1308} INFO - Starting attempt 1 of 3
[2023-07-03T16:50:49.391+0100] {taskinstance.py:1327} INFO - Executing <Task(PythonOperator): extract_updated_data> on 2023-07-03 15:50:43.203025+00:00
[2023-07-03T16:50:49.395+0100] {standard_task_runner.py:57} INFO - Started process 24253 to run task
[2023-07-03T16:50:49.398+0100] {standard_task_runner.py:84} INFO - Running: ['***', 'tasks', 'run', 'updated_day_hist', 'extract_updated_data', 'manual__2023-07-03T15:50:43.203025+00:00', '--job-id', '96', '--raw', '--subdir', '/home/haboubi/Desktop/api/API_weather/dags/update_day_hist.py', '--cfg-path', '/tmp/tmpifngufz2']
[2023-07-03T16:50:49.400+0100] {standard_task_runner.py:85} INFO - Job 96: Subtask extract_updated_data
[2023-07-03T16:50:49.468+0100] {task_command.py:410} INFO - Running <TaskInstance: updated_day_hist.extract_updated_data manual__2023-07-03T15:50:43.203025+00:00 [running]> on host haboubi-VivoBook-15-ASUS-Laptop-X540UB
[2023-07-03T16:50:49.594+0100] {taskinstance.py:1545} INFO - Exporting env vars: AIRFLOW_CTX_DAG_OWNER='haboubi' AIRFLOW_CTX_DAG_ID='updated_day_hist' AIRFLOW_CTX_TASK_ID='extract_updated_data' AIRFLOW_CTX_EXECUTION_DATE='2023-07-03T15:50:43.203025+00:00' AIRFLOW_CTX_TRY_NUMBER='1' AIRFLOW_CTX_DAG_RUN_ID='manual__2023-07-03T15:50:43.203025+00:00'
[2023-07-03T16:50:49.620+0100] {logging_mixin.py:149} INFO - im here 2023
[2023-07-03T16:50:49.968+0100] {logging_mixin.py:149} INFO - im here 2023
[2023-07-03T16:50:50.337+0100] {logging_mixin.py:149} INFO - im here 2023
[2023-07-03T16:50:50.576+0100] {logging_mixin.py:149} INFO - im here 2023
[2023-07-03T16:50:50.883+0100] {logging_mixin.py:149} INFO - im here 2023
[2023-07-03T16:50:51.167+0100] {logging_mixin.py:149} INFO - im here 2023
[2023-07-03T16:50:51.439+0100] {logging_mixin.py:149} INFO - im here 2023
[2023-07-03T16:50:51.715+0100] {logging_mixin.py:149} INFO - im here 2023
[2023-07-03T16:50:52.082+0100] {logging_mixin.py:149} INFO - im here 2023
[2023-07-03T16:50:52.482+0100] {logging_mixin.py:149} INFO - im here 2023
[2023-07-03T16:50:52.778+0100] {logging_mixin.py:149} INFO - im here 2023
[2023-07-03T16:50:53.089+0100] {logging_mixin.py:149} INFO - im here 2023
[2023-07-03T16:50:53.347+0100] {logging_mixin.py:149} INFO - im here 2023
[2023-07-03T16:50:53.645+0100] {logging_mixin.py:149} INFO - im here 2023
[2023-07-03T16:50:53.959+0100] {logging_mixin.py:149} INFO - im here 2023
[2023-07-03T16:50:54.258+0100] {logging_mixin.py:149} INFO - im here 2023
[2023-07-03T16:50:54.623+0100] {logging_mixin.py:149} INFO - im here 2023
[2023-07-03T16:50:54.971+0100] {logging_mixin.py:149} INFO - im here 2023
[2023-07-03T16:50:55.236+0100] {logging_mixin.py:149} INFO - im here 2023
[2023-07-03T16:50:55.602+0100] {logging_mixin.py:149} INFO - im here 2023
[2023-07-03T16:50:56.278+0100] {python.py:183} INFO - Done. Returned value was: None
[2023-07-03T16:50:56.313+0100] {taskinstance.py:1345} INFO - Marking task as SUCCESS. dag_id=updated_day_hist, task_id=extract_updated_data, execution_date=20230703T155043, start_date=20230703T155049, end_date=20230703T155056
[2023-07-03T16:50:56.363+0100] {local_task_job_runner.py:225} INFO - Task exited with return code 0
[2023-07-03T16:50:56.400+0100] {taskinstance.py:2653} INFO - 1 downstream tasks scheduled from follow-on schedule check
