[2023-07-07T06:03:47.411+0100] {taskinstance.py:1103} INFO - Dependencies all met for dep_context=non-requeueable deps ti=<TaskInstance: update_current_data_10.extract_current_data manual__2023-07-07T05:03:42.422756+00:00 [queued]>
[2023-07-07T06:03:47.420+0100] {taskinstance.py:1103} INFO - Dependencies all met for dep_context=requeueable deps ti=<TaskInstance: update_current_data_10.extract_current_data manual__2023-07-07T05:03:42.422756+00:00 [queued]>
[2023-07-07T06:03:47.421+0100] {taskinstance.py:1308} INFO - Starting attempt 1 of 3
[2023-07-07T06:03:47.432+0100] {taskinstance.py:1327} INFO - Executing <Task(PythonOperator): extract_current_data> on 2023-07-07 05:03:42.422756+00:00
[2023-07-07T06:03:47.436+0100] {standard_task_runner.py:57} INFO - Started process 1057643 to run task
[2023-07-07T06:03:47.439+0100] {standard_task_runner.py:84} INFO - Running: ['***', 'tasks', 'run', 'update_current_data_10', 'extract_current_data', 'manual__2023-07-07T05:03:42.422756+00:00', '--job-id', '16881', '--raw', '--subdir', '/home/haboubi/Desktop/api/API_weather/dags/update_current_dags.py', '--cfg-path', '/tmp/tmpg9koa0ep']
[2023-07-07T06:03:47.440+0100] {standard_task_runner.py:85} INFO - Job 16881: Subtask extract_current_data
[2023-07-07T06:03:47.502+0100] {task_command.py:410} INFO - Running <TaskInstance: update_current_data_10.extract_current_data manual__2023-07-07T05:03:42.422756+00:00 [running]> on host haboubi-VivoBook-15-ASUS-Laptop-X540UB
[2023-07-07T06:03:47.607+0100] {taskinstance.py:1545} INFO - Exporting env vars: AIRFLOW_CTX_DAG_OWNER='haboubi' AIRFLOW_CTX_DAG_ID='update_current_data_10' AIRFLOW_CTX_TASK_ID='extract_current_data' AIRFLOW_CTX_EXECUTION_DATE='2023-07-07T05:03:42.422756+00:00' AIRFLOW_CTX_TRY_NUMBER='1' AIRFLOW_CTX_DAG_RUN_ID='manual__2023-07-07T05:03:42.422756+00:00'
[2023-07-07T06:03:47.612+0100] {logging_mixin.py:149} INFO - Paris
[2023-07-07T06:03:47.953+0100] {logging_mixin.py:149} INFO - London
[2023-07-07T06:03:48.153+0100] {logging_mixin.py:149} INFO - Barcelona
[2023-07-07T06:03:48.357+0100] {logging_mixin.py:149} INFO - Rome
[2023-07-07T06:03:48.561+0100] {logging_mixin.py:149} INFO - New York City
[2023-07-07T06:03:48.767+0100] {logging_mixin.py:149} INFO - Tokyo
[2023-07-07T06:03:48.981+0100] {logging_mixin.py:149} INFO - Istanbul
[2023-07-07T06:03:49.167+0100] {logging_mixin.py:149} INFO - Dubai
[2023-07-07T06:03:49.377+0100] {logging_mixin.py:149} INFO - Sydney
[2023-07-07T06:03:49.607+0100] {logging_mixin.py:149} INFO - Bangkok
[2023-07-07T06:03:49.778+0100] {logging_mixin.py:149} INFO - Amsterdam
[2023-07-07T06:03:49.991+0100] {logging_mixin.py:149} INFO - Rio de Janeiro
[2023-07-07T06:03:50.214+0100] {logging_mixin.py:149} INFO - Prague
[2023-07-07T06:03:50.404+0100] {logging_mixin.py:149} INFO - Cape Town
[2023-07-07T06:03:50.651+0100] {logging_mixin.py:149} INFO - Buenos Aires
[2023-07-07T06:03:50.860+0100] {logging_mixin.py:149} INFO - Berlin
[2023-07-07T06:03:51.039+0100] {logging_mixin.py:149} INFO - Singapore
[2023-07-07T06:03:51.234+0100] {logging_mixin.py:149} INFO - Florence
[2023-07-07T06:03:51.436+0100] {logging_mixin.py:149} INFO - San Francisco
[2023-07-07T06:03:51.742+0100] {logging_mixin.py:149} INFO - Marrakech
[2023-07-07T06:03:51.920+0100] {python.py:183} INFO - Done. Returned value was: None
[2023-07-07T06:03:51.944+0100] {taskinstance.py:1345} INFO - Marking task as SUCCESS. dag_id=update_current_data_10, task_id=extract_current_data, execution_date=20230707T050342, start_date=20230707T050347, end_date=20230707T050351
[2023-07-07T06:03:51.989+0100] {local_task_job_runner.py:225} INFO - Task exited with return code 0
[2023-07-07T06:03:52.033+0100] {taskinstance.py:2653} INFO - 1 downstream tasks scheduled from follow-on schedule check
