[2023-07-05T10:42:26.572+0100] {taskinstance.py:1103} INFO - Dependencies all met for dep_context=non-requeueable deps ti=<TaskInstance: update_current_data_10.extract_current_data scheduled__2023-05-07T13:40:00+00:00 [queued]>
[2023-07-05T10:42:26.581+0100] {taskinstance.py:1103} INFO - Dependencies all met for dep_context=requeueable deps ti=<TaskInstance: update_current_data_10.extract_current_data scheduled__2023-05-07T13:40:00+00:00 [queued]>
[2023-07-05T10:42:26.581+0100] {taskinstance.py:1308} INFO - Starting attempt 1 of 3
[2023-07-05T10:42:26.596+0100] {taskinstance.py:1327} INFO - Executing <Task(PythonOperator): extract_current_data> on 2023-05-07 13:40:00+00:00
[2023-07-05T10:42:26.600+0100] {standard_task_runner.py:57} INFO - Started process 53027 to run task
[2023-07-05T10:42:26.603+0100] {standard_task_runner.py:84} INFO - Running: ['***', 'tasks', 'run', 'update_current_data_10', 'extract_current_data', 'scheduled__2023-05-07T13:40:00+00:00', '--job-id', '430', '--raw', '--subdir', '/home/haboubi/Desktop/api/API_weather/dags/update_current_dags.py', '--cfg-path', '/tmp/tmp2j0ucz9d']
[2023-07-05T10:42:26.604+0100] {standard_task_runner.py:85} INFO - Job 430: Subtask extract_current_data
[2023-07-05T10:42:26.670+0100] {task_command.py:410} INFO - Running <TaskInstance: update_current_data_10.extract_current_data scheduled__2023-05-07T13:40:00+00:00 [running]> on host haboubi-VivoBook-15-ASUS-Laptop-X540UB
[2023-07-05T10:42:26.762+0100] {taskinstance.py:1545} INFO - Exporting env vars: AIRFLOW_CTX_DAG_OWNER='haboubi' AIRFLOW_CTX_DAG_ID='update_current_data_10' AIRFLOW_CTX_TASK_ID='extract_current_data' AIRFLOW_CTX_EXECUTION_DATE='2023-05-07T13:40:00+00:00' AIRFLOW_CTX_TRY_NUMBER='1' AIRFLOW_CTX_DAG_RUN_ID='scheduled__2023-05-07T13:40:00+00:00'
[2023-07-05T10:42:30.620+0100] {python.py:183} INFO - Done. Returned value was: None
[2023-07-05T10:42:30.673+0100] {taskinstance.py:1345} INFO - Marking task as SUCCESS. dag_id=update_current_data_10, task_id=extract_current_data, execution_date=20230507T134000, start_date=20230705T094226, end_date=20230705T094230
[2023-07-05T10:42:30.716+0100] {local_task_job_runner.py:225} INFO - Task exited with return code 0
[2023-07-05T10:42:30.747+0100] {taskinstance.py:2653} INFO - 1 downstream tasks scheduled from follow-on schedule check
[2023-07-05T11:07:02.392+0100] {taskinstance.py:1103} INFO - Dependencies all met for dep_context=non-requeueable deps ti=<TaskInstance: update_current_data_10.extract_current_data scheduled__2023-05-07T13:40:00+00:00 [queued]>
[2023-07-05T11:07:02.401+0100] {taskinstance.py:1103} INFO - Dependencies all met for dep_context=requeueable deps ti=<TaskInstance: update_current_data_10.extract_current_data scheduled__2023-05-07T13:40:00+00:00 [queued]>
[2023-07-05T11:07:02.401+0100] {taskinstance.py:1308} INFO - Starting attempt 1 of 3
[2023-07-05T11:07:02.411+0100] {taskinstance.py:1327} INFO - Executing <Task(PythonOperator): extract_current_data> on 2023-05-07 13:40:00+00:00
[2023-07-05T11:07:02.416+0100] {standard_task_runner.py:57} INFO - Started process 72790 to run task
[2023-07-05T11:07:02.419+0100] {standard_task_runner.py:84} INFO - Running: ['***', 'tasks', 'run', 'update_current_data_10', 'extract_current_data', 'scheduled__2023-05-07T13:40:00+00:00', '--job-id', '744', '--raw', '--subdir', '/home/haboubi/Desktop/api/API_weather/dags/update_current_dags.py', '--cfg-path', '/tmp/tmp35_3aplx']
[2023-07-05T11:07:02.420+0100] {standard_task_runner.py:85} INFO - Job 744: Subtask extract_current_data
[2023-07-05T11:07:02.484+0100] {task_command.py:410} INFO - Running <TaskInstance: update_current_data_10.extract_current_data scheduled__2023-05-07T13:40:00+00:00 [running]> on host haboubi-VivoBook-15-ASUS-Laptop-X540UB
[2023-07-05T11:07:02.578+0100] {taskinstance.py:1545} INFO - Exporting env vars: AIRFLOW_CTX_DAG_OWNER='haboubi' AIRFLOW_CTX_DAG_ID='update_current_data_10' AIRFLOW_CTX_TASK_ID='extract_current_data' AIRFLOW_CTX_EXECUTION_DATE='2023-05-07T13:40:00+00:00' AIRFLOW_CTX_TRY_NUMBER='1' AIRFLOW_CTX_DAG_RUN_ID='scheduled__2023-05-07T13:40:00+00:00'
[2023-07-05T11:07:06.341+0100] {python.py:183} INFO - Done. Returned value was: None
[2023-07-05T11:07:06.388+0100] {taskinstance.py:1345} INFO - Marking task as SUCCESS. dag_id=update_current_data_10, task_id=extract_current_data, execution_date=20230507T134000, start_date=20230705T100702, end_date=20230705T100706
[2023-07-05T11:07:06.416+0100] {local_task_job_runner.py:225} INFO - Task exited with return code 0
[2023-07-05T11:07:06.447+0100] {taskinstance.py:2653} INFO - 1 downstream tasks scheduled from follow-on schedule check
