[2023-07-03T16:27:13.328+0100] {taskinstance.py:1103} INFO - Dependencies all met for dep_context=non-requeueable deps ti=<TaskInstance: updated_day_hist.load_updated_data scheduled__2023-07-01T00:00:00+00:00 [queued]>
[2023-07-03T16:27:13.339+0100] {taskinstance.py:1103} INFO - Dependencies all met for dep_context=requeueable deps ti=<TaskInstance: updated_day_hist.load_updated_data scheduled__2023-07-01T00:00:00+00:00 [queued]>
[2023-07-03T16:27:13.339+0100] {taskinstance.py:1308} INFO - Starting attempt 2 of 3
[2023-07-03T16:27:13.355+0100] {taskinstance.py:1327} INFO - Executing <Task(PythonOperator): load_updated_data> on 2023-07-01 00:00:00+00:00
[2023-07-03T16:27:13.359+0100] {standard_task_runner.py:57} INFO - Started process 15715 to run task
[2023-07-03T16:27:13.362+0100] {standard_task_runner.py:84} INFO - Running: ['***', 'tasks', 'run', 'updated_day_hist', 'load_updated_data', 'scheduled__2023-07-01T00:00:00+00:00', '--job-id', '60', '--raw', '--subdir', '/home/haboubi/Desktop/api/API_weather/dags/update_day_hist.py', '--cfg-path', '/tmp/tmpzknwsfi5']
[2023-07-03T16:27:13.364+0100] {standard_task_runner.py:85} INFO - Job 60: Subtask load_updated_data
[2023-07-03T16:27:13.445+0100] {task_command.py:410} INFO - Running <TaskInstance: updated_day_hist.load_updated_data scheduled__2023-07-01T00:00:00+00:00 [running]> on host haboubi-VivoBook-15-ASUS-Laptop-X540UB
[2023-07-03T16:27:13.561+0100] {taskinstance.py:1545} INFO - Exporting env vars: AIRFLOW_CTX_DAG_OWNER='haboubi' AIRFLOW_CTX_DAG_ID='updated_day_hist' AIRFLOW_CTX_TASK_ID='load_updated_data' AIRFLOW_CTX_EXECUTION_DATE='2023-07-01T00:00:00+00:00' AIRFLOW_CTX_TRY_NUMBER='2' AIRFLOW_CTX_DAG_RUN_ID='scheduled__2023-07-01T00:00:00+00:00'
[2023-07-03T16:27:13.573+0100] {taskinstance.py:1824} ERROR - Task failed with exception
Traceback (most recent call last):
  File "/home/haboubi/Desktop/api/API_weather/api_env/lib/python3.10/site-packages/airflow/operators/python.py", line 181, in execute
    return_value = self.execute_callable()
  File "/home/haboubi/Desktop/api/API_weather/api_env/lib/python3.10/site-packages/airflow/operators/python.py", line 198, in execute_callable
    return self.python_callable(*self.op_args, **self.op_kwargs)
  File "/home/haboubi/Desktop/api/API_weather/dags/update_day_hist.py", line 47, in load_updated_data_db
    loc=session.query(Location).filter_by(Location.name==locations_csv.iloc[i]['name']).first()
TypeError: Query.filter_by() takes 1 positional argument but 2 were given
[2023-07-03T16:27:13.589+0100] {taskinstance.py:1345} INFO - Marking task as UP_FOR_RETRY. dag_id=updated_day_hist, task_id=load_updated_data, execution_date=20230701T000000, start_date=20230703T152713, end_date=20230703T152713
[2023-07-03T16:27:13.600+0100] {standard_task_runner.py:104} ERROR - Failed to execute job 60 for task load_updated_data (Query.filter_by() takes 1 positional argument but 2 were given; 15715)
[2023-07-03T16:27:13.615+0100] {local_task_job_runner.py:225} INFO - Task exited with return code 1
[2023-07-03T16:27:13.648+0100] {taskinstance.py:2653} INFO - 0 downstream tasks scheduled from follow-on schedule check
