[2023-07-05T10:30:50.368+0100] {taskinstance.py:1103} INFO - Dependencies all met for dep_context=non-requeueable deps ti=<TaskInstance: update_current_data_10.extract_current_data scheduled__2023-05-07T01:40:00+00:00 [queued]>
[2023-07-05T10:30:50.376+0100] {taskinstance.py:1103} INFO - Dependencies all met for dep_context=requeueable deps ti=<TaskInstance: update_current_data_10.extract_current_data scheduled__2023-05-07T01:40:00+00:00 [queued]>
[2023-07-05T10:30:50.376+0100] {taskinstance.py:1308} INFO - Starting attempt 1 of 3
[2023-07-05T10:30:50.386+0100] {taskinstance.py:1327} INFO - Executing <Task(PythonOperator): extract_current_data> on 2023-05-07 01:40:00+00:00
[2023-07-05T10:30:50.391+0100] {standard_task_runner.py:57} INFO - Started process 41641 to run task
[2023-07-05T10:30:50.395+0100] {standard_task_runner.py:84} INFO - Running: ['***', 'tasks', 'run', 'update_current_data_10', 'extract_current_data', 'scheduled__2023-05-07T01:40:00+00:00', '--job-id', '234', '--raw', '--subdir', '/home/haboubi/Desktop/api/API_weather/dags/update_current_dags.py', '--cfg-path', '/tmp/tmpjvwrvdba']
[2023-07-05T10:30:50.397+0100] {standard_task_runner.py:85} INFO - Job 234: Subtask extract_current_data
[2023-07-05T10:30:50.460+0100] {task_command.py:410} INFO - Running <TaskInstance: update_current_data_10.extract_current_data scheduled__2023-05-07T01:40:00+00:00 [running]> on host haboubi-VivoBook-15-ASUS-Laptop-X540UB
[2023-07-05T10:30:50.555+0100] {taskinstance.py:1545} INFO - Exporting env vars: AIRFLOW_CTX_DAG_OWNER='haboubi' AIRFLOW_CTX_DAG_ID='update_current_data_10' AIRFLOW_CTX_TASK_ID='extract_current_data' AIRFLOW_CTX_EXECUTION_DATE='2023-05-07T01:40:00+00:00' AIRFLOW_CTX_TRY_NUMBER='1' AIRFLOW_CTX_DAG_RUN_ID='scheduled__2023-05-07T01:40:00+00:00'
[2023-07-05T10:30:54.402+0100] {python.py:183} INFO - Done. Returned value was: None
[2023-07-05T10:30:54.451+0100] {taskinstance.py:1345} INFO - Marking task as SUCCESS. dag_id=update_current_data_10, task_id=extract_current_data, execution_date=20230507T014000, start_date=20230705T093050, end_date=20230705T093054
[2023-07-05T10:30:54.503+0100] {local_task_job_runner.py:225} INFO - Task exited with return code 0
[2023-07-05T10:30:54.547+0100] {taskinstance.py:2653} INFO - 1 downstream tasks scheduled from follow-on schedule check
[2023-07-05T10:51:46.612+0100] {taskinstance.py:1103} INFO - Dependencies all met for dep_context=non-requeueable deps ti=<TaskInstance: update_current_data_10.extract_current_data scheduled__2023-05-07T01:40:00+00:00 [queued]>
[2023-07-05T10:51:46.623+0100] {taskinstance.py:1103} INFO - Dependencies all met for dep_context=requeueable deps ti=<TaskInstance: update_current_data_10.extract_current_data scheduled__2023-05-07T01:40:00+00:00 [queued]>
[2023-07-05T10:51:46.624+0100] {taskinstance.py:1308} INFO - Starting attempt 1 of 3
[2023-07-05T10:51:46.637+0100] {taskinstance.py:1327} INFO - Executing <Task(PythonOperator): extract_current_data> on 2023-05-07 01:40:00+00:00
[2023-07-05T10:51:46.640+0100] {standard_task_runner.py:57} INFO - Started process 60319 to run task
[2023-07-05T10:51:46.644+0100] {standard_task_runner.py:84} INFO - Running: ['***', 'tasks', 'run', 'update_current_data_10', 'extract_current_data', 'scheduled__2023-05-07T01:40:00+00:00', '--job-id', '554', '--raw', '--subdir', '/home/haboubi/Desktop/api/API_weather/dags/update_current_dags.py', '--cfg-path', '/tmp/tmpg0stl6k1']
[2023-07-05T10:51:46.645+0100] {standard_task_runner.py:85} INFO - Job 554: Subtask extract_current_data
[2023-07-05T10:51:46.720+0100] {task_command.py:410} INFO - Running <TaskInstance: update_current_data_10.extract_current_data scheduled__2023-05-07T01:40:00+00:00 [running]> on host haboubi-VivoBook-15-ASUS-Laptop-X540UB
[2023-07-05T10:51:46.816+0100] {taskinstance.py:1545} INFO - Exporting env vars: AIRFLOW_CTX_DAG_OWNER='haboubi' AIRFLOW_CTX_DAG_ID='update_current_data_10' AIRFLOW_CTX_TASK_ID='extract_current_data' AIRFLOW_CTX_EXECUTION_DATE='2023-05-07T01:40:00+00:00' AIRFLOW_CTX_TRY_NUMBER='1' AIRFLOW_CTX_DAG_RUN_ID='scheduled__2023-05-07T01:40:00+00:00'
[2023-07-05T10:51:51.035+0100] {python.py:183} INFO - Done. Returned value was: None
[2023-07-05T10:51:51.073+0100] {taskinstance.py:1345} INFO - Marking task as SUCCESS. dag_id=update_current_data_10, task_id=extract_current_data, execution_date=20230507T014000, start_date=20230705T095146, end_date=20230705T095151
[2023-07-05T10:51:51.123+0100] {local_task_job_runner.py:225} INFO - Task exited with return code 0
[2023-07-05T10:51:51.156+0100] {taskinstance.py:2653} INFO - 1 downstream tasks scheduled from follow-on schedule check
