[2023-07-03T16:44:12.036+0100] {taskinstance.py:1103} INFO - Dependencies all met for dep_context=non-requeueable deps ti=<TaskInstance: updated_day_hist.extract_updated_data manual__2023-07-03T15:44:05.858048+00:00 [queued]>
[2023-07-03T16:44:12.047+0100] {taskinstance.py:1103} INFO - Dependencies all met for dep_context=requeueable deps ti=<TaskInstance: updated_day_hist.extract_updated_data manual__2023-07-03T15:44:05.858048+00:00 [queued]>
[2023-07-03T16:44:12.048+0100] {taskinstance.py:1308} INFO - Starting attempt 1 of 3
[2023-07-03T16:44:12.062+0100] {taskinstance.py:1327} INFO - Executing <Task(PythonOperator): extract_updated_data> on 2023-07-03 15:44:05.858048+00:00
[2023-07-03T16:44:12.068+0100] {standard_task_runner.py:57} INFO - Started process 20408 to run task
[2023-07-03T16:44:12.071+0100] {standard_task_runner.py:84} INFO - Running: ['***', 'tasks', 'run', 'updated_day_hist', 'extract_updated_data', 'manual__2023-07-03T15:44:05.858048+00:00', '--job-id', '80', '--raw', '--subdir', '/home/haboubi/Desktop/api/API_weather/dags/update_day_hist.py', '--cfg-path', '/tmp/tmpsxjt66r7']
[2023-07-03T16:44:12.073+0100] {standard_task_runner.py:85} INFO - Job 80: Subtask extract_updated_data
[2023-07-03T16:44:12.163+0100] {task_command.py:410} INFO - Running <TaskInstance: updated_day_hist.extract_updated_data manual__2023-07-03T15:44:05.858048+00:00 [running]> on host haboubi-VivoBook-15-ASUS-Laptop-X540UB
[2023-07-03T16:44:12.278+0100] {taskinstance.py:1545} INFO - Exporting env vars: AIRFLOW_CTX_DAG_OWNER='haboubi' AIRFLOW_CTX_DAG_ID='updated_day_hist' AIRFLOW_CTX_TASK_ID='extract_updated_data' AIRFLOW_CTX_EXECUTION_DATE='2023-07-03T15:44:05.858048+00:00' AIRFLOW_CTX_TRY_NUMBER='1' AIRFLOW_CTX_DAG_RUN_ID='manual__2023-07-03T15:44:05.858048+00:00'
[2023-07-03T16:44:12.306+0100] {logging_mixin.py:149} INFO - im here 2023
[2023-07-03T16:44:12.599+0100] {logging_mixin.py:149} INFO - im here 2023
[2023-07-03T16:44:13.124+0100] {logging_mixin.py:149} INFO - im here 2023
[2023-07-03T16:44:13.521+0100] {logging_mixin.py:149} INFO - im here 2023
[2023-07-03T16:44:13.959+0100] {logging_mixin.py:149} INFO - im here 2023
[2023-07-03T16:44:14.396+0100] {logging_mixin.py:149} INFO - im here 2023
[2023-07-03T16:44:14.777+0100] {logging_mixin.py:149} INFO - im here 2023
[2023-07-03T16:44:15.090+0100] {logging_mixin.py:149} INFO - im here 2023
[2023-07-03T16:44:15.346+0100] {logging_mixin.py:149} INFO - im here 2023
[2023-07-03T16:44:15.651+0100] {logging_mixin.py:149} INFO - im here 2023
[2023-07-03T16:44:15.957+0100] {logging_mixin.py:149} INFO - im here 2023
[2023-07-03T16:44:16.275+0100] {logging_mixin.py:149} INFO - im here 2023
[2023-07-03T16:44:16.563+0100] {logging_mixin.py:149} INFO - im here 2023
[2023-07-03T16:44:16.875+0100] {logging_mixin.py:149} INFO - im here 2023
[2023-07-03T16:44:17.203+0100] {logging_mixin.py:149} INFO - im here 2023
[2023-07-03T16:44:17.584+0100] {logging_mixin.py:149} INFO - im here 2023
[2023-07-03T16:44:17.882+0100] {logging_mixin.py:149} INFO - im here 2023
[2023-07-03T16:44:18.323+0100] {logging_mixin.py:149} INFO - im here 2023
[2023-07-03T16:44:18.767+0100] {logging_mixin.py:149} INFO - im here 2023
[2023-07-03T16:44:19.038+0100] {logging_mixin.py:149} INFO - im here 2023
[2023-07-03T16:44:19.545+0100] {python.py:183} INFO - Done. Returned value was: None
[2023-07-03T16:44:19.575+0100] {taskinstance.py:1345} INFO - Marking task as SUCCESS. dag_id=updated_day_hist, task_id=extract_updated_data, execution_date=20230703T154405, start_date=20230703T154412, end_date=20230703T154419
[2023-07-03T16:44:19.612+0100] {local_task_job_runner.py:225} INFO - Task exited with return code 0
[2023-07-03T16:44:19.711+0100] {taskinstance.py:2653} INFO - 1 downstream tasks scheduled from follow-on schedule check
