[2023-06-30T04:18:34.249+0100] {taskinstance.py:1103} INFO - Dependencies all met for dep_context=non-requeueable deps ti=<TaskInstance: using_taskflow_v2.get_name scheduled__0029-07-03T00:00:00+00:00 [queued]>
[2023-06-30T04:18:34.256+0100] {taskinstance.py:1103} INFO - Dependencies all met for dep_context=requeueable deps ti=<TaskInstance: using_taskflow_v2.get_name scheduled__0029-07-03T00:00:00+00:00 [queued]>
[2023-06-30T04:18:34.256+0100] {taskinstance.py:1308} INFO - Starting attempt 1 of 6
[2023-06-30T04:18:34.274+0100] {taskinstance.py:1327} INFO - Executing <Task(_PythonDecoratedOperator): get_name> on 0029-07-03 00:00:00+00:00
[2023-06-30T04:18:34.278+0100] {standard_task_runner.py:57} INFO - Started process 29468 to run task
[2023-06-30T04:18:34.285+0100] {standard_task_runner.py:84} INFO - Running: ['airflow', 'tasks', 'run', 'using_taskflow_v2', 'get_name', 'scheduled__0029-07-03T00:00:00+00:00', '--job-id', '177', '--raw', '--subdir', '/home/haboubi/Desktop/api/API_weather/dags/dag_create_py_api_taskflow.py', '--cfg-path', '/tmp/tmpaqyuzvmy']
[2023-06-30T04:18:34.287+0100] {standard_task_runner.py:85} INFO - Job 177: Subtask get_name
[2023-06-30T04:18:34.327+0100] {task_command.py:410} INFO - Running <TaskInstance: using_taskflow_v2.get_name scheduled__0029-07-03T00:00:00+00:00 [running]> on host haboubi-VivoBook-15-ASUS-Laptop-X540UB
[2023-06-30T04:18:34.386+0100] {taskinstance.py:1545} INFO - Exporting env vars: AIRFLOW_CTX_DAG_OWNER='haboubi' AIRFLOW_CTX_DAG_ID='using_taskflow_v2' AIRFLOW_CTX_TASK_ID='get_name' AIRFLOW_CTX_EXECUTION_DATE='0029-07-03T00:00:00+00:00' AIRFLOW_CTX_TRY_NUMBER='1' AIRFLOW_CTX_DAG_RUN_ID='scheduled__0029-07-03T00:00:00+00:00'
[2023-06-30T04:18:34.387+0100] {python.py:183} INFO - Done. Returned value was: {'first_name': 'fadi', 'last_name': 'haboubi'}
[2023-06-30T04:18:34.399+0100] {taskinstance.py:1345} INFO - Marking task as SUCCESS. dag_id=using_taskflow_v2, task_id=get_name, execution_date=290703T000000, start_date=20230630T031834, end_date=20230630T031834
[2023-06-30T04:18:34.416+0100] {local_task_job_runner.py:225} INFO - Task exited with return code 0
[2023-06-30T04:18:34.433+0100] {taskinstance.py:2653} INFO - 0 downstream tasks scheduled from follow-on schedule check
[2023-06-30T04:20:53.951+0100] {taskinstance.py:1103} INFO - Dependencies all met for dep_context=non-requeueable deps ti=<TaskInstance: using_taskflow_v2.get_name scheduled__0029-07-03T00:00:00+00:00 [queued]>
[2023-06-30T04:20:53.958+0100] {taskinstance.py:1103} INFO - Dependencies all met for dep_context=requeueable deps ti=<TaskInstance: using_taskflow_v2.get_name scheduled__0029-07-03T00:00:00+00:00 [queued]>
[2023-06-30T04:20:53.959+0100] {taskinstance.py:1308} INFO - Starting attempt 1 of 6
[2023-06-30T04:20:53.971+0100] {taskinstance.py:1327} INFO - Executing <Task(_PythonDecoratedOperator): get_name> on 0029-07-03 00:00:00+00:00
[2023-06-30T04:20:53.974+0100] {standard_task_runner.py:57} INFO - Started process 31204 to run task
[2023-06-30T04:20:53.977+0100] {standard_task_runner.py:84} INFO - Running: ['airflow', 'tasks', 'run', 'using_taskflow_v2', 'get_name', 'scheduled__0029-07-03T00:00:00+00:00', '--job-id', '178', '--raw', '--subdir', '/home/haboubi/Desktop/api/API_weather/dags/dag_create_py_api_taskflow.py', '--cfg-path', '/tmp/tmpimoy7vhk']
[2023-06-30T04:20:53.979+0100] {standard_task_runner.py:85} INFO - Job 178: Subtask get_name
[2023-06-30T04:20:54.009+0100] {task_command.py:410} INFO - Running <TaskInstance: using_taskflow_v2.get_name scheduled__0029-07-03T00:00:00+00:00 [running]> on host haboubi-VivoBook-15-ASUS-Laptop-X540UB
[2023-06-30T04:20:54.074+0100] {taskinstance.py:1545} INFO - Exporting env vars: AIRFLOW_CTX_DAG_OWNER='haboubi' AIRFLOW_CTX_DAG_ID='using_taskflow_v2' AIRFLOW_CTX_TASK_ID='get_name' AIRFLOW_CTX_EXECUTION_DATE='0029-07-03T00:00:00+00:00' AIRFLOW_CTX_TRY_NUMBER='1' AIRFLOW_CTX_DAG_RUN_ID='scheduled__0029-07-03T00:00:00+00:00'
[2023-06-30T04:20:54.075+0100] {python.py:183} INFO - Done. Returned value was: {'first_name': 'fadi', 'last_name': 'haboubi'}
[2023-06-30T04:20:54.101+0100] {taskinstance.py:1345} INFO - Marking task as SUCCESS. dag_id=using_taskflow_v2, task_id=get_name, execution_date=290703T000000, start_date=20230630T032053, end_date=20230630T032054
[2023-06-30T04:20:54.149+0100] {local_task_job_runner.py:225} INFO - Task exited with return code 0
[2023-06-30T04:20:54.169+0100] {taskinstance.py:2653} INFO - 0 downstream tasks scheduled from follow-on schedule check
