[2023-07-05T10:39:30.402+0100] {taskinstance.py:1103} INFO - Dependencies all met for dep_context=non-requeueable deps ti=<TaskInstance: update_current_data_10.trigger_location_db scheduled__2023-05-07T11:00:00+00:00 [queued]>
[2023-07-05T10:39:30.410+0100] {taskinstance.py:1103} INFO - Dependencies all met for dep_context=requeueable deps ti=<TaskInstance: update_current_data_10.trigger_location_db scheduled__2023-05-07T11:00:00+00:00 [queued]>
[2023-07-05T10:39:30.410+0100] {taskinstance.py:1308} INFO - Starting attempt 1 of 3
[2023-07-05T10:39:30.420+0100] {taskinstance.py:1327} INFO - Executing <Task(PythonOperator): trigger_location_db> on 2023-05-07 11:00:00+00:00
[2023-07-05T10:39:30.425+0100] {standard_task_runner.py:57} INFO - Started process 50156 to run task
[2023-07-05T10:39:30.428+0100] {standard_task_runner.py:84} INFO - Running: ['***', 'tasks', 'run', 'update_current_data_10', 'trigger_location_db', 'scheduled__2023-05-07T11:00:00+00:00', '--job-id', '381', '--raw', '--subdir', '/home/haboubi/Desktop/api/API_weather/dags/update_current_dags.py', '--cfg-path', '/tmp/tmpfgq0_vfq']
[2023-07-05T10:39:30.429+0100] {standard_task_runner.py:85} INFO - Job 381: Subtask trigger_location_db
[2023-07-05T10:39:30.495+0100] {task_command.py:410} INFO - Running <TaskInstance: update_current_data_10.trigger_location_db scheduled__2023-05-07T11:00:00+00:00 [running]> on host haboubi-VivoBook-15-ASUS-Laptop-X540UB
[2023-07-05T10:39:30.596+0100] {taskinstance.py:1545} INFO - Exporting env vars: AIRFLOW_CTX_DAG_OWNER='haboubi' AIRFLOW_CTX_DAG_ID='update_current_data_10' AIRFLOW_CTX_TASK_ID='trigger_location_db' AIRFLOW_CTX_EXECUTION_DATE='2023-05-07T11:00:00+00:00' AIRFLOW_CTX_TRY_NUMBER='1' AIRFLOW_CTX_DAG_RUN_ID='scheduled__2023-05-07T11:00:00+00:00'
[2023-07-05T10:39:30.636+0100] {python.py:183} INFO - Done. Returned value was: None
[2023-07-05T10:39:30.651+0100] {taskinstance.py:1345} INFO - Marking task as SUCCESS. dag_id=update_current_data_10, task_id=trigger_location_db, execution_date=20230507T110000, start_date=20230705T093930, end_date=20230705T093930
[2023-07-05T10:39:30.680+0100] {local_task_job_runner.py:225} INFO - Task exited with return code 0
[2023-07-05T10:39:30.712+0100] {taskinstance.py:2653} INFO - 1 downstream tasks scheduled from follow-on schedule check
[2023-07-05T11:02:39.956+0100] {taskinstance.py:1103} INFO - Dependencies all met for dep_context=non-requeueable deps ti=<TaskInstance: update_current_data_10.trigger_location_db scheduled__2023-05-07T11:00:00+00:00 [queued]>
[2023-07-05T11:02:39.964+0100] {taskinstance.py:1103} INFO - Dependencies all met for dep_context=requeueable deps ti=<TaskInstance: update_current_data_10.trigger_location_db scheduled__2023-05-07T11:00:00+00:00 [queued]>
[2023-07-05T11:02:39.964+0100] {taskinstance.py:1308} INFO - Starting attempt 1 of 3
[2023-07-05T11:02:39.975+0100] {taskinstance.py:1327} INFO - Executing <Task(PythonOperator): trigger_location_db> on 2023-05-07 11:00:00+00:00
[2023-07-05T11:02:39.978+0100] {standard_task_runner.py:57} INFO - Started process 68716 to run task
[2023-07-05T11:02:39.981+0100] {standard_task_runner.py:84} INFO - Running: ['***', 'tasks', 'run', 'update_current_data_10', 'trigger_location_db', 'scheduled__2023-05-07T11:00:00+00:00', '--job-id', '670', '--raw', '--subdir', '/home/haboubi/Desktop/api/API_weather/dags/update_current_dags.py', '--cfg-path', '/tmp/tmpg2ot__4t']
[2023-07-05T11:02:39.982+0100] {standard_task_runner.py:85} INFO - Job 670: Subtask trigger_location_db
[2023-07-05T11:02:40.045+0100] {task_command.py:410} INFO - Running <TaskInstance: update_current_data_10.trigger_location_db scheduled__2023-05-07T11:00:00+00:00 [running]> on host haboubi-VivoBook-15-ASUS-Laptop-X540UB
[2023-07-05T11:02:40.142+0100] {taskinstance.py:1545} INFO - Exporting env vars: AIRFLOW_CTX_DAG_OWNER='haboubi' AIRFLOW_CTX_DAG_ID='update_current_data_10' AIRFLOW_CTX_TASK_ID='trigger_location_db' AIRFLOW_CTX_EXECUTION_DATE='2023-05-07T11:00:00+00:00' AIRFLOW_CTX_TRY_NUMBER='1' AIRFLOW_CTX_DAG_RUN_ID='scheduled__2023-05-07T11:00:00+00:00'
[2023-07-05T11:02:40.184+0100] {python.py:183} INFO - Done. Returned value was: None
[2023-07-05T11:02:40.199+0100] {taskinstance.py:1345} INFO - Marking task as SUCCESS. dag_id=update_current_data_10, task_id=trigger_location_db, execution_date=20230507T110000, start_date=20230705T100239, end_date=20230705T100240
[2023-07-05T11:02:40.233+0100] {local_task_job_runner.py:225} INFO - Task exited with return code 0
[2023-07-05T11:02:40.264+0100] {taskinstance.py:2653} INFO - 1 downstream tasks scheduled from follow-on schedule check
