[2023-06-30T04:19:18.207+0100] {taskinstance.py:1103} INFO - Dependencies all met for dep_context=non-requeueable deps ti=<TaskInstance: using_taskflow_v2.greet scheduled__0029-07-08T00:00:00+00:00 [queued]>
[2023-06-30T04:19:18.219+0100] {taskinstance.py:1103} INFO - Dependencies all met for dep_context=requeueable deps ti=<TaskInstance: using_taskflow_v2.greet scheduled__0029-07-08T00:00:00+00:00 [queued]>
[2023-06-30T04:19:18.219+0100] {taskinstance.py:1308} INFO - Starting attempt 1 of 6
[2023-06-30T04:19:18.246+0100] {taskinstance.py:1327} INFO - Executing <Task(_PythonDecoratedOperator): greet> on 0029-07-08 00:00:00+00:00
[2023-06-30T04:19:18.251+0100] {standard_task_runner.py:57} INFO - Started process 29875 to run task
[2023-06-30T04:19:18.255+0100] {standard_task_runner.py:84} INFO - Running: ['airflow', 'tasks', 'run', 'using_taskflow_v2', 'greet', 'scheduled__0029-07-08T00:00:00+00:00', '--job-id', '197', '--raw', '--subdir', '/home/haboubi/Desktop/api/API_weather/dags/dag_create_py_api_taskflow.py', '--cfg-path', '/tmp/tmpkw4_3lov']
[2023-06-30T04:19:18.257+0100] {standard_task_runner.py:85} INFO - Job 197: Subtask greet
[2023-06-30T04:19:18.296+0100] {task_command.py:410} INFO - Running <TaskInstance: using_taskflow_v2.greet scheduled__0029-07-08T00:00:00+00:00 [running]> on host haboubi-VivoBook-15-ASUS-Laptop-X540UB
[2023-06-30T04:19:18.326+0100] {abstractoperator.py:594} ERROR - Exception rendering Jinja template for task 'greet', field 'op_kwargs'. Template: {'name': XComArg(<Task(_PythonDecoratedOperator): get_name>, 'first_name'), 'prenom': XComArg(<Task(_PythonDecoratedOperator): get_name>, 'last_name'), 'age': XComArg(<Task(_PythonDecoratedOperator): get_age>)}
Traceback (most recent call last):
  File "/home/haboubi/Desktop/api/API_weather/api_env/lib/python3.10/site-packages/airflow/models/abstractoperator.py", line 586, in _do_render_template_fields
    rendered_content = self.render_template(
  File "/home/haboubi/Desktop/api/API_weather/api_env/lib/python3.10/site-packages/airflow/template/templater.py", line 168, in render_template
    return {k: self.render_template(v, context, jinja_env, oids) for k, v in value.items()}
  File "/home/haboubi/Desktop/api/API_weather/api_env/lib/python3.10/site-packages/airflow/template/templater.py", line 168, in <dictcomp>
    return {k: self.render_template(v, context, jinja_env, oids) for k, v in value.items()}
  File "/home/haboubi/Desktop/api/API_weather/api_env/lib/python3.10/site-packages/airflow/template/templater.py", line 158, in render_template
    return value.resolve(context)
  File "/home/haboubi/Desktop/api/API_weather/api_env/lib/python3.10/site-packages/airflow/utils/session.py", line 76, in wrapper
    return func(*args, session=session, **kwargs)
  File "/home/haboubi/Desktop/api/API_weather/api_env/lib/python3.10/site-packages/airflow/models/xcom_arg.py", line 373, in resolve
    raise XComNotFound(ti.dag_id, task_id, self.key)
airflow.exceptions.XComNotFound: XComArg result from get_name at using_taskflow_v2 with key="first_name" is not found!
[2023-06-30T04:19:18.331+0100] {taskinstance.py:1824} ERROR - Task failed with exception
Traceback (most recent call last):
  File "/home/haboubi/Desktop/api/API_weather/api_env/lib/python3.10/site-packages/airflow/models/taskinstance.py", line 1407, in _run_raw_task
    self._execute_task_with_callbacks(context, test_mode)
  File "/home/haboubi/Desktop/api/API_weather/api_env/lib/python3.10/site-packages/airflow/models/taskinstance.py", line 1531, in _execute_task_with_callbacks
    task_orig = self.render_templates(context=context)
  File "/home/haboubi/Desktop/api/API_weather/api_env/lib/python3.10/site-packages/airflow/models/taskinstance.py", line 2179, in render_templates
    original_task.render_template_fields(context)
  File "/home/haboubi/Desktop/api/API_weather/api_env/lib/python3.10/site-packages/airflow/models/baseoperator.py", line 1254, in render_template_fields
    self._do_render_template_fields(self, self.template_fields, context, jinja_env, set())
  File "/home/haboubi/Desktop/api/API_weather/api_env/lib/python3.10/site-packages/airflow/utils/session.py", line 76, in wrapper
    return func(*args, session=session, **kwargs)
  File "/home/haboubi/Desktop/api/API_weather/api_env/lib/python3.10/site-packages/airflow/models/abstractoperator.py", line 586, in _do_render_template_fields
    rendered_content = self.render_template(
  File "/home/haboubi/Desktop/api/API_weather/api_env/lib/python3.10/site-packages/airflow/template/templater.py", line 168, in render_template
    return {k: self.render_template(v, context, jinja_env, oids) for k, v in value.items()}
  File "/home/haboubi/Desktop/api/API_weather/api_env/lib/python3.10/site-packages/airflow/template/templater.py", line 168, in <dictcomp>
    return {k: self.render_template(v, context, jinja_env, oids) for k, v in value.items()}
  File "/home/haboubi/Desktop/api/API_weather/api_env/lib/python3.10/site-packages/airflow/template/templater.py", line 158, in render_template
    return value.resolve(context)
  File "/home/haboubi/Desktop/api/API_weather/api_env/lib/python3.10/site-packages/airflow/utils/session.py", line 76, in wrapper
    return func(*args, session=session, **kwargs)
  File "/home/haboubi/Desktop/api/API_weather/api_env/lib/python3.10/site-packages/airflow/models/xcom_arg.py", line 373, in resolve
    raise XComNotFound(ti.dag_id, task_id, self.key)
airflow.exceptions.XComNotFound: XComArg result from get_name at using_taskflow_v2 with key="first_name" is not found!
[2023-06-30T04:19:18.335+0100] {taskinstance.py:1345} INFO - Marking task as UP_FOR_RETRY. dag_id=using_taskflow_v2, task_id=greet, execution_date=290708T000000, start_date=20230630T031918, end_date=20230630T031918
[2023-06-30T04:19:18.347+0100] {standard_task_runner.py:104} ERROR - Failed to execute job 197 for task greet (XComArg result from get_name at using_taskflow_v2 with key="first_name" is not found!; 29875)
[2023-06-30T04:19:18.386+0100] {local_task_job_runner.py:225} INFO - Task exited with return code 1
[2023-06-30T04:19:18.399+0100] {taskinstance.py:2653} INFO - 0 downstream tasks scheduled from follow-on schedule check
[2023-06-30T04:21:27.643+0100] {taskinstance.py:1103} INFO - Dependencies all met for dep_context=non-requeueable deps ti=<TaskInstance: using_taskflow_v2.greet scheduled__0029-07-08T00:00:00+00:00 [queued]>
[2023-06-30T04:21:27.649+0100] {taskinstance.py:1103} INFO - Dependencies all met for dep_context=requeueable deps ti=<TaskInstance: using_taskflow_v2.greet scheduled__0029-07-08T00:00:00+00:00 [queued]>
[2023-06-30T04:21:27.649+0100] {taskinstance.py:1308} INFO - Starting attempt 1 of 6
[2023-06-30T04:21:27.661+0100] {taskinstance.py:1327} INFO - Executing <Task(_PythonDecoratedOperator): greet> on 0029-07-08 00:00:00+00:00
[2023-06-30T04:21:27.664+0100] {standard_task_runner.py:57} INFO - Started process 31455 to run task
[2023-06-30T04:21:27.667+0100] {standard_task_runner.py:84} INFO - Running: ['airflow', 'tasks', 'run', 'using_taskflow_v2', 'greet', 'scheduled__0029-07-08T00:00:00+00:00', '--job-id', '195', '--raw', '--subdir', '/home/haboubi/Desktop/api/API_weather/dags/dag_create_py_api_taskflow.py', '--cfg-path', '/tmp/tmpjmryyjid']
[2023-06-30T04:21:27.668+0100] {standard_task_runner.py:85} INFO - Job 195: Subtask greet
[2023-06-30T04:21:27.696+0100] {task_command.py:410} INFO - Running <TaskInstance: using_taskflow_v2.greet scheduled__0029-07-08T00:00:00+00:00 [running]> on host haboubi-VivoBook-15-ASUS-Laptop-X540UB
[2023-06-30T04:21:27.751+0100] {taskinstance.py:1545} INFO - Exporting env vars: AIRFLOW_CTX_DAG_OWNER='haboubi' AIRFLOW_CTX_DAG_ID='using_taskflow_v2' AIRFLOW_CTX_TASK_ID='greet' AIRFLOW_CTX_EXECUTION_DATE='0029-07-08T00:00:00+00:00' AIRFLOW_CTX_TRY_NUMBER='1' AIRFLOW_CTX_DAG_RUN_ID='scheduled__0029-07-08T00:00:00+00:00'
[2023-06-30T04:21:27.752+0100] {logging_mixin.py:149} INFO - hello my name is fadi hello my prenom is haboubi and im 18 years old
[2023-06-30T04:21:27.752+0100] {python.py:183} INFO - Done. Returned value was: None
[2023-06-30T04:21:27.756+0100] {taskinstance.py:1345} INFO - Marking task as SUCCESS. dag_id=using_taskflow_v2, task_id=greet, execution_date=290708T000000, start_date=20230630T032127, end_date=20230630T032127
[2023-06-30T04:21:27.799+0100] {local_task_job_runner.py:225} INFO - Task exited with return code 0
[2023-06-30T04:21:27.810+0100] {taskinstance.py:2653} INFO - 0 downstream tasks scheduled from follow-on schedule check
