[2023-07-05T10:40:07.586+0100] {taskinstance.py:1103} INFO - Dependencies all met for dep_context=non-requeueable deps ti=<TaskInstance: update_current_data_10.trigger_location_db scheduled__2023-05-07T11:40:00+00:00 [queued]>
[2023-07-05T10:40:07.598+0100] {taskinstance.py:1103} INFO - Dependencies all met for dep_context=requeueable deps ti=<TaskInstance: update_current_data_10.trigger_location_db scheduled__2023-05-07T11:40:00+00:00 [queued]>
[2023-07-05T10:40:07.598+0100] {taskinstance.py:1308} INFO - Starting attempt 1 of 3
[2023-07-05T10:40:07.612+0100] {taskinstance.py:1327} INFO - Executing <Task(PythonOperator): trigger_location_db> on 2023-05-07 11:40:00+00:00
[2023-07-05T10:40:07.617+0100] {standard_task_runner.py:57} INFO - Started process 50640 to run task
[2023-07-05T10:40:07.621+0100] {standard_task_runner.py:84} INFO - Running: ['***', 'tasks', 'run', 'update_current_data_10', 'trigger_location_db', 'scheduled__2023-05-07T11:40:00+00:00', '--job-id', '391', '--raw', '--subdir', '/home/haboubi/Desktop/api/API_weather/dags/update_current_dags.py', '--cfg-path', '/tmp/tmpc6hiaoa6']
[2023-07-05T10:40:07.624+0100] {standard_task_runner.py:85} INFO - Job 391: Subtask trigger_location_db
[2023-07-05T10:40:07.709+0100] {task_command.py:410} INFO - Running <TaskInstance: update_current_data_10.trigger_location_db scheduled__2023-05-07T11:40:00+00:00 [running]> on host haboubi-VivoBook-15-ASUS-Laptop-X540UB
[2023-07-05T10:40:07.822+0100] {taskinstance.py:1545} INFO - Exporting env vars: AIRFLOW_CTX_DAG_OWNER='haboubi' AIRFLOW_CTX_DAG_ID='update_current_data_10' AIRFLOW_CTX_TASK_ID='trigger_location_db' AIRFLOW_CTX_EXECUTION_DATE='2023-05-07T11:40:00+00:00' AIRFLOW_CTX_TRY_NUMBER='1' AIRFLOW_CTX_DAG_RUN_ID='scheduled__2023-05-07T11:40:00+00:00'
[2023-07-05T10:40:07.870+0100] {python.py:183} INFO - Done. Returned value was: None
[2023-07-05T10:40:07.885+0100] {taskinstance.py:1345} INFO - Marking task as SUCCESS. dag_id=update_current_data_10, task_id=trigger_location_db, execution_date=20230507T114000, start_date=20230705T094007, end_date=20230705T094007
[2023-07-05T10:40:07.913+0100] {local_task_job_runner.py:225} INFO - Task exited with return code 0
[2023-07-05T10:40:07.945+0100] {taskinstance.py:2653} INFO - 1 downstream tasks scheduled from follow-on schedule check
[2023-07-05T11:02:51.722+0100] {taskinstance.py:1103} INFO - Dependencies all met for dep_context=non-requeueable deps ti=<TaskInstance: update_current_data_10.trigger_location_db scheduled__2023-05-07T11:40:00+00:00 [queued]>
[2023-07-05T11:02:51.731+0100] {taskinstance.py:1103} INFO - Dependencies all met for dep_context=requeueable deps ti=<TaskInstance: update_current_data_10.trigger_location_db scheduled__2023-05-07T11:40:00+00:00 [queued]>
[2023-07-05T11:02:51.731+0100] {taskinstance.py:1308} INFO - Starting attempt 1 of 3
[2023-07-05T11:02:51.742+0100] {taskinstance.py:1327} INFO - Executing <Task(PythonOperator): trigger_location_db> on 2023-05-07 11:40:00+00:00
[2023-07-05T11:02:51.748+0100] {standard_task_runner.py:57} INFO - Started process 68859 to run task
[2023-07-05T11:02:51.753+0100] {standard_task_runner.py:84} INFO - Running: ['***', 'tasks', 'run', 'update_current_data_10', 'trigger_location_db', 'scheduled__2023-05-07T11:40:00+00:00', '--job-id', '673', '--raw', '--subdir', '/home/haboubi/Desktop/api/API_weather/dags/update_current_dags.py', '--cfg-path', '/tmp/tmp26tfgd_z']
[2023-07-05T11:02:51.755+0100] {standard_task_runner.py:85} INFO - Job 673: Subtask trigger_location_db
[2023-07-05T11:02:51.819+0100] {task_command.py:410} INFO - Running <TaskInstance: update_current_data_10.trigger_location_db scheduled__2023-05-07T11:40:00+00:00 [running]> on host haboubi-VivoBook-15-ASUS-Laptop-X540UB
[2023-07-05T11:02:51.910+0100] {taskinstance.py:1545} INFO - Exporting env vars: AIRFLOW_CTX_DAG_OWNER='haboubi' AIRFLOW_CTX_DAG_ID='update_current_data_10' AIRFLOW_CTX_TASK_ID='trigger_location_db' AIRFLOW_CTX_EXECUTION_DATE='2023-05-07T11:40:00+00:00' AIRFLOW_CTX_TRY_NUMBER='1' AIRFLOW_CTX_DAG_RUN_ID='scheduled__2023-05-07T11:40:00+00:00'
[2023-07-05T11:02:51.951+0100] {python.py:183} INFO - Done. Returned value was: None
[2023-07-05T11:02:51.967+0100] {taskinstance.py:1345} INFO - Marking task as SUCCESS. dag_id=update_current_data_10, task_id=trigger_location_db, execution_date=20230507T114000, start_date=20230705T100251, end_date=20230705T100251
[2023-07-05T11:02:52.004+0100] {local_task_job_runner.py:225} INFO - Task exited with return code 0
[2023-07-05T11:02:52.036+0100] {taskinstance.py:2653} INFO - 1 downstream tasks scheduled from follow-on schedule check
