[2023-07-03T16:52:43.074+0100] {taskinstance.py:1103} INFO - Dependencies all met for dep_context=non-requeueable deps ti=<TaskInstance: updated_day_hist.extract_updated_data manual__2023-07-03T15:52:37.619624+00:00 [queued]>
[2023-07-03T16:52:43.082+0100] {taskinstance.py:1103} INFO - Dependencies all met for dep_context=requeueable deps ti=<TaskInstance: updated_day_hist.extract_updated_data manual__2023-07-03T15:52:37.619624+00:00 [queued]>
[2023-07-03T16:52:43.082+0100] {taskinstance.py:1308} INFO - Starting attempt 1 of 3
[2023-07-03T16:52:43.092+0100] {taskinstance.py:1327} INFO - Executing <Task(PythonOperator): extract_updated_data> on 2023-07-03 15:52:37.619624+00:00
[2023-07-03T16:52:43.096+0100] {standard_task_runner.py:57} INFO - Started process 24888 to run task
[2023-07-03T16:52:43.099+0100] {standard_task_runner.py:84} INFO - Running: ['***', 'tasks', 'run', 'updated_day_hist', 'extract_updated_data', 'manual__2023-07-03T15:52:37.619624+00:00', '--job-id', '100', '--raw', '--subdir', '/home/haboubi/Desktop/api/API_weather/dags/update_day_hist.py', '--cfg-path', '/tmp/tmp39fg_pfe']
[2023-07-03T16:52:43.100+0100] {standard_task_runner.py:85} INFO - Job 100: Subtask extract_updated_data
[2023-07-03T16:52:43.161+0100] {task_command.py:410} INFO - Running <TaskInstance: updated_day_hist.extract_updated_data manual__2023-07-03T15:52:37.619624+00:00 [running]> on host haboubi-VivoBook-15-ASUS-Laptop-X540UB
[2023-07-03T16:52:43.257+0100] {taskinstance.py:1545} INFO - Exporting env vars: AIRFLOW_CTX_DAG_OWNER='haboubi' AIRFLOW_CTX_DAG_ID='updated_day_hist' AIRFLOW_CTX_TASK_ID='extract_updated_data' AIRFLOW_CTX_EXECUTION_DATE='2023-07-03T15:52:37.619624+00:00' AIRFLOW_CTX_TRY_NUMBER='1' AIRFLOW_CTX_DAG_RUN_ID='manual__2023-07-03T15:52:37.619624+00:00'
[2023-07-03T16:52:43.281+0100] {logging_mixin.py:149} INFO - im here 2023
[2023-07-03T16:52:43.743+0100] {logging_mixin.py:149} INFO - im here 2023
[2023-07-03T16:52:44.059+0100] {logging_mixin.py:149} INFO - im here 2023
[2023-07-03T16:52:44.376+0100] {logging_mixin.py:149} INFO - im here 2023
[2023-07-03T16:52:45.184+0100] {logging_mixin.py:149} INFO - im here 2023
[2023-07-03T16:52:45.979+0100] {logging_mixin.py:149} INFO - im here 2023
[2023-07-03T16:52:46.685+0100] {logging_mixin.py:149} INFO - im here 2023
[2023-07-03T16:52:47.246+0100] {logging_mixin.py:149} INFO - im here 2023
[2023-07-03T16:52:48.126+0100] {logging_mixin.py:149} INFO - im here 2023
[2023-07-03T16:52:48.494+0100] {logging_mixin.py:149} INFO - im here 2023
[2023-07-03T16:52:48.751+0100] {logging_mixin.py:149} INFO - im here 2023
[2023-07-03T16:52:49.091+0100] {logging_mixin.py:149} INFO - im here 2023
[2023-07-03T16:52:49.514+0100] {logging_mixin.py:149} INFO - im here 2023
[2023-07-03T16:52:49.778+0100] {logging_mixin.py:149} INFO - im here 2023
[2023-07-03T16:52:50.046+0100] {logging_mixin.py:149} INFO - im here 2023
[2023-07-03T16:52:50.354+0100] {logging_mixin.py:149} INFO - im here 2023
[2023-07-03T16:52:50.813+0100] {logging_mixin.py:149} INFO - im here 2023
[2023-07-03T16:52:51.267+0100] {logging_mixin.py:149} INFO - im here 2023
[2023-07-03T16:52:51.555+0100] {logging_mixin.py:149} INFO - im here 2023
[2023-07-03T16:52:51.911+0100] {logging_mixin.py:149} INFO - im here 2023
[2023-07-03T16:52:52.275+0100] {python.py:183} INFO - Done. Returned value was: None
[2023-07-03T16:52:52.303+0100] {taskinstance.py:1345} INFO - Marking task as SUCCESS. dag_id=updated_day_hist, task_id=extract_updated_data, execution_date=20230703T155237, start_date=20230703T155243, end_date=20230703T155252
[2023-07-03T16:52:52.322+0100] {local_task_job_runner.py:225} INFO - Task exited with return code 0
[2023-07-03T16:52:52.357+0100] {taskinstance.py:2653} INFO - 1 downstream tasks scheduled from follow-on schedule check
