[2023-07-07T08:20:15.255+0100] {taskinstance.py:1103} INFO - Dependencies all met for dep_context=non-requeueable deps ti=<TaskInstance: update_current_data_10.load_current_data scheduled__2023-07-07T07:00:00+00:00 [queued]>
[2023-07-07T08:20:15.272+0100] {taskinstance.py:1103} INFO - Dependencies all met for dep_context=requeueable deps ti=<TaskInstance: update_current_data_10.load_current_data scheduled__2023-07-07T07:00:00+00:00 [queued]>
[2023-07-07T08:20:15.272+0100] {taskinstance.py:1308} INFO - Starting attempt 1 of 3
[2023-07-07T08:20:15.289+0100] {taskinstance.py:1327} INFO - Executing <Task(PythonOperator): load_current_data> on 2023-07-07 07:00:00+00:00
[2023-07-07T08:20:15.293+0100] {standard_task_runner.py:57} INFO - Started process 1075312 to run task
[2023-07-07T08:20:15.297+0100] {standard_task_runner.py:84} INFO - Running: ['***', 'tasks', 'run', 'update_current_data_10', 'load_current_data', 'scheduled__2023-07-07T07:00:00+00:00', '--job-id', '16910', '--raw', '--subdir', '/home/haboubi/Desktop/api/API_weather/dags/update_current_dags.py', '--cfg-path', '/tmp/tmp7if4qmzb']
[2023-07-07T08:20:15.299+0100] {standard_task_runner.py:85} INFO - Job 16910: Subtask load_current_data
[2023-07-07T08:20:15.378+0100] {task_command.py:410} INFO - Running <TaskInstance: update_current_data_10.load_current_data scheduled__2023-07-07T07:00:00+00:00 [running]> on host haboubi-VivoBook-15-ASUS-Laptop-X540UB
[2023-07-07T08:20:15.507+0100] {taskinstance.py:1545} INFO - Exporting env vars: AIRFLOW_CTX_DAG_OWNER='haboubi' AIRFLOW_CTX_DAG_ID='update_current_data_10' AIRFLOW_CTX_TASK_ID='load_current_data' AIRFLOW_CTX_EXECUTION_DATE='2023-07-07T07:00:00+00:00' AIRFLOW_CTX_TRY_NUMBER='1' AIRFLOW_CTX_DAG_RUN_ID='scheduled__2023-07-07T07:00:00+00:00'
[2023-07-07T08:20:15.534+0100] {logging_mixin.py:149} INFO - ['Paris', datetime.date(2023, 7, 6)]
[2023-07-07T08:20:15.580+0100] {logging_mixin.py:149} INFO - ['London', datetime.date(2023, 7, 6)]
[2023-07-07T08:20:15.586+0100] {logging_mixin.py:149} INFO - ['Barcelona', datetime.date(2023, 7, 6)]
[2023-07-07T08:20:15.597+0100] {logging_mixin.py:149} INFO - ['Rome', datetime.date(2023, 7, 6)]
[2023-07-07T08:20:15.603+0100] {logging_mixin.py:149} INFO - ['New York', datetime.date(2023, 7, 6)]
[2023-07-07T08:20:15.610+0100] {logging_mixin.py:149} INFO - ['Tokyo', datetime.date(2023, 7, 6)]
[2023-07-07T08:20:15.619+0100] {logging_mixin.py:149} INFO - ['Istanbul', datetime.date(2023, 7, 6)]
[2023-07-07T08:20:15.631+0100] {logging_mixin.py:149} INFO - ['Dubai', datetime.date(2023, 7, 6)]
[2023-07-07T08:20:15.641+0100] {logging_mixin.py:149} INFO - ['Sydney', datetime.date(2023, 7, 6)]
[2023-07-07T08:20:15.652+0100] {logging_mixin.py:149} INFO - ['Bangkok', datetime.date(2023, 7, 6)]
[2023-07-07T08:20:15.658+0100] {logging_mixin.py:149} INFO - ['Amsterdam', datetime.date(2023, 7, 6)]
[2023-07-07T08:20:15.667+0100] {logging_mixin.py:149} INFO - ['Rio De Janeiro', datetime.date(2023, 7, 6)]
[2023-07-07T08:20:15.675+0100] {logging_mixin.py:149} INFO - ['Prague', datetime.date(2023, 7, 6)]
[2023-07-07T08:20:15.685+0100] {logging_mixin.py:149} INFO - ['Cape Town', datetime.date(2023, 7, 6)]
[2023-07-07T08:20:15.694+0100] {logging_mixin.py:149} INFO - ['Buenos Aires', datetime.date(2023, 7, 6)]
[2023-07-07T08:20:15.704+0100] {logging_mixin.py:149} INFO - ['Berlin', datetime.date(2023, 7, 6)]
[2023-07-07T08:20:15.712+0100] {logging_mixin.py:149} INFO - ['Singapore', datetime.date(2023, 7, 6)]
[2023-07-07T08:20:15.721+0100] {logging_mixin.py:149} INFO - ['Florence', datetime.date(2023, 7, 6)]
[2023-07-07T08:20:15.728+0100] {logging_mixin.py:149} INFO - ['San Francisco', datetime.date(2023, 7, 6)]
[2023-07-07T08:20:15.737+0100] {logging_mixin.py:149} INFO - ['Marrakech', datetime.date(2023, 7, 6)]
[2023-07-07T08:20:15.744+0100] {python.py:183} INFO - Done. Returned value was: 0
[2023-07-07T08:20:15.789+0100] {taskinstance.py:1345} INFO - Marking task as SUCCESS. dag_id=update_current_data_10, task_id=load_current_data, execution_date=20230707T070000, start_date=20230707T072015, end_date=20230707T072015
[2023-07-07T08:20:15.830+0100] {local_task_job_runner.py:225} INFO - Task exited with return code 0
[2023-07-07T08:20:15.866+0100] {taskinstance.py:2653} INFO - 1 downstream tasks scheduled from follow-on schedule check
