[2023-07-08T09:15:07.018+0100] {taskinstance.py:1103} INFO - Dependencies all met for dep_context=non-requeueable deps ti=<TaskInstance: updated_day_hist_forcast_data.load_updated_data_hist_forcast scheduled__2023-07-06T00:00:00+00:00 [queued]>
[2023-07-08T09:15:07.028+0100] {taskinstance.py:1103} INFO - Dependencies all met for dep_context=requeueable deps ti=<TaskInstance: updated_day_hist_forcast_data.load_updated_data_hist_forcast scheduled__2023-07-06T00:00:00+00:00 [queued]>
[2023-07-08T09:15:07.029+0100] {taskinstance.py:1308} INFO - Starting attempt 1 of 3
[2023-07-08T09:15:07.050+0100] {taskinstance.py:1327} INFO - Executing <Task(PythonOperator): load_updated_data_hist_forcast> on 2023-07-06 00:00:00+00:00
[2023-07-08T09:15:07.054+0100] {standard_task_runner.py:57} INFO - Started process 12834 to run task
[2023-07-08T09:15:07.057+0100] {standard_task_runner.py:84} INFO - Running: ['***', 'tasks', 'run', 'updated_day_hist_forcast_data', 'load_updated_data_hist_forcast', 'scheduled__2023-07-06T00:00:00+00:00', '--job-id', '16929', '--raw', '--subdir', '/home/haboubi/Desktop/api/API_weather/dags/update_day_hist_forcast.py', '--cfg-path', '/tmp/tmpbd4n4zh5']
[2023-07-08T09:15:07.059+0100] {standard_task_runner.py:85} INFO - Job 16929: Subtask load_updated_data_hist_forcast
[2023-07-08T09:15:07.134+0100] {task_command.py:410} INFO - Running <TaskInstance: updated_day_hist_forcast_data.load_updated_data_hist_forcast scheduled__2023-07-06T00:00:00+00:00 [running]> on host haboubi-VivoBook-15-ASUS-Laptop-X540UB
[2023-07-08T09:15:07.265+0100] {taskinstance.py:1545} INFO - Exporting env vars: AIRFLOW_CTX_DAG_OWNER='haboubi' AIRFLOW_CTX_DAG_ID='updated_day_hist_forcast_data' AIRFLOW_CTX_TASK_ID='load_updated_data_hist_forcast' AIRFLOW_CTX_EXECUTION_DATE='2023-07-06T00:00:00+00:00' AIRFLOW_CTX_TRY_NUMBER='1' AIRFLOW_CTX_DAG_RUN_ID='scheduled__2023-07-06T00:00:00+00:00'
[2023-07-08T09:15:07.270+0100] {logging_mixin.py:149} INFO - debug prb: Paris
[2023-07-08T09:15:07.316+0100] {logging_mixin.py:149} INFO - last_time_updated: 2023-07-07
[2023-07-08T09:15:07.317+0100] {logging_mixin.py:149} INFO - debug prb: London
[2023-07-08T09:15:07.347+0100] {logging_mixin.py:149} INFO - last_time_updated: 2023-07-07
[2023-07-08T09:15:07.348+0100] {logging_mixin.py:149} INFO - debug prb: Barcelona
[2023-07-08T09:15:07.368+0100] {logging_mixin.py:149} INFO - last_time_updated: 2023-07-07
[2023-07-08T09:15:07.369+0100] {logging_mixin.py:149} INFO - debug prb: Rome
[2023-07-08T09:15:07.386+0100] {logging_mixin.py:149} INFO - last_time_updated: 2023-07-07
[2023-07-08T09:15:07.386+0100] {logging_mixin.py:149} INFO - debug prb: New York
[2023-07-08T09:15:07.404+0100] {logging_mixin.py:149} INFO - last_time_updated: 2023-07-07
[2023-07-08T09:15:07.405+0100] {logging_mixin.py:149} INFO - debug prb: Tokyo
[2023-07-08T09:15:07.425+0100] {logging_mixin.py:149} INFO - last_time_updated: 2023-07-07
[2023-07-08T09:15:07.426+0100] {logging_mixin.py:149} INFO - debug prb: Istanbul
[2023-07-08T09:15:07.464+0100] {logging_mixin.py:149} INFO - last_time_updated: 2023-07-07
[2023-07-08T09:15:07.465+0100] {logging_mixin.py:149} INFO - debug prb: Dubai
[2023-07-08T09:15:07.490+0100] {logging_mixin.py:149} INFO - last_time_updated: 2023-07-07
[2023-07-08T09:15:07.491+0100] {logging_mixin.py:149} INFO - debug prb: Sydney
[2023-07-08T09:15:07.511+0100] {logging_mixin.py:149} INFO - last_time_updated: 2023-07-07
[2023-07-08T09:15:07.512+0100] {logging_mixin.py:149} INFO - debug prb: Bangkok
[2023-07-08T09:15:07.533+0100] {logging_mixin.py:149} INFO - last_time_updated: 2023-07-07
[2023-07-08T09:15:07.534+0100] {logging_mixin.py:149} INFO - debug prb: Amsterdam
[2023-07-08T09:15:07.553+0100] {logging_mixin.py:149} INFO - last_time_updated: 2023-07-07
[2023-07-08T09:15:07.554+0100] {logging_mixin.py:149} INFO - debug prb: Rio De Janeiro
[2023-07-08T09:15:07.573+0100] {logging_mixin.py:149} INFO - last_time_updated: 2023-07-07
[2023-07-08T09:15:07.574+0100] {logging_mixin.py:149} INFO - debug prb: Prague
[2023-07-08T09:15:07.591+0100] {logging_mixin.py:149} INFO - last_time_updated: 2023-07-07
[2023-07-08T09:15:07.592+0100] {logging_mixin.py:149} INFO - debug prb: Cape Town
[2023-07-08T09:15:07.609+0100] {logging_mixin.py:149} INFO - last_time_updated: 2023-07-07
[2023-07-08T09:15:07.610+0100] {logging_mixin.py:149} INFO - debug prb: Buenos Aires
[2023-07-08T09:15:07.627+0100] {logging_mixin.py:149} INFO - last_time_updated: 2023-07-07
[2023-07-08T09:15:07.628+0100] {logging_mixin.py:149} INFO - debug prb: Berlin
[2023-07-08T09:15:07.647+0100] {logging_mixin.py:149} INFO - last_time_updated: 2023-07-07
[2023-07-08T09:15:07.648+0100] {logging_mixin.py:149} INFO - debug prb: Singapore
[2023-07-08T09:15:07.667+0100] {logging_mixin.py:149} INFO - last_time_updated: 2023-07-07
[2023-07-08T09:15:07.668+0100] {logging_mixin.py:149} INFO - debug prb: Florence
[2023-07-08T09:15:07.687+0100] {logging_mixin.py:149} INFO - last_time_updated: 2023-07-07
[2023-07-08T09:15:07.687+0100] {logging_mixin.py:149} INFO - debug prb: San Francisco
[2023-07-08T09:15:07.706+0100] {logging_mixin.py:149} INFO - last_time_updated: 2023-07-07
[2023-07-08T09:15:07.707+0100] {logging_mixin.py:149} INFO - debug prb: Marrakech
[2023-07-08T09:15:07.725+0100] {logging_mixin.py:149} INFO - last_time_updated: 2023-07-07
[2023-07-08T09:15:07.746+0100] {python.py:183} INFO - Done. Returned value was: 0
[2023-07-08T09:15:07.797+0100] {taskinstance.py:1345} INFO - Marking task as SUCCESS. dag_id=updated_day_hist_forcast_data, task_id=load_updated_data_hist_forcast, execution_date=20230706T000000, start_date=20230708T081507, end_date=20230708T081507
[2023-07-08T09:15:07.830+0100] {local_task_job_runner.py:225} INFO - Task exited with return code 0
[2023-07-08T09:15:07.901+0100] {taskinstance.py:2653} INFO - 2 downstream tasks scheduled from follow-on schedule check
