[2023-07-04T16:18:13.972+0100] {taskinstance.py:1103} INFO - Dependencies all met for dep_context=non-requeueable deps ti=<TaskInstance: updated_day_hist_forcast_data.load_updated_data manual__2023-07-04T15:17:48.358592+00:00 [queued]>
[2023-07-04T16:18:13.980+0100] {taskinstance.py:1103} INFO - Dependencies all met for dep_context=requeueable deps ti=<TaskInstance: updated_day_hist_forcast_data.load_updated_data manual__2023-07-04T15:17:48.358592+00:00 [queued]>
[2023-07-04T16:18:13.980+0100] {taskinstance.py:1308} INFO - Starting attempt 1 of 3
[2023-07-04T16:18:13.993+0100] {taskinstance.py:1327} INFO - Executing <Task(PythonOperator): load_updated_data> on 2023-07-04 15:17:48.358592+00:00
[2023-07-04T16:18:13.997+0100] {standard_task_runner.py:57} INFO - Started process 53298 to run task
[2023-07-04T16:18:14.000+0100] {standard_task_runner.py:84} INFO - Running: ['***', 'tasks', 'run', 'updated_day_hist_forcast_data', 'load_updated_data', 'manual__2023-07-04T15:17:48.358592+00:00', '--job-id', '142', '--raw', '--subdir', '/home/haboubi/Desktop/api/API_weather/dags/update_day_hist.py', '--cfg-path', '/tmp/tmpnmfcc2pm']
[2023-07-04T16:18:14.001+0100] {standard_task_runner.py:85} INFO - Job 142: Subtask load_updated_data
[2023-07-04T16:18:14.072+0100] {task_command.py:410} INFO - Running <TaskInstance: updated_day_hist_forcast_data.load_updated_data manual__2023-07-04T15:17:48.358592+00:00 [running]> on host haboubi-VivoBook-15-ASUS-Laptop-X540UB
[2023-07-04T16:18:14.190+0100] {taskinstance.py:1545} INFO - Exporting env vars: AIRFLOW_CTX_DAG_OWNER='haboubi' AIRFLOW_CTX_DAG_ID='updated_day_hist_forcast_data' AIRFLOW_CTX_TASK_ID='load_updated_data' AIRFLOW_CTX_EXECUTION_DATE='2023-07-04T15:17:48.358592+00:00' AIRFLOW_CTX_TRY_NUMBER='1' AIRFLOW_CTX_DAG_RUN_ID='manual__2023-07-04T15:17:48.358592+00:00'
[2023-07-04T16:18:14.197+0100] {logging_mixin.py:149} INFO - debug prb: Paris
[2023-07-04T16:18:14.229+0100] {logging_mixin.py:149} INFO - last_time_updated: 2023-07-03
[2023-07-04T16:18:14.242+0100] {logging_mixin.py:149} INFO - debug prb: London
[2023-07-04T16:18:14.250+0100] {logging_mixin.py:149} INFO - last_time_updated: 2023-07-03
[2023-07-04T16:18:14.259+0100] {logging_mixin.py:149} INFO - debug prb: Barcelona
[2023-07-04T16:18:14.267+0100] {logging_mixin.py:149} INFO - last_time_updated: 2023-07-03
[2023-07-04T16:18:14.275+0100] {logging_mixin.py:149} INFO - debug prb: Rome
[2023-07-04T16:18:14.284+0100] {logging_mixin.py:149} INFO - last_time_updated: 2023-07-03
[2023-07-04T16:18:14.292+0100] {logging_mixin.py:149} INFO - debug prb: New York
[2023-07-04T16:18:14.299+0100] {logging_mixin.py:149} INFO - last_time_updated: 2023-07-03
[2023-07-04T16:18:14.308+0100] {logging_mixin.py:149} INFO - debug prb: Tokyo
[2023-07-04T16:18:14.316+0100] {logging_mixin.py:149} INFO - last_time_updated: 2023-07-03
[2023-07-04T16:18:14.324+0100] {logging_mixin.py:149} INFO - debug prb: Istanbul
[2023-07-04T16:18:14.332+0100] {logging_mixin.py:149} INFO - last_time_updated: 2023-07-03
[2023-07-04T16:18:14.341+0100] {logging_mixin.py:149} INFO - debug prb: Dubai
[2023-07-04T16:18:14.349+0100] {logging_mixin.py:149} INFO - last_time_updated: 2023-07-03
[2023-07-04T16:18:14.359+0100] {logging_mixin.py:149} INFO - debug prb: Sydney
[2023-07-04T16:18:14.367+0100] {logging_mixin.py:149} INFO - last_time_updated: 2023-07-03
[2023-07-04T16:18:14.376+0100] {logging_mixin.py:149} INFO - debug prb: Bangkok
[2023-07-04T16:18:14.384+0100] {logging_mixin.py:149} INFO - last_time_updated: 2023-07-03
[2023-07-04T16:18:14.392+0100] {logging_mixin.py:149} INFO - debug prb: Amsterdam
[2023-07-04T16:18:14.400+0100] {logging_mixin.py:149} INFO - last_time_updated: 2023-07-03
[2023-07-04T16:18:14.409+0100] {logging_mixin.py:149} INFO - debug prb: Rio De Janeiro
[2023-07-04T16:18:14.416+0100] {logging_mixin.py:149} INFO - last_time_updated: 2023-07-03
[2023-07-04T16:18:14.424+0100] {logging_mixin.py:149} INFO - debug prb: Prague
[2023-07-04T16:18:14.432+0100] {logging_mixin.py:149} INFO - last_time_updated: 2023-07-03
[2023-07-04T16:18:14.440+0100] {logging_mixin.py:149} INFO - debug prb: Cape Town
[2023-07-04T16:18:14.447+0100] {logging_mixin.py:149} INFO - last_time_updated: 2023-07-03
[2023-07-04T16:18:14.455+0100] {logging_mixin.py:149} INFO - debug prb: Buenos Aires
[2023-07-04T16:18:14.464+0100] {logging_mixin.py:149} INFO - last_time_updated: 2023-07-03
[2023-07-04T16:18:14.471+0100] {logging_mixin.py:149} INFO - debug prb: Berlin
[2023-07-04T16:18:14.479+0100] {logging_mixin.py:149} INFO - last_time_updated: 2023-07-03
[2023-07-04T16:18:14.487+0100] {logging_mixin.py:149} INFO - debug prb: Singapore
[2023-07-04T16:18:14.496+0100] {logging_mixin.py:149} INFO - last_time_updated: 2023-07-03
[2023-07-04T16:18:14.503+0100] {logging_mixin.py:149} INFO - debug prb: Florence
[2023-07-04T16:18:14.513+0100] {logging_mixin.py:149} INFO - last_time_updated: 2023-07-03
[2023-07-04T16:18:14.519+0100] {logging_mixin.py:149} INFO - debug prb: San Francisco
[2023-07-04T16:18:14.528+0100] {logging_mixin.py:149} INFO - last_time_updated: 2023-07-03
[2023-07-04T16:18:14.534+0100] {logging_mixin.py:149} INFO - debug prb: Marrakech
[2023-07-04T16:18:14.545+0100] {logging_mixin.py:149} INFO - last_time_updated: 2023-07-03
[2023-07-04T16:18:14.551+0100] {python.py:183} INFO - Done. Returned value was: 0
[2023-07-04T16:18:14.592+0100] {taskinstance.py:1345} INFO - Marking task as SUCCESS. dag_id=updated_day_hist_forcast_data, task_id=load_updated_data, execution_date=20230704T151748, start_date=20230704T151813, end_date=20230704T151814
[2023-07-04T16:18:14.613+0100] {local_task_job_runner.py:225} INFO - Task exited with return code 0
[2023-07-04T16:18:14.644+0100] {taskinstance.py:2653} INFO - 2 downstream tasks scheduled from follow-on schedule check
