[2023-06-30T02:43:06.196+0100] {taskinstance.py:1103} INFO - Dependencies all met for dep_context=non-requeueable deps ti=<TaskInstance: first_python_dag_v5.first_task_python manual__2023-06-30T01:42:58.475524+00:00 [queued]>
[2023-06-30T02:43:06.202+0100] {taskinstance.py:1103} INFO - Dependencies all met for dep_context=requeueable deps ti=<TaskInstance: first_python_dag_v5.first_task_python manual__2023-06-30T01:42:58.475524+00:00 [queued]>
[2023-06-30T02:43:06.202+0100] {taskinstance.py:1308} INFO - Starting attempt 1 of 6
[2023-06-30T02:43:06.213+0100] {taskinstance.py:1327} INFO - Executing <Task(PythonOperator): first_task_python> on 2023-06-30 01:42:58.475524+00:00
[2023-06-30T02:43:06.216+0100] {standard_task_runner.py:57} INFO - Started process 13455 to run task
[2023-06-30T02:43:06.218+0100] {standard_task_runner.py:84} INFO - Running: ['airflow', 'tasks', 'run', 'first_python_dag_v5', 'first_task_python', 'manual__2023-06-30T01:42:58.475524+00:00', '--job-id', '15', '--raw', '--subdir', '/home/haboubi/Desktop/api/API_weather/dags/dag_create_py.py', '--cfg-path', '/tmp/tmp2gjypr6h']
[2023-06-30T02:43:06.220+0100] {standard_task_runner.py:85} INFO - Job 15: Subtask first_task_python
[2023-06-30T02:43:06.250+0100] {task_command.py:410} INFO - Running <TaskInstance: first_python_dag_v5.first_task_python manual__2023-06-30T01:42:58.475524+00:00 [running]> on host haboubi-VivoBook-15-ASUS-Laptop-X540UB
[2023-06-30T02:43:06.291+0100] {taskinstance.py:1545} INFO - Exporting env vars: AIRFLOW_CTX_DAG_OWNER='haboubi' AIRFLOW_CTX_DAG_ID='first_python_dag_v5' AIRFLOW_CTX_TASK_ID='first_task_python' AIRFLOW_CTX_EXECUTION_DATE='2023-06-30T01:42:58.475524+00:00' AIRFLOW_CTX_TRY_NUMBER='1' AIRFLOW_CTX_DAG_RUN_ID='manual__2023-06-30T01:42:58.475524+00:00'
[2023-06-30T02:43:06.292+0100] {taskinstance.py:1824} ERROR - Task failed with exception
Traceback (most recent call last):
  File "/home/haboubi/Desktop/api/API_weather/api_env/lib/python3.10/site-packages/airflow/operators/python.py", line 181, in execute
    return_value = self.execute_callable()
  File "/home/haboubi/Desktop/api/API_weather/api_env/lib/python3.10/site-packages/airflow/operators/python.py", line 198, in execute_callable
    return self.python_callable(*self.op_args, **self.op_kwargs)
  File "/home/haboubi/Desktop/api/API_weather/dags/dag_create_py.py", line 14, in greet
    name=ti.xcomp_pull(task_ids='get_name')
AttributeError: 'TaskInstance' object has no attribute 'xcomp_pull'. Did you mean: 'xcom_pull'?
[2023-06-30T02:43:06.297+0100] {taskinstance.py:1345} INFO - Marking task as UP_FOR_RETRY. dag_id=first_python_dag_v5, task_id=first_task_python, execution_date=20230630T014258, start_date=20230630T014306, end_date=20230630T014306
[2023-06-30T02:43:06.306+0100] {standard_task_runner.py:104} ERROR - Failed to execute job 15 for task first_task_python ('TaskInstance' object has no attribute 'xcomp_pull'; 13455)
[2023-06-30T02:43:06.350+0100] {local_task_job_runner.py:225} INFO - Task exited with return code 1
[2023-06-30T02:43:06.361+0100] {taskinstance.py:2653} INFO - 0 downstream tasks scheduled from follow-on schedule check
