[2023-07-05T10:37:47.112+0100] {taskinstance.py:1103} INFO - Dependencies all met for dep_context=non-requeueable deps ti=<TaskInstance: update_current_data_10.extract_current_data scheduled__2023-05-07T08:40:00+00:00 [queued]>
[2023-07-05T10:37:47.121+0100] {taskinstance.py:1103} INFO - Dependencies all met for dep_context=requeueable deps ti=<TaskInstance: update_current_data_10.extract_current_data scheduled__2023-05-07T08:40:00+00:00 [queued]>
[2023-07-05T10:37:47.121+0100] {taskinstance.py:1308} INFO - Starting attempt 1 of 3
[2023-07-05T10:37:47.131+0100] {taskinstance.py:1327} INFO - Executing <Task(PythonOperator): extract_current_data> on 2023-05-07 08:40:00+00:00
[2023-07-05T10:37:47.135+0100] {standard_task_runner.py:57} INFO - Started process 48683 to run task
[2023-07-05T10:37:47.138+0100] {standard_task_runner.py:84} INFO - Running: ['***', 'tasks', 'run', 'update_current_data_10', 'extract_current_data', 'scheduled__2023-05-07T08:40:00+00:00', '--job-id', '351', '--raw', '--subdir', '/home/haboubi/Desktop/api/API_weather/dags/update_current_dags.py', '--cfg-path', '/tmp/tmpzk5p56j3']
[2023-07-05T10:37:47.139+0100] {standard_task_runner.py:85} INFO - Job 351: Subtask extract_current_data
[2023-07-05T10:37:47.202+0100] {task_command.py:410} INFO - Running <TaskInstance: update_current_data_10.extract_current_data scheduled__2023-05-07T08:40:00+00:00 [running]> on host haboubi-VivoBook-15-ASUS-Laptop-X540UB
[2023-07-05T10:37:47.300+0100] {taskinstance.py:1545} INFO - Exporting env vars: AIRFLOW_CTX_DAG_OWNER='haboubi' AIRFLOW_CTX_DAG_ID='update_current_data_10' AIRFLOW_CTX_TASK_ID='extract_current_data' AIRFLOW_CTX_EXECUTION_DATE='2023-05-07T08:40:00+00:00' AIRFLOW_CTX_TRY_NUMBER='1' AIRFLOW_CTX_DAG_RUN_ID='scheduled__2023-05-07T08:40:00+00:00'
[2023-07-05T10:37:50.926+0100] {python.py:183} INFO - Done. Returned value was: None
[2023-07-05T10:37:50.957+0100] {taskinstance.py:1345} INFO - Marking task as SUCCESS. dag_id=update_current_data_10, task_id=extract_current_data, execution_date=20230507T084000, start_date=20230705T093747, end_date=20230705T093750
[2023-07-05T10:37:51.006+0100] {local_task_job_runner.py:225} INFO - Task exited with return code 0
[2023-07-05T10:37:51.064+0100] {taskinstance.py:2653} INFO - 1 downstream tasks scheduled from follow-on schedule check
[2023-07-05T11:03:41.470+0100] {taskinstance.py:1103} INFO - Dependencies all met for dep_context=non-requeueable deps ti=<TaskInstance: update_current_data_10.extract_current_data scheduled__2023-05-07T08:40:00+00:00 [queued]>
[2023-07-05T11:03:41.478+0100] {taskinstance.py:1103} INFO - Dependencies all met for dep_context=requeueable deps ti=<TaskInstance: update_current_data_10.extract_current_data scheduled__2023-05-07T08:40:00+00:00 [queued]>
[2023-07-05T11:03:41.479+0100] {taskinstance.py:1308} INFO - Starting attempt 1 of 3
[2023-07-05T11:03:41.489+0100] {taskinstance.py:1327} INFO - Executing <Task(PythonOperator): extract_current_data> on 2023-05-07 08:40:00+00:00
[2023-07-05T11:03:41.493+0100] {standard_task_runner.py:57} INFO - Started process 69569 to run task
[2023-07-05T11:03:41.496+0100] {standard_task_runner.py:84} INFO - Running: ['***', 'tasks', 'run', 'update_current_data_10', 'extract_current_data', 'scheduled__2023-05-07T08:40:00+00:00', '--job-id', '689', '--raw', '--subdir', '/home/haboubi/Desktop/api/API_weather/dags/update_current_dags.py', '--cfg-path', '/tmp/tmp4sl4ubf3']
[2023-07-05T11:03:41.497+0100] {standard_task_runner.py:85} INFO - Job 689: Subtask extract_current_data
[2023-07-05T11:03:41.561+0100] {task_command.py:410} INFO - Running <TaskInstance: update_current_data_10.extract_current_data scheduled__2023-05-07T08:40:00+00:00 [running]> on host haboubi-VivoBook-15-ASUS-Laptop-X540UB
[2023-07-05T11:03:41.658+0100] {taskinstance.py:1545} INFO - Exporting env vars: AIRFLOW_CTX_DAG_OWNER='haboubi' AIRFLOW_CTX_DAG_ID='update_current_data_10' AIRFLOW_CTX_TASK_ID='extract_current_data' AIRFLOW_CTX_EXECUTION_DATE='2023-05-07T08:40:00+00:00' AIRFLOW_CTX_TRY_NUMBER='1' AIRFLOW_CTX_DAG_RUN_ID='scheduled__2023-05-07T08:40:00+00:00'
[2023-07-05T11:03:45.552+0100] {python.py:183} INFO - Done. Returned value was: None
[2023-07-05T11:03:45.574+0100] {taskinstance.py:1345} INFO - Marking task as SUCCESS. dag_id=update_current_data_10, task_id=extract_current_data, execution_date=20230507T084000, start_date=20230705T100341, end_date=20230705T100345
[2023-07-05T11:03:45.610+0100] {local_task_job_runner.py:225} INFO - Task exited with return code 0
[2023-07-05T11:03:45.641+0100] {taskinstance.py:2653} INFO - 1 downstream tasks scheduled from follow-on schedule check
