[2023-07-08T09:07:16.455+0100] {taskinstance.py:1103} INFO - Dependencies all met for dep_context=non-requeueable deps ti=<TaskInstance: update_current_data_10.extract_current_data scheduled__2023-07-07T12:00:00+00:00 [queued]>
[2023-07-08T09:07:16.463+0100] {taskinstance.py:1103} INFO - Dependencies all met for dep_context=requeueable deps ti=<TaskInstance: update_current_data_10.extract_current_data scheduled__2023-07-07T12:00:00+00:00 [queued]>
[2023-07-08T09:07:16.464+0100] {taskinstance.py:1308} INFO - Starting attempt 1 of 3
[2023-07-08T09:07:16.495+0100] {taskinstance.py:1327} INFO - Executing <Task(PythonOperator): extract_current_data> on 2023-07-07 12:00:00+00:00
[2023-07-08T09:07:16.507+0100] {standard_task_runner.py:57} INFO - Started process 10633 to run task
[2023-07-08T09:07:16.519+0100] {standard_task_runner.py:84} INFO - Running: ['***', 'tasks', 'run', 'update_current_data_10', 'extract_current_data', 'scheduled__2023-07-07T12:00:00+00:00', '--job-id', '16915', '--raw', '--subdir', '/home/haboubi/Desktop/api/API_weather/dags/update_current_dags.py', '--cfg-path', '/tmp/tmpwj6ip4md']
[2023-07-08T09:07:16.521+0100] {standard_task_runner.py:85} INFO - Job 16915: Subtask extract_current_data
[2023-07-08T09:07:16.637+0100] {task_command.py:410} INFO - Running <TaskInstance: update_current_data_10.extract_current_data scheduled__2023-07-07T12:00:00+00:00 [running]> on host haboubi-VivoBook-15-ASUS-Laptop-X540UB
[2023-07-08T09:07:16.834+0100] {taskinstance.py:1545} INFO - Exporting env vars: AIRFLOW_CTX_DAG_OWNER='haboubi' AIRFLOW_CTX_DAG_ID='update_current_data_10' AIRFLOW_CTX_TASK_ID='extract_current_data' AIRFLOW_CTX_EXECUTION_DATE='2023-07-07T12:00:00+00:00' AIRFLOW_CTX_TRY_NUMBER='1' AIRFLOW_CTX_DAG_RUN_ID='scheduled__2023-07-07T12:00:00+00:00'
[2023-07-08T09:07:16.842+0100] {logging_mixin.py:149} INFO - Paris
[2023-07-08T09:07:17.156+0100] {logging_mixin.py:149} INFO - London
[2023-07-08T09:07:17.362+0100] {logging_mixin.py:149} INFO - Barcelona
[2023-07-08T09:07:17.576+0100] {logging_mixin.py:149} INFO - Rome
[2023-07-08T09:07:17.766+0100] {logging_mixin.py:149} INFO - New York City
[2023-07-08T09:07:17.963+0100] {logging_mixin.py:149} INFO - Tokyo
[2023-07-08T09:07:18.143+0100] {logging_mixin.py:149} INFO - Istanbul
[2023-07-08T09:07:18.593+0100] {logging_mixin.py:149} INFO - Dubai
[2023-07-08T09:07:18.792+0100] {logging_mixin.py:149} INFO - Sydney
[2023-07-08T09:07:18.995+0100] {logging_mixin.py:149} INFO - Bangkok
[2023-07-08T09:07:19.196+0100] {logging_mixin.py:149} INFO - Amsterdam
[2023-07-08T09:07:19.369+0100] {logging_mixin.py:149} INFO - Rio de Janeiro
[2023-07-08T09:07:19.566+0100] {logging_mixin.py:149} INFO - Prague
[2023-07-08T09:07:19.761+0100] {logging_mixin.py:149} INFO - Cape Town
[2023-07-08T09:07:19.968+0100] {logging_mixin.py:149} INFO - Buenos Aires
[2023-07-08T09:07:20.153+0100] {logging_mixin.py:149} INFO - Berlin
[2023-07-08T09:07:20.364+0100] {logging_mixin.py:149} INFO - Singapore
[2023-07-08T09:07:20.631+0100] {logging_mixin.py:149} INFO - Florence
[2023-07-08T09:07:20.842+0100] {logging_mixin.py:149} INFO - San Francisco
[2023-07-08T09:07:21.393+0100] {logging_mixin.py:149} INFO - Marrakech
[2023-07-08T09:07:21.607+0100] {python.py:183} INFO - Done. Returned value was: None
[2023-07-08T09:07:21.630+0100] {taskinstance.py:1345} INFO - Marking task as SUCCESS. dag_id=update_current_data_10, task_id=extract_current_data, execution_date=20230707T120000, start_date=20230708T080716, end_date=20230708T080721
[2023-07-08T09:07:21.655+0100] {local_task_job_runner.py:225} INFO - Task exited with return code 0
[2023-07-08T09:07:21.712+0100] {taskinstance.py:2653} INFO - 1 downstream tasks scheduled from follow-on schedule check
