[2023-07-05T10:39:47.568+0100] {taskinstance.py:1103} INFO - Dependencies all met for dep_context=non-requeueable deps ti=<TaskInstance: update_current_data_10.extract_current_data scheduled__2023-05-07T11:00:00+00:00 [queued]>
[2023-07-05T10:39:47.582+0100] {taskinstance.py:1103} INFO - Dependencies all met for dep_context=requeueable deps ti=<TaskInstance: update_current_data_10.extract_current_data scheduled__2023-05-07T11:00:00+00:00 [queued]>
[2023-07-05T10:39:47.582+0100] {taskinstance.py:1308} INFO - Starting attempt 1 of 3
[2023-07-05T10:39:47.598+0100] {taskinstance.py:1327} INFO - Executing <Task(PythonOperator): extract_current_data> on 2023-05-07 11:00:00+00:00
[2023-07-05T10:39:47.603+0100] {standard_task_runner.py:57} INFO - Started process 50384 to run task
[2023-07-05T10:39:47.608+0100] {standard_task_runner.py:84} INFO - Running: ['***', 'tasks', 'run', 'update_current_data_10', 'extract_current_data', 'scheduled__2023-05-07T11:00:00+00:00', '--job-id', '386', '--raw', '--subdir', '/home/haboubi/Desktop/api/API_weather/dags/update_current_dags.py', '--cfg-path', '/tmp/tmph1m1_z_x']
[2023-07-05T10:39:47.611+0100] {standard_task_runner.py:85} INFO - Job 386: Subtask extract_current_data
[2023-07-05T10:39:47.695+0100] {task_command.py:410} INFO - Running <TaskInstance: update_current_data_10.extract_current_data scheduled__2023-05-07T11:00:00+00:00 [running]> on host haboubi-VivoBook-15-ASUS-Laptop-X540UB
[2023-07-05T10:39:47.856+0100] {taskinstance.py:1545} INFO - Exporting env vars: AIRFLOW_CTX_DAG_OWNER='haboubi' AIRFLOW_CTX_DAG_ID='update_current_data_10' AIRFLOW_CTX_TASK_ID='extract_current_data' AIRFLOW_CTX_EXECUTION_DATE='2023-05-07T11:00:00+00:00' AIRFLOW_CTX_TRY_NUMBER='1' AIRFLOW_CTX_DAG_RUN_ID='scheduled__2023-05-07T11:00:00+00:00'
[2023-07-05T10:39:51.694+0100] {python.py:183} INFO - Done. Returned value was: None
[2023-07-05T10:39:51.758+0100] {taskinstance.py:1345} INFO - Marking task as SUCCESS. dag_id=update_current_data_10, task_id=extract_current_data, execution_date=20230507T110000, start_date=20230705T093947, end_date=20230705T093951
[2023-07-05T10:39:51.839+0100] {local_task_job_runner.py:225} INFO - Task exited with return code 0
[2023-07-05T10:39:51.906+0100] {taskinstance.py:2653} INFO - 1 downstream tasks scheduled from follow-on schedule check
[2023-07-05T11:02:44.938+0100] {taskinstance.py:1103} INFO - Dependencies all met for dep_context=non-requeueable deps ti=<TaskInstance: update_current_data_10.extract_current_data scheduled__2023-05-07T11:00:00+00:00 [queued]>
[2023-07-05T11:02:44.946+0100] {taskinstance.py:1103} INFO - Dependencies all met for dep_context=requeueable deps ti=<TaskInstance: update_current_data_10.extract_current_data scheduled__2023-05-07T11:00:00+00:00 [queued]>
[2023-07-05T11:02:44.946+0100] {taskinstance.py:1308} INFO - Starting attempt 1 of 3
[2023-07-05T11:02:44.957+0100] {taskinstance.py:1327} INFO - Executing <Task(PythonOperator): extract_current_data> on 2023-05-07 11:00:00+00:00
[2023-07-05T11:02:44.961+0100] {standard_task_runner.py:57} INFO - Started process 68802 to run task
[2023-07-05T11:02:44.964+0100] {standard_task_runner.py:84} INFO - Running: ['***', 'tasks', 'run', 'update_current_data_10', 'extract_current_data', 'scheduled__2023-05-07T11:00:00+00:00', '--job-id', '672', '--raw', '--subdir', '/home/haboubi/Desktop/api/API_weather/dags/update_current_dags.py', '--cfg-path', '/tmp/tmpremhg8bx']
[2023-07-05T11:02:44.965+0100] {standard_task_runner.py:85} INFO - Job 672: Subtask extract_current_data
[2023-07-05T11:02:45.028+0100] {task_command.py:410} INFO - Running <TaskInstance: update_current_data_10.extract_current_data scheduled__2023-05-07T11:00:00+00:00 [running]> on host haboubi-VivoBook-15-ASUS-Laptop-X540UB
[2023-07-05T11:02:45.121+0100] {taskinstance.py:1545} INFO - Exporting env vars: AIRFLOW_CTX_DAG_OWNER='haboubi' AIRFLOW_CTX_DAG_ID='update_current_data_10' AIRFLOW_CTX_TASK_ID='extract_current_data' AIRFLOW_CTX_EXECUTION_DATE='2023-05-07T11:00:00+00:00' AIRFLOW_CTX_TRY_NUMBER='1' AIRFLOW_CTX_DAG_RUN_ID='scheduled__2023-05-07T11:00:00+00:00'
[2023-07-05T11:02:49.461+0100] {python.py:183} INFO - Done. Returned value was: None
[2023-07-05T11:02:49.503+0100] {taskinstance.py:1345} INFO - Marking task as SUCCESS. dag_id=update_current_data_10, task_id=extract_current_data, execution_date=20230507T110000, start_date=20230705T100244, end_date=20230705T100249
[2023-07-05T11:02:49.523+0100] {local_task_job_runner.py:225} INFO - Task exited with return code 0
[2023-07-05T11:02:49.555+0100] {taskinstance.py:2653} INFO - 1 downstream tasks scheduled from follow-on schedule check
