[2023-07-02T12:33:49.278+0100] {taskinstance.py:1103} INFO - Dependencies all met for dep_context=non-requeueable deps ti=<TaskInstance: init_db.load_data manual__2023-07-02T11:31:35.331133+00:00 [queued]>
[2023-07-02T12:33:49.288+0100] {taskinstance.py:1103} INFO - Dependencies all met for dep_context=requeueable deps ti=<TaskInstance: init_db.load_data manual__2023-07-02T11:31:35.331133+00:00 [queued]>
[2023-07-02T12:33:49.288+0100] {taskinstance.py:1308} INFO - Starting attempt 1 of 1
[2023-07-02T12:33:49.304+0100] {taskinstance.py:1327} INFO - Executing <Task(PythonOperator): load_data> on 2023-07-02 11:31:35.331133+00:00
[2023-07-02T12:33:49.308+0100] {standard_task_runner.py:57} INFO - Started process 14434 to run task
[2023-07-02T12:33:49.311+0100] {standard_task_runner.py:84} INFO - Running: ['***', 'tasks', 'run', 'init_db', 'load_data', 'manual__2023-07-02T11:31:35.331133+00:00', '--job-id', '42', '--raw', '--subdir', '/home/haboubi/Desktop/api/API_weather/dags/init_db.py', '--cfg-path', '/tmp/tmpwap8dn4v']
[2023-07-02T12:33:49.314+0100] {standard_task_runner.py:85} INFO - Job 42: Subtask load_data
[2023-07-02T12:33:49.376+0100] {task_command.py:410} INFO - Running <TaskInstance: init_db.load_data manual__2023-07-02T11:31:35.331133+00:00 [running]> on host haboubi-VivoBook-15-ASUS-Laptop-X540UB
[2023-07-02T12:33:49.481+0100] {taskinstance.py:1545} INFO - Exporting env vars: AIRFLOW_CTX_DAG_OWNER='***' AIRFLOW_CTX_DAG_ID='init_db' AIRFLOW_CTX_TASK_ID='load_data' AIRFLOW_CTX_EXECUTION_DATE='2023-07-02T11:31:35.331133+00:00' AIRFLOW_CTX_TRY_NUMBER='1' AIRFLOW_CTX_DAG_RUN_ID='manual__2023-07-02T11:31:35.331133+00:00'
[2023-07-02T12:33:49.530+0100] {logging_mixin.py:149} INFO - <class 'numpy.float64'>
[2023-07-02T12:33:49.552+0100] {logging_mixin.py:149} INFO - <class 'numpy.float64'>
[2023-07-02T12:33:49.573+0100] {logging_mixin.py:149} INFO - <class 'numpy.float64'>
[2023-07-02T12:33:49.594+0100] {logging_mixin.py:149} INFO - <class 'numpy.float64'>
[2023-07-02T12:33:49.616+0100] {logging_mixin.py:149} INFO - <class 'numpy.float64'>
[2023-07-02T12:33:49.637+0100] {logging_mixin.py:149} INFO - <class 'numpy.float64'>
[2023-07-02T12:33:49.659+0100] {logging_mixin.py:149} INFO - <class 'numpy.float64'>
[2023-07-02T12:33:49.681+0100] {logging_mixin.py:149} INFO - <class 'numpy.float64'>
[2023-07-02T12:33:49.702+0100] {logging_mixin.py:149} INFO - <class 'numpy.float64'>
[2023-07-02T12:33:49.722+0100] {logging_mixin.py:149} INFO - <class 'numpy.float64'>
[2023-07-02T12:33:49.741+0100] {logging_mixin.py:149} INFO - <class 'numpy.float64'>
[2023-07-02T12:33:49.761+0100] {logging_mixin.py:149} INFO - <class 'numpy.float64'>
[2023-07-02T12:33:49.783+0100] {logging_mixin.py:149} INFO - <class 'numpy.float64'>
[2023-07-02T12:33:49.808+0100] {logging_mixin.py:149} INFO - <class 'numpy.float64'>
[2023-07-02T12:33:49.828+0100] {logging_mixin.py:149} INFO - <class 'numpy.float64'>
[2023-07-02T12:33:49.851+0100] {logging_mixin.py:149} INFO - <class 'numpy.float64'>
[2023-07-02T12:33:49.871+0100] {logging_mixin.py:149} INFO - <class 'numpy.float64'>
[2023-07-02T12:33:49.890+0100] {logging_mixin.py:149} INFO - <class 'numpy.float64'>
[2023-07-02T12:33:49.911+0100] {logging_mixin.py:149} INFO - <class 'numpy.float64'>
[2023-07-02T12:33:49.931+0100] {logging_mixin.py:149} INFO - <class 'numpy.float64'>
[2023-07-02T12:33:50.352+0100] {python.py:183} INFO - Done. Returned value was: None
[2023-07-02T12:33:50.368+0100] {taskinstance.py:1345} INFO - Marking task as SUCCESS. dag_id=init_db, task_id=load_data, execution_date=20230702T113135, start_date=20230702T113349, end_date=20230702T113350
[2023-07-02T12:33:50.405+0100] {local_task_job_runner.py:225} INFO - Task exited with return code 0
[2023-07-02T12:33:50.432+0100] {taskinstance.py:2653} INFO - 1 downstream tasks scheduled from follow-on schedule check
