[2023-06-30T04:19:41.717+0100] {taskinstance.py:1103} INFO - Dependencies all met for dep_context=non-requeueable deps ti=<TaskInstance: using_taskflow_v2.greet scheduled__0029-07-11T00:00:00+00:00 [queued]>
[2023-06-30T04:19:41.723+0100] {taskinstance.py:1103} INFO - Dependencies all met for dep_context=requeueable deps ti=<TaskInstance: using_taskflow_v2.greet scheduled__0029-07-11T00:00:00+00:00 [queued]>
[2023-06-30T04:19:41.723+0100] {taskinstance.py:1308} INFO - Starting attempt 1 of 6
[2023-06-30T04:19:41.741+0100] {taskinstance.py:1327} INFO - Executing <Task(_PythonDecoratedOperator): greet> on 0029-07-11 00:00:00+00:00
[2023-06-30T04:19:41.748+0100] {standard_task_runner.py:57} INFO - Started process 30190 to run task
[2023-06-30T04:19:41.752+0100] {standard_task_runner.py:84} INFO - Running: ['airflow', 'tasks', 'run', 'using_taskflow_v2', 'greet', 'scheduled__0029-07-11T00:00:00+00:00', '--job-id', '206', '--raw', '--subdir', '/home/haboubi/Desktop/api/API_weather/dags/dag_create_py_api_taskflow.py', '--cfg-path', '/tmp/tmpp0wqvxjg']
[2023-06-30T04:19:41.754+0100] {standard_task_runner.py:85} INFO - Job 206: Subtask greet
[2023-06-30T04:19:41.789+0100] {task_command.py:410} INFO - Running <TaskInstance: using_taskflow_v2.greet scheduled__0029-07-11T00:00:00+00:00 [running]> on host haboubi-VivoBook-15-ASUS-Laptop-X540UB
[2023-06-30T04:19:41.856+0100] {taskinstance.py:1545} INFO - Exporting env vars: AIRFLOW_CTX_DAG_OWNER='haboubi' AIRFLOW_CTX_DAG_ID='using_taskflow_v2' AIRFLOW_CTX_TASK_ID='greet' AIRFLOW_CTX_EXECUTION_DATE='0029-07-11T00:00:00+00:00' AIRFLOW_CTX_TRY_NUMBER='1' AIRFLOW_CTX_DAG_RUN_ID='scheduled__0029-07-11T00:00:00+00:00'
[2023-06-30T04:19:41.856+0100] {logging_mixin.py:149} INFO - hello my name is fadi hello my prenom is haboubi and im 18 years old
[2023-06-30T04:19:41.857+0100] {python.py:183} INFO - Done. Returned value was: None
[2023-06-30T04:19:41.862+0100] {taskinstance.py:1345} INFO - Marking task as SUCCESS. dag_id=using_taskflow_v2, task_id=greet, execution_date=290711T000000, start_date=20230630T031941, end_date=20230630T031941
[2023-06-30T04:19:41.884+0100] {local_task_job_runner.py:225} INFO - Task exited with return code 0
[2023-06-30T04:19:41.896+0100] {taskinstance.py:2653} INFO - 0 downstream tasks scheduled from follow-on schedule check
[2023-06-30T04:21:47.242+0100] {taskinstance.py:1103} INFO - Dependencies all met for dep_context=non-requeueable deps ti=<TaskInstance: using_taskflow_v2.greet scheduled__0029-07-11T00:00:00+00:00 [queued]>
[2023-06-30T04:21:47.248+0100] {taskinstance.py:1103} INFO - Dependencies all met for dep_context=requeueable deps ti=<TaskInstance: using_taskflow_v2.greet scheduled__0029-07-11T00:00:00+00:00 [queued]>
[2023-06-30T04:21:47.248+0100] {taskinstance.py:1308} INFO - Starting attempt 1 of 6
[2023-06-30T04:21:47.260+0100] {taskinstance.py:1327} INFO - Executing <Task(_PythonDecoratedOperator): greet> on 0029-07-11 00:00:00+00:00
[2023-06-30T04:21:47.263+0100] {standard_task_runner.py:57} INFO - Started process 31612 to run task
[2023-06-30T04:21:47.266+0100] {standard_task_runner.py:84} INFO - Running: ['airflow', 'tasks', 'run', 'using_taskflow_v2', 'greet', 'scheduled__0029-07-11T00:00:00+00:00', '--job-id', '206', '--raw', '--subdir', '/home/haboubi/Desktop/api/API_weather/dags/dag_create_py_api_taskflow.py', '--cfg-path', '/tmp/tmp_y1i6fh1']
[2023-06-30T04:21:47.267+0100] {standard_task_runner.py:85} INFO - Job 206: Subtask greet
[2023-06-30T04:21:47.320+0100] {task_command.py:410} INFO - Running <TaskInstance: using_taskflow_v2.greet scheduled__0029-07-11T00:00:00+00:00 [running]> on host haboubi-VivoBook-15-ASUS-Laptop-X540UB
[2023-06-30T04:21:47.377+0100] {taskinstance.py:1545} INFO - Exporting env vars: AIRFLOW_CTX_DAG_OWNER='haboubi' AIRFLOW_CTX_DAG_ID='using_taskflow_v2' AIRFLOW_CTX_TASK_ID='greet' AIRFLOW_CTX_EXECUTION_DATE='0029-07-11T00:00:00+00:00' AIRFLOW_CTX_TRY_NUMBER='1' AIRFLOW_CTX_DAG_RUN_ID='scheduled__0029-07-11T00:00:00+00:00'
[2023-06-30T04:21:47.377+0100] {logging_mixin.py:149} INFO - hello my name is fadi hello my prenom is haboubi and im 18 years old
[2023-06-30T04:21:47.378+0100] {python.py:183} INFO - Done. Returned value was: None
[2023-06-30T04:21:47.381+0100] {taskinstance.py:1345} INFO - Marking task as SUCCESS. dag_id=using_taskflow_v2, task_id=greet, execution_date=290711T000000, start_date=20230630T032147, end_date=20230630T032147
[2023-06-30T04:21:47.398+0100] {local_task_job_runner.py:225} INFO - Task exited with return code 0
[2023-06-30T04:21:47.408+0100] {taskinstance.py:2653} INFO - 0 downstream tasks scheduled from follow-on schedule check
