[2023-06-30T04:19:20.893+0100] {taskinstance.py:1103} INFO - Dependencies all met for dep_context=non-requeueable deps ti=<TaskInstance: using_taskflow_v2.get_name scheduled__0029-07-10T00:00:00+00:00 [queued]>
[2023-06-30T04:19:20.907+0100] {taskinstance.py:1103} INFO - Dependencies all met for dep_context=requeueable deps ti=<TaskInstance: using_taskflow_v2.get_name scheduled__0029-07-10T00:00:00+00:00 [queued]>
[2023-06-30T04:19:20.907+0100] {taskinstance.py:1308} INFO - Starting attempt 1 of 6
[2023-06-30T04:19:20.930+0100] {taskinstance.py:1327} INFO - Executing <Task(_PythonDecoratedOperator): get_name> on 0029-07-10 00:00:00+00:00
[2023-06-30T04:19:20.935+0100] {standard_task_runner.py:57} INFO - Started process 29912 to run task
[2023-06-30T04:19:20.938+0100] {standard_task_runner.py:84} INFO - Running: ['airflow', 'tasks', 'run', 'using_taskflow_v2', 'get_name', 'scheduled__0029-07-10T00:00:00+00:00', '--job-id', '198', '--raw', '--subdir', '/home/haboubi/Desktop/api/API_weather/dags/dag_create_py_api_taskflow.py', '--cfg-path', '/tmp/tmp_s4vv3vl']
[2023-06-30T04:19:20.940+0100] {standard_task_runner.py:85} INFO - Job 198: Subtask get_name
[2023-06-30T04:19:20.978+0100] {task_command.py:410} INFO - Running <TaskInstance: using_taskflow_v2.get_name scheduled__0029-07-10T00:00:00+00:00 [running]> on host haboubi-VivoBook-15-ASUS-Laptop-X540UB
[2023-06-30T04:19:21.042+0100] {taskinstance.py:1545} INFO - Exporting env vars: AIRFLOW_CTX_DAG_OWNER='haboubi' AIRFLOW_CTX_DAG_ID='using_taskflow_v2' AIRFLOW_CTX_TASK_ID='get_name' AIRFLOW_CTX_EXECUTION_DATE='0029-07-10T00:00:00+00:00' AIRFLOW_CTX_TRY_NUMBER='1' AIRFLOW_CTX_DAG_RUN_ID='scheduled__0029-07-10T00:00:00+00:00'
[2023-06-30T04:19:21.043+0100] {python.py:183} INFO - Done. Returned value was: {'first_name': 'fadi', 'last_name': 'haboubi'}
[2023-06-30T04:19:21.074+0100] {taskinstance.py:1345} INFO - Marking task as SUCCESS. dag_id=using_taskflow_v2, task_id=get_name, execution_date=290710T000000, start_date=20230630T031920, end_date=20230630T031921
[2023-06-30T04:19:21.110+0100] {local_task_job_runner.py:225} INFO - Task exited with return code 0
[2023-06-30T04:19:21.136+0100] {taskinstance.py:2653} INFO - 0 downstream tasks scheduled from follow-on schedule check
[2023-06-30T04:21:34.765+0100] {taskinstance.py:1103} INFO - Dependencies all met for dep_context=non-requeueable deps ti=<TaskInstance: using_taskflow_v2.get_name scheduled__0029-07-10T00:00:00+00:00 [queued]>
[2023-06-30T04:21:34.770+0100] {taskinstance.py:1103} INFO - Dependencies all met for dep_context=requeueable deps ti=<TaskInstance: using_taskflow_v2.get_name scheduled__0029-07-10T00:00:00+00:00 [queued]>
[2023-06-30T04:21:34.771+0100] {taskinstance.py:1308} INFO - Starting attempt 1 of 6
[2023-06-30T04:21:34.782+0100] {taskinstance.py:1327} INFO - Executing <Task(_PythonDecoratedOperator): get_name> on 0029-07-10 00:00:00+00:00
[2023-06-30T04:21:34.785+0100] {standard_task_runner.py:57} INFO - Started process 31514 to run task
[2023-06-30T04:21:34.788+0100] {standard_task_runner.py:84} INFO - Running: ['airflow', 'tasks', 'run', 'using_taskflow_v2', 'get_name', 'scheduled__0029-07-10T00:00:00+00:00', '--job-id', '199', '--raw', '--subdir', '/home/haboubi/Desktop/api/API_weather/dags/dag_create_py_api_taskflow.py', '--cfg-path', '/tmp/tmpkvrncu3f']
[2023-06-30T04:21:34.789+0100] {standard_task_runner.py:85} INFO - Job 199: Subtask get_name
[2023-06-30T04:21:34.817+0100] {task_command.py:410} INFO - Running <TaskInstance: using_taskflow_v2.get_name scheduled__0029-07-10T00:00:00+00:00 [running]> on host haboubi-VivoBook-15-ASUS-Laptop-X540UB
[2023-06-30T04:21:34.866+0100] {taskinstance.py:1545} INFO - Exporting env vars: AIRFLOW_CTX_DAG_OWNER='haboubi' AIRFLOW_CTX_DAG_ID='using_taskflow_v2' AIRFLOW_CTX_TASK_ID='get_name' AIRFLOW_CTX_EXECUTION_DATE='0029-07-10T00:00:00+00:00' AIRFLOW_CTX_TRY_NUMBER='1' AIRFLOW_CTX_DAG_RUN_ID='scheduled__0029-07-10T00:00:00+00:00'
[2023-06-30T04:21:34.867+0100] {python.py:183} INFO - Done. Returned value was: {'first_name': 'fadi', 'last_name': 'haboubi'}
[2023-06-30T04:21:34.890+0100] {taskinstance.py:1345} INFO - Marking task as SUCCESS. dag_id=using_taskflow_v2, task_id=get_name, execution_date=290710T000000, start_date=20230630T032134, end_date=20230630T032134
[2023-06-30T04:21:34.920+0100] {local_task_job_runner.py:225} INFO - Task exited with return code 0
[2023-06-30T04:21:34.935+0100] {taskinstance.py:2653} INFO - 0 downstream tasks scheduled from follow-on schedule check
