[2023-07-05T10:45:23.300+0100] {taskinstance.py:1103} INFO - Dependencies all met for dep_context=non-requeueable deps ti=<TaskInstance: update_current_data_10.trigger_location_db scheduled__2023-05-07T16:20:00+00:00 [queued]>
[2023-07-05T10:45:23.308+0100] {taskinstance.py:1103} INFO - Dependencies all met for dep_context=requeueable deps ti=<TaskInstance: update_current_data_10.trigger_location_db scheduled__2023-05-07T16:20:00+00:00 [queued]>
[2023-07-05T10:45:23.308+0100] {taskinstance.py:1308} INFO - Starting attempt 1 of 3
[2023-07-05T10:45:23.318+0100] {taskinstance.py:1327} INFO - Executing <Task(PythonOperator): trigger_location_db> on 2023-05-07 16:20:00+00:00
[2023-07-05T10:45:23.323+0100] {standard_task_runner.py:57} INFO - Started process 55523 to run task
[2023-07-05T10:45:23.326+0100] {standard_task_runner.py:84} INFO - Running: ['***', 'tasks', 'run', 'update_current_data_10', 'trigger_location_db', 'scheduled__2023-05-07T16:20:00+00:00', '--job-id', '482', '--raw', '--subdir', '/home/haboubi/Desktop/api/API_weather/dags/update_current_dags.py', '--cfg-path', '/tmp/tmpri_uvm7e']
[2023-07-05T10:45:23.327+0100] {standard_task_runner.py:85} INFO - Job 482: Subtask trigger_location_db
[2023-07-05T10:45:23.389+0100] {task_command.py:410} INFO - Running <TaskInstance: update_current_data_10.trigger_location_db scheduled__2023-05-07T16:20:00+00:00 [running]> on host haboubi-VivoBook-15-ASUS-Laptop-X540UB
[2023-07-05T10:45:23.490+0100] {taskinstance.py:1545} INFO - Exporting env vars: AIRFLOW_CTX_DAG_OWNER='haboubi' AIRFLOW_CTX_DAG_ID='update_current_data_10' AIRFLOW_CTX_TASK_ID='trigger_location_db' AIRFLOW_CTX_EXECUTION_DATE='2023-05-07T16:20:00+00:00' AIRFLOW_CTX_TRY_NUMBER='1' AIRFLOW_CTX_DAG_RUN_ID='scheduled__2023-05-07T16:20:00+00:00'
[2023-07-05T10:45:23.531+0100] {python.py:183} INFO - Done. Returned value was: None
[2023-07-05T10:45:23.546+0100] {taskinstance.py:1345} INFO - Marking task as SUCCESS. dag_id=update_current_data_10, task_id=trigger_location_db, execution_date=20230507T162000, start_date=20230705T094523, end_date=20230705T094523
[2023-07-05T10:45:23.578+0100] {local_task_job_runner.py:225} INFO - Task exited with return code 0
[2023-07-05T10:45:23.609+0100] {taskinstance.py:2653} INFO - 1 downstream tasks scheduled from follow-on schedule check
[2023-07-05T11:09:10.477+0100] {taskinstance.py:1103} INFO - Dependencies all met for dep_context=non-requeueable deps ti=<TaskInstance: update_current_data_10.trigger_location_db scheduled__2023-05-07T16:20:00+00:00 [queued]>
[2023-07-05T11:09:10.486+0100] {taskinstance.py:1103} INFO - Dependencies all met for dep_context=requeueable deps ti=<TaskInstance: update_current_data_10.trigger_location_db scheduled__2023-05-07T16:20:00+00:00 [queued]>
[2023-07-05T11:09:10.486+0100] {taskinstance.py:1308} INFO - Starting attempt 1 of 3
[2023-07-05T11:09:10.497+0100] {taskinstance.py:1327} INFO - Executing <Task(PythonOperator): trigger_location_db> on 2023-05-07 16:20:00+00:00
[2023-07-05T11:09:10.500+0100] {standard_task_runner.py:57} INFO - Started process 75622 to run task
[2023-07-05T11:09:10.503+0100] {standard_task_runner.py:84} INFO - Running: ['***', 'tasks', 'run', 'update_current_data_10', 'trigger_location_db', 'scheduled__2023-05-07T16:20:00+00:00', '--job-id', '778', '--raw', '--subdir', '/home/haboubi/Desktop/api/API_weather/dags/update_current_dags.py', '--cfg-path', '/tmp/tmpmpra70pm']
[2023-07-05T11:09:10.504+0100] {standard_task_runner.py:85} INFO - Job 778: Subtask trigger_location_db
[2023-07-05T11:09:10.569+0100] {task_command.py:410} INFO - Running <TaskInstance: update_current_data_10.trigger_location_db scheduled__2023-05-07T16:20:00+00:00 [running]> on host haboubi-VivoBook-15-ASUS-Laptop-X540UB
[2023-07-05T11:09:10.667+0100] {taskinstance.py:1545} INFO - Exporting env vars: AIRFLOW_CTX_DAG_OWNER='haboubi' AIRFLOW_CTX_DAG_ID='update_current_data_10' AIRFLOW_CTX_TASK_ID='trigger_location_db' AIRFLOW_CTX_EXECUTION_DATE='2023-05-07T16:20:00+00:00' AIRFLOW_CTX_TRY_NUMBER='1' AIRFLOW_CTX_DAG_RUN_ID='scheduled__2023-05-07T16:20:00+00:00'
[2023-07-05T11:09:10.708+0100] {python.py:183} INFO - Done. Returned value was: None
[2023-07-05T11:09:10.723+0100] {taskinstance.py:1345} INFO - Marking task as SUCCESS. dag_id=update_current_data_10, task_id=trigger_location_db, execution_date=20230507T162000, start_date=20230705T100910, end_date=20230705T100910
[2023-07-05T11:09:10.755+0100] {local_task_job_runner.py:225} INFO - Task exited with return code 0
[2023-07-05T11:09:10.787+0100] {taskinstance.py:2653} INFO - 1 downstream tasks scheduled from follow-on schedule check
