[2023-07-08T09:15:32.330+0100] {taskinstance.py:1103} INFO - Dependencies all met for dep_context=non-requeueable deps ti=<TaskInstance: updated_day_hist_forcast_data.load_updated_data_hist_forcast scheduled__2023-07-07T00:00:00+00:00 [queued]>
[2023-07-08T09:15:32.351+0100] {taskinstance.py:1103} INFO - Dependencies all met for dep_context=requeueable deps ti=<TaskInstance: updated_day_hist_forcast_data.load_updated_data_hist_forcast scheduled__2023-07-07T00:00:00+00:00 [queued]>
[2023-07-08T09:15:32.352+0100] {taskinstance.py:1308} INFO - Starting attempt 1 of 3
[2023-07-08T09:15:32.379+0100] {taskinstance.py:1327} INFO - Executing <Task(PythonOperator): load_updated_data_hist_forcast> on 2023-07-07 00:00:00+00:00
[2023-07-08T09:15:32.385+0100] {standard_task_runner.py:57} INFO - Started process 13350 to run task
[2023-07-08T09:15:32.389+0100] {standard_task_runner.py:84} INFO - Running: ['***', 'tasks', 'run', 'updated_day_hist_forcast_data', 'load_updated_data_hist_forcast', 'scheduled__2023-07-07T00:00:00+00:00', '--job-id', '16933', '--raw', '--subdir', '/home/haboubi/Desktop/api/API_weather/dags/update_day_hist_forcast.py', '--cfg-path', '/tmp/tmpiw2b353n']
[2023-07-08T09:15:32.391+0100] {standard_task_runner.py:85} INFO - Job 16933: Subtask load_updated_data_hist_forcast
[2023-07-08T09:15:32.517+0100] {task_command.py:410} INFO - Running <TaskInstance: updated_day_hist_forcast_data.load_updated_data_hist_forcast scheduled__2023-07-07T00:00:00+00:00 [running]> on host haboubi-VivoBook-15-ASUS-Laptop-X540UB
[2023-07-08T09:15:32.698+0100] {taskinstance.py:1545} INFO - Exporting env vars: AIRFLOW_CTX_DAG_OWNER='haboubi' AIRFLOW_CTX_DAG_ID='updated_day_hist_forcast_data' AIRFLOW_CTX_TASK_ID='load_updated_data_hist_forcast' AIRFLOW_CTX_EXECUTION_DATE='2023-07-07T00:00:00+00:00' AIRFLOW_CTX_TRY_NUMBER='1' AIRFLOW_CTX_DAG_RUN_ID='scheduled__2023-07-07T00:00:00+00:00'
[2023-07-08T09:15:32.706+0100] {logging_mixin.py:149} INFO - debug prb: Paris
[2023-07-08T09:15:32.764+0100] {logging_mixin.py:149} INFO - last_time_updated: 2023-07-07
[2023-07-08T09:15:32.765+0100] {logging_mixin.py:149} INFO - debug prb: London
[2023-07-08T09:15:32.791+0100] {logging_mixin.py:149} INFO - last_time_updated: 2023-07-07
[2023-07-08T09:15:32.792+0100] {logging_mixin.py:149} INFO - debug prb: Barcelona
[2023-07-08T09:15:32.812+0100] {logging_mixin.py:149} INFO - last_time_updated: 2023-07-07
[2023-07-08T09:15:32.813+0100] {logging_mixin.py:149} INFO - debug prb: Rome
[2023-07-08T09:15:32.834+0100] {logging_mixin.py:149} INFO - last_time_updated: 2023-07-07
[2023-07-08T09:15:32.834+0100] {logging_mixin.py:149} INFO - debug prb: New York
[2023-07-08T09:15:32.859+0100] {logging_mixin.py:149} INFO - last_time_updated: 2023-07-07
[2023-07-08T09:15:32.860+0100] {logging_mixin.py:149} INFO - debug prb: Tokyo
[2023-07-08T09:15:32.879+0100] {logging_mixin.py:149} INFO - last_time_updated: 2023-07-07
[2023-07-08T09:15:32.880+0100] {logging_mixin.py:149} INFO - debug prb: Istanbul
[2023-07-08T09:15:32.899+0100] {logging_mixin.py:149} INFO - last_time_updated: 2023-07-07
[2023-07-08T09:15:32.900+0100] {logging_mixin.py:149} INFO - debug prb: Dubai
[2023-07-08T09:15:32.919+0100] {logging_mixin.py:149} INFO - last_time_updated: 2023-07-07
[2023-07-08T09:15:32.920+0100] {logging_mixin.py:149} INFO - debug prb: Sydney
[2023-07-08T09:15:32.942+0100] {logging_mixin.py:149} INFO - last_time_updated: 2023-07-07
[2023-07-08T09:15:32.942+0100] {logging_mixin.py:149} INFO - debug prb: Bangkok
[2023-07-08T09:15:32.963+0100] {logging_mixin.py:149} INFO - last_time_updated: 2023-07-07
[2023-07-08T09:15:32.964+0100] {logging_mixin.py:149} INFO - debug prb: Amsterdam
[2023-07-08T09:15:32.985+0100] {logging_mixin.py:149} INFO - last_time_updated: 2023-07-07
[2023-07-08T09:15:32.986+0100] {logging_mixin.py:149} INFO - debug prb: Rio De Janeiro
[2023-07-08T09:15:33.007+0100] {logging_mixin.py:149} INFO - last_time_updated: 2023-07-07
[2023-07-08T09:15:33.008+0100] {logging_mixin.py:149} INFO - debug prb: Prague
[2023-07-08T09:15:33.028+0100] {logging_mixin.py:149} INFO - last_time_updated: 2023-07-07
[2023-07-08T09:15:33.029+0100] {logging_mixin.py:149} INFO - debug prb: Cape Town
[2023-07-08T09:15:33.051+0100] {logging_mixin.py:149} INFO - last_time_updated: 2023-07-07
[2023-07-08T09:15:33.052+0100] {logging_mixin.py:149} INFO - debug prb: Buenos Aires
[2023-07-08T09:15:33.073+0100] {logging_mixin.py:149} INFO - last_time_updated: 2023-07-07
[2023-07-08T09:15:33.074+0100] {logging_mixin.py:149} INFO - debug prb: Berlin
[2023-07-08T09:15:33.096+0100] {logging_mixin.py:149} INFO - last_time_updated: 2023-07-07
[2023-07-08T09:15:33.096+0100] {logging_mixin.py:149} INFO - debug prb: Singapore
[2023-07-08T09:15:33.117+0100] {logging_mixin.py:149} INFO - last_time_updated: 2023-07-07
[2023-07-08T09:15:33.118+0100] {logging_mixin.py:149} INFO - debug prb: Florence
[2023-07-08T09:15:33.139+0100] {logging_mixin.py:149} INFO - last_time_updated: 2023-07-07
[2023-07-08T09:15:33.140+0100] {logging_mixin.py:149} INFO - debug prb: San Francisco
[2023-07-08T09:15:33.161+0100] {logging_mixin.py:149} INFO - last_time_updated: 2023-07-07
[2023-07-08T09:15:33.162+0100] {logging_mixin.py:149} INFO - debug prb: Marrakech
[2023-07-08T09:15:33.182+0100] {logging_mixin.py:149} INFO - last_time_updated: 2023-07-07
[2023-07-08T09:15:33.198+0100] {python.py:183} INFO - Done. Returned value was: 0
[2023-07-08T09:15:33.258+0100] {taskinstance.py:1345} INFO - Marking task as SUCCESS. dag_id=updated_day_hist_forcast_data, task_id=load_updated_data_hist_forcast, execution_date=20230707T000000, start_date=20230708T081532, end_date=20230708T081533
[2023-07-08T09:15:33.294+0100] {local_task_job_runner.py:225} INFO - Task exited with return code 0
[2023-07-08T09:15:33.348+0100] {taskinstance.py:2653} INFO - 2 downstream tasks scheduled from follow-on schedule check
