[2023-06-30T10:27:51.824+0100] {taskinstance.py:1103} INFO - Dependencies all met for dep_context=non-requeueable deps ti=<TaskInstance: cnt_to_db.insert_into_table manual__2023-06-30T09:27:46.877708+00:00 [queued]>
[2023-06-30T10:27:51.835+0100] {taskinstance.py:1103} INFO - Dependencies all met for dep_context=requeueable deps ti=<TaskInstance: cnt_to_db.insert_into_table manual__2023-06-30T09:27:46.877708+00:00 [queued]>
[2023-06-30T10:27:51.836+0100] {taskinstance.py:1308} INFO - Starting attempt 1 of 1
[2023-06-30T10:27:51.850+0100] {taskinstance.py:1327} INFO - Executing <Task(PostgresOperator): insert_into_table> on 2023-06-30 09:27:46.877708+00:00
[2023-06-30T10:27:51.854+0100] {standard_task_runner.py:57} INFO - Started process 134159 to run task
[2023-06-30T10:27:51.857+0100] {standard_task_runner.py:84} INFO - Running: ['airflow', 'tasks', 'run', 'cnt_to_db', 'insert_into_table', 'manual__2023-06-30T09:27:46.877708+00:00', '--job-id', '12', '--raw', '--subdir', '/home/haboubi/Desktop/api/API_weather/dags/__pycache__/dag_connect_db.py', '--cfg-path', '/tmp/tmp6e493p3r']
[2023-06-30T10:27:51.858+0100] {standard_task_runner.py:85} INFO - Job 12: Subtask insert_into_table
[2023-06-30T10:27:51.936+0100] {task_command.py:410} INFO - Running <TaskInstance: cnt_to_db.insert_into_table manual__2023-06-30T09:27:46.877708+00:00 [running]> on host haboubi-VivoBook-15-ASUS-Laptop-X540UB
[2023-06-30T10:27:52.042+0100] {taskinstance.py:1545} INFO - Exporting env vars: AIRFLOW_CTX_DAG_OWNER='haboubi' AIRFLOW_CTX_DAG_ID='cnt_to_db' AIRFLOW_CTX_TASK_ID='insert_into_table' AIRFLOW_CTX_EXECUTION_DATE='2023-06-30T09:27:46.877708+00:00' AIRFLOW_CTX_TRY_NUMBER='1' AIRFLOW_CTX_DAG_RUN_ID='manual__2023-06-30T09:27:46.877708+00:00'
[2023-06-30T10:27:52.042+0100] {sql.py:265} INFO - Executing: 
                insert into dag_runs (dt, dag_id) values ('2023-06-30','haboubi')
                
                
[2023-06-30T10:27:52.058+0100] {base.py:73} INFO - Using connection ID 'postgres_localhost' for task execution.
[2023-06-30T10:27:52.087+0100] {base.py:73} INFO - Using connection ID 'postgres_localhost' for task execution.
[2023-06-30T10:27:52.099+0100] {sql.py:375} INFO - Running statement: 
                insert into dag_runs (dt, dag_id) values ('2023-06-30','haboubi')
                
                , parameters: None
[2023-06-30T10:27:52.100+0100] {sql.py:384} INFO - Rows affected: 1
[2023-06-30T10:27:52.120+0100] {taskinstance.py:1345} INFO - Marking task as SUCCESS. dag_id=cnt_to_db, task_id=insert_into_table, execution_date=20230630T092746, start_date=20230630T092751, end_date=20230630T092752
[2023-06-30T10:27:52.149+0100] {local_task_job_runner.py:225} INFO - Task exited with return code 0
[2023-06-30T10:27:52.174+0100] {taskinstance.py:2653} INFO - 0 downstream tasks scheduled from follow-on schedule check
