[2023-07-05T10:48:23.242+0100] {taskinstance.py:1103} INFO - Dependencies all met for dep_context=non-requeueable deps ti=<TaskInstance: update_current_data_10.trigger_location_db scheduled__2023-05-07T18:20:00+00:00 [queued]>
[2023-07-05T10:48:23.250+0100] {taskinstance.py:1103} INFO - Dependencies all met for dep_context=requeueable deps ti=<TaskInstance: update_current_data_10.trigger_location_db scheduled__2023-05-07T18:20:00+00:00 [queued]>
[2023-07-05T10:48:23.250+0100] {taskinstance.py:1308} INFO - Starting attempt 1 of 3
[2023-07-05T10:48:23.260+0100] {taskinstance.py:1327} INFO - Executing <Task(PythonOperator): trigger_location_db> on 2023-05-07 18:20:00+00:00
[2023-07-05T10:48:23.265+0100] {standard_task_runner.py:57} INFO - Started process 57882 to run task
[2023-07-05T10:48:23.268+0100] {standard_task_runner.py:84} INFO - Running: ['***', 'tasks', 'run', 'update_current_data_10', 'trigger_location_db', 'scheduled__2023-05-07T18:20:00+00:00', '--job-id', '519', '--raw', '--subdir', '/home/haboubi/Desktop/api/API_weather/dags/update_current_dags.py', '--cfg-path', '/tmp/tmpjsw4oooa']
[2023-07-05T10:48:23.269+0100] {standard_task_runner.py:85} INFO - Job 519: Subtask trigger_location_db
[2023-07-05T10:48:23.333+0100] {task_command.py:410} INFO - Running <TaskInstance: update_current_data_10.trigger_location_db scheduled__2023-05-07T18:20:00+00:00 [running]> on host haboubi-VivoBook-15-ASUS-Laptop-X540UB
[2023-07-05T10:48:23.442+0100] {taskinstance.py:1545} INFO - Exporting env vars: AIRFLOW_CTX_DAG_OWNER='haboubi' AIRFLOW_CTX_DAG_ID='update_current_data_10' AIRFLOW_CTX_TASK_ID='trigger_location_db' AIRFLOW_CTX_EXECUTION_DATE='2023-05-07T18:20:00+00:00' AIRFLOW_CTX_TRY_NUMBER='1' AIRFLOW_CTX_DAG_RUN_ID='scheduled__2023-05-07T18:20:00+00:00'
[2023-07-05T10:48:23.482+0100] {python.py:183} INFO - Done. Returned value was: None
[2023-07-05T10:48:23.497+0100] {taskinstance.py:1345} INFO - Marking task as SUCCESS. dag_id=update_current_data_10, task_id=trigger_location_db, execution_date=20230507T182000, start_date=20230705T094823, end_date=20230705T094823
[2023-07-05T10:48:23.520+0100] {local_task_job_runner.py:225} INFO - Task exited with return code 0
[2023-07-05T10:48:23.553+0100] {taskinstance.py:2653} INFO - 1 downstream tasks scheduled from follow-on schedule check
[2023-07-05T11:11:11.813+0100] {taskinstance.py:1103} INFO - Dependencies all met for dep_context=non-requeueable deps ti=<TaskInstance: update_current_data_10.trigger_location_db scheduled__2023-05-07T18:20:00+00:00 [queued]>
[2023-07-05T11:11:11.822+0100] {taskinstance.py:1103} INFO - Dependencies all met for dep_context=requeueable deps ti=<TaskInstance: update_current_data_10.trigger_location_db scheduled__2023-05-07T18:20:00+00:00 [queued]>
[2023-07-05T11:11:11.822+0100] {taskinstance.py:1308} INFO - Starting attempt 1 of 3
[2023-07-05T11:11:11.832+0100] {taskinstance.py:1327} INFO - Executing <Task(PythonOperator): trigger_location_db> on 2023-05-07 18:20:00+00:00
[2023-07-05T11:11:11.836+0100] {standard_task_runner.py:57} INFO - Started process 77837 to run task
[2023-07-05T11:11:11.839+0100] {standard_task_runner.py:84} INFO - Running: ['***', 'tasks', 'run', 'update_current_data_10', 'trigger_location_db', 'scheduled__2023-05-07T18:20:00+00:00', '--job-id', '811', '--raw', '--subdir', '/home/haboubi/Desktop/api/API_weather/dags/update_current_dags.py', '--cfg-path', '/tmp/tmpqvns_gni']
[2023-07-05T11:11:11.840+0100] {standard_task_runner.py:85} INFO - Job 811: Subtask trigger_location_db
[2023-07-05T11:11:11.902+0100] {task_command.py:410} INFO - Running <TaskInstance: update_current_data_10.trigger_location_db scheduled__2023-05-07T18:20:00+00:00 [running]> on host haboubi-VivoBook-15-ASUS-Laptop-X540UB
[2023-07-05T11:11:12.001+0100] {taskinstance.py:1545} INFO - Exporting env vars: AIRFLOW_CTX_DAG_OWNER='haboubi' AIRFLOW_CTX_DAG_ID='update_current_data_10' AIRFLOW_CTX_TASK_ID='trigger_location_db' AIRFLOW_CTX_EXECUTION_DATE='2023-05-07T18:20:00+00:00' AIRFLOW_CTX_TRY_NUMBER='1' AIRFLOW_CTX_DAG_RUN_ID='scheduled__2023-05-07T18:20:00+00:00'
[2023-07-05T11:11:12.045+0100] {python.py:183} INFO - Done. Returned value was: None
[2023-07-05T11:11:12.060+0100] {taskinstance.py:1345} INFO - Marking task as SUCCESS. dag_id=update_current_data_10, task_id=trigger_location_db, execution_date=20230507T182000, start_date=20230705T101111, end_date=20230705T101112
[2023-07-05T11:11:12.091+0100] {local_task_job_runner.py:225} INFO - Task exited with return code 0
[2023-07-05T11:11:12.123+0100] {taskinstance.py:2653} INFO - 1 downstream tasks scheduled from follow-on schedule check
