[2023-07-03T16:27:27.457+0100] {taskinstance.py:1103} INFO - Dependencies all met for dep_context=non-requeueable deps ti=<TaskInstance: updated_day_hist.load_updated_data scheduled__2023-07-02T00:00:00+00:00 [queued]>
[2023-07-03T16:27:27.466+0100] {taskinstance.py:1103} INFO - Dependencies all met for dep_context=requeueable deps ti=<TaskInstance: updated_day_hist.load_updated_data scheduled__2023-07-02T00:00:00+00:00 [queued]>
[2023-07-03T16:27:27.466+0100] {taskinstance.py:1308} INFO - Starting attempt 2 of 3
[2023-07-03T16:27:27.479+0100] {taskinstance.py:1327} INFO - Executing <Task(PythonOperator): load_updated_data> on 2023-07-02 00:00:00+00:00
[2023-07-03T16:27:27.482+0100] {standard_task_runner.py:57} INFO - Started process 15810 to run task
[2023-07-03T16:27:27.486+0100] {standard_task_runner.py:84} INFO - Running: ['***', 'tasks', 'run', 'updated_day_hist', 'load_updated_data', 'scheduled__2023-07-02T00:00:00+00:00', '--job-id', '61', '--raw', '--subdir', '/home/haboubi/Desktop/api/API_weather/dags/update_day_hist.py', '--cfg-path', '/tmp/tmpys0rok7u']
[2023-07-03T16:27:27.489+0100] {standard_task_runner.py:85} INFO - Job 61: Subtask load_updated_data
[2023-07-03T16:27:27.565+0100] {task_command.py:410} INFO - Running <TaskInstance: updated_day_hist.load_updated_data scheduled__2023-07-02T00:00:00+00:00 [running]> on host haboubi-VivoBook-15-ASUS-Laptop-X540UB
[2023-07-03T16:27:27.683+0100] {taskinstance.py:1545} INFO - Exporting env vars: AIRFLOW_CTX_DAG_OWNER='haboubi' AIRFLOW_CTX_DAG_ID='updated_day_hist' AIRFLOW_CTX_TASK_ID='load_updated_data' AIRFLOW_CTX_EXECUTION_DATE='2023-07-02T00:00:00+00:00' AIRFLOW_CTX_TRY_NUMBER='2' AIRFLOW_CTX_DAG_RUN_ID='scheduled__2023-07-02T00:00:00+00:00'
[2023-07-03T16:27:27.695+0100] {taskinstance.py:1824} ERROR - Task failed with exception
Traceback (most recent call last):
  File "/home/haboubi/Desktop/api/API_weather/api_env/lib/python3.10/site-packages/airflow/operators/python.py", line 181, in execute
    return_value = self.execute_callable()
  File "/home/haboubi/Desktop/api/API_weather/api_env/lib/python3.10/site-packages/airflow/operators/python.py", line 198, in execute_callable
    return self.python_callable(*self.op_args, **self.op_kwargs)
  File "/home/haboubi/Desktop/api/API_weather/dags/update_day_hist.py", line 47, in load_updated_data_db
    loc=session.query(Location).filter_by(Location.name==locations_csv.iloc[i]['name']).first()
TypeError: Query.filter_by() takes 1 positional argument but 2 were given
[2023-07-03T16:27:27.712+0100] {taskinstance.py:1345} INFO - Marking task as UP_FOR_RETRY. dag_id=updated_day_hist, task_id=load_updated_data, execution_date=20230702T000000, start_date=20230703T152727, end_date=20230703T152727
[2023-07-03T16:27:27.724+0100] {standard_task_runner.py:104} ERROR - Failed to execute job 61 for task load_updated_data (Query.filter_by() takes 1 positional argument but 2 were given; 15810)
[2023-07-03T16:27:27.738+0100] {local_task_job_runner.py:225} INFO - Task exited with return code 1
[2023-07-03T16:27:27.773+0100] {taskinstance.py:2653} INFO - 0 downstream tasks scheduled from follow-on schedule check
