[2023-06-30T04:18:07.039+0100] {taskinstance.py:1103} INFO - Dependencies all met for dep_context=non-requeueable deps ti=<TaskInstance: using_taskflow_v2.get_age scheduled__0029-06-29T00:00:00+00:00 [queued]>
[2023-06-30T04:18:07.046+0100] {taskinstance.py:1103} INFO - Dependencies all met for dep_context=requeueable deps ti=<TaskInstance: using_taskflow_v2.get_age scheduled__0029-06-29T00:00:00+00:00 [queued]>
[2023-06-30T04:18:07.046+0100] {taskinstance.py:1308} INFO - Starting attempt 1 of 6
[2023-06-30T04:18:07.058+0100] {taskinstance.py:1327} INFO - Executing <Task(_PythonDecoratedOperator): get_age> on 0029-06-29 00:00:00+00:00
[2023-06-30T04:18:07.061+0100] {standard_task_runner.py:57} INFO - Started process 29078 to run task
[2023-06-30T04:18:07.065+0100] {standard_task_runner.py:84} INFO - Running: ['airflow', 'tasks', 'run', 'using_taskflow_v2', 'get_age', 'scheduled__0029-06-29T00:00:00+00:00', '--job-id', '164', '--raw', '--subdir', '/home/haboubi/Desktop/api/API_weather/dags/dag_create_py_api_taskflow.py', '--cfg-path', '/tmp/tmp6gr4mhwe']
[2023-06-30T04:18:07.066+0100] {standard_task_runner.py:85} INFO - Job 164: Subtask get_age
[2023-06-30T04:18:07.100+0100] {task_command.py:410} INFO - Running <TaskInstance: using_taskflow_v2.get_age scheduled__0029-06-29T00:00:00+00:00 [running]> on host haboubi-VivoBook-15-ASUS-Laptop-X540UB
[2023-06-30T04:18:07.150+0100] {taskinstance.py:1545} INFO - Exporting env vars: AIRFLOW_CTX_DAG_OWNER='haboubi' AIRFLOW_CTX_DAG_ID='using_taskflow_v2' AIRFLOW_CTX_TASK_ID='get_age' AIRFLOW_CTX_EXECUTION_DATE='0029-06-29T00:00:00+00:00' AIRFLOW_CTX_TRY_NUMBER='1' AIRFLOW_CTX_DAG_RUN_ID='scheduled__0029-06-29T00:00:00+00:00'
[2023-06-30T04:18:07.151+0100] {python.py:183} INFO - Done. Returned value was: 18
[2023-06-30T04:18:07.161+0100] {taskinstance.py:1345} INFO - Marking task as SUCCESS. dag_id=using_taskflow_v2, task_id=get_age, execution_date=290629T000000, start_date=20230630T031807, end_date=20230630T031807
[2023-06-30T04:18:07.196+0100] {local_task_job_runner.py:225} INFO - Task exited with return code 0
[2023-06-30T04:18:07.222+0100] {taskinstance.py:2653} INFO - 1 downstream tasks scheduled from follow-on schedule check
[2023-06-30T04:20:21.772+0100] {taskinstance.py:1103} INFO - Dependencies all met for dep_context=non-requeueable deps ti=<TaskInstance: using_taskflow_v2.get_age scheduled__0029-06-29T00:00:00+00:00 [queued]>
[2023-06-30T04:20:21.782+0100] {taskinstance.py:1103} INFO - Dependencies all met for dep_context=requeueable deps ti=<TaskInstance: using_taskflow_v2.get_age scheduled__0029-06-29T00:00:00+00:00 [queued]>
[2023-06-30T04:20:21.782+0100] {taskinstance.py:1308} INFO - Starting attempt 1 of 6
[2023-06-30T04:20:21.794+0100] {taskinstance.py:1327} INFO - Executing <Task(_PythonDecoratedOperator): get_age> on 0029-06-29 00:00:00+00:00
[2023-06-30T04:20:21.798+0100] {standard_task_runner.py:57} INFO - Started process 30707 to run task
[2023-06-30T04:20:21.801+0100] {standard_task_runner.py:84} INFO - Running: ['airflow', 'tasks', 'run', 'using_taskflow_v2', 'get_age', 'scheduled__0029-06-29T00:00:00+00:00', '--job-id', '164', '--raw', '--subdir', '/home/haboubi/Desktop/api/API_weather/dags/dag_create_py_api_taskflow.py', '--cfg-path', '/tmp/tmpcal9co_h']
[2023-06-30T04:20:21.802+0100] {standard_task_runner.py:85} INFO - Job 164: Subtask get_age
[2023-06-30T04:20:21.848+0100] {task_command.py:410} INFO - Running <TaskInstance: using_taskflow_v2.get_age scheduled__0029-06-29T00:00:00+00:00 [running]> on host haboubi-VivoBook-15-ASUS-Laptop-X540UB
[2023-06-30T04:20:21.904+0100] {taskinstance.py:1545} INFO - Exporting env vars: AIRFLOW_CTX_DAG_OWNER='haboubi' AIRFLOW_CTX_DAG_ID='using_taskflow_v2' AIRFLOW_CTX_TASK_ID='get_age' AIRFLOW_CTX_EXECUTION_DATE='0029-06-29T00:00:00+00:00' AIRFLOW_CTX_TRY_NUMBER='1' AIRFLOW_CTX_DAG_RUN_ID='scheduled__0029-06-29T00:00:00+00:00'
[2023-06-30T04:20:21.905+0100] {python.py:183} INFO - Done. Returned value was: 18
[2023-06-30T04:20:21.921+0100] {taskinstance.py:1345} INFO - Marking task as SUCCESS. dag_id=using_taskflow_v2, task_id=get_age, execution_date=290629T000000, start_date=20230630T032021, end_date=20230630T032021
[2023-06-30T04:20:21.973+0100] {local_task_job_runner.py:225} INFO - Task exited with return code 0
[2023-06-30T04:20:22.010+0100] {taskinstance.py:2653} INFO - 1 downstream tasks scheduled from follow-on schedule check
