[2023-07-03T18:45:03.414+0100] {taskinstance.py:1103} INFO - Dependencies all met for dep_context=non-requeueable deps ti=<TaskInstance: updated_day_hist_forcast_data.extract_updated_data scheduled__2023-07-01T00:00:00+00:00 [queued]>
[2023-07-03T18:45:03.424+0100] {taskinstance.py:1103} INFO - Dependencies all met for dep_context=requeueable deps ti=<TaskInstance: updated_day_hist_forcast_data.extract_updated_data scheduled__2023-07-01T00:00:00+00:00 [queued]>
[2023-07-03T18:45:03.425+0100] {taskinstance.py:1308} INFO - Starting attempt 1 of 3
[2023-07-03T18:45:03.435+0100] {taskinstance.py:1327} INFO - Executing <Task(PythonOperator): extract_updated_data> on 2023-07-01 00:00:00+00:00
[2023-07-03T18:45:03.441+0100] {standard_task_runner.py:57} INFO - Started process 54859 to run task
[2023-07-03T18:45:03.444+0100] {standard_task_runner.py:84} INFO - Running: ['***', 'tasks', 'run', 'updated_day_hist_forcast_data', 'extract_updated_data', 'scheduled__2023-07-01T00:00:00+00:00', '--job-id', '122', '--raw', '--subdir', '/home/haboubi/Desktop/api/API_weather/dags/update_day_hist.py', '--cfg-path', '/tmp/tmpxy6839z0']
[2023-07-03T18:45:03.446+0100] {standard_task_runner.py:85} INFO - Job 122: Subtask extract_updated_data
[2023-07-03T18:45:03.518+0100] {task_command.py:410} INFO - Running <TaskInstance: updated_day_hist_forcast_data.extract_updated_data scheduled__2023-07-01T00:00:00+00:00 [running]> on host haboubi-VivoBook-15-ASUS-Laptop-X540UB
[2023-07-03T18:45:03.626+0100] {taskinstance.py:1545} INFO - Exporting env vars: AIRFLOW_CTX_DAG_OWNER='haboubi' AIRFLOW_CTX_DAG_ID='updated_day_hist_forcast_data' AIRFLOW_CTX_TASK_ID='extract_updated_data' AIRFLOW_CTX_EXECUTION_DATE='2023-07-01T00:00:00+00:00' AIRFLOW_CTX_TRY_NUMBER='1' AIRFLOW_CTX_DAG_RUN_ID='scheduled__2023-07-01T00:00:00+00:00'
[2023-07-03T18:45:03.651+0100] {logging_mixin.py:149} INFO - im here 2023
[2023-07-03T18:45:04.300+0100] {logging_mixin.py:149} INFO - im here 2023
[2023-07-03T18:45:06.024+0100] {logging_mixin.py:149} INFO - im here 2023
[2023-07-03T18:45:06.602+0100] {logging_mixin.py:149} INFO - im here 2023
[2023-07-03T18:45:07.005+0100] {logging_mixin.py:149} INFO - im here 2023
[2023-07-03T18:45:07.726+0100] {logging_mixin.py:149} INFO - im here 2023
[2023-07-03T18:45:08.629+0100] {logging_mixin.py:149} INFO - im here 2023
[2023-07-03T18:45:08.988+0100] {logging_mixin.py:149} INFO - im here 2023
[2023-07-03T18:45:09.389+0100] {logging_mixin.py:149} INFO - im here 2023
[2023-07-03T18:45:09.872+0100] {logging_mixin.py:149} INFO - im here 2023
[2023-07-03T18:45:10.593+0100] {logging_mixin.py:149} INFO - im here 2023
[2023-07-03T18:45:10.988+0100] {logging_mixin.py:149} INFO - im here 2023
[2023-07-03T18:45:11.437+0100] {logging_mixin.py:149} INFO - im here 2023
[2023-07-03T18:45:11.929+0100] {logging_mixin.py:149} INFO - im here 2023
[2023-07-03T18:45:12.326+0100] {logging_mixin.py:149} INFO - im here 2023
[2023-07-03T18:45:12.937+0100] {logging_mixin.py:149} INFO - im here 2023
[2023-07-03T18:45:13.452+0100] {logging_mixin.py:149} INFO - im here 2023
[2023-07-03T18:45:13.929+0100] {logging_mixin.py:149} INFO - im here 2023
[2023-07-03T18:45:14.386+0100] {logging_mixin.py:149} INFO - im here 2023
[2023-07-03T18:45:15.009+0100] {logging_mixin.py:149} INFO - im here 2023
[2023-07-03T18:45:28.961+0100] {python.py:183} INFO - Done. Returned value was: None
[2023-07-03T18:45:28.977+0100] {taskinstance.py:1345} INFO - Marking task as SUCCESS. dag_id=updated_day_hist_forcast_data, task_id=extract_updated_data, execution_date=20230701T000000, start_date=20230703T174503, end_date=20230703T174528
[2023-07-03T18:45:28.999+0100] {local_task_job_runner.py:225} INFO - Task exited with return code 0
[2023-07-03T18:45:29.042+0100] {taskinstance.py:2653} INFO - 1 downstream tasks scheduled from follow-on schedule check
[2023-07-05T09:00:14.554+0100] {taskinstance.py:1103} INFO - Dependencies all met for dep_context=non-requeueable deps ti=<TaskInstance: updated_day_hist_forcast_data.extract_updated_data scheduled__2023-07-01T00:00:00+00:00 [queued]>
[2023-07-05T09:00:14.565+0100] {taskinstance.py:1103} INFO - Dependencies all met for dep_context=requeueable deps ti=<TaskInstance: updated_day_hist_forcast_data.extract_updated_data scheduled__2023-07-01T00:00:00+00:00 [queued]>
[2023-07-05T09:00:14.565+0100] {taskinstance.py:1308} INFO - Starting attempt 1 of 3
[2023-07-05T09:00:14.581+0100] {taskinstance.py:1327} INFO - Executing <Task(PythonOperator): extract_updated_data> on 2023-07-01 00:00:00+00:00
[2023-07-05T09:00:14.586+0100] {standard_task_runner.py:57} INFO - Started process 13421 to run task
[2023-07-05T09:00:14.591+0100] {standard_task_runner.py:84} INFO - Running: ['***', 'tasks', 'run', 'updated_day_hist_forcast_data', 'extract_updated_data', 'scheduled__2023-07-01T00:00:00+00:00', '--job-id', '154', '--raw', '--subdir', '/home/haboubi/Desktop/api/API_weather/dags/update_day_hist.py', '--cfg-path', '/tmp/tmp1hitby0s']
[2023-07-05T09:00:14.593+0100] {standard_task_runner.py:85} INFO - Job 154: Subtask extract_updated_data
[2023-07-05T09:00:14.679+0100] {task_command.py:410} INFO - Running <TaskInstance: updated_day_hist_forcast_data.extract_updated_data scheduled__2023-07-01T00:00:00+00:00 [running]> on host haboubi-VivoBook-15-ASUS-Laptop-X540UB
[2023-07-05T09:00:14.800+0100] {taskinstance.py:1545} INFO - Exporting env vars: AIRFLOW_CTX_DAG_OWNER='haboubi' AIRFLOW_CTX_DAG_ID='updated_day_hist_forcast_data' AIRFLOW_CTX_TASK_ID='extract_updated_data' AIRFLOW_CTX_EXECUTION_DATE='2023-07-01T00:00:00+00:00' AIRFLOW_CTX_TRY_NUMBER='1' AIRFLOW_CTX_DAG_RUN_ID='scheduled__2023-07-01T00:00:00+00:00'
[2023-07-05T09:00:14.829+0100] {logging_mixin.py:149} INFO - im here 2023
[2023-07-05T09:00:15.267+0100] {logging_mixin.py:149} INFO - im here 2023
[2023-07-05T09:00:15.787+0100] {logging_mixin.py:149} INFO - im here 2023
[2023-07-05T09:00:16.007+0100] {logging_mixin.py:149} INFO - im here 2023
[2023-07-05T09:00:16.261+0100] {logging_mixin.py:149} INFO - im here 2023
[2023-07-05T09:00:16.827+0100] {logging_mixin.py:149} INFO - im here 2023
[2023-07-05T09:00:17.251+0100] {logging_mixin.py:149} INFO - im here 2023
[2023-07-05T09:00:17.499+0100] {logging_mixin.py:149} INFO - im here 2023
[2023-07-05T09:00:17.767+0100] {logging_mixin.py:149} INFO - im here 2023
[2023-07-05T09:00:18.035+0100] {logging_mixin.py:149} INFO - im here 2023
[2023-07-05T09:00:18.342+0100] {logging_mixin.py:149} INFO - im here 2023
[2023-07-05T09:00:18.652+0100] {logging_mixin.py:149} INFO - im here 2023
[2023-07-05T09:00:18.951+0100] {logging_mixin.py:149} INFO - im here 2023
[2023-07-05T09:00:19.182+0100] {logging_mixin.py:149} INFO - im here 2023
[2023-07-05T09:00:19.461+0100] {logging_mixin.py:149} INFO - im here 2023
[2023-07-05T09:00:19.766+0100] {logging_mixin.py:149} INFO - im here 2023
[2023-07-05T09:00:20.066+0100] {logging_mixin.py:149} INFO - im here 2023
[2023-07-05T09:00:20.368+0100] {logging_mixin.py:149} INFO - im here 2023
[2023-07-05T09:00:20.694+0100] {logging_mixin.py:149} INFO - im here 2023
[2023-07-05T09:00:20.991+0100] {logging_mixin.py:149} INFO - im here 2023
[2023-07-05T09:00:29.605+0100] {python.py:183} INFO - Done. Returned value was: None
[2023-07-05T09:00:29.629+0100] {taskinstance.py:1345} INFO - Marking task as SUCCESS. dag_id=updated_day_hist_forcast_data, task_id=extract_updated_data, execution_date=20230701T000000, start_date=20230705T080014, end_date=20230705T080029
[2023-07-05T09:00:29.653+0100] {local_task_job_runner.py:225} INFO - Task exited with return code 0
[2023-07-05T09:00:29.692+0100] {taskinstance.py:2653} INFO - 1 downstream tasks scheduled from follow-on schedule check
