[2023-07-03T18:27:59.057+0100] {taskinstance.py:1103} INFO - Dependencies all met for dep_context=non-requeueable deps ti=<TaskInstance: updated_day_hist.load_updated_data manual__2023-07-03T17:27:42.855774+00:00 [queued]>
[2023-07-03T18:27:59.068+0100] {taskinstance.py:1103} INFO - Dependencies all met for dep_context=requeueable deps ti=<TaskInstance: updated_day_hist.load_updated_data manual__2023-07-03T17:27:42.855774+00:00 [queued]>
[2023-07-03T18:27:59.068+0100] {taskinstance.py:1308} INFO - Starting attempt 1 of 3
[2023-07-03T18:27:59.081+0100] {taskinstance.py:1327} INFO - Executing <Task(PythonOperator): load_updated_data> on 2023-07-03 17:27:42.855774+00:00
[2023-07-03T18:27:59.085+0100] {standard_task_runner.py:57} INFO - Started process 49937 to run task
[2023-07-03T18:27:59.089+0100] {standard_task_runner.py:84} INFO - Running: ['***', 'tasks', 'run', 'updated_day_hist', 'load_updated_data', 'manual__2023-07-03T17:27:42.855774+00:00', '--job-id', '117', '--raw', '--subdir', '/home/haboubi/Desktop/api/API_weather/dags/update_day_hist.py', '--cfg-path', '/tmp/tmpxp6yhzr8']
[2023-07-03T18:27:59.090+0100] {standard_task_runner.py:85} INFO - Job 117: Subtask load_updated_data
[2023-07-03T18:27:59.199+0100] {task_command.py:410} INFO - Running <TaskInstance: updated_day_hist.load_updated_data manual__2023-07-03T17:27:42.855774+00:00 [running]> on host haboubi-VivoBook-15-ASUS-Laptop-X540UB
[2023-07-03T18:27:59.340+0100] {taskinstance.py:1545} INFO - Exporting env vars: AIRFLOW_CTX_DAG_OWNER='haboubi' AIRFLOW_CTX_DAG_ID='updated_day_hist' AIRFLOW_CTX_TASK_ID='load_updated_data' AIRFLOW_CTX_EXECUTION_DATE='2023-07-03T17:27:42.855774+00:00' AIRFLOW_CTX_TRY_NUMBER='1' AIRFLOW_CTX_DAG_RUN_ID='manual__2023-07-03T17:27:42.855774+00:00'
[2023-07-03T18:27:59.349+0100] {logging_mixin.py:149} INFO - debug prb: Paris
[2023-07-03T18:27:59.374+0100] {logging_mixin.py:149} INFO - last_time_updated: 2023-07-02
[2023-07-03T18:27:59.377+0100] {logging_mixin.py:149} INFO - debug prb: London
[2023-07-03T18:27:59.383+0100] {logging_mixin.py:149} INFO - last_time_updated: 2023-07-02
[2023-07-03T18:27:59.384+0100] {logging_mixin.py:149} INFO - debug prb: Barcelona
[2023-07-03T18:27:59.387+0100] {logging_mixin.py:149} INFO - last_time_updated: 2023-07-02
[2023-07-03T18:27:59.390+0100] {logging_mixin.py:149} INFO - debug prb: Rome
[2023-07-03T18:27:59.393+0100] {logging_mixin.py:149} INFO - last_time_updated: 2023-07-02
[2023-07-03T18:27:59.397+0100] {logging_mixin.py:149} INFO - debug prb: New York
[2023-07-03T18:27:59.401+0100] {logging_mixin.py:149} INFO - last_time_updated: 2023-07-02
[2023-07-03T18:27:59.403+0100] {logging_mixin.py:149} INFO - debug prb: Tokyo
[2023-07-03T18:27:59.407+0100] {logging_mixin.py:149} INFO - last_time_updated: 2023-07-02
[2023-07-03T18:27:59.410+0100] {logging_mixin.py:149} INFO - debug prb: Istanbul
[2023-07-03T18:27:59.416+0100] {logging_mixin.py:149} INFO - last_time_updated: 2023-07-02
[2023-07-03T18:27:59.418+0100] {logging_mixin.py:149} INFO - debug prb: Dubai
[2023-07-03T18:27:59.421+0100] {logging_mixin.py:149} INFO - last_time_updated: 2023-07-02
[2023-07-03T18:27:59.423+0100] {logging_mixin.py:149} INFO - debug prb: Sydney
[2023-07-03T18:27:59.426+0100] {logging_mixin.py:149} INFO - last_time_updated: 2023-07-02
[2023-07-03T18:27:59.429+0100] {logging_mixin.py:149} INFO - debug prb: Bangkok
[2023-07-03T18:27:59.434+0100] {logging_mixin.py:149} INFO - last_time_updated: 2023-07-02
[2023-07-03T18:27:59.436+0100] {logging_mixin.py:149} INFO - debug prb: Amsterdam
[2023-07-03T18:27:59.439+0100] {logging_mixin.py:149} INFO - last_time_updated: 2023-07-02
[2023-07-03T18:27:59.441+0100] {logging_mixin.py:149} INFO - debug prb: Rio De Janeiro
[2023-07-03T18:27:59.445+0100] {logging_mixin.py:149} INFO - last_time_updated: 2023-07-02
[2023-07-03T18:27:59.448+0100] {logging_mixin.py:149} INFO - debug prb: Prague
[2023-07-03T18:27:59.451+0100] {logging_mixin.py:149} INFO - last_time_updated: 2023-07-02
[2023-07-03T18:27:59.453+0100] {logging_mixin.py:149} INFO - debug prb: Cape Town
[2023-07-03T18:27:59.457+0100] {logging_mixin.py:149} INFO - last_time_updated: 2023-07-02
[2023-07-03T18:27:59.459+0100] {logging_mixin.py:149} INFO - debug prb: Buenos Aires
[2023-07-03T18:27:59.464+0100] {logging_mixin.py:149} INFO - last_time_updated: 2023-07-02
[2023-07-03T18:27:59.467+0100] {logging_mixin.py:149} INFO - debug prb: Berlin
[2023-07-03T18:27:59.470+0100] {logging_mixin.py:149} INFO - last_time_updated: 2023-07-02
[2023-07-03T18:27:59.472+0100] {logging_mixin.py:149} INFO - debug prb: Singapore
[2023-07-03T18:27:59.476+0100] {logging_mixin.py:149} INFO - last_time_updated: 2023-07-02
[2023-07-03T18:27:59.478+0100] {logging_mixin.py:149} INFO - debug prb: Florence
[2023-07-03T18:27:59.482+0100] {logging_mixin.py:149} INFO - last_time_updated: 2023-07-02
[2023-07-03T18:27:59.486+0100] {logging_mixin.py:149} INFO - debug prb: San Francisco
[2023-07-03T18:27:59.489+0100] {logging_mixin.py:149} INFO - last_time_updated: 2023-07-02
[2023-07-03T18:27:59.491+0100] {logging_mixin.py:149} INFO - debug prb: Marrakech
[2023-07-03T18:27:59.494+0100] {logging_mixin.py:149} INFO - last_time_updated: 2023-07-02
[2023-07-03T18:27:59.497+0100] {python.py:183} INFO - Done. Returned value was: 0
[2023-07-03T18:27:59.536+0100] {taskinstance.py:1345} INFO - Marking task as SUCCESS. dag_id=updated_day_hist, task_id=load_updated_data, execution_date=20230703T172742, start_date=20230703T172759, end_date=20230703T172759
[2023-07-03T18:27:59.584+0100] {local_task_job_runner.py:225} INFO - Task exited with return code 0
[2023-07-03T18:27:59.628+0100] {taskinstance.py:2653} INFO - 1 downstream tasks scheduled from follow-on schedule check
