[2023-06-30T04:18:11.426+0100] {taskinstance.py:1103} INFO - Dependencies all met for dep_context=non-requeueable deps ti=<TaskInstance: using_taskflow_v2.get_age scheduled__0029-06-30T00:00:00+00:00 [queued]>
[2023-06-30T04:18:11.433+0100] {taskinstance.py:1103} INFO - Dependencies all met for dep_context=requeueable deps ti=<TaskInstance: using_taskflow_v2.get_age scheduled__0029-06-30T00:00:00+00:00 [queued]>
[2023-06-30T04:18:11.433+0100] {taskinstance.py:1308} INFO - Starting attempt 1 of 6
[2023-06-30T04:18:11.447+0100] {taskinstance.py:1327} INFO - Executing <Task(_PythonDecoratedOperator): get_age> on 0029-06-30 00:00:00+00:00
[2023-06-30T04:18:11.450+0100] {standard_task_runner.py:57} INFO - Started process 29144 to run task
[2023-06-30T04:18:11.454+0100] {standard_task_runner.py:84} INFO - Running: ['airflow', 'tasks', 'run', 'using_taskflow_v2', 'get_age', 'scheduled__0029-06-30T00:00:00+00:00', '--job-id', '166', '--raw', '--subdir', '/home/haboubi/Desktop/api/API_weather/dags/dag_create_py_api_taskflow.py', '--cfg-path', '/tmp/tmps98jph5k']
[2023-06-30T04:18:11.455+0100] {standard_task_runner.py:85} INFO - Job 166: Subtask get_age
[2023-06-30T04:18:11.489+0100] {task_command.py:410} INFO - Running <TaskInstance: using_taskflow_v2.get_age scheduled__0029-06-30T00:00:00+00:00 [running]> on host haboubi-VivoBook-15-ASUS-Laptop-X540UB
[2023-06-30T04:18:11.540+0100] {taskinstance.py:1545} INFO - Exporting env vars: AIRFLOW_CTX_DAG_OWNER='haboubi' AIRFLOW_CTX_DAG_ID='using_taskflow_v2' AIRFLOW_CTX_TASK_ID='get_age' AIRFLOW_CTX_EXECUTION_DATE='0029-06-30T00:00:00+00:00' AIRFLOW_CTX_TRY_NUMBER='1' AIRFLOW_CTX_DAG_RUN_ID='scheduled__0029-06-30T00:00:00+00:00'
[2023-06-30T04:18:11.540+0100] {python.py:183} INFO - Done. Returned value was: 18
[2023-06-30T04:18:11.553+0100] {taskinstance.py:1345} INFO - Marking task as SUCCESS. dag_id=using_taskflow_v2, task_id=get_age, execution_date=290630T000000, start_date=20230630T031811, end_date=20230630T031811
[2023-06-30T04:18:11.585+0100] {local_task_job_runner.py:225} INFO - Task exited with return code 0
[2023-06-30T04:18:11.602+0100] {taskinstance.py:2653} INFO - 1 downstream tasks scheduled from follow-on schedule check
[2023-06-30T04:20:26.483+0100] {taskinstance.py:1103} INFO - Dependencies all met for dep_context=non-requeueable deps ti=<TaskInstance: using_taskflow_v2.get_age scheduled__0029-06-30T00:00:00+00:00 [queued]>
[2023-06-30T04:20:26.489+0100] {taskinstance.py:1103} INFO - Dependencies all met for dep_context=requeueable deps ti=<TaskInstance: using_taskflow_v2.get_age scheduled__0029-06-30T00:00:00+00:00 [queued]>
[2023-06-30T04:20:26.489+0100] {taskinstance.py:1308} INFO - Starting attempt 1 of 6
[2023-06-30T04:20:26.501+0100] {taskinstance.py:1327} INFO - Executing <Task(_PythonDecoratedOperator): get_age> on 0029-06-30 00:00:00+00:00
[2023-06-30T04:20:26.504+0100] {standard_task_runner.py:57} INFO - Started process 30780 to run task
[2023-06-30T04:20:26.507+0100] {standard_task_runner.py:84} INFO - Running: ['airflow', 'tasks', 'run', 'using_taskflow_v2', 'get_age', 'scheduled__0029-06-30T00:00:00+00:00', '--job-id', '166', '--raw', '--subdir', '/home/haboubi/Desktop/api/API_weather/dags/dag_create_py_api_taskflow.py', '--cfg-path', '/tmp/tmp6r15jltr']
[2023-06-30T04:20:26.508+0100] {standard_task_runner.py:85} INFO - Job 166: Subtask get_age
[2023-06-30T04:20:26.536+0100] {task_command.py:410} INFO - Running <TaskInstance: using_taskflow_v2.get_age scheduled__0029-06-30T00:00:00+00:00 [running]> on host haboubi-VivoBook-15-ASUS-Laptop-X540UB
[2023-06-30T04:20:26.579+0100] {taskinstance.py:1545} INFO - Exporting env vars: AIRFLOW_CTX_DAG_OWNER='haboubi' AIRFLOW_CTX_DAG_ID='using_taskflow_v2' AIRFLOW_CTX_TASK_ID='get_age' AIRFLOW_CTX_EXECUTION_DATE='0029-06-30T00:00:00+00:00' AIRFLOW_CTX_TRY_NUMBER='1' AIRFLOW_CTX_DAG_RUN_ID='scheduled__0029-06-30T00:00:00+00:00'
[2023-06-30T04:20:26.580+0100] {python.py:183} INFO - Done. Returned value was: 18
[2023-06-30T04:20:26.591+0100] {taskinstance.py:1345} INFO - Marking task as SUCCESS. dag_id=using_taskflow_v2, task_id=get_age, execution_date=290630T000000, start_date=20230630T032026, end_date=20230630T032026
[2023-06-30T04:20:26.639+0100] {local_task_job_runner.py:225} INFO - Task exited with return code 0
[2023-06-30T04:20:26.658+0100] {taskinstance.py:2653} INFO - 1 downstream tasks scheduled from follow-on schedule check
