[2023-07-03T18:46:21.170+0100] {taskinstance.py:1103} INFO - Dependencies all met for dep_context=non-requeueable deps ti=<TaskInstance: updated_day_hist_forcast_data.load_updated_data scheduled__2023-07-02T00:00:00+00:00 [queued]>
[2023-07-03T18:46:21.183+0100] {taskinstance.py:1103} INFO - Dependencies all met for dep_context=requeueable deps ti=<TaskInstance: updated_day_hist_forcast_data.load_updated_data scheduled__2023-07-02T00:00:00+00:00 [queued]>
[2023-07-03T18:46:21.183+0100] {taskinstance.py:1308} INFO - Starting attempt 1 of 3
[2023-07-03T18:46:21.196+0100] {taskinstance.py:1327} INFO - Executing <Task(PythonOperator): load_updated_data> on 2023-07-02 00:00:00+00:00
[2023-07-03T18:46:21.203+0100] {standard_task_runner.py:57} INFO - Started process 55809 to run task
[2023-07-03T18:46:21.209+0100] {standard_task_runner.py:84} INFO - Running: ['***', 'tasks', 'run', 'updated_day_hist_forcast_data', 'load_updated_data', 'scheduled__2023-07-02T00:00:00+00:00', '--job-id', '127', '--raw', '--subdir', '/home/haboubi/Desktop/api/API_weather/dags/update_day_hist.py', '--cfg-path', '/tmp/tmpbhuf_yq0']
[2023-07-03T18:46:21.210+0100] {standard_task_runner.py:85} INFO - Job 127: Subtask load_updated_data
[2023-07-03T18:46:21.296+0100] {task_command.py:410} INFO - Running <TaskInstance: updated_day_hist_forcast_data.load_updated_data scheduled__2023-07-02T00:00:00+00:00 [running]> on host haboubi-VivoBook-15-ASUS-Laptop-X540UB
[2023-07-03T18:46:21.432+0100] {taskinstance.py:1545} INFO - Exporting env vars: AIRFLOW_CTX_DAG_OWNER='haboubi' AIRFLOW_CTX_DAG_ID='updated_day_hist_forcast_data' AIRFLOW_CTX_TASK_ID='load_updated_data' AIRFLOW_CTX_EXECUTION_DATE='2023-07-02T00:00:00+00:00' AIRFLOW_CTX_TRY_NUMBER='1' AIRFLOW_CTX_DAG_RUN_ID='scheduled__2023-07-02T00:00:00+00:00'
[2023-07-03T18:46:21.439+0100] {logging_mixin.py:149} INFO - debug prb: Paris
[2023-07-03T18:46:21.471+0100] {logging_mixin.py:149} INFO - last_time_updated: 2023-07-02
[2023-07-03T18:46:21.481+0100] {logging_mixin.py:149} INFO - debug prb: London
[2023-07-03T18:46:21.490+0100] {logging_mixin.py:149} INFO - last_time_updated: 2023-07-02
[2023-07-03T18:46:21.496+0100] {logging_mixin.py:149} INFO - debug prb: Barcelona
[2023-07-03T18:46:21.506+0100] {logging_mixin.py:149} INFO - last_time_updated: 2023-07-02
[2023-07-03T18:46:21.512+0100] {logging_mixin.py:149} INFO - debug prb: Rome
[2023-07-03T18:46:21.522+0100] {logging_mixin.py:149} INFO - last_time_updated: 2023-07-02
[2023-07-03T18:46:21.529+0100] {logging_mixin.py:149} INFO - debug prb: New York
[2023-07-03T18:46:21.538+0100] {logging_mixin.py:149} INFO - last_time_updated: 2023-07-02
[2023-07-03T18:46:21.544+0100] {logging_mixin.py:149} INFO - debug prb: Tokyo
[2023-07-03T18:46:21.553+0100] {logging_mixin.py:149} INFO - last_time_updated: 2023-07-02
[2023-07-03T18:46:21.559+0100] {logging_mixin.py:149} INFO - debug prb: Istanbul
[2023-07-03T18:46:21.568+0100] {logging_mixin.py:149} INFO - last_time_updated: 2023-07-02
[2023-07-03T18:46:21.577+0100] {logging_mixin.py:149} INFO - debug prb: Dubai
[2023-07-03T18:46:21.587+0100] {logging_mixin.py:149} INFO - last_time_updated: 2023-07-02
[2023-07-03T18:46:21.594+0100] {logging_mixin.py:149} INFO - debug prb: Sydney
[2023-07-03T18:46:21.604+0100] {logging_mixin.py:149} INFO - last_time_updated: 2023-07-02
[2023-07-03T18:46:21.610+0100] {logging_mixin.py:149} INFO - debug prb: Bangkok
[2023-07-03T18:46:21.620+0100] {logging_mixin.py:149} INFO - last_time_updated: 2023-07-02
[2023-07-03T18:46:21.626+0100] {logging_mixin.py:149} INFO - debug prb: Amsterdam
[2023-07-03T18:46:21.636+0100] {logging_mixin.py:149} INFO - last_time_updated: 2023-07-02
[2023-07-03T18:46:21.643+0100] {logging_mixin.py:149} INFO - debug prb: Rio De Janeiro
[2023-07-03T18:46:21.653+0100] {logging_mixin.py:149} INFO - last_time_updated: 2023-07-02
[2023-07-03T18:46:21.659+0100] {logging_mixin.py:149} INFO - debug prb: Prague
[2023-07-03T18:46:21.668+0100] {logging_mixin.py:149} INFO - last_time_updated: 2023-07-02
[2023-07-03T18:46:21.675+0100] {logging_mixin.py:149} INFO - debug prb: Cape Town
[2023-07-03T18:46:21.683+0100] {logging_mixin.py:149} INFO - last_time_updated: 2023-07-02
[2023-07-03T18:46:21.691+0100] {logging_mixin.py:149} INFO - debug prb: Buenos Aires
[2023-07-03T18:46:21.698+0100] {logging_mixin.py:149} INFO - last_time_updated: 2023-07-02
[2023-07-03T18:46:21.707+0100] {logging_mixin.py:149} INFO - debug prb: Berlin
[2023-07-03T18:46:21.715+0100] {logging_mixin.py:149} INFO - last_time_updated: 2023-07-02
[2023-07-03T18:46:21.723+0100] {logging_mixin.py:149} INFO - debug prb: Singapore
[2023-07-03T18:46:21.734+0100] {logging_mixin.py:149} INFO - last_time_updated: 2023-07-02
[2023-07-03T18:46:21.741+0100] {logging_mixin.py:149} INFO - debug prb: Florence
[2023-07-03T18:46:21.751+0100] {logging_mixin.py:149} INFO - last_time_updated: 2023-07-02
[2023-07-03T18:46:21.758+0100] {logging_mixin.py:149} INFO - debug prb: San Francisco
[2023-07-03T18:46:21.770+0100] {logging_mixin.py:149} INFO - last_time_updated: 2023-07-02
[2023-07-03T18:46:21.777+0100] {logging_mixin.py:149} INFO - debug prb: Marrakech
[2023-07-03T18:46:21.786+0100] {logging_mixin.py:149} INFO - last_time_updated: 2023-07-02
[2023-07-03T18:46:21.793+0100] {python.py:183} INFO - Done. Returned value was: 0
[2023-07-03T18:46:21.835+0100] {taskinstance.py:1345} INFO - Marking task as SUCCESS. dag_id=updated_day_hist_forcast_data, task_id=load_updated_data, execution_date=20230702T000000, start_date=20230703T174621, end_date=20230703T174621
[2023-07-03T18:46:21.862+0100] {local_task_job_runner.py:225} INFO - Task exited with return code 0
[2023-07-03T18:46:21.895+0100] {taskinstance.py:2653} INFO - 2 downstream tasks scheduled from follow-on schedule check
[2023-07-05T09:01:13.649+0100] {taskinstance.py:1103} INFO - Dependencies all met for dep_context=non-requeueable deps ti=<TaskInstance: updated_day_hist_forcast_data.load_updated_data scheduled__2023-07-02T00:00:00+00:00 [queued]>
[2023-07-05T09:01:13.659+0100] {taskinstance.py:1103} INFO - Dependencies all met for dep_context=requeueable deps ti=<TaskInstance: updated_day_hist_forcast_data.load_updated_data scheduled__2023-07-02T00:00:00+00:00 [queued]>
[2023-07-05T09:01:13.659+0100] {taskinstance.py:1308} INFO - Starting attempt 1 of 3
[2023-07-05T09:01:13.669+0100] {taskinstance.py:1327} INFO - Executing <Task(PythonOperator): load_updated_data> on 2023-07-02 00:00:00+00:00
[2023-07-05T09:01:13.675+0100] {standard_task_runner.py:57} INFO - Started process 14226 to run task
[2023-07-05T09:01:13.681+0100] {standard_task_runner.py:84} INFO - Running: ['***', 'tasks', 'run', 'updated_day_hist_forcast_data', 'load_updated_data', 'scheduled__2023-07-02T00:00:00+00:00', '--job-id', '160', '--raw', '--subdir', '/home/haboubi/Desktop/api/API_weather/dags/update_day_hist.py', '--cfg-path', '/tmp/tmppqlu_4db']
[2023-07-05T09:01:13.682+0100] {standard_task_runner.py:85} INFO - Job 160: Subtask load_updated_data
[2023-07-05T09:01:13.750+0100] {task_command.py:410} INFO - Running <TaskInstance: updated_day_hist_forcast_data.load_updated_data scheduled__2023-07-02T00:00:00+00:00 [running]> on host haboubi-VivoBook-15-ASUS-Laptop-X540UB
[2023-07-05T09:01:13.860+0100] {taskinstance.py:1545} INFO - Exporting env vars: AIRFLOW_CTX_DAG_OWNER='haboubi' AIRFLOW_CTX_DAG_ID='updated_day_hist_forcast_data' AIRFLOW_CTX_TASK_ID='load_updated_data' AIRFLOW_CTX_EXECUTION_DATE='2023-07-02T00:00:00+00:00' AIRFLOW_CTX_TRY_NUMBER='1' AIRFLOW_CTX_DAG_RUN_ID='scheduled__2023-07-02T00:00:00+00:00'
[2023-07-05T09:01:13.867+0100] {logging_mixin.py:149} INFO - debug prb: Paris
[2023-07-05T09:01:13.901+0100] {logging_mixin.py:149} INFO - last_time_updated: 2023-07-04
[2023-07-05T09:01:13.901+0100] {logging_mixin.py:149} INFO - debug prb: London
[2023-07-05T09:01:13.918+0100] {logging_mixin.py:149} INFO - last_time_updated: 2023-07-04
[2023-07-05T09:01:13.918+0100] {logging_mixin.py:149} INFO - debug prb: Barcelona
[2023-07-05T09:01:13.931+0100] {logging_mixin.py:149} INFO - last_time_updated: 2023-07-04
[2023-07-05T09:01:13.931+0100] {logging_mixin.py:149} INFO - debug prb: Rome
[2023-07-05T09:01:13.944+0100] {logging_mixin.py:149} INFO - last_time_updated: 2023-07-04
[2023-07-05T09:01:13.945+0100] {logging_mixin.py:149} INFO - debug prb: New York
[2023-07-05T09:01:13.957+0100] {logging_mixin.py:149} INFO - last_time_updated: 2023-07-04
[2023-07-05T09:01:13.957+0100] {logging_mixin.py:149} INFO - debug prb: Tokyo
[2023-07-05T09:01:13.969+0100] {logging_mixin.py:149} INFO - last_time_updated: 2023-07-04
[2023-07-05T09:01:13.969+0100] {logging_mixin.py:149} INFO - debug prb: Istanbul
[2023-07-05T09:01:13.984+0100] {logging_mixin.py:149} INFO - last_time_updated: 2023-07-04
[2023-07-05T09:01:13.984+0100] {logging_mixin.py:149} INFO - debug prb: Dubai
[2023-07-05T09:01:13.996+0100] {logging_mixin.py:149} INFO - last_time_updated: 2023-07-04
[2023-07-05T09:01:13.997+0100] {logging_mixin.py:149} INFO - debug prb: Sydney
[2023-07-05T09:01:14.010+0100] {logging_mixin.py:149} INFO - last_time_updated: 2023-07-04
[2023-07-05T09:01:14.010+0100] {logging_mixin.py:149} INFO - debug prb: Bangkok
[2023-07-05T09:01:14.024+0100] {logging_mixin.py:149} INFO - last_time_updated: 2023-07-04
[2023-07-05T09:01:14.024+0100] {logging_mixin.py:149} INFO - debug prb: Amsterdam
[2023-07-05T09:01:14.038+0100] {logging_mixin.py:149} INFO - last_time_updated: 2023-07-04
[2023-07-05T09:01:14.039+0100] {logging_mixin.py:149} INFO - debug prb: Rio De Janeiro
[2023-07-05T09:01:14.057+0100] {logging_mixin.py:149} INFO - last_time_updated: 2023-07-04
[2023-07-05T09:01:14.057+0100] {logging_mixin.py:149} INFO - debug prb: Prague
[2023-07-05T09:01:14.071+0100] {logging_mixin.py:149} INFO - last_time_updated: 2023-07-04
[2023-07-05T09:01:14.071+0100] {logging_mixin.py:149} INFO - debug prb: Cape Town
[2023-07-05T09:01:14.083+0100] {logging_mixin.py:149} INFO - last_time_updated: 2023-07-04
[2023-07-05T09:01:14.084+0100] {logging_mixin.py:149} INFO - debug prb: Buenos Aires
[2023-07-05T09:01:14.097+0100] {logging_mixin.py:149} INFO - last_time_updated: 2023-07-04
[2023-07-05T09:01:14.097+0100] {logging_mixin.py:149} INFO - debug prb: Berlin
[2023-07-05T09:01:14.110+0100] {logging_mixin.py:149} INFO - last_time_updated: 2023-07-04
[2023-07-05T09:01:14.111+0100] {logging_mixin.py:149} INFO - debug prb: Singapore
[2023-07-05T09:01:14.125+0100] {logging_mixin.py:149} INFO - last_time_updated: 2023-07-04
[2023-07-05T09:01:14.125+0100] {logging_mixin.py:149} INFO - debug prb: Florence
[2023-07-05T09:01:14.137+0100] {logging_mixin.py:149} INFO - last_time_updated: 2023-07-04
[2023-07-05T09:01:14.138+0100] {logging_mixin.py:149} INFO - debug prb: San Francisco
[2023-07-05T09:01:14.151+0100] {logging_mixin.py:149} INFO - last_time_updated: 2023-07-04
[2023-07-05T09:01:14.151+0100] {logging_mixin.py:149} INFO - debug prb: Marrakech
[2023-07-05T09:01:14.164+0100] {logging_mixin.py:149} INFO - last_time_updated: 2023-07-04
[2023-07-05T09:01:14.170+0100] {python.py:183} INFO - Done. Returned value was: 0
[2023-07-05T09:01:14.203+0100] {taskinstance.py:1345} INFO - Marking task as SUCCESS. dag_id=updated_day_hist_forcast_data, task_id=load_updated_data, execution_date=20230702T000000, start_date=20230705T080113, end_date=20230705T080114
[2023-07-05T09:01:14.253+0100] {local_task_job_runner.py:225} INFO - Task exited with return code 0
[2023-07-05T09:01:14.284+0100] {taskinstance.py:2653} INFO - 2 downstream tasks scheduled from follow-on schedule check
