[2023-07-05T10:41:58.015+0100] {taskinstance.py:1103} INFO - Dependencies all met for dep_context=non-requeueable deps ti=<TaskInstance: update_current_data_10.trigger_location_db scheduled__2023-05-07T13:20:00+00:00 [queued]>
[2023-07-05T10:41:58.023+0100] {taskinstance.py:1103} INFO - Dependencies all met for dep_context=requeueable deps ti=<TaskInstance: update_current_data_10.trigger_location_db scheduled__2023-05-07T13:20:00+00:00 [queued]>
[2023-07-05T10:41:58.023+0100] {taskinstance.py:1308} INFO - Starting attempt 1 of 3
[2023-07-05T10:41:58.033+0100] {taskinstance.py:1327} INFO - Executing <Task(PythonOperator): trigger_location_db> on 2023-05-07 13:20:00+00:00
[2023-07-05T10:41:58.037+0100] {standard_task_runner.py:57} INFO - Started process 52499 to run task
[2023-07-05T10:41:58.040+0100] {standard_task_runner.py:84} INFO - Running: ['***', 'tasks', 'run', 'update_current_data_10', 'trigger_location_db', 'scheduled__2023-05-07T13:20:00+00:00', '--job-id', '423', '--raw', '--subdir', '/home/haboubi/Desktop/api/API_weather/dags/update_current_dags.py', '--cfg-path', '/tmp/tmp7r7hra9k']
[2023-07-05T10:41:58.041+0100] {standard_task_runner.py:85} INFO - Job 423: Subtask trigger_location_db
[2023-07-05T10:41:58.106+0100] {task_command.py:410} INFO - Running <TaskInstance: update_current_data_10.trigger_location_db scheduled__2023-05-07T13:20:00+00:00 [running]> on host haboubi-VivoBook-15-ASUS-Laptop-X540UB
[2023-07-05T10:41:58.199+0100] {taskinstance.py:1545} INFO - Exporting env vars: AIRFLOW_CTX_DAG_OWNER='haboubi' AIRFLOW_CTX_DAG_ID='update_current_data_10' AIRFLOW_CTX_TASK_ID='trigger_location_db' AIRFLOW_CTX_EXECUTION_DATE='2023-05-07T13:20:00+00:00' AIRFLOW_CTX_TRY_NUMBER='1' AIRFLOW_CTX_DAG_RUN_ID='scheduled__2023-05-07T13:20:00+00:00'
[2023-07-05T10:41:58.243+0100] {python.py:183} INFO - Done. Returned value was: None
[2023-07-05T10:41:58.263+0100] {taskinstance.py:1345} INFO - Marking task as SUCCESS. dag_id=update_current_data_10, task_id=trigger_location_db, execution_date=20230507T132000, start_date=20230705T094158, end_date=20230705T094158
[2023-07-05T10:41:58.293+0100] {local_task_job_runner.py:225} INFO - Task exited with return code 0
[2023-07-05T10:41:58.349+0100] {taskinstance.py:2653} INFO - 1 downstream tasks scheduled from follow-on schedule check
[2023-07-05T11:05:20.051+0100] {taskinstance.py:1103} INFO - Dependencies all met for dep_context=non-requeueable deps ti=<TaskInstance: update_current_data_10.trigger_location_db scheduled__2023-05-07T13:20:00+00:00 [queued]>
[2023-07-05T11:05:20.059+0100] {taskinstance.py:1103} INFO - Dependencies all met for dep_context=requeueable deps ti=<TaskInstance: update_current_data_10.trigger_location_db scheduled__2023-05-07T13:20:00+00:00 [queued]>
[2023-07-05T11:05:20.060+0100] {taskinstance.py:1308} INFO - Starting attempt 1 of 3
[2023-07-05T11:05:20.070+0100] {taskinstance.py:1327} INFO - Executing <Task(PythonOperator): trigger_location_db> on 2023-05-07 13:20:00+00:00
[2023-07-05T11:05:20.074+0100] {standard_task_runner.py:57} INFO - Started process 70887 to run task
[2023-07-05T11:05:20.077+0100] {standard_task_runner.py:84} INFO - Running: ['***', 'tasks', 'run', 'update_current_data_10', 'trigger_location_db', 'scheduled__2023-05-07T13:20:00+00:00', '--job-id', '714', '--raw', '--subdir', '/home/haboubi/Desktop/api/API_weather/dags/update_current_dags.py', '--cfg-path', '/tmp/tmpxr69u6sx']
[2023-07-05T11:05:20.078+0100] {standard_task_runner.py:85} INFO - Job 714: Subtask trigger_location_db
[2023-07-05T11:05:20.141+0100] {task_command.py:410} INFO - Running <TaskInstance: update_current_data_10.trigger_location_db scheduled__2023-05-07T13:20:00+00:00 [running]> on host haboubi-VivoBook-15-ASUS-Laptop-X540UB
[2023-07-05T11:05:20.232+0100] {taskinstance.py:1545} INFO - Exporting env vars: AIRFLOW_CTX_DAG_OWNER='haboubi' AIRFLOW_CTX_DAG_ID='update_current_data_10' AIRFLOW_CTX_TASK_ID='trigger_location_db' AIRFLOW_CTX_EXECUTION_DATE='2023-05-07T13:20:00+00:00' AIRFLOW_CTX_TRY_NUMBER='1' AIRFLOW_CTX_DAG_RUN_ID='scheduled__2023-05-07T13:20:00+00:00'
[2023-07-05T11:05:20.271+0100] {python.py:183} INFO - Done. Returned value was: None
[2023-07-05T11:05:20.285+0100] {taskinstance.py:1345} INFO - Marking task as SUCCESS. dag_id=update_current_data_10, task_id=trigger_location_db, execution_date=20230507T132000, start_date=20230705T100520, end_date=20230705T100520
[2023-07-05T11:05:20.328+0100] {local_task_job_runner.py:225} INFO - Task exited with return code 0
[2023-07-05T11:05:20.367+0100] {taskinstance.py:2653} INFO - 1 downstream tasks scheduled from follow-on schedule check
