[2023-07-05T10:43:40.690+0100] {taskinstance.py:1103} INFO - Dependencies all met for dep_context=non-requeueable deps ti=<TaskInstance: update_current_data_10.trigger_location_db scheduled__2023-05-07T15:20:00+00:00 [queued]>
[2023-07-05T10:43:40.698+0100] {taskinstance.py:1103} INFO - Dependencies all met for dep_context=requeueable deps ti=<TaskInstance: update_current_data_10.trigger_location_db scheduled__2023-05-07T15:20:00+00:00 [queued]>
[2023-07-05T10:43:40.698+0100] {taskinstance.py:1308} INFO - Starting attempt 1 of 3
[2023-07-05T10:43:40.708+0100] {taskinstance.py:1327} INFO - Executing <Task(PythonOperator): trigger_location_db> on 2023-05-07 15:20:00+00:00
[2023-07-05T10:43:40.712+0100] {standard_task_runner.py:57} INFO - Started process 54110 to run task
[2023-07-05T10:43:40.715+0100] {standard_task_runner.py:84} INFO - Running: ['***', 'tasks', 'run', 'update_current_data_10', 'trigger_location_db', 'scheduled__2023-05-07T15:20:00+00:00', '--job-id', '454', '--raw', '--subdir', '/home/haboubi/Desktop/api/API_weather/dags/update_current_dags.py', '--cfg-path', '/tmp/tmpb_paoxif']
[2023-07-05T10:43:40.717+0100] {standard_task_runner.py:85} INFO - Job 454: Subtask trigger_location_db
[2023-07-05T10:43:40.780+0100] {task_command.py:410} INFO - Running <TaskInstance: update_current_data_10.trigger_location_db scheduled__2023-05-07T15:20:00+00:00 [running]> on host haboubi-VivoBook-15-ASUS-Laptop-X540UB
[2023-07-05T10:43:40.879+0100] {taskinstance.py:1545} INFO - Exporting env vars: AIRFLOW_CTX_DAG_OWNER='haboubi' AIRFLOW_CTX_DAG_ID='update_current_data_10' AIRFLOW_CTX_TASK_ID='trigger_location_db' AIRFLOW_CTX_EXECUTION_DATE='2023-05-07T15:20:00+00:00' AIRFLOW_CTX_TRY_NUMBER='1' AIRFLOW_CTX_DAG_RUN_ID='scheduled__2023-05-07T15:20:00+00:00'
[2023-07-05T10:43:40.919+0100] {python.py:183} INFO - Done. Returned value was: None
[2023-07-05T10:43:40.934+0100] {taskinstance.py:1345} INFO - Marking task as SUCCESS. dag_id=update_current_data_10, task_id=trigger_location_db, execution_date=20230507T152000, start_date=20230705T094340, end_date=20230705T094340
[2023-07-05T10:43:40.967+0100] {local_task_job_runner.py:225} INFO - Task exited with return code 0
[2023-07-05T10:43:41.000+0100] {taskinstance.py:2653} INFO - 1 downstream tasks scheduled from follow-on schedule check
[2023-07-05T11:08:25.161+0100] {taskinstance.py:1103} INFO - Dependencies all met for dep_context=non-requeueable deps ti=<TaskInstance: update_current_data_10.trigger_location_db scheduled__2023-05-07T15:20:00+00:00 [queued]>
[2023-07-05T11:08:25.170+0100] {taskinstance.py:1103} INFO - Dependencies all met for dep_context=requeueable deps ti=<TaskInstance: update_current_data_10.trigger_location_db scheduled__2023-05-07T15:20:00+00:00 [queued]>
[2023-07-05T11:08:25.171+0100] {taskinstance.py:1308} INFO - Starting attempt 1 of 3
[2023-07-05T11:08:25.181+0100] {taskinstance.py:1327} INFO - Executing <Task(PythonOperator): trigger_location_db> on 2023-05-07 15:20:00+00:00
[2023-07-05T11:08:25.185+0100] {standard_task_runner.py:57} INFO - Started process 74887 to run task
[2023-07-05T11:08:25.188+0100] {standard_task_runner.py:84} INFO - Running: ['***', 'tasks', 'run', 'update_current_data_10', 'trigger_location_db', 'scheduled__2023-05-07T15:20:00+00:00', '--job-id', '766', '--raw', '--subdir', '/home/haboubi/Desktop/api/API_weather/dags/update_current_dags.py', '--cfg-path', '/tmp/tmpfggscsba']
[2023-07-05T11:08:25.190+0100] {standard_task_runner.py:85} INFO - Job 766: Subtask trigger_location_db
[2023-07-05T11:08:25.259+0100] {task_command.py:410} INFO - Running <TaskInstance: update_current_data_10.trigger_location_db scheduled__2023-05-07T15:20:00+00:00 [running]> on host haboubi-VivoBook-15-ASUS-Laptop-X540UB
[2023-07-05T11:08:25.366+0100] {taskinstance.py:1545} INFO - Exporting env vars: AIRFLOW_CTX_DAG_OWNER='haboubi' AIRFLOW_CTX_DAG_ID='update_current_data_10' AIRFLOW_CTX_TASK_ID='trigger_location_db' AIRFLOW_CTX_EXECUTION_DATE='2023-05-07T15:20:00+00:00' AIRFLOW_CTX_TRY_NUMBER='1' AIRFLOW_CTX_DAG_RUN_ID='scheduled__2023-05-07T15:20:00+00:00'
[2023-07-05T11:08:25.414+0100] {python.py:183} INFO - Done. Returned value was: None
[2023-07-05T11:08:25.434+0100] {taskinstance.py:1345} INFO - Marking task as SUCCESS. dag_id=update_current_data_10, task_id=trigger_location_db, execution_date=20230507T152000, start_date=20230705T100825, end_date=20230705T100825
[2023-07-05T11:08:25.480+0100] {local_task_job_runner.py:225} INFO - Task exited with return code 0
[2023-07-05T11:08:25.522+0100] {taskinstance.py:2653} INFO - 1 downstream tasks scheduled from follow-on schedule check
