[2023-07-02T09:57:58.969+0100] {taskinstance.py:1103} INFO - Dependencies all met for dep_context=non-requeueable deps ti=<TaskInstance: init_db.load_data manual__2023-07-02T08:55:47.913207+00:00 [queued]>
[2023-07-02T09:57:58.977+0100] {taskinstance.py:1103} INFO - Dependencies all met for dep_context=requeueable deps ti=<TaskInstance: init_db.load_data manual__2023-07-02T08:55:47.913207+00:00 [queued]>
[2023-07-02T09:57:58.978+0100] {taskinstance.py:1308} INFO - Starting attempt 1 of 1
[2023-07-02T09:57:58.991+0100] {taskinstance.py:1327} INFO - Executing <Task(PythonOperator): load_data> on 2023-07-02 08:55:47.913207+00:00
[2023-07-02T09:57:58.995+0100] {standard_task_runner.py:57} INFO - Started process 23758 to run task
[2023-07-02T09:57:59.001+0100] {standard_task_runner.py:84} INFO - Running: ['***', 'tasks', 'run', 'init_db', 'load_data', 'manual__2023-07-02T08:55:47.913207+00:00', '--job-id', '24', '--raw', '--subdir', '/home/haboubi/Desktop/api/API_weather/dags/init_db.py', '--cfg-path', '/tmp/tmphuk1p5vs']
[2023-07-02T09:57:59.002+0100] {standard_task_runner.py:85} INFO - Job 24: Subtask load_data
[2023-07-02T09:57:59.070+0100] {task_command.py:410} INFO - Running <TaskInstance: init_db.load_data manual__2023-07-02T08:55:47.913207+00:00 [running]> on host haboubi-VivoBook-15-ASUS-Laptop-X540UB
[2023-07-02T09:57:59.185+0100] {taskinstance.py:1545} INFO - Exporting env vars: AIRFLOW_CTX_DAG_OWNER='***' AIRFLOW_CTX_DAG_ID='init_db' AIRFLOW_CTX_TASK_ID='load_data' AIRFLOW_CTX_EXECUTION_DATE='2023-07-02T08:55:47.913207+00:00' AIRFLOW_CTX_TRY_NUMBER='1' AIRFLOW_CTX_DAG_RUN_ID='manual__2023-07-02T08:55:47.913207+00:00'
[2023-07-02T09:57:59.244+0100] {logging_mixin.py:149} INFO - <class 'numpy.float64'>
[2023-07-02T09:57:59.271+0100] {logging_mixin.py:149} INFO - <class 'numpy.float64'>
[2023-07-02T09:57:59.294+0100] {logging_mixin.py:149} INFO - <class 'numpy.float64'>
[2023-07-02T09:57:59.318+0100] {logging_mixin.py:149} INFO - <class 'numpy.float64'>
[2023-07-02T09:57:59.341+0100] {logging_mixin.py:149} INFO - <class 'numpy.float64'>
[2023-07-02T09:57:59.364+0100] {logging_mixin.py:149} INFO - <class 'numpy.float64'>
[2023-07-02T09:57:59.388+0100] {logging_mixin.py:149} INFO - <class 'numpy.float64'>
[2023-07-02T09:57:59.409+0100] {logging_mixin.py:149} INFO - <class 'numpy.float64'>
[2023-07-02T09:57:59.436+0100] {logging_mixin.py:149} INFO - <class 'numpy.float64'>
[2023-07-02T09:57:59.457+0100] {logging_mixin.py:149} INFO - <class 'numpy.float64'>
[2023-07-02T09:57:59.481+0100] {logging_mixin.py:149} INFO - <class 'numpy.float64'>
[2023-07-02T09:57:59.502+0100] {logging_mixin.py:149} INFO - <class 'numpy.float64'>
[2023-07-02T09:57:59.525+0100] {logging_mixin.py:149} INFO - <class 'numpy.float64'>
[2023-07-02T09:57:59.549+0100] {logging_mixin.py:149} INFO - <class 'numpy.float64'>
[2023-07-02T09:57:59.570+0100] {logging_mixin.py:149} INFO - <class 'numpy.float64'>
[2023-07-02T09:57:59.590+0100] {logging_mixin.py:149} INFO - <class 'numpy.float64'>
[2023-07-02T09:57:59.611+0100] {logging_mixin.py:149} INFO - <class 'numpy.float64'>
[2023-07-02T09:57:59.632+0100] {logging_mixin.py:149} INFO - <class 'numpy.float64'>
[2023-07-02T09:57:59.654+0100] {logging_mixin.py:149} INFO - <class 'numpy.float64'>
[2023-07-02T09:57:59.675+0100] {logging_mixin.py:149} INFO - <class 'numpy.float64'>
[2023-07-02T09:58:00.125+0100] {python.py:183} INFO - Done. Returned value was: None
[2023-07-02T09:58:00.142+0100] {taskinstance.py:1345} INFO - Marking task as SUCCESS. dag_id=init_db, task_id=load_data, execution_date=20230702T085547, start_date=20230702T085758, end_date=20230702T085800
[2023-07-02T09:58:00.174+0100] {local_task_job_runner.py:225} INFO - Task exited with return code 0
[2023-07-02T09:58:00.205+0100] {taskinstance.py:2653} INFO - 1 downstream tasks scheduled from follow-on schedule check
