[2023-07-05T10:42:44.906+0100] {taskinstance.py:1103} INFO - Dependencies all met for dep_context=non-requeueable deps ti=<TaskInstance: update_current_data_10.trigger_location_db scheduled__2023-05-07T14:00:00+00:00 [queued]>
[2023-07-05T10:42:44.913+0100] {taskinstance.py:1103} INFO - Dependencies all met for dep_context=requeueable deps ti=<TaskInstance: update_current_data_10.trigger_location_db scheduled__2023-05-07T14:00:00+00:00 [queued]>
[2023-07-05T10:42:44.914+0100] {taskinstance.py:1308} INFO - Starting attempt 1 of 3
[2023-07-05T10:42:44.924+0100] {taskinstance.py:1327} INFO - Executing <Task(PythonOperator): trigger_location_db> on 2023-05-07 14:00:00+00:00
[2023-07-05T10:42:44.927+0100] {standard_task_runner.py:57} INFO - Started process 53305 to run task
[2023-07-05T10:42:44.930+0100] {standard_task_runner.py:84} INFO - Running: ['***', 'tasks', 'run', 'update_current_data_10', 'trigger_location_db', 'scheduled__2023-05-07T14:00:00+00:00', '--job-id', '436', '--raw', '--subdir', '/home/haboubi/Desktop/api/API_weather/dags/update_current_dags.py', '--cfg-path', '/tmp/tmpwtpz3unw']
[2023-07-05T10:42:44.932+0100] {standard_task_runner.py:85} INFO - Job 436: Subtask trigger_location_db
[2023-07-05T10:42:44.995+0100] {task_command.py:410} INFO - Running <TaskInstance: update_current_data_10.trigger_location_db scheduled__2023-05-07T14:00:00+00:00 [running]> on host haboubi-VivoBook-15-ASUS-Laptop-X540UB
[2023-07-05T10:42:45.088+0100] {taskinstance.py:1545} INFO - Exporting env vars: AIRFLOW_CTX_DAG_OWNER='haboubi' AIRFLOW_CTX_DAG_ID='update_current_data_10' AIRFLOW_CTX_TASK_ID='trigger_location_db' AIRFLOW_CTX_EXECUTION_DATE='2023-05-07T14:00:00+00:00' AIRFLOW_CTX_TRY_NUMBER='1' AIRFLOW_CTX_DAG_RUN_ID='scheduled__2023-05-07T14:00:00+00:00'
[2023-07-05T10:42:45.127+0100] {python.py:183} INFO - Done. Returned value was: None
[2023-07-05T10:42:45.143+0100] {taskinstance.py:1345} INFO - Marking task as SUCCESS. dag_id=update_current_data_10, task_id=trigger_location_db, execution_date=20230507T140000, start_date=20230705T094244, end_date=20230705T094245
[2023-07-05T10:42:45.182+0100] {local_task_job_runner.py:225} INFO - Task exited with return code 0
[2023-07-05T10:42:45.219+0100] {taskinstance.py:2653} INFO - 1 downstream tasks scheduled from follow-on schedule check
[2023-07-05T11:07:23.961+0100] {taskinstance.py:1103} INFO - Dependencies all met for dep_context=non-requeueable deps ti=<TaskInstance: update_current_data_10.trigger_location_db scheduled__2023-05-07T14:00:00+00:00 [queued]>
[2023-07-05T11:07:23.970+0100] {taskinstance.py:1103} INFO - Dependencies all met for dep_context=requeueable deps ti=<TaskInstance: update_current_data_10.trigger_location_db scheduled__2023-05-07T14:00:00+00:00 [queued]>
[2023-07-05T11:07:23.970+0100] {taskinstance.py:1308} INFO - Starting attempt 1 of 3
[2023-07-05T11:07:23.980+0100] {taskinstance.py:1327} INFO - Executing <Task(PythonOperator): trigger_location_db> on 2023-05-07 14:00:00+00:00
[2023-07-05T11:07:23.984+0100] {standard_task_runner.py:57} INFO - Started process 73237 to run task
[2023-07-05T11:07:23.987+0100] {standard_task_runner.py:84} INFO - Running: ['***', 'tasks', 'run', 'update_current_data_10', 'trigger_location_db', 'scheduled__2023-05-07T14:00:00+00:00', '--job-id', '751', '--raw', '--subdir', '/home/haboubi/Desktop/api/API_weather/dags/update_current_dags.py', '--cfg-path', '/tmp/tmpnoecitve']
[2023-07-05T11:07:23.988+0100] {standard_task_runner.py:85} INFO - Job 751: Subtask trigger_location_db
[2023-07-05T11:07:24.050+0100] {task_command.py:410} INFO - Running <TaskInstance: update_current_data_10.trigger_location_db scheduled__2023-05-07T14:00:00+00:00 [running]> on host haboubi-VivoBook-15-ASUS-Laptop-X540UB
[2023-07-05T11:07:24.142+0100] {taskinstance.py:1545} INFO - Exporting env vars: AIRFLOW_CTX_DAG_OWNER='haboubi' AIRFLOW_CTX_DAG_ID='update_current_data_10' AIRFLOW_CTX_TASK_ID='trigger_location_db' AIRFLOW_CTX_EXECUTION_DATE='2023-05-07T14:00:00+00:00' AIRFLOW_CTX_TRY_NUMBER='1' AIRFLOW_CTX_DAG_RUN_ID='scheduled__2023-05-07T14:00:00+00:00'
[2023-07-05T11:07:24.181+0100] {python.py:183} INFO - Done. Returned value was: None
[2023-07-05T11:07:24.196+0100] {taskinstance.py:1345} INFO - Marking task as SUCCESS. dag_id=update_current_data_10, task_id=trigger_location_db, execution_date=20230507T140000, start_date=20230705T100723, end_date=20230705T100724
[2023-07-05T11:07:24.239+0100] {local_task_job_runner.py:225} INFO - Task exited with return code 0
[2023-07-05T11:07:24.279+0100] {taskinstance.py:2653} INFO - 1 downstream tasks scheduled from follow-on schedule check
