[2023-07-05T10:31:49.785+0100] {taskinstance.py:1103} INFO - Dependencies all met for dep_context=non-requeueable deps ti=<TaskInstance: update_current_data_10.extract_current_data scheduled__2023-05-07T03:00:00+00:00 [queued]>
[2023-07-05T10:31:49.794+0100] {taskinstance.py:1103} INFO - Dependencies all met for dep_context=requeueable deps ti=<TaskInstance: update_current_data_10.extract_current_data scheduled__2023-05-07T03:00:00+00:00 [queued]>
[2023-07-05T10:31:49.795+0100] {taskinstance.py:1308} INFO - Starting attempt 1 of 3
[2023-07-05T10:31:49.811+0100] {taskinstance.py:1327} INFO - Executing <Task(PythonOperator): extract_current_data> on 2023-05-07 03:00:00+00:00
[2023-07-05T10:31:49.816+0100] {standard_task_runner.py:57} INFO - Started process 42463 to run task
[2023-07-05T10:31:49.819+0100] {standard_task_runner.py:84} INFO - Running: ['***', 'tasks', 'run', 'update_current_data_10', 'extract_current_data', 'scheduled__2023-05-07T03:00:00+00:00', '--job-id', '249', '--raw', '--subdir', '/home/haboubi/Desktop/api/API_weather/dags/update_current_dags.py', '--cfg-path', '/tmp/tmp2zflfbz_']
[2023-07-05T10:31:49.821+0100] {standard_task_runner.py:85} INFO - Job 249: Subtask extract_current_data
[2023-07-05T10:31:49.891+0100] {task_command.py:410} INFO - Running <TaskInstance: update_current_data_10.extract_current_data scheduled__2023-05-07T03:00:00+00:00 [running]> on host haboubi-VivoBook-15-ASUS-Laptop-X540UB
[2023-07-05T10:31:49.995+0100] {taskinstance.py:1545} INFO - Exporting env vars: AIRFLOW_CTX_DAG_OWNER='haboubi' AIRFLOW_CTX_DAG_ID='update_current_data_10' AIRFLOW_CTX_TASK_ID='extract_current_data' AIRFLOW_CTX_EXECUTION_DATE='2023-05-07T03:00:00+00:00' AIRFLOW_CTX_TRY_NUMBER='1' AIRFLOW_CTX_DAG_RUN_ID='scheduled__2023-05-07T03:00:00+00:00'
[2023-07-05T10:31:54.827+0100] {python.py:183} INFO - Done. Returned value was: None
[2023-07-05T10:31:54.869+0100] {taskinstance.py:1345} INFO - Marking task as SUCCESS. dag_id=update_current_data_10, task_id=extract_current_data, execution_date=20230507T030000, start_date=20230705T093149, end_date=20230705T093154
[2023-07-05T10:31:54.891+0100] {local_task_job_runner.py:225} INFO - Task exited with return code 0
[2023-07-05T10:31:54.921+0100] {taskinstance.py:2653} INFO - 1 downstream tasks scheduled from follow-on schedule check
[2023-07-05T10:52:37.502+0100] {taskinstance.py:1103} INFO - Dependencies all met for dep_context=non-requeueable deps ti=<TaskInstance: update_current_data_10.extract_current_data scheduled__2023-05-07T03:00:00+00:00 [queued]>
[2023-07-05T10:52:37.515+0100] {taskinstance.py:1103} INFO - Dependencies all met for dep_context=requeueable deps ti=<TaskInstance: update_current_data_10.extract_current_data scheduled__2023-05-07T03:00:00+00:00 [queued]>
[2023-07-05T10:52:37.515+0100] {taskinstance.py:1308} INFO - Starting attempt 1 of 3
[2023-07-05T10:52:37.527+0100] {taskinstance.py:1327} INFO - Executing <Task(PythonOperator): extract_current_data> on 2023-05-07 03:00:00+00:00
[2023-07-05T10:52:37.532+0100] {standard_task_runner.py:57} INFO - Started process 60991 to run task
[2023-07-05T10:52:37.535+0100] {standard_task_runner.py:84} INFO - Running: ['***', 'tasks', 'run', 'update_current_data_10', 'extract_current_data', 'scheduled__2023-05-07T03:00:00+00:00', '--job-id', '568', '--raw', '--subdir', '/home/haboubi/Desktop/api/API_weather/dags/update_current_dags.py', '--cfg-path', '/tmp/tmp3qc2zgwp']
[2023-07-05T10:52:37.537+0100] {standard_task_runner.py:85} INFO - Job 568: Subtask extract_current_data
[2023-07-05T10:52:37.610+0100] {task_command.py:410} INFO - Running <TaskInstance: update_current_data_10.extract_current_data scheduled__2023-05-07T03:00:00+00:00 [running]> on host haboubi-VivoBook-15-ASUS-Laptop-X540UB
[2023-07-05T10:52:37.716+0100] {taskinstance.py:1545} INFO - Exporting env vars: AIRFLOW_CTX_DAG_OWNER='haboubi' AIRFLOW_CTX_DAG_ID='update_current_data_10' AIRFLOW_CTX_TASK_ID='extract_current_data' AIRFLOW_CTX_EXECUTION_DATE='2023-05-07T03:00:00+00:00' AIRFLOW_CTX_TRY_NUMBER='1' AIRFLOW_CTX_DAG_RUN_ID='scheduled__2023-05-07T03:00:00+00:00'
[2023-07-05T10:52:41.484+0100] {python.py:183} INFO - Done. Returned value was: None
[2023-07-05T10:52:41.505+0100] {taskinstance.py:1345} INFO - Marking task as SUCCESS. dag_id=update_current_data_10, task_id=extract_current_data, execution_date=20230507T030000, start_date=20230705T095237, end_date=20230705T095241
[2023-07-05T10:52:41.561+0100] {local_task_job_runner.py:225} INFO - Task exited with return code 0
[2023-07-05T10:52:41.596+0100] {taskinstance.py:2653} INFO - 1 downstream tasks scheduled from follow-on schedule check
