[2023-06-30T04:18:48.016+0100] {taskinstance.py:1103} INFO - Dependencies all met for dep_context=non-requeueable deps ti=<TaskInstance: using_taskflow_v2.get_name scheduled__0029-07-05T00:00:00+00:00 [queued]>
[2023-06-30T04:18:48.024+0100] {taskinstance.py:1103} INFO - Dependencies all met for dep_context=requeueable deps ti=<TaskInstance: using_taskflow_v2.get_name scheduled__0029-07-05T00:00:00+00:00 [queued]>
[2023-06-30T04:18:48.025+0100] {taskinstance.py:1308} INFO - Starting attempt 1 of 6
[2023-06-30T04:18:48.040+0100] {taskinstance.py:1327} INFO - Executing <Task(_PythonDecoratedOperator): get_name> on 0029-07-05 00:00:00+00:00
[2023-06-30T04:18:48.044+0100] {standard_task_runner.py:57} INFO - Started process 29645 to run task
[2023-06-30T04:18:48.048+0100] {standard_task_runner.py:84} INFO - Running: ['airflow', 'tasks', 'run', 'using_taskflow_v2', 'get_name', 'scheduled__0029-07-05T00:00:00+00:00', '--job-id', '183', '--raw', '--subdir', '/home/haboubi/Desktop/api/API_weather/dags/dag_create_py_api_taskflow.py', '--cfg-path', '/tmp/tmpmv05cthq']
[2023-06-30T04:18:48.049+0100] {standard_task_runner.py:85} INFO - Job 183: Subtask get_name
[2023-06-30T04:18:48.083+0100] {task_command.py:410} INFO - Running <TaskInstance: using_taskflow_v2.get_name scheduled__0029-07-05T00:00:00+00:00 [running]> on host haboubi-VivoBook-15-ASUS-Laptop-X540UB
[2023-06-30T04:18:48.131+0100] {taskinstance.py:1545} INFO - Exporting env vars: AIRFLOW_CTX_DAG_OWNER='haboubi' AIRFLOW_CTX_DAG_ID='using_taskflow_v2' AIRFLOW_CTX_TASK_ID='get_name' AIRFLOW_CTX_EXECUTION_DATE='0029-07-05T00:00:00+00:00' AIRFLOW_CTX_TRY_NUMBER='1' AIRFLOW_CTX_DAG_RUN_ID='scheduled__0029-07-05T00:00:00+00:00'
[2023-06-30T04:18:48.133+0100] {python.py:183} INFO - Done. Returned value was: {'first_name': 'fadi', 'last_name': 'haboubi'}
[2023-06-30T04:18:48.144+0100] {taskinstance.py:1345} INFO - Marking task as SUCCESS. dag_id=using_taskflow_v2, task_id=get_name, execution_date=290705T000000, start_date=20230630T031848, end_date=20230630T031848
[2023-06-30T04:18:48.179+0100] {local_task_job_runner.py:225} INFO - Task exited with return code 0
[2023-06-30T04:18:48.195+0100] {taskinstance.py:2653} INFO - 0 downstream tasks scheduled from follow-on schedule check
[2023-06-30T04:21:04.821+0100] {taskinstance.py:1103} INFO - Dependencies all met for dep_context=non-requeueable deps ti=<TaskInstance: using_taskflow_v2.get_name scheduled__0029-07-05T00:00:00+00:00 [queued]>
[2023-06-30T04:21:04.831+0100] {taskinstance.py:1103} INFO - Dependencies all met for dep_context=requeueable deps ti=<TaskInstance: using_taskflow_v2.get_name scheduled__0029-07-05T00:00:00+00:00 [queued]>
[2023-06-30T04:21:04.831+0100] {taskinstance.py:1308} INFO - Starting attempt 1 of 6
[2023-06-30T04:21:04.851+0100] {taskinstance.py:1327} INFO - Executing <Task(_PythonDecoratedOperator): get_name> on 0029-07-05 00:00:00+00:00
[2023-06-30T04:21:04.854+0100] {standard_task_runner.py:57} INFO - Started process 31282 to run task
[2023-06-30T04:21:04.858+0100] {standard_task_runner.py:84} INFO - Running: ['airflow', 'tasks', 'run', 'using_taskflow_v2', 'get_name', 'scheduled__0029-07-05T00:00:00+00:00', '--job-id', '183', '--raw', '--subdir', '/home/haboubi/Desktop/api/API_weather/dags/dag_create_py_api_taskflow.py', '--cfg-path', '/tmp/tmpm3fseott']
[2023-06-30T04:21:04.859+0100] {standard_task_runner.py:85} INFO - Job 183: Subtask get_name
[2023-06-30T04:21:04.901+0100] {task_command.py:410} INFO - Running <TaskInstance: using_taskflow_v2.get_name scheduled__0029-07-05T00:00:00+00:00 [running]> on host haboubi-VivoBook-15-ASUS-Laptop-X540UB
[2023-06-30T04:21:04.976+0100] {taskinstance.py:1545} INFO - Exporting env vars: AIRFLOW_CTX_DAG_OWNER='haboubi' AIRFLOW_CTX_DAG_ID='using_taskflow_v2' AIRFLOW_CTX_TASK_ID='get_name' AIRFLOW_CTX_EXECUTION_DATE='0029-07-05T00:00:00+00:00' AIRFLOW_CTX_TRY_NUMBER='1' AIRFLOW_CTX_DAG_RUN_ID='scheduled__0029-07-05T00:00:00+00:00'
[2023-06-30T04:21:04.977+0100] {python.py:183} INFO - Done. Returned value was: {'first_name': 'fadi', 'last_name': 'haboubi'}
[2023-06-30T04:21:05.005+0100] {taskinstance.py:1345} INFO - Marking task as SUCCESS. dag_id=using_taskflow_v2, task_id=get_name, execution_date=290705T000000, start_date=20230630T032104, end_date=20230630T032105
[2023-06-30T04:21:05.029+0100] {local_task_job_runner.py:225} INFO - Task exited with return code 0
[2023-06-30T04:21:05.049+0100] {taskinstance.py:2653} INFO - 0 downstream tasks scheduled from follow-on schedule check
