[2023-06-30T04:19:29.908+0100] {taskinstance.py:1103} INFO - Dependencies all met for dep_context=non-requeueable deps ti=<TaskInstance: using_taskflow_v2.get_name scheduled__0029-07-11T00:00:00+00:00 [queued]>
[2023-06-30T04:19:29.916+0100] {taskinstance.py:1103} INFO - Dependencies all met for dep_context=requeueable deps ti=<TaskInstance: using_taskflow_v2.get_name scheduled__0029-07-11T00:00:00+00:00 [queued]>
[2023-06-30T04:19:29.916+0100] {taskinstance.py:1308} INFO - Starting attempt 1 of 6
[2023-06-30T04:19:29.928+0100] {taskinstance.py:1327} INFO - Executing <Task(_PythonDecoratedOperator): get_name> on 0029-07-11 00:00:00+00:00
[2023-06-30T04:19:29.932+0100] {standard_task_runner.py:57} INFO - Started process 30036 to run task
[2023-06-30T04:19:29.935+0100] {standard_task_runner.py:84} INFO - Running: ['airflow', 'tasks', 'run', 'using_taskflow_v2', 'get_name', 'scheduled__0029-07-11T00:00:00+00:00', '--job-id', '201', '--raw', '--subdir', '/home/haboubi/Desktop/api/API_weather/dags/dag_create_py_api_taskflow.py', '--cfg-path', '/tmp/tmpnda__4nm']
[2023-06-30T04:19:29.937+0100] {standard_task_runner.py:85} INFO - Job 201: Subtask get_name
[2023-06-30T04:19:29.974+0100] {task_command.py:410} INFO - Running <TaskInstance: using_taskflow_v2.get_name scheduled__0029-07-11T00:00:00+00:00 [running]> on host haboubi-VivoBook-15-ASUS-Laptop-X540UB
[2023-06-30T04:19:30.035+0100] {taskinstance.py:1545} INFO - Exporting env vars: AIRFLOW_CTX_DAG_OWNER='haboubi' AIRFLOW_CTX_DAG_ID='using_taskflow_v2' AIRFLOW_CTX_TASK_ID='get_name' AIRFLOW_CTX_EXECUTION_DATE='0029-07-11T00:00:00+00:00' AIRFLOW_CTX_TRY_NUMBER='1' AIRFLOW_CTX_DAG_RUN_ID='scheduled__0029-07-11T00:00:00+00:00'
[2023-06-30T04:19:30.036+0100] {python.py:183} INFO - Done. Returned value was: {'first_name': 'fadi', 'last_name': 'haboubi'}
[2023-06-30T04:19:30.067+0100] {taskinstance.py:1345} INFO - Marking task as SUCCESS. dag_id=using_taskflow_v2, task_id=get_name, execution_date=290711T000000, start_date=20230630T031929, end_date=20230630T031930
[2023-06-30T04:19:30.107+0100] {local_task_job_runner.py:225} INFO - Task exited with return code 0
[2023-06-30T04:19:30.136+0100] {taskinstance.py:2653} INFO - 0 downstream tasks scheduled from follow-on schedule check
[2023-06-30T04:21:40.106+0100] {taskinstance.py:1103} INFO - Dependencies all met for dep_context=non-requeueable deps ti=<TaskInstance: using_taskflow_v2.get_name scheduled__0029-07-11T00:00:00+00:00 [queued]>
[2023-06-30T04:21:40.112+0100] {taskinstance.py:1103} INFO - Dependencies all met for dep_context=requeueable deps ti=<TaskInstance: using_taskflow_v2.get_name scheduled__0029-07-11T00:00:00+00:00 [queued]>
[2023-06-30T04:21:40.112+0100] {taskinstance.py:1308} INFO - Starting attempt 1 of 6
[2023-06-30T04:21:40.125+0100] {taskinstance.py:1327} INFO - Executing <Task(_PythonDecoratedOperator): get_name> on 0029-07-11 00:00:00+00:00
[2023-06-30T04:21:40.128+0100] {standard_task_runner.py:57} INFO - Started process 31565 to run task
[2023-06-30T04:21:40.131+0100] {standard_task_runner.py:84} INFO - Running: ['airflow', 'tasks', 'run', 'using_taskflow_v2', 'get_name', 'scheduled__0029-07-11T00:00:00+00:00', '--job-id', '202', '--raw', '--subdir', '/home/haboubi/Desktop/api/API_weather/dags/dag_create_py_api_taskflow.py', '--cfg-path', '/tmp/tmpww867uvp']
[2023-06-30T04:21:40.132+0100] {standard_task_runner.py:85} INFO - Job 202: Subtask get_name
[2023-06-30T04:21:40.159+0100] {task_command.py:410} INFO - Running <TaskInstance: using_taskflow_v2.get_name scheduled__0029-07-11T00:00:00+00:00 [running]> on host haboubi-VivoBook-15-ASUS-Laptop-X540UB
[2023-06-30T04:21:40.206+0100] {taskinstance.py:1545} INFO - Exporting env vars: AIRFLOW_CTX_DAG_OWNER='haboubi' AIRFLOW_CTX_DAG_ID='using_taskflow_v2' AIRFLOW_CTX_TASK_ID='get_name' AIRFLOW_CTX_EXECUTION_DATE='0029-07-11T00:00:00+00:00' AIRFLOW_CTX_TRY_NUMBER='1' AIRFLOW_CTX_DAG_RUN_ID='scheduled__0029-07-11T00:00:00+00:00'
[2023-06-30T04:21:40.207+0100] {python.py:183} INFO - Done. Returned value was: {'first_name': 'fadi', 'last_name': 'haboubi'}
[2023-06-30T04:21:40.228+0100] {taskinstance.py:1345} INFO - Marking task as SUCCESS. dag_id=using_taskflow_v2, task_id=get_name, execution_date=290711T000000, start_date=20230630T032140, end_date=20230630T032140
[2023-06-30T04:21:40.262+0100] {local_task_job_runner.py:225} INFO - Task exited with return code 0
[2023-06-30T04:21:40.283+0100] {taskinstance.py:2653} INFO - 0 downstream tasks scheduled from follow-on schedule check
