[2023-07-03T18:46:14.281+0100] {taskinstance.py:1103} INFO - Dependencies all met for dep_context=non-requeueable deps ti=<TaskInstance: updated_day_hist_forcast_data.load_updated_data scheduled__2023-07-01T00:00:00+00:00 [queued]>
[2023-07-03T18:46:14.290+0100] {taskinstance.py:1103} INFO - Dependencies all met for dep_context=requeueable deps ti=<TaskInstance: updated_day_hist_forcast_data.load_updated_data scheduled__2023-07-01T00:00:00+00:00 [queued]>
[2023-07-03T18:46:14.290+0100] {taskinstance.py:1308} INFO - Starting attempt 1 of 3
[2023-07-03T18:46:14.302+0100] {taskinstance.py:1327} INFO - Executing <Task(PythonOperator): load_updated_data> on 2023-07-01 00:00:00+00:00
[2023-07-03T18:46:14.307+0100] {standard_task_runner.py:57} INFO - Started process 55683 to run task
[2023-07-03T18:46:14.312+0100] {standard_task_runner.py:84} INFO - Running: ['***', 'tasks', 'run', 'updated_day_hist_forcast_data', 'load_updated_data', 'scheduled__2023-07-01T00:00:00+00:00', '--job-id', '125', '--raw', '--subdir', '/home/haboubi/Desktop/api/API_weather/dags/update_day_hist.py', '--cfg-path', '/tmp/tmp7nm9o1t2']
[2023-07-03T18:46:14.314+0100] {standard_task_runner.py:85} INFO - Job 125: Subtask load_updated_data
[2023-07-03T18:46:14.391+0100] {task_command.py:410} INFO - Running <TaskInstance: updated_day_hist_forcast_data.load_updated_data scheduled__2023-07-01T00:00:00+00:00 [running]> on host haboubi-VivoBook-15-ASUS-Laptop-X540UB
[2023-07-03T18:46:14.505+0100] {taskinstance.py:1545} INFO - Exporting env vars: AIRFLOW_CTX_DAG_OWNER='haboubi' AIRFLOW_CTX_DAG_ID='updated_day_hist_forcast_data' AIRFLOW_CTX_TASK_ID='load_updated_data' AIRFLOW_CTX_EXECUTION_DATE='2023-07-01T00:00:00+00:00' AIRFLOW_CTX_TRY_NUMBER='1' AIRFLOW_CTX_DAG_RUN_ID='scheduled__2023-07-01T00:00:00+00:00'
[2023-07-03T18:46:14.513+0100] {logging_mixin.py:149} INFO - debug prb: Paris
[2023-07-03T18:46:14.549+0100] {logging_mixin.py:149} INFO - last_time_updated: 2023-07-02
[2023-07-03T18:46:14.560+0100] {logging_mixin.py:149} INFO - debug prb: London
[2023-07-03T18:46:14.570+0100] {logging_mixin.py:149} INFO - last_time_updated: 2023-07-02
[2023-07-03T18:46:14.578+0100] {logging_mixin.py:149} INFO - debug prb: Barcelona
[2023-07-03T18:46:14.587+0100] {logging_mixin.py:149} INFO - last_time_updated: 2023-07-02
[2023-07-03T18:46:14.594+0100] {logging_mixin.py:149} INFO - debug prb: Rome
[2023-07-03T18:46:14.603+0100] {logging_mixin.py:149} INFO - last_time_updated: 2023-07-02
[2023-07-03T18:46:14.610+0100] {logging_mixin.py:149} INFO - debug prb: New York
[2023-07-03T18:46:14.620+0100] {logging_mixin.py:149} INFO - last_time_updated: 2023-07-02
[2023-07-03T18:46:14.626+0100] {logging_mixin.py:149} INFO - debug prb: Tokyo
[2023-07-03T18:46:14.635+0100] {logging_mixin.py:149} INFO - last_time_updated: 2023-07-02
[2023-07-03T18:46:14.642+0100] {logging_mixin.py:149} INFO - debug prb: Istanbul
[2023-07-03T18:46:14.652+0100] {logging_mixin.py:149} INFO - last_time_updated: 2023-07-02
[2023-07-03T18:46:14.657+0100] {logging_mixin.py:149} INFO - debug prb: Dubai
[2023-07-03T18:46:14.668+0100] {logging_mixin.py:149} INFO - last_time_updated: 2023-07-02
[2023-07-03T18:46:14.674+0100] {logging_mixin.py:149} INFO - debug prb: Sydney
[2023-07-03T18:46:14.685+0100] {logging_mixin.py:149} INFO - last_time_updated: 2023-07-02
[2023-07-03T18:46:14.692+0100] {logging_mixin.py:149} INFO - debug prb: Bangkok
[2023-07-03T18:46:14.702+0100] {logging_mixin.py:149} INFO - last_time_updated: 2023-07-02
[2023-07-03T18:46:14.708+0100] {logging_mixin.py:149} INFO - debug prb: Amsterdam
[2023-07-03T18:46:14.718+0100] {logging_mixin.py:149} INFO - last_time_updated: 2023-07-02
[2023-07-03T18:46:14.725+0100] {logging_mixin.py:149} INFO - debug prb: Rio De Janeiro
[2023-07-03T18:46:14.735+0100] {logging_mixin.py:149} INFO - last_time_updated: 2023-07-02
[2023-07-03T18:46:14.742+0100] {logging_mixin.py:149} INFO - debug prb: Prague
[2023-07-03T18:46:14.752+0100] {logging_mixin.py:149} INFO - last_time_updated: 2023-07-02
[2023-07-03T18:46:14.758+0100] {logging_mixin.py:149} INFO - debug prb: Cape Town
[2023-07-03T18:46:14.768+0100] {logging_mixin.py:149} INFO - last_time_updated: 2023-07-02
[2023-07-03T18:46:14.774+0100] {logging_mixin.py:149} INFO - debug prb: Buenos Aires
[2023-07-03T18:46:14.784+0100] {logging_mixin.py:149} INFO - last_time_updated: 2023-07-02
[2023-07-03T18:46:14.790+0100] {logging_mixin.py:149} INFO - debug prb: Berlin
[2023-07-03T18:46:14.802+0100] {logging_mixin.py:149} INFO - last_time_updated: 2023-07-02
[2023-07-03T18:46:14.808+0100] {logging_mixin.py:149} INFO - debug prb: Singapore
[2023-07-03T18:46:14.818+0100] {logging_mixin.py:149} INFO - last_time_updated: 2023-07-02
[2023-07-03T18:46:14.824+0100] {logging_mixin.py:149} INFO - debug prb: Florence
[2023-07-03T18:46:14.834+0100] {logging_mixin.py:149} INFO - last_time_updated: 2023-07-02
[2023-07-03T18:46:14.839+0100] {logging_mixin.py:149} INFO - debug prb: San Francisco
[2023-07-03T18:46:14.850+0100] {logging_mixin.py:149} INFO - last_time_updated: 2023-07-02
[2023-07-03T18:46:14.856+0100] {logging_mixin.py:149} INFO - debug prb: Marrakech
[2023-07-03T18:46:14.865+0100] {logging_mixin.py:149} INFO - last_time_updated: 2023-07-02
[2023-07-03T18:46:14.871+0100] {python.py:183} INFO - Done. Returned value was: 0
[2023-07-03T18:46:14.909+0100] {taskinstance.py:1345} INFO - Marking task as SUCCESS. dag_id=updated_day_hist_forcast_data, task_id=load_updated_data, execution_date=20230701T000000, start_date=20230703T174614, end_date=20230703T174614
[2023-07-03T18:46:14.965+0100] {local_task_job_runner.py:225} INFO - Task exited with return code 0
[2023-07-03T18:46:14.996+0100] {taskinstance.py:2653} INFO - 2 downstream tasks scheduled from follow-on schedule check
[2023-07-05T09:00:50.670+0100] {taskinstance.py:1103} INFO - Dependencies all met for dep_context=non-requeueable deps ti=<TaskInstance: updated_day_hist_forcast_data.load_updated_data scheduled__2023-07-01T00:00:00+00:00 [queued]>
[2023-07-05T09:00:50.683+0100] {taskinstance.py:1103} INFO - Dependencies all met for dep_context=requeueable deps ti=<TaskInstance: updated_day_hist_forcast_data.load_updated_data scheduled__2023-07-01T00:00:00+00:00 [queued]>
[2023-07-05T09:00:50.684+0100] {taskinstance.py:1308} INFO - Starting attempt 1 of 3
[2023-07-05T09:00:50.698+0100] {taskinstance.py:1327} INFO - Executing <Task(PythonOperator): load_updated_data> on 2023-07-01 00:00:00+00:00
[2023-07-05T09:00:50.701+0100] {standard_task_runner.py:57} INFO - Started process 13912 to run task
[2023-07-05T09:00:50.704+0100] {standard_task_runner.py:84} INFO - Running: ['***', 'tasks', 'run', 'updated_day_hist_forcast_data', 'load_updated_data', 'scheduled__2023-07-01T00:00:00+00:00', '--job-id', '157', '--raw', '--subdir', '/home/haboubi/Desktop/api/API_weather/dags/update_day_hist.py', '--cfg-path', '/tmp/tmpymojkhen']
[2023-07-05T09:00:50.707+0100] {standard_task_runner.py:85} INFO - Job 157: Subtask load_updated_data
[2023-07-05T09:00:50.787+0100] {task_command.py:410} INFO - Running <TaskInstance: updated_day_hist_forcast_data.load_updated_data scheduled__2023-07-01T00:00:00+00:00 [running]> on host haboubi-VivoBook-15-ASUS-Laptop-X540UB
[2023-07-05T09:00:50.902+0100] {taskinstance.py:1545} INFO - Exporting env vars: AIRFLOW_CTX_DAG_OWNER='haboubi' AIRFLOW_CTX_DAG_ID='updated_day_hist_forcast_data' AIRFLOW_CTX_TASK_ID='load_updated_data' AIRFLOW_CTX_EXECUTION_DATE='2023-07-01T00:00:00+00:00' AIRFLOW_CTX_TRY_NUMBER='1' AIRFLOW_CTX_DAG_RUN_ID='scheduled__2023-07-01T00:00:00+00:00'
[2023-07-05T09:00:50.911+0100] {logging_mixin.py:149} INFO - debug prb: Paris
[2023-07-05T09:00:50.945+0100] {logging_mixin.py:149} INFO - last_time_updated: 2023-07-04
[2023-07-05T09:00:50.946+0100] {logging_mixin.py:149} INFO - debug prb: London
[2023-07-05T09:00:50.966+0100] {logging_mixin.py:149} INFO - last_time_updated: 2023-07-04
[2023-07-05T09:00:50.966+0100] {logging_mixin.py:149} INFO - debug prb: Barcelona
[2023-07-05T09:00:50.982+0100] {logging_mixin.py:149} INFO - last_time_updated: 2023-07-04
[2023-07-05T09:00:50.983+0100] {logging_mixin.py:149} INFO - debug prb: Rome
[2023-07-05T09:00:50.998+0100] {logging_mixin.py:149} INFO - last_time_updated: 2023-07-04
[2023-07-05T09:00:50.999+0100] {logging_mixin.py:149} INFO - debug prb: New York
[2023-07-05T09:00:51.015+0100] {logging_mixin.py:149} INFO - last_time_updated: 2023-07-04
[2023-07-05T09:00:51.015+0100] {logging_mixin.py:149} INFO - debug prb: Tokyo
[2023-07-05T09:00:51.032+0100] {logging_mixin.py:149} INFO - last_time_updated: 2023-07-04
[2023-07-05T09:00:51.032+0100] {logging_mixin.py:149} INFO - debug prb: Istanbul
[2023-07-05T09:00:51.048+0100] {logging_mixin.py:149} INFO - last_time_updated: 2023-07-04
[2023-07-05T09:00:51.048+0100] {logging_mixin.py:149} INFO - debug prb: Dubai
[2023-07-05T09:00:51.064+0100] {logging_mixin.py:149} INFO - last_time_updated: 2023-07-04
[2023-07-05T09:00:51.065+0100] {logging_mixin.py:149} INFO - debug prb: Sydney
[2023-07-05T09:00:51.079+0100] {logging_mixin.py:149} INFO - last_time_updated: 2023-07-04
[2023-07-05T09:00:51.080+0100] {logging_mixin.py:149} INFO - debug prb: Bangkok
[2023-07-05T09:00:51.092+0100] {logging_mixin.py:149} INFO - last_time_updated: 2023-07-04
[2023-07-05T09:00:51.092+0100] {logging_mixin.py:149} INFO - debug prb: Amsterdam
[2023-07-05T09:00:51.106+0100] {logging_mixin.py:149} INFO - last_time_updated: 2023-07-04
[2023-07-05T09:00:51.106+0100] {logging_mixin.py:149} INFO - debug prb: Rio De Janeiro
[2023-07-05T09:00:51.119+0100] {logging_mixin.py:149} INFO - last_time_updated: 2023-07-04
[2023-07-05T09:00:51.120+0100] {logging_mixin.py:149} INFO - debug prb: Prague
[2023-07-05T09:00:51.133+0100] {logging_mixin.py:149} INFO - last_time_updated: 2023-07-04
[2023-07-05T09:00:51.133+0100] {logging_mixin.py:149} INFO - debug prb: Cape Town
[2023-07-05T09:00:51.147+0100] {logging_mixin.py:149} INFO - last_time_updated: 2023-07-04
[2023-07-05T09:00:51.147+0100] {logging_mixin.py:149} INFO - debug prb: Buenos Aires
[2023-07-05T09:00:51.159+0100] {logging_mixin.py:149} INFO - last_time_updated: 2023-07-04
[2023-07-05T09:00:51.160+0100] {logging_mixin.py:149} INFO - debug prb: Berlin
[2023-07-05T09:00:51.173+0100] {logging_mixin.py:149} INFO - last_time_updated: 2023-07-04
[2023-07-05T09:00:51.173+0100] {logging_mixin.py:149} INFO - debug prb: Singapore
[2023-07-05T09:00:51.186+0100] {logging_mixin.py:149} INFO - last_time_updated: 2023-07-04
[2023-07-05T09:00:51.186+0100] {logging_mixin.py:149} INFO - debug prb: Florence
[2023-07-05T09:00:51.199+0100] {logging_mixin.py:149} INFO - last_time_updated: 2023-07-04
[2023-07-05T09:00:51.199+0100] {logging_mixin.py:149} INFO - debug prb: San Francisco
[2023-07-05T09:00:51.210+0100] {logging_mixin.py:149} INFO - last_time_updated: 2023-07-04
[2023-07-05T09:00:51.211+0100] {logging_mixin.py:149} INFO - debug prb: Marrakech
[2023-07-05T09:00:51.224+0100] {logging_mixin.py:149} INFO - last_time_updated: 2023-07-04
[2023-07-05T09:00:51.230+0100] {python.py:183} INFO - Done. Returned value was: 0
[2023-07-05T09:00:51.265+0100] {taskinstance.py:1345} INFO - Marking task as SUCCESS. dag_id=updated_day_hist_forcast_data, task_id=load_updated_data, execution_date=20230701T000000, start_date=20230705T080050, end_date=20230705T080051
[2023-07-05T09:00:51.318+0100] {local_task_job_runner.py:225} INFO - Task exited with return code 0
[2023-07-05T09:00:51.365+0100] {taskinstance.py:2653} INFO - 2 downstream tasks scheduled from follow-on schedule check
