[2023-07-08T09:20:12.438+0100] {taskinstance.py:1103} INFO - Dependencies all met for dep_context=non-requeueable deps ti=<TaskInstance: update_current_data_10.load_current_data scheduled__2023-07-08T08:00:00+00:00 [queued]>
[2023-07-08T09:20:12.451+0100] {taskinstance.py:1103} INFO - Dependencies all met for dep_context=requeueable deps ti=<TaskInstance: update_current_data_10.load_current_data scheduled__2023-07-08T08:00:00+00:00 [queued]>
[2023-07-08T09:20:12.451+0100] {taskinstance.py:1308} INFO - Starting attempt 1 of 3
[2023-07-08T09:20:12.469+0100] {taskinstance.py:1327} INFO - Executing <Task(PythonOperator): load_current_data> on 2023-07-08 08:00:00+00:00
[2023-07-08T09:20:12.475+0100] {standard_task_runner.py:57} INFO - Started process 15707 to run task
[2023-07-08T09:20:12.480+0100] {standard_task_runner.py:84} INFO - Running: ['***', 'tasks', 'run', 'update_current_data_10', 'load_current_data', 'scheduled__2023-07-08T08:00:00+00:00', '--job-id', '16948', '--raw', '--subdir', '/home/haboubi/Desktop/api/API_weather/dags/update_current_dags.py', '--cfg-path', '/tmp/tmpo030sxlu']
[2023-07-08T09:20:12.482+0100] {standard_task_runner.py:85} INFO - Job 16948: Subtask load_current_data
[2023-07-08T09:20:12.562+0100] {task_command.py:410} INFO - Running <TaskInstance: update_current_data_10.load_current_data scheduled__2023-07-08T08:00:00+00:00 [running]> on host haboubi-VivoBook-15-ASUS-Laptop-X540UB
[2023-07-08T09:20:12.692+0100] {taskinstance.py:1545} INFO - Exporting env vars: AIRFLOW_CTX_DAG_OWNER='haboubi' AIRFLOW_CTX_DAG_ID='update_current_data_10' AIRFLOW_CTX_TASK_ID='load_current_data' AIRFLOW_CTX_EXECUTION_DATE='2023-07-08T08:00:00+00:00' AIRFLOW_CTX_TRY_NUMBER='1' AIRFLOW_CTX_DAG_RUN_ID='scheduled__2023-07-08T08:00:00+00:00'
[2023-07-08T09:20:12.714+0100] {logging_mixin.py:149} INFO - ['Paris', datetime.date(2023, 7, 7)]
[2023-07-08T09:20:12.750+0100] {logging_mixin.py:149} INFO - ['London', datetime.date(2023, 7, 7)]
[2023-07-08T09:20:12.757+0100] {logging_mixin.py:149} INFO - ['Barcelona', datetime.date(2023, 7, 7)]
[2023-07-08T09:20:12.763+0100] {logging_mixin.py:149} INFO - ['Rome', datetime.date(2023, 7, 7)]
[2023-07-08T09:20:12.769+0100] {logging_mixin.py:149} INFO - ['New York', datetime.date(2023, 7, 7)]
[2023-07-08T09:20:12.775+0100] {logging_mixin.py:149} INFO - ['Tokyo', datetime.date(2023, 7, 7)]
[2023-07-08T09:20:12.781+0100] {logging_mixin.py:149} INFO - ['Istanbul', datetime.date(2023, 7, 7)]
[2023-07-08T09:20:12.788+0100] {logging_mixin.py:149} INFO - ['Dubai', datetime.date(2023, 7, 7)]
[2023-07-08T09:20:12.793+0100] {logging_mixin.py:149} INFO - ['Sydney', datetime.date(2023, 7, 7)]
[2023-07-08T09:20:12.799+0100] {logging_mixin.py:149} INFO - ['Bangkok', datetime.date(2023, 7, 7)]
[2023-07-08T09:20:12.806+0100] {logging_mixin.py:149} INFO - ['Amsterdam', datetime.date(2023, 7, 7)]
[2023-07-08T09:20:12.811+0100] {logging_mixin.py:149} INFO - ['Rio De Janeiro', datetime.date(2023, 7, 7)]
[2023-07-08T09:20:12.818+0100] {logging_mixin.py:149} INFO - ['Prague', datetime.date(2023, 7, 7)]
[2023-07-08T09:20:12.824+0100] {logging_mixin.py:149} INFO - ['Cape Town', datetime.date(2023, 7, 7)]
[2023-07-08T09:20:12.830+0100] {logging_mixin.py:149} INFO - ['Buenos Aires', datetime.date(2023, 7, 7)]
[2023-07-08T09:20:12.837+0100] {logging_mixin.py:149} INFO - ['Berlin', datetime.date(2023, 7, 7)]
[2023-07-08T09:20:12.842+0100] {logging_mixin.py:149} INFO - ['Singapore', datetime.date(2023, 7, 7)]
[2023-07-08T09:20:12.848+0100] {logging_mixin.py:149} INFO - ['Florence', datetime.date(2023, 7, 7)]
[2023-07-08T09:20:12.855+0100] {logging_mixin.py:149} INFO - ['San Francisco', datetime.date(2023, 7, 7)]
[2023-07-08T09:20:12.861+0100] {logging_mixin.py:149} INFO - ['Marrakech', datetime.date(2023, 7, 7)]
[2023-07-08T09:20:12.866+0100] {python.py:183} INFO - Done. Returned value was: 0
[2023-07-08T09:20:12.903+0100] {taskinstance.py:1345} INFO - Marking task as SUCCESS. dag_id=update_current_data_10, task_id=load_current_data, execution_date=20230708T080000, start_date=20230708T082012, end_date=20230708T082012
[2023-07-08T09:20:12.932+0100] {local_task_job_runner.py:225} INFO - Task exited with return code 0
[2023-07-08T09:20:12.963+0100] {taskinstance.py:2653} INFO - 1 downstream tasks scheduled from follow-on schedule check
