[2023-06-30T04:18:43.440+0100] {taskinstance.py:1103} INFO - Dependencies all met for dep_context=non-requeueable deps ti=<TaskInstance: using_taskflow_v2.get_age scheduled__0029-07-04T00:00:00+00:00 [queued]>
[2023-06-30T04:18:43.448+0100] {taskinstance.py:1103} INFO - Dependencies all met for dep_context=requeueable deps ti=<TaskInstance: using_taskflow_v2.get_age scheduled__0029-07-04T00:00:00+00:00 [queued]>
[2023-06-30T04:18:43.448+0100] {taskinstance.py:1308} INFO - Starting attempt 1 of 6
[2023-06-30T04:18:43.461+0100] {taskinstance.py:1327} INFO - Executing <Task(_PythonDecoratedOperator): get_age> on 0029-07-04 00:00:00+00:00
[2023-06-30T04:18:43.464+0100] {standard_task_runner.py:57} INFO - Started process 29573 to run task
[2023-06-30T04:18:43.468+0100] {standard_task_runner.py:84} INFO - Running: ['airflow', 'tasks', 'run', 'using_taskflow_v2', 'get_age', 'scheduled__0029-07-04T00:00:00+00:00', '--job-id', '181', '--raw', '--subdir', '/home/haboubi/Desktop/api/API_weather/dags/dag_create_py_api_taskflow.py', '--cfg-path', '/tmp/tmp4nur7if_']
[2023-06-30T04:18:43.469+0100] {standard_task_runner.py:85} INFO - Job 181: Subtask get_age
[2023-06-30T04:18:43.504+0100] {task_command.py:410} INFO - Running <TaskInstance: using_taskflow_v2.get_age scheduled__0029-07-04T00:00:00+00:00 [running]> on host haboubi-VivoBook-15-ASUS-Laptop-X540UB
[2023-06-30T04:18:43.561+0100] {taskinstance.py:1545} INFO - Exporting env vars: AIRFLOW_CTX_DAG_OWNER='haboubi' AIRFLOW_CTX_DAG_ID='using_taskflow_v2' AIRFLOW_CTX_TASK_ID='get_age' AIRFLOW_CTX_EXECUTION_DATE='0029-07-04T00:00:00+00:00' AIRFLOW_CTX_TRY_NUMBER='1' AIRFLOW_CTX_DAG_RUN_ID='scheduled__0029-07-04T00:00:00+00:00'
[2023-06-30T04:18:43.562+0100] {python.py:183} INFO - Done. Returned value was: 18
[2023-06-30T04:18:43.576+0100] {taskinstance.py:1345} INFO - Marking task as SUCCESS. dag_id=using_taskflow_v2, task_id=get_age, execution_date=290704T000000, start_date=20230630T031843, end_date=20230630T031843
[2023-06-30T04:18:43.599+0100] {local_task_job_runner.py:225} INFO - Task exited with return code 0
[2023-06-30T04:18:43.618+0100] {taskinstance.py:2653} INFO - 1 downstream tasks scheduled from follow-on schedule check
[2023-06-30T04:21:00.180+0100] {taskinstance.py:1103} INFO - Dependencies all met for dep_context=non-requeueable deps ti=<TaskInstance: using_taskflow_v2.get_age scheduled__0029-07-04T00:00:00+00:00 [queued]>
[2023-06-30T04:21:00.187+0100] {taskinstance.py:1103} INFO - Dependencies all met for dep_context=requeueable deps ti=<TaskInstance: using_taskflow_v2.get_age scheduled__0029-07-04T00:00:00+00:00 [queued]>
[2023-06-30T04:21:00.187+0100] {taskinstance.py:1308} INFO - Starting attempt 1 of 6
[2023-06-30T04:21:00.199+0100] {taskinstance.py:1327} INFO - Executing <Task(_PythonDecoratedOperator): get_age> on 0029-07-04 00:00:00+00:00
[2023-06-30T04:21:00.202+0100] {standard_task_runner.py:57} INFO - Started process 31255 to run task
[2023-06-30T04:21:00.205+0100] {standard_task_runner.py:84} INFO - Running: ['airflow', 'tasks', 'run', 'using_taskflow_v2', 'get_age', 'scheduled__0029-07-04T00:00:00+00:00', '--job-id', '181', '--raw', '--subdir', '/home/haboubi/Desktop/api/API_weather/dags/dag_create_py_api_taskflow.py', '--cfg-path', '/tmp/tmpu_khl0su']
[2023-06-30T04:21:00.206+0100] {standard_task_runner.py:85} INFO - Job 181: Subtask get_age
[2023-06-30T04:21:00.236+0100] {task_command.py:410} INFO - Running <TaskInstance: using_taskflow_v2.get_age scheduled__0029-07-04T00:00:00+00:00 [running]> on host haboubi-VivoBook-15-ASUS-Laptop-X540UB
[2023-06-30T04:21:00.286+0100] {taskinstance.py:1545} INFO - Exporting env vars: AIRFLOW_CTX_DAG_OWNER='haboubi' AIRFLOW_CTX_DAG_ID='using_taskflow_v2' AIRFLOW_CTX_TASK_ID='get_age' AIRFLOW_CTX_EXECUTION_DATE='0029-07-04T00:00:00+00:00' AIRFLOW_CTX_TRY_NUMBER='1' AIRFLOW_CTX_DAG_RUN_ID='scheduled__0029-07-04T00:00:00+00:00'
[2023-06-30T04:21:00.287+0100] {python.py:183} INFO - Done. Returned value was: 18
[2023-06-30T04:21:00.298+0100] {taskinstance.py:1345} INFO - Marking task as SUCCESS. dag_id=using_taskflow_v2, task_id=get_age, execution_date=290704T000000, start_date=20230630T032100, end_date=20230630T032100
[2023-06-30T04:21:00.336+0100] {local_task_job_runner.py:225} INFO - Task exited with return code 0
[2023-06-30T04:21:00.351+0100] {taskinstance.py:2653} INFO - 1 downstream tasks scheduled from follow-on schedule check
