[2023-07-07T08:00:15.360+0100] {taskinstance.py:1103} INFO - Dependencies all met for dep_context=non-requeueable deps ti=<TaskInstance: update_current_data_10.load_current_data scheduled__2023-07-07T06:40:00+00:00 [queued]>
[2023-07-07T08:00:15.375+0100] {taskinstance.py:1103} INFO - Dependencies all met for dep_context=requeueable deps ti=<TaskInstance: update_current_data_10.load_current_data scheduled__2023-07-07T06:40:00+00:00 [queued]>
[2023-07-07T08:00:15.376+0100] {taskinstance.py:1308} INFO - Starting attempt 1 of 3
[2023-07-07T08:00:15.393+0100] {taskinstance.py:1327} INFO - Executing <Task(PythonOperator): load_current_data> on 2023-07-07 06:40:00+00:00
[2023-07-07T08:00:15.398+0100] {standard_task_runner.py:57} INFO - Started process 1073092 to run task
[2023-07-07T08:00:15.401+0100] {standard_task_runner.py:84} INFO - Running: ['***', 'tasks', 'run', 'update_current_data_10', 'load_current_data', 'scheduled__2023-07-07T06:40:00+00:00', '--job-id', '16906', '--raw', '--subdir', '/home/haboubi/Desktop/api/API_weather/dags/update_current_dags.py', '--cfg-path', '/tmp/tmp0k9x1u3y']
[2023-07-07T08:00:15.403+0100] {standard_task_runner.py:85} INFO - Job 16906: Subtask load_current_data
[2023-07-07T08:00:15.492+0100] {task_command.py:410} INFO - Running <TaskInstance: update_current_data_10.load_current_data scheduled__2023-07-07T06:40:00+00:00 [running]> on host haboubi-VivoBook-15-ASUS-Laptop-X540UB
[2023-07-07T08:00:15.628+0100] {taskinstance.py:1545} INFO - Exporting env vars: AIRFLOW_CTX_DAG_OWNER='haboubi' AIRFLOW_CTX_DAG_ID='update_current_data_10' AIRFLOW_CTX_TASK_ID='load_current_data' AIRFLOW_CTX_EXECUTION_DATE='2023-07-07T06:40:00+00:00' AIRFLOW_CTX_TRY_NUMBER='1' AIRFLOW_CTX_DAG_RUN_ID='scheduled__2023-07-07T06:40:00+00:00'
[2023-07-07T08:00:15.650+0100] {logging_mixin.py:149} INFO - ['Paris', datetime.date(2023, 7, 6)]
[2023-07-07T08:00:15.694+0100] {logging_mixin.py:149} INFO - ['London', datetime.date(2023, 7, 6)]
[2023-07-07T08:00:15.700+0100] {logging_mixin.py:149} INFO - ['Barcelona', datetime.date(2023, 7, 6)]
[2023-07-07T08:00:15.709+0100] {logging_mixin.py:149} INFO - ['Rome', datetime.date(2023, 7, 6)]
[2023-07-07T08:00:15.715+0100] {logging_mixin.py:149} INFO - ['New York', datetime.date(2023, 7, 6)]
[2023-07-07T08:00:15.726+0100] {logging_mixin.py:149} INFO - ['Tokyo', datetime.date(2023, 7, 6)]
[2023-07-07T08:00:15.735+0100] {logging_mixin.py:149} INFO - ['Istanbul', datetime.date(2023, 7, 6)]
[2023-07-07T08:00:15.743+0100] {logging_mixin.py:149} INFO - ['Dubai', datetime.date(2023, 7, 6)]
[2023-07-07T08:00:15.749+0100] {logging_mixin.py:149} INFO - ['Sydney', datetime.date(2023, 7, 6)]
[2023-07-07T08:00:15.756+0100] {logging_mixin.py:149} INFO - ['Bangkok', datetime.date(2023, 7, 6)]
[2023-07-07T08:00:15.765+0100] {logging_mixin.py:149} INFO - ['Amsterdam', datetime.date(2023, 7, 6)]
[2023-07-07T08:00:15.773+0100] {logging_mixin.py:149} INFO - ['Rio De Janeiro', datetime.date(2023, 7, 6)]
[2023-07-07T08:00:15.780+0100] {logging_mixin.py:149} INFO - ['Prague', datetime.date(2023, 7, 6)]
[2023-07-07T08:00:15.786+0100] {logging_mixin.py:149} INFO - ['Cape Town', datetime.date(2023, 7, 6)]
[2023-07-07T08:00:15.795+0100] {logging_mixin.py:149} INFO - ['Buenos Aires', datetime.date(2023, 7, 6)]
[2023-07-07T08:00:15.801+0100] {logging_mixin.py:149} INFO - ['Berlin', datetime.date(2023, 7, 6)]
[2023-07-07T08:00:15.812+0100] {logging_mixin.py:149} INFO - ['Singapore', datetime.date(2023, 7, 6)]
[2023-07-07T08:00:15.817+0100] {logging_mixin.py:149} INFO - ['Florence', datetime.date(2023, 7, 6)]
[2023-07-07T08:00:15.826+0100] {logging_mixin.py:149} INFO - ['San Francisco', datetime.date(2023, 7, 6)]
[2023-07-07T08:00:15.832+0100] {logging_mixin.py:149} INFO - ['Marrakech', datetime.date(2023, 7, 6)]
[2023-07-07T08:00:15.841+0100] {python.py:183} INFO - Done. Returned value was: 0
[2023-07-07T08:00:15.882+0100] {taskinstance.py:1345} INFO - Marking task as SUCCESS. dag_id=update_current_data_10, task_id=load_current_data, execution_date=20230707T064000, start_date=20230707T070015, end_date=20230707T070015
[2023-07-07T08:00:15.935+0100] {local_task_job_runner.py:225} INFO - Task exited with return code 0
[2023-07-07T08:00:16.041+0100] {taskinstance.py:2653} INFO - 1 downstream tasks scheduled from follow-on schedule check
