[2023-07-05T10:43:54.671+0100] {taskinstance.py:1103} INFO - Dependencies all met for dep_context=non-requeueable deps ti=<TaskInstance: update_current_data_10.extract_current_data scheduled__2023-05-07T15:20:00+00:00 [queued]>
[2023-07-05T10:43:54.679+0100] {taskinstance.py:1103} INFO - Dependencies all met for dep_context=requeueable deps ti=<TaskInstance: update_current_data_10.extract_current_data scheduled__2023-05-07T15:20:00+00:00 [queued]>
[2023-07-05T10:43:54.679+0100] {taskinstance.py:1308} INFO - Starting attempt 1 of 3
[2023-07-05T10:43:54.690+0100] {taskinstance.py:1327} INFO - Executing <Task(PythonOperator): extract_current_data> on 2023-05-07 15:20:00+00:00
[2023-07-05T10:43:54.694+0100] {standard_task_runner.py:57} INFO - Started process 54335 to run task
[2023-07-05T10:43:54.697+0100] {standard_task_runner.py:84} INFO - Running: ['***', 'tasks', 'run', 'update_current_data_10', 'extract_current_data', 'scheduled__2023-05-07T15:20:00+00:00', '--job-id', '458', '--raw', '--subdir', '/home/haboubi/Desktop/api/API_weather/dags/update_current_dags.py', '--cfg-path', '/tmp/tmp_kuqgmjw']
[2023-07-05T10:43:54.698+0100] {standard_task_runner.py:85} INFO - Job 458: Subtask extract_current_data
[2023-07-05T10:43:54.762+0100] {task_command.py:410} INFO - Running <TaskInstance: update_current_data_10.extract_current_data scheduled__2023-05-07T15:20:00+00:00 [running]> on host haboubi-VivoBook-15-ASUS-Laptop-X540UB
[2023-07-05T10:43:54.855+0100] {taskinstance.py:1545} INFO - Exporting env vars: AIRFLOW_CTX_DAG_OWNER='haboubi' AIRFLOW_CTX_DAG_ID='update_current_data_10' AIRFLOW_CTX_TASK_ID='extract_current_data' AIRFLOW_CTX_EXECUTION_DATE='2023-05-07T15:20:00+00:00' AIRFLOW_CTX_TRY_NUMBER='1' AIRFLOW_CTX_DAG_RUN_ID='scheduled__2023-05-07T15:20:00+00:00'
[2023-07-05T10:43:58.813+0100] {python.py:183} INFO - Done. Returned value was: None
[2023-07-05T10:43:58.838+0100] {taskinstance.py:1345} INFO - Marking task as SUCCESS. dag_id=update_current_data_10, task_id=extract_current_data, execution_date=20230507T152000, start_date=20230705T094354, end_date=20230705T094358
[2023-07-05T10:43:58.889+0100] {local_task_job_runner.py:225} INFO - Task exited with return code 0
[2023-07-05T10:43:58.930+0100] {taskinstance.py:2653} INFO - 1 downstream tasks scheduled from follow-on schedule check
[2023-07-05T11:08:45.491+0100] {taskinstance.py:1103} INFO - Dependencies all met for dep_context=non-requeueable deps ti=<TaskInstance: update_current_data_10.extract_current_data scheduled__2023-05-07T15:20:00+00:00 [queued]>
[2023-07-05T11:08:45.499+0100] {taskinstance.py:1103} INFO - Dependencies all met for dep_context=requeueable deps ti=<TaskInstance: update_current_data_10.extract_current_data scheduled__2023-05-07T15:20:00+00:00 [queued]>
[2023-07-05T11:08:45.499+0100] {taskinstance.py:1308} INFO - Starting attempt 1 of 3
[2023-07-05T11:08:45.509+0100] {taskinstance.py:1327} INFO - Executing <Task(PythonOperator): extract_current_data> on 2023-05-07 15:20:00+00:00
[2023-07-05T11:08:45.514+0100] {standard_task_runner.py:57} INFO - Started process 75263 to run task
[2023-07-05T11:08:45.517+0100] {standard_task_runner.py:84} INFO - Running: ['***', 'tasks', 'run', 'update_current_data_10', 'extract_current_data', 'scheduled__2023-05-07T15:20:00+00:00', '--job-id', '771', '--raw', '--subdir', '/home/haboubi/Desktop/api/API_weather/dags/update_current_dags.py', '--cfg-path', '/tmp/tmpdwbjpok1']
[2023-07-05T11:08:45.518+0100] {standard_task_runner.py:85} INFO - Job 771: Subtask extract_current_data
[2023-07-05T11:08:45.581+0100] {task_command.py:410} INFO - Running <TaskInstance: update_current_data_10.extract_current_data scheduled__2023-05-07T15:20:00+00:00 [running]> on host haboubi-VivoBook-15-ASUS-Laptop-X540UB
[2023-07-05T11:08:45.675+0100] {taskinstance.py:1545} INFO - Exporting env vars: AIRFLOW_CTX_DAG_OWNER='haboubi' AIRFLOW_CTX_DAG_ID='update_current_data_10' AIRFLOW_CTX_TASK_ID='extract_current_data' AIRFLOW_CTX_EXECUTION_DATE='2023-05-07T15:20:00+00:00' AIRFLOW_CTX_TRY_NUMBER='1' AIRFLOW_CTX_DAG_RUN_ID='scheduled__2023-05-07T15:20:00+00:00'
[2023-07-05T11:08:49.488+0100] {python.py:183} INFO - Done. Returned value was: None
[2023-07-05T11:08:49.531+0100] {taskinstance.py:1345} INFO - Marking task as SUCCESS. dag_id=update_current_data_10, task_id=extract_current_data, execution_date=20230507T152000, start_date=20230705T100845, end_date=20230705T100849
[2023-07-05T11:08:49.554+0100] {local_task_job_runner.py:225} INFO - Task exited with return code 0
[2023-07-05T11:08:49.585+0100] {taskinstance.py:2653} INFO - 1 downstream tasks scheduled from follow-on schedule check
