[2023-07-03T18:27:49.259+0100] {taskinstance.py:1103} INFO - Dependencies all met for dep_context=non-requeueable deps ti=<TaskInstance: updated_day_hist.extract_updated_data manual__2023-07-03T17:27:42.855774+00:00 [queued]>
[2023-07-03T18:27:49.273+0100] {taskinstance.py:1103} INFO - Dependencies all met for dep_context=requeueable deps ti=<TaskInstance: updated_day_hist.extract_updated_data manual__2023-07-03T17:27:42.855774+00:00 [queued]>
[2023-07-03T18:27:49.273+0100] {taskinstance.py:1308} INFO - Starting attempt 1 of 3
[2023-07-03T18:27:49.291+0100] {taskinstance.py:1327} INFO - Executing <Task(PythonOperator): extract_updated_data> on 2023-07-03 17:27:42.855774+00:00
[2023-07-03T18:27:49.298+0100] {standard_task_runner.py:57} INFO - Started process 49774 to run task
[2023-07-03T18:27:49.302+0100] {standard_task_runner.py:84} INFO - Running: ['***', 'tasks', 'run', 'updated_day_hist', 'extract_updated_data', 'manual__2023-07-03T17:27:42.855774+00:00', '--job-id', '116', '--raw', '--subdir', '/home/haboubi/Desktop/api/API_weather/dags/update_day_hist.py', '--cfg-path', '/tmp/tmpgf0ug5vx']
[2023-07-03T18:27:49.304+0100] {standard_task_runner.py:85} INFO - Job 116: Subtask extract_updated_data
[2023-07-03T18:27:49.403+0100] {task_command.py:410} INFO - Running <TaskInstance: updated_day_hist.extract_updated_data manual__2023-07-03T17:27:42.855774+00:00 [running]> on host haboubi-VivoBook-15-ASUS-Laptop-X540UB
[2023-07-03T18:27:49.521+0100] {taskinstance.py:1545} INFO - Exporting env vars: AIRFLOW_CTX_DAG_OWNER='haboubi' AIRFLOW_CTX_DAG_ID='updated_day_hist' AIRFLOW_CTX_TASK_ID='extract_updated_data' AIRFLOW_CTX_EXECUTION_DATE='2023-07-03T17:27:42.855774+00:00' AIRFLOW_CTX_TRY_NUMBER='1' AIRFLOW_CTX_DAG_RUN_ID='manual__2023-07-03T17:27:42.855774+00:00'
[2023-07-03T18:27:49.544+0100] {logging_mixin.py:149} INFO - im here 2023
[2023-07-03T18:27:49.789+0100] {logging_mixin.py:149} INFO - im here 2023
[2023-07-03T18:27:50.113+0100] {logging_mixin.py:149} INFO - im here 2023
[2023-07-03T18:27:50.389+0100] {logging_mixin.py:149} INFO - im here 2023
[2023-07-03T18:27:50.637+0100] {logging_mixin.py:149} INFO - im here 2023
[2023-07-03T18:27:50.901+0100] {logging_mixin.py:149} INFO - im here 2023
[2023-07-03T18:27:51.131+0100] {logging_mixin.py:149} INFO - im here 2023
[2023-07-03T18:27:51.435+0100] {logging_mixin.py:149} INFO - im here 2023
[2023-07-03T18:27:51.730+0100] {logging_mixin.py:149} INFO - im here 2023
[2023-07-03T18:27:52.045+0100] {logging_mixin.py:149} INFO - im here 2023
[2023-07-03T18:27:52.514+0100] {logging_mixin.py:149} INFO - im here 2023
[2023-07-03T18:27:52.855+0100] {logging_mixin.py:149} INFO - im here 2023
[2023-07-03T18:27:53.104+0100] {logging_mixin.py:149} INFO - im here 2023
[2023-07-03T18:27:53.363+0100] {logging_mixin.py:149} INFO - im here 2023
[2023-07-03T18:27:53.640+0100] {logging_mixin.py:149} INFO - im here 2023
[2023-07-03T18:27:53.886+0100] {logging_mixin.py:149} INFO - im here 2023
[2023-07-03T18:27:54.686+0100] {logging_mixin.py:149} INFO - im here 2023
[2023-07-03T18:27:54.941+0100] {logging_mixin.py:149} INFO - im here 2023
[2023-07-03T18:27:55.258+0100] {logging_mixin.py:149} INFO - im here 2023
[2023-07-03T18:27:55.557+0100] {logging_mixin.py:149} INFO - im here 2023
[2023-07-03T18:27:55.795+0100] {python.py:183} INFO - Done. Returned value was: None
[2023-07-03T18:27:55.831+0100] {taskinstance.py:1345} INFO - Marking task as SUCCESS. dag_id=updated_day_hist, task_id=extract_updated_data, execution_date=20230703T172742, start_date=20230703T172749, end_date=20230703T172755
[2023-07-03T18:27:55.881+0100] {local_task_job_runner.py:225} INFO - Task exited with return code 0
[2023-07-03T18:27:55.955+0100] {taskinstance.py:2653} INFO - 1 downstream tasks scheduled from follow-on schedule check
