[2023-07-04T16:17:01.610+0100] {taskinstance.py:1103} INFO - Dependencies all met for dep_context=non-requeueable deps ti=<TaskInstance: updated_day_hist_forcast_data.clear_memory_updated_forc scheduled__2023-07-03T00:00:00+00:00 [queued]>
[2023-07-04T16:17:01.627+0100] {taskinstance.py:1103} INFO - Dependencies all met for dep_context=requeueable deps ti=<TaskInstance: updated_day_hist_forcast_data.clear_memory_updated_forc scheduled__2023-07-03T00:00:00+00:00 [queued]>
[2023-07-04T16:17:01.627+0100] {taskinstance.py:1308} INFO - Starting attempt 1 of 3
[2023-07-04T16:17:01.645+0100] {taskinstance.py:1327} INFO - Executing <Task(PythonOperator): clear_memory_updated_forc> on 2023-07-03 00:00:00+00:00
[2023-07-04T16:17:01.654+0100] {standard_task_runner.py:57} INFO - Started process 52407 to run task
[2023-07-04T16:17:01.658+0100] {standard_task_runner.py:84} INFO - Running: ['***', 'tasks', 'run', 'updated_day_hist_forcast_data', 'clear_memory_updated_forc', 'scheduled__2023-07-03T00:00:00+00:00', '--job-id', '139', '--raw', '--subdir', '/home/haboubi/Desktop/api/API_weather/dags/update_day_hist.py', '--cfg-path', '/tmp/tmp9fnoh3ln']
[2023-07-04T16:17:01.661+0100] {standard_task_runner.py:85} INFO - Job 139: Subtask clear_memory_updated_forc
[2023-07-04T16:17:01.771+0100] {task_command.py:410} INFO - Running <TaskInstance: updated_day_hist_forcast_data.clear_memory_updated_forc scheduled__2023-07-03T00:00:00+00:00 [running]> on host haboubi-VivoBook-15-ASUS-Laptop-X540UB
[2023-07-04T16:17:01.920+0100] {taskinstance.py:1545} INFO - Exporting env vars: AIRFLOW_CTX_DAG_OWNER='haboubi' AIRFLOW_CTX_DAG_ID='updated_day_hist_forcast_data' AIRFLOW_CTX_TASK_ID='clear_memory_updated_forc' AIRFLOW_CTX_EXECUTION_DATE='2023-07-03T00:00:00+00:00' AIRFLOW_CTX_TRY_NUMBER='1' AIRFLOW_CTX_DAG_RUN_ID='scheduled__2023-07-03T00:00:00+00:00'
[2023-07-04T16:17:01.923+0100] {python.py:183} INFO - Done. Returned value was: 0
[2023-07-04T16:17:01.969+0100] {taskinstance.py:1345} INFO - Marking task as SUCCESS. dag_id=updated_day_hist_forcast_data, task_id=clear_memory_updated_forc, execution_date=20230703T000000, start_date=20230704T151701, end_date=20230704T151701
[2023-07-04T16:17:02.001+0100] {local_task_job_runner.py:225} INFO - Task exited with return code 0
[2023-07-04T16:17:02.027+0100] {taskinstance.py:2653} INFO - 0 downstream tasks scheduled from follow-on schedule check
[2023-07-05T09:01:54.274+0100] {taskinstance.py:1103} INFO - Dependencies all met for dep_context=non-requeueable deps ti=<TaskInstance: updated_day_hist_forcast_data.clear_memory_updated_forc scheduled__2023-07-03T00:00:00+00:00 [queued]>
[2023-07-05T09:01:54.283+0100] {taskinstance.py:1103} INFO - Dependencies all met for dep_context=requeueable deps ti=<TaskInstance: updated_day_hist_forcast_data.clear_memory_updated_forc scheduled__2023-07-03T00:00:00+00:00 [queued]>
[2023-07-05T09:01:54.283+0100] {taskinstance.py:1308} INFO - Starting attempt 1 of 3
[2023-07-05T09:01:54.295+0100] {taskinstance.py:1327} INFO - Executing <Task(PythonOperator): clear_memory_updated_forc> on 2023-07-03 00:00:00+00:00
[2023-07-05T09:01:54.298+0100] {standard_task_runner.py:57} INFO - Started process 14946 to run task
[2023-07-05T09:01:54.301+0100] {standard_task_runner.py:84} INFO - Running: ['***', 'tasks', 'run', 'updated_day_hist_forcast_data', 'clear_memory_updated_forc', 'scheduled__2023-07-03T00:00:00+00:00', '--job-id', '169', '--raw', '--subdir', '/home/haboubi/Desktop/api/API_weather/dags/update_day_hist.py', '--cfg-path', '/tmp/tmp8a6guzvd']
[2023-07-05T09:01:54.303+0100] {standard_task_runner.py:85} INFO - Job 169: Subtask clear_memory_updated_forc
[2023-07-05T09:01:54.371+0100] {task_command.py:410} INFO - Running <TaskInstance: updated_day_hist_forcast_data.clear_memory_updated_forc scheduled__2023-07-03T00:00:00+00:00 [running]> on host haboubi-VivoBook-15-ASUS-Laptop-X540UB
[2023-07-05T09:01:54.479+0100] {taskinstance.py:1545} INFO - Exporting env vars: AIRFLOW_CTX_DAG_OWNER='haboubi' AIRFLOW_CTX_DAG_ID='updated_day_hist_forcast_data' AIRFLOW_CTX_TASK_ID='clear_memory_updated_forc' AIRFLOW_CTX_EXECUTION_DATE='2023-07-03T00:00:00+00:00' AIRFLOW_CTX_TRY_NUMBER='1' AIRFLOW_CTX_DAG_RUN_ID='scheduled__2023-07-03T00:00:00+00:00'
[2023-07-05T09:01:54.480+0100] {python.py:183} INFO - Done. Returned value was: 0
[2023-07-05T09:01:54.515+0100] {taskinstance.py:1345} INFO - Marking task as SUCCESS. dag_id=updated_day_hist_forcast_data, task_id=clear_memory_updated_forc, execution_date=20230703T000000, start_date=20230705T080154, end_date=20230705T080154
[2023-07-05T09:01:54.553+0100] {local_task_job_runner.py:225} INFO - Task exited with return code 0
[2023-07-05T09:01:54.581+0100] {taskinstance.py:2653} INFO - 0 downstream tasks scheduled from follow-on schedule check
