[2023-07-05T10:31:11.779+0100] {taskinstance.py:1103} INFO - Dependencies all met for dep_context=non-requeueable deps ti=<TaskInstance: update_current_data_10.trigger_location_db scheduled__2023-05-07T02:40:00+00:00 [queued]>
[2023-07-05T10:31:11.787+0100] {taskinstance.py:1103} INFO - Dependencies all met for dep_context=requeueable deps ti=<TaskInstance: update_current_data_10.trigger_location_db scheduled__2023-05-07T02:40:00+00:00 [queued]>
[2023-07-05T10:31:11.787+0100] {taskinstance.py:1308} INFO - Starting attempt 1 of 3
[2023-07-05T10:31:11.797+0100] {taskinstance.py:1327} INFO - Executing <Task(PythonOperator): trigger_location_db> on 2023-05-07 02:40:00+00:00
[2023-07-05T10:31:11.801+0100] {standard_task_runner.py:57} INFO - Started process 41897 to run task
[2023-07-05T10:31:11.804+0100] {standard_task_runner.py:84} INFO - Running: ['***', 'tasks', 'run', 'update_current_data_10', 'trigger_location_db', 'scheduled__2023-05-07T02:40:00+00:00', '--job-id', '239', '--raw', '--subdir', '/home/haboubi/Desktop/api/API_weather/dags/update_current_dags.py', '--cfg-path', '/tmp/tmpkc9khorw']
[2023-07-05T10:31:11.805+0100] {standard_task_runner.py:85} INFO - Job 239: Subtask trigger_location_db
[2023-07-05T10:31:11.871+0100] {task_command.py:410} INFO - Running <TaskInstance: update_current_data_10.trigger_location_db scheduled__2023-05-07T02:40:00+00:00 [running]> on host haboubi-VivoBook-15-ASUS-Laptop-X540UB
[2023-07-05T10:31:11.964+0100] {taskinstance.py:1545} INFO - Exporting env vars: AIRFLOW_CTX_DAG_OWNER='haboubi' AIRFLOW_CTX_DAG_ID='update_current_data_10' AIRFLOW_CTX_TASK_ID='trigger_location_db' AIRFLOW_CTX_EXECUTION_DATE='2023-05-07T02:40:00+00:00' AIRFLOW_CTX_TRY_NUMBER='1' AIRFLOW_CTX_DAG_RUN_ID='scheduled__2023-05-07T02:40:00+00:00'
[2023-07-05T10:31:12.004+0100] {python.py:183} INFO - Done. Returned value was: None
[2023-07-05T10:31:12.019+0100] {taskinstance.py:1345} INFO - Marking task as SUCCESS. dag_id=update_current_data_10, task_id=trigger_location_db, execution_date=20230507T024000, start_date=20230705T093111, end_date=20230705T093112
[2023-07-05T10:31:12.056+0100] {local_task_job_runner.py:225} INFO - Task exited with return code 0
[2023-07-05T10:31:12.088+0100] {taskinstance.py:2653} INFO - 1 downstream tasks scheduled from follow-on schedule check
[2023-07-05T10:52:06.953+0100] {taskinstance.py:1103} INFO - Dependencies all met for dep_context=non-requeueable deps ti=<TaskInstance: update_current_data_10.trigger_location_db scheduled__2023-05-07T02:40:00+00:00 [queued]>
[2023-07-05T10:52:06.961+0100] {taskinstance.py:1103} INFO - Dependencies all met for dep_context=requeueable deps ti=<TaskInstance: update_current_data_10.trigger_location_db scheduled__2023-05-07T02:40:00+00:00 [queued]>
[2023-07-05T10:52:06.961+0100] {taskinstance.py:1308} INFO - Starting attempt 1 of 3
[2023-07-05T10:52:06.971+0100] {taskinstance.py:1327} INFO - Executing <Task(PythonOperator): trigger_location_db> on 2023-05-07 02:40:00+00:00
[2023-07-05T10:52:06.976+0100] {standard_task_runner.py:57} INFO - Started process 60574 to run task
[2023-07-05T10:52:06.979+0100] {standard_task_runner.py:84} INFO - Running: ['***', 'tasks', 'run', 'update_current_data_10', 'trigger_location_db', 'scheduled__2023-05-07T02:40:00+00:00', '--job-id', '559', '--raw', '--subdir', '/home/haboubi/Desktop/api/API_weather/dags/update_current_dags.py', '--cfg-path', '/tmp/tmp0udrikt0']
[2023-07-05T10:52:06.980+0100] {standard_task_runner.py:85} INFO - Job 559: Subtask trigger_location_db
[2023-07-05T10:52:07.044+0100] {task_command.py:410} INFO - Running <TaskInstance: update_current_data_10.trigger_location_db scheduled__2023-05-07T02:40:00+00:00 [running]> on host haboubi-VivoBook-15-ASUS-Laptop-X540UB
[2023-07-05T10:52:07.138+0100] {taskinstance.py:1545} INFO - Exporting env vars: AIRFLOW_CTX_DAG_OWNER='haboubi' AIRFLOW_CTX_DAG_ID='update_current_data_10' AIRFLOW_CTX_TASK_ID='trigger_location_db' AIRFLOW_CTX_EXECUTION_DATE='2023-05-07T02:40:00+00:00' AIRFLOW_CTX_TRY_NUMBER='1' AIRFLOW_CTX_DAG_RUN_ID='scheduled__2023-05-07T02:40:00+00:00'
[2023-07-05T10:52:07.177+0100] {python.py:183} INFO - Done. Returned value was: None
[2023-07-05T10:52:07.192+0100] {taskinstance.py:1345} INFO - Marking task as SUCCESS. dag_id=update_current_data_10, task_id=trigger_location_db, execution_date=20230507T024000, start_date=20230705T095206, end_date=20230705T095207
[2023-07-05T10:52:07.230+0100] {local_task_job_runner.py:225} INFO - Task exited with return code 0
[2023-07-05T10:52:07.267+0100] {taskinstance.py:2653} INFO - 1 downstream tasks scheduled from follow-on schedule check
