[2023-07-03T16:43:02.323+0100] {taskinstance.py:1103} INFO - Dependencies all met for dep_context=non-requeueable deps ti=<TaskInstance: updated_day_hist.load_updated_data manual__2023-07-03T15:42:45.672938+00:00 [queued]>
[2023-07-03T16:43:02.333+0100] {taskinstance.py:1103} INFO - Dependencies all met for dep_context=requeueable deps ti=<TaskInstance: updated_day_hist.load_updated_data manual__2023-07-03T15:42:45.672938+00:00 [queued]>
[2023-07-03T16:43:02.333+0100] {taskinstance.py:1308} INFO - Starting attempt 1 of 3
[2023-07-03T16:43:02.348+0100] {taskinstance.py:1327} INFO - Executing <Task(PythonOperator): load_updated_data> on 2023-07-03 15:42:45.672938+00:00
[2023-07-03T16:43:02.354+0100] {standard_task_runner.py:57} INFO - Started process 19769 to run task
[2023-07-03T16:43:02.359+0100] {standard_task_runner.py:84} INFO - Running: ['***', 'tasks', 'run', 'updated_day_hist', 'load_updated_data', 'manual__2023-07-03T15:42:45.672938+00:00', '--job-id', '77', '--raw', '--subdir', '/home/haboubi/Desktop/api/API_weather/dags/update_day_hist.py', '--cfg-path', '/tmp/tmpc_ylgjje']
[2023-07-03T16:43:02.360+0100] {standard_task_runner.py:85} INFO - Job 77: Subtask load_updated_data
[2023-07-03T16:43:02.433+0100] {task_command.py:410} INFO - Running <TaskInstance: updated_day_hist.load_updated_data manual__2023-07-03T15:42:45.672938+00:00 [running]> on host haboubi-VivoBook-15-ASUS-Laptop-X540UB
[2023-07-03T16:43:02.541+0100] {taskinstance.py:1545} INFO - Exporting env vars: AIRFLOW_CTX_DAG_OWNER='haboubi' AIRFLOW_CTX_DAG_ID='updated_day_hist' AIRFLOW_CTX_TASK_ID='load_updated_data' AIRFLOW_CTX_EXECUTION_DATE='2023-07-03T15:42:45.672938+00:00' AIRFLOW_CTX_TRY_NUMBER='1' AIRFLOW_CTX_DAG_RUN_ID='manual__2023-07-03T15:42:45.672938+00:00'
[2023-07-03T16:43:02.548+0100] {logging_mixin.py:149} INFO - debug prb: Paris
[2023-07-03T16:43:02.579+0100] {logging_mixin.py:149} INFO - debug prb: London
[2023-07-03T16:43:02.593+0100] {logging_mixin.py:149} INFO - debug prb: Barcelona
[2023-07-03T16:43:02.601+0100] {logging_mixin.py:149} INFO - debug prb: Rome
[2023-07-03T16:43:02.611+0100] {logging_mixin.py:149} INFO - debug prb: New York
[2023-07-03T16:43:02.620+0100] {logging_mixin.py:149} INFO - debug prb: Tokyo
[2023-07-03T16:43:02.629+0100] {logging_mixin.py:149} INFO - debug prb: Istanbul
[2023-07-03T16:43:02.638+0100] {logging_mixin.py:149} INFO - debug prb: Dubai
[2023-07-03T16:43:02.646+0100] {logging_mixin.py:149} INFO - debug prb: Sydney
[2023-07-03T16:43:02.655+0100] {logging_mixin.py:149} INFO - debug prb: Bangkok
[2023-07-03T16:43:02.663+0100] {logging_mixin.py:149} INFO - debug prb: Amsterdam
[2023-07-03T16:43:02.673+0100] {logging_mixin.py:149} INFO - debug prb: Rio De Janeiro
[2023-07-03T16:43:02.682+0100] {logging_mixin.py:149} INFO - debug prb: Prague
[2023-07-03T16:43:02.691+0100] {logging_mixin.py:149} INFO - debug prb: Cape Town
[2023-07-03T16:43:02.699+0100] {logging_mixin.py:149} INFO - debug prb: Buenos Aires
[2023-07-03T16:43:02.709+0100] {logging_mixin.py:149} INFO - debug prb: Singapore
[2023-07-03T16:43:02.717+0100] {logging_mixin.py:149} INFO - debug prb: Florence
[2023-07-03T16:43:02.727+0100] {logging_mixin.py:149} INFO - debug prb: San Francisco
[2023-07-03T16:43:02.735+0100] {logging_mixin.py:149} INFO - debug prb: Marrakech
[2023-07-03T16:43:02.746+0100] {logging_mixin.py:149} INFO - debug prb: Berlin
[2023-07-03T16:43:02.757+0100] {python.py:183} INFO - Done. Returned value was: 0
[2023-07-03T16:43:02.796+0100] {taskinstance.py:1345} INFO - Marking task as SUCCESS. dag_id=updated_day_hist, task_id=load_updated_data, execution_date=20230703T154245, start_date=20230703T154302, end_date=20230703T154302
[2023-07-03T16:43:02.851+0100] {local_task_job_runner.py:225} INFO - Task exited with return code 0
[2023-07-03T16:43:02.898+0100] {taskinstance.py:2653} INFO - 1 downstream tasks scheduled from follow-on schedule check
