[2023-07-05T10:40:21.765+0100] {taskinstance.py:1103} INFO - Dependencies all met for dep_context=non-requeueable deps ti=<TaskInstance: update_current_data_10.trigger_location_db scheduled__2023-05-07T12:00:00+00:00 [queued]>
[2023-07-05T10:40:21.773+0100] {taskinstance.py:1103} INFO - Dependencies all met for dep_context=requeueable deps ti=<TaskInstance: update_current_data_10.trigger_location_db scheduled__2023-05-07T12:00:00+00:00 [queued]>
[2023-07-05T10:40:21.773+0100] {taskinstance.py:1308} INFO - Starting attempt 1 of 3
[2023-07-05T10:40:21.783+0100] {taskinstance.py:1327} INFO - Executing <Task(PythonOperator): trigger_location_db> on 2023-05-07 12:00:00+00:00
[2023-07-05T10:40:21.787+0100] {standard_task_runner.py:57} INFO - Started process 50848 to run task
[2023-07-05T10:40:21.790+0100] {standard_task_runner.py:84} INFO - Running: ['***', 'tasks', 'run', 'update_current_data_10', 'trigger_location_db', 'scheduled__2023-05-07T12:00:00+00:00', '--job-id', '395', '--raw', '--subdir', '/home/haboubi/Desktop/api/API_weather/dags/update_current_dags.py', '--cfg-path', '/tmp/tmpojv85hl4']
[2023-07-05T10:40:21.791+0100] {standard_task_runner.py:85} INFO - Job 395: Subtask trigger_location_db
[2023-07-05T10:40:21.853+0100] {task_command.py:410} INFO - Running <TaskInstance: update_current_data_10.trigger_location_db scheduled__2023-05-07T12:00:00+00:00 [running]> on host haboubi-VivoBook-15-ASUS-Laptop-X540UB
[2023-07-05T10:40:21.948+0100] {taskinstance.py:1545} INFO - Exporting env vars: AIRFLOW_CTX_DAG_OWNER='haboubi' AIRFLOW_CTX_DAG_ID='update_current_data_10' AIRFLOW_CTX_TASK_ID='trigger_location_db' AIRFLOW_CTX_EXECUTION_DATE='2023-05-07T12:00:00+00:00' AIRFLOW_CTX_TRY_NUMBER='1' AIRFLOW_CTX_DAG_RUN_ID='scheduled__2023-05-07T12:00:00+00:00'
[2023-07-05T10:40:21.988+0100] {python.py:183} INFO - Done. Returned value was: None
[2023-07-05T10:40:22.002+0100] {taskinstance.py:1345} INFO - Marking task as SUCCESS. dag_id=update_current_data_10, task_id=trigger_location_db, execution_date=20230507T120000, start_date=20230705T094021, end_date=20230705T094022
[2023-07-05T10:40:22.042+0100] {local_task_job_runner.py:225} INFO - Task exited with return code 0
[2023-07-05T10:40:22.081+0100] {taskinstance.py:2653} INFO - 1 downstream tasks scheduled from follow-on schedule check
[2023-07-05T11:03:07.472+0100] {taskinstance.py:1103} INFO - Dependencies all met for dep_context=non-requeueable deps ti=<TaskInstance: update_current_data_10.trigger_location_db scheduled__2023-05-07T12:00:00+00:00 [queued]>
[2023-07-05T11:03:07.480+0100] {taskinstance.py:1103} INFO - Dependencies all met for dep_context=requeueable deps ti=<TaskInstance: update_current_data_10.trigger_location_db scheduled__2023-05-07T12:00:00+00:00 [queued]>
[2023-07-05T11:03:07.480+0100] {taskinstance.py:1308} INFO - Starting attempt 1 of 3
[2023-07-05T11:03:07.490+0100] {taskinstance.py:1327} INFO - Executing <Task(PythonOperator): trigger_location_db> on 2023-05-07 12:00:00+00:00
[2023-07-05T11:03:07.494+0100] {standard_task_runner.py:57} INFO - Started process 69095 to run task
[2023-07-05T11:03:07.497+0100] {standard_task_runner.py:84} INFO - Running: ['***', 'tasks', 'run', 'update_current_data_10', 'trigger_location_db', 'scheduled__2023-05-07T12:00:00+00:00', '--job-id', '678', '--raw', '--subdir', '/home/haboubi/Desktop/api/API_weather/dags/update_current_dags.py', '--cfg-path', '/tmp/tmpwphpbjuw']
[2023-07-05T11:03:07.498+0100] {standard_task_runner.py:85} INFO - Job 678: Subtask trigger_location_db
[2023-07-05T11:03:07.562+0100] {task_command.py:410} INFO - Running <TaskInstance: update_current_data_10.trigger_location_db scheduled__2023-05-07T12:00:00+00:00 [running]> on host haboubi-VivoBook-15-ASUS-Laptop-X540UB
[2023-07-05T11:03:07.657+0100] {taskinstance.py:1545} INFO - Exporting env vars: AIRFLOW_CTX_DAG_OWNER='haboubi' AIRFLOW_CTX_DAG_ID='update_current_data_10' AIRFLOW_CTX_TASK_ID='trigger_location_db' AIRFLOW_CTX_EXECUTION_DATE='2023-05-07T12:00:00+00:00' AIRFLOW_CTX_TRY_NUMBER='1' AIRFLOW_CTX_DAG_RUN_ID='scheduled__2023-05-07T12:00:00+00:00'
[2023-07-05T11:03:07.696+0100] {python.py:183} INFO - Done. Returned value was: None
[2023-07-05T11:03:07.713+0100] {taskinstance.py:1345} INFO - Marking task as SUCCESS. dag_id=update_current_data_10, task_id=trigger_location_db, execution_date=20230507T120000, start_date=20230705T100307, end_date=20230705T100307
[2023-07-05T11:03:07.749+0100] {local_task_job_runner.py:225} INFO - Task exited with return code 0
[2023-07-05T11:03:07.780+0100] {taskinstance.py:2653} INFO - 1 downstream tasks scheduled from follow-on schedule check
