[2023-07-05T10:41:48.026+0100] {taskinstance.py:1103} INFO - Dependencies all met for dep_context=non-requeueable deps ti=<TaskInstance: update_current_data_10.trigger_location_db scheduled__2023-05-07T13:00:00+00:00 [queued]>
[2023-07-05T10:41:48.034+0100] {taskinstance.py:1103} INFO - Dependencies all met for dep_context=requeueable deps ti=<TaskInstance: update_current_data_10.trigger_location_db scheduled__2023-05-07T13:00:00+00:00 [queued]>
[2023-07-05T10:41:48.034+0100] {taskinstance.py:1308} INFO - Starting attempt 1 of 3
[2023-07-05T10:41:48.044+0100] {taskinstance.py:1327} INFO - Executing <Task(PythonOperator): trigger_location_db> on 2023-05-07 13:00:00+00:00
[2023-07-05T10:41:48.048+0100] {standard_task_runner.py:57} INFO - Started process 52284 to run task
[2023-07-05T10:41:48.051+0100] {standard_task_runner.py:84} INFO - Running: ['***', 'tasks', 'run', 'update_current_data_10', 'trigger_location_db', 'scheduled__2023-05-07T13:00:00+00:00', '--job-id', '419', '--raw', '--subdir', '/home/haboubi/Desktop/api/API_weather/dags/update_current_dags.py', '--cfg-path', '/tmp/tmpogdvm5ra']
[2023-07-05T10:41:48.052+0100] {standard_task_runner.py:85} INFO - Job 419: Subtask trigger_location_db
[2023-07-05T10:41:48.117+0100] {task_command.py:410} INFO - Running <TaskInstance: update_current_data_10.trigger_location_db scheduled__2023-05-07T13:00:00+00:00 [running]> on host haboubi-VivoBook-15-ASUS-Laptop-X540UB
[2023-07-05T10:41:48.212+0100] {taskinstance.py:1545} INFO - Exporting env vars: AIRFLOW_CTX_DAG_OWNER='haboubi' AIRFLOW_CTX_DAG_ID='update_current_data_10' AIRFLOW_CTX_TASK_ID='trigger_location_db' AIRFLOW_CTX_EXECUTION_DATE='2023-05-07T13:00:00+00:00' AIRFLOW_CTX_TRY_NUMBER='1' AIRFLOW_CTX_DAG_RUN_ID='scheduled__2023-05-07T13:00:00+00:00'
[2023-07-05T10:41:48.252+0100] {python.py:183} INFO - Done. Returned value was: None
[2023-07-05T10:41:48.268+0100] {taskinstance.py:1345} INFO - Marking task as SUCCESS. dag_id=update_current_data_10, task_id=trigger_location_db, execution_date=20230507T130000, start_date=20230705T094148, end_date=20230705T094148
[2023-07-05T10:41:48.303+0100] {local_task_job_runner.py:225} INFO - Task exited with return code 0
[2023-07-05T10:41:48.334+0100] {taskinstance.py:2653} INFO - 1 downstream tasks scheduled from follow-on schedule check
[2023-07-05T11:04:49.843+0100] {taskinstance.py:1103} INFO - Dependencies all met for dep_context=non-requeueable deps ti=<TaskInstance: update_current_data_10.trigger_location_db scheduled__2023-05-07T13:00:00+00:00 [queued]>
[2023-07-05T11:04:49.851+0100] {taskinstance.py:1103} INFO - Dependencies all met for dep_context=requeueable deps ti=<TaskInstance: update_current_data_10.trigger_location_db scheduled__2023-05-07T13:00:00+00:00 [queued]>
[2023-07-05T11:04:49.851+0100] {taskinstance.py:1308} INFO - Starting attempt 1 of 3
[2023-07-05T11:04:49.862+0100] {taskinstance.py:1327} INFO - Executing <Task(PythonOperator): trigger_location_db> on 2023-05-07 13:00:00+00:00
[2023-07-05T11:04:49.866+0100] {standard_task_runner.py:57} INFO - Started process 70435 to run task
[2023-07-05T11:04:49.868+0100] {standard_task_runner.py:84} INFO - Running: ['***', 'tasks', 'run', 'update_current_data_10', 'trigger_location_db', 'scheduled__2023-05-07T13:00:00+00:00', '--job-id', '703', '--raw', '--subdir', '/home/haboubi/Desktop/api/API_weather/dags/update_current_dags.py', '--cfg-path', '/tmp/tmpvs2t4l35']
[2023-07-05T11:04:49.870+0100] {standard_task_runner.py:85} INFO - Job 703: Subtask trigger_location_db
[2023-07-05T11:04:49.931+0100] {task_command.py:410} INFO - Running <TaskInstance: update_current_data_10.trigger_location_db scheduled__2023-05-07T13:00:00+00:00 [running]> on host haboubi-VivoBook-15-ASUS-Laptop-X540UB
[2023-07-05T11:04:50.024+0100] {taskinstance.py:1545} INFO - Exporting env vars: AIRFLOW_CTX_DAG_OWNER='haboubi' AIRFLOW_CTX_DAG_ID='update_current_data_10' AIRFLOW_CTX_TASK_ID='trigger_location_db' AIRFLOW_CTX_EXECUTION_DATE='2023-05-07T13:00:00+00:00' AIRFLOW_CTX_TRY_NUMBER='1' AIRFLOW_CTX_DAG_RUN_ID='scheduled__2023-05-07T13:00:00+00:00'
[2023-07-05T11:04:50.063+0100] {python.py:183} INFO - Done. Returned value was: None
[2023-07-05T11:04:50.077+0100] {taskinstance.py:1345} INFO - Marking task as SUCCESS. dag_id=update_current_data_10, task_id=trigger_location_db, execution_date=20230507T130000, start_date=20230705T100449, end_date=20230705T100450
[2023-07-05T11:04:50.120+0100] {local_task_job_runner.py:225} INFO - Task exited with return code 0
[2023-07-05T11:04:50.166+0100] {taskinstance.py:2653} INFO - 1 downstream tasks scheduled from follow-on schedule check
