[2023-07-05T10:30:02.039+0100] {taskinstance.py:1103} INFO - Dependencies all met for dep_context=non-requeueable deps ti=<TaskInstance: update_current_data_10.extract_current_data scheduled__2023-05-07T00:20:00+00:00 [queued]>
[2023-07-05T10:30:02.048+0100] {taskinstance.py:1103} INFO - Dependencies all met for dep_context=requeueable deps ti=<TaskInstance: update_current_data_10.extract_current_data scheduled__2023-05-07T00:20:00+00:00 [queued]>
[2023-07-05T10:30:02.048+0100] {taskinstance.py:1308} INFO - Starting attempt 1 of 3
[2023-07-05T10:30:02.059+0100] {taskinstance.py:1327} INFO - Executing <Task(PythonOperator): extract_current_data> on 2023-05-07 00:20:00+00:00
[2023-07-05T10:30:02.068+0100] {standard_task_runner.py:57} INFO - Started process 40781 to run task
[2023-07-05T10:30:02.073+0100] {standard_task_runner.py:84} INFO - Running: ['***', 'tasks', 'run', 'update_current_data_10', 'extract_current_data', 'scheduled__2023-05-07T00:20:00+00:00', '--job-id', '221', '--raw', '--subdir', '/home/haboubi/Desktop/api/API_weather/dags/update_current_dags.py', '--cfg-path', '/tmp/tmp679lrscc']
[2023-07-05T10:30:02.075+0100] {standard_task_runner.py:85} INFO - Job 221: Subtask extract_current_data
[2023-07-05T10:30:02.141+0100] {task_command.py:410} INFO - Running <TaskInstance: update_current_data_10.extract_current_data scheduled__2023-05-07T00:20:00+00:00 [running]> on host haboubi-VivoBook-15-ASUS-Laptop-X540UB
[2023-07-05T10:30:02.237+0100] {taskinstance.py:1545} INFO - Exporting env vars: AIRFLOW_CTX_DAG_OWNER='haboubi' AIRFLOW_CTX_DAG_ID='update_current_data_10' AIRFLOW_CTX_TASK_ID='extract_current_data' AIRFLOW_CTX_EXECUTION_DATE='2023-05-07T00:20:00+00:00' AIRFLOW_CTX_TRY_NUMBER='1' AIRFLOW_CTX_DAG_RUN_ID='scheduled__2023-05-07T00:20:00+00:00'
[2023-07-05T10:30:05.997+0100] {python.py:183} INFO - Done. Returned value was: None
[2023-07-05T10:30:06.042+0100] {taskinstance.py:1345} INFO - Marking task as SUCCESS. dag_id=update_current_data_10, task_id=extract_current_data, execution_date=20230507T002000, start_date=20230705T093002, end_date=20230705T093006
[2023-07-05T10:30:06.071+0100] {local_task_job_runner.py:225} INFO - Task exited with return code 0
[2023-07-05T10:30:06.108+0100] {taskinstance.py:2653} INFO - 1 downstream tasks scheduled from follow-on schedule check
[2023-07-05T10:50:58.755+0100] {taskinstance.py:1103} INFO - Dependencies all met for dep_context=non-requeueable deps ti=<TaskInstance: update_current_data_10.extract_current_data scheduled__2023-05-07T00:20:00+00:00 [queued]>
[2023-07-05T10:50:58.763+0100] {taskinstance.py:1103} INFO - Dependencies all met for dep_context=requeueable deps ti=<TaskInstance: update_current_data_10.extract_current_data scheduled__2023-05-07T00:20:00+00:00 [queued]>
[2023-07-05T10:50:58.763+0100] {taskinstance.py:1308} INFO - Starting attempt 1 of 3
[2023-07-05T10:50:58.773+0100] {taskinstance.py:1327} INFO - Executing <Task(PythonOperator): extract_current_data> on 2023-05-07 00:20:00+00:00
[2023-07-05T10:50:58.777+0100] {standard_task_runner.py:57} INFO - Started process 59528 to run task
[2023-07-05T10:50:58.780+0100] {standard_task_runner.py:84} INFO - Running: ['***', 'tasks', 'run', 'update_current_data_10', 'extract_current_data', 'scheduled__2023-05-07T00:20:00+00:00', '--job-id', '541', '--raw', '--subdir', '/home/haboubi/Desktop/api/API_weather/dags/update_current_dags.py', '--cfg-path', '/tmp/tmpqx05kbps']
[2023-07-05T10:50:58.782+0100] {standard_task_runner.py:85} INFO - Job 541: Subtask extract_current_data
[2023-07-05T10:50:58.846+0100] {task_command.py:410} INFO - Running <TaskInstance: update_current_data_10.extract_current_data scheduled__2023-05-07T00:20:00+00:00 [running]> on host haboubi-VivoBook-15-ASUS-Laptop-X540UB
[2023-07-05T10:50:58.948+0100] {taskinstance.py:1545} INFO - Exporting env vars: AIRFLOW_CTX_DAG_OWNER='haboubi' AIRFLOW_CTX_DAG_ID='update_current_data_10' AIRFLOW_CTX_TASK_ID='extract_current_data' AIRFLOW_CTX_EXECUTION_DATE='2023-05-07T00:20:00+00:00' AIRFLOW_CTX_TRY_NUMBER='1' AIRFLOW_CTX_DAG_RUN_ID='scheduled__2023-05-07T00:20:00+00:00'
[2023-07-05T10:51:02.672+0100] {python.py:183} INFO - Done. Returned value was: None
[2023-07-05T10:51:02.717+0100] {taskinstance.py:1345} INFO - Marking task as SUCCESS. dag_id=update_current_data_10, task_id=extract_current_data, execution_date=20230507T002000, start_date=20230705T095058, end_date=20230705T095102
[2023-07-05T10:51:02.734+0100] {local_task_job_runner.py:225} INFO - Task exited with return code 0
[2023-07-05T10:51:02.767+0100] {taskinstance.py:2653} INFO - 1 downstream tasks scheduled from follow-on schedule check
