[2023-07-03T16:53:41.172+0100] {taskinstance.py:1103} INFO - Dependencies all met for dep_context=non-requeueable deps ti=<TaskInstance: updated_day_hist.extract_updated_data manual__2023-07-03T15:53:34.627887+00:00 [queued]>
[2023-07-03T16:53:41.187+0100] {taskinstance.py:1103} INFO - Dependencies all met for dep_context=requeueable deps ti=<TaskInstance: updated_day_hist.extract_updated_data manual__2023-07-03T15:53:34.627887+00:00 [queued]>
[2023-07-03T16:53:41.188+0100] {taskinstance.py:1308} INFO - Starting attempt 1 of 3
[2023-07-03T16:53:41.207+0100] {taskinstance.py:1327} INFO - Executing <Task(PythonOperator): extract_updated_data> on 2023-07-03 15:53:34.627887+00:00
[2023-07-03T16:53:41.217+0100] {standard_task_runner.py:57} INFO - Started process 25460 to run task
[2023-07-03T16:53:41.224+0100] {standard_task_runner.py:84} INFO - Running: ['***', 'tasks', 'run', 'updated_day_hist', 'extract_updated_data', 'manual__2023-07-03T15:53:34.627887+00:00', '--job-id', '103', '--raw', '--subdir', '/home/haboubi/Desktop/api/API_weather/dags/update_day_hist.py', '--cfg-path', '/tmp/tmpwud59_h1']
[2023-07-03T16:53:41.226+0100] {standard_task_runner.py:85} INFO - Job 103: Subtask extract_updated_data
[2023-07-03T16:53:41.319+0100] {task_command.py:410} INFO - Running <TaskInstance: updated_day_hist.extract_updated_data manual__2023-07-03T15:53:34.627887+00:00 [running]> on host haboubi-VivoBook-15-ASUS-Laptop-X540UB
[2023-07-03T16:53:41.447+0100] {taskinstance.py:1545} INFO - Exporting env vars: AIRFLOW_CTX_DAG_OWNER='haboubi' AIRFLOW_CTX_DAG_ID='updated_day_hist' AIRFLOW_CTX_TASK_ID='extract_updated_data' AIRFLOW_CTX_EXECUTION_DATE='2023-07-03T15:53:34.627887+00:00' AIRFLOW_CTX_TRY_NUMBER='1' AIRFLOW_CTX_DAG_RUN_ID='manual__2023-07-03T15:53:34.627887+00:00'
[2023-07-03T16:53:41.474+0100] {logging_mixin.py:149} INFO - im here 2023
[2023-07-03T16:53:42.047+0100] {logging_mixin.py:149} INFO - im here 2023
[2023-07-03T16:53:42.335+0100] {logging_mixin.py:149} INFO - im here 2023
[2023-07-03T16:53:42.822+0100] {logging_mixin.py:149} INFO - im here 2023
[2023-07-03T16:53:43.085+0100] {logging_mixin.py:149} INFO - im here 2023
[2023-07-03T16:53:43.372+0100] {logging_mixin.py:149} INFO - im here 2023
[2023-07-03T16:53:43.621+0100] {logging_mixin.py:149} INFO - im here 2023
[2023-07-03T16:53:43.872+0100] {logging_mixin.py:149} INFO - im here 2023
[2023-07-03T16:53:44.378+0100] {logging_mixin.py:149} INFO - im here 2023
[2023-07-03T16:53:44.675+0100] {logging_mixin.py:149} INFO - im here 2023
[2023-07-03T16:53:44.998+0100] {logging_mixin.py:149} INFO - im here 2023
[2023-07-03T16:53:45.258+0100] {logging_mixin.py:149} INFO - im here 2023
[2023-07-03T16:53:45.653+0100] {logging_mixin.py:149} INFO - im here 2023
[2023-07-03T16:53:45.952+0100] {logging_mixin.py:149} INFO - im here 2023
[2023-07-03T16:53:46.293+0100] {logging_mixin.py:149} INFO - im here 2023
[2023-07-03T16:53:46.787+0100] {logging_mixin.py:149} INFO - im here 2023
[2023-07-03T16:53:47.187+0100] {logging_mixin.py:149} INFO - im here 2023
[2023-07-03T16:53:47.446+0100] {logging_mixin.py:149} INFO - im here 2023
[2023-07-03T16:53:47.783+0100] {logging_mixin.py:149} INFO - im here 2023
[2023-07-03T16:53:48.228+0100] {logging_mixin.py:149} INFO - im here 2023
[2023-07-03T16:53:48.836+0100] {python.py:183} INFO - Done. Returned value was: None
[2023-07-03T16:53:48.862+0100] {taskinstance.py:1345} INFO - Marking task as SUCCESS. dag_id=updated_day_hist, task_id=extract_updated_data, execution_date=20230703T155334, start_date=20230703T155341, end_date=20230703T155348
[2023-07-03T16:53:48.897+0100] {local_task_job_runner.py:225} INFO - Task exited with return code 0
[2023-07-03T16:53:48.944+0100] {taskinstance.py:2653} INFO - 1 downstream tasks scheduled from follow-on schedule check
