[2023-07-03T18:45:32.138+0100] {taskinstance.py:1103} INFO - Dependencies all met for dep_context=non-requeueable deps ti=<TaskInstance: updated_day_hist_forcast_data.extract_updated_data manual__2023-07-03T17:44:50.242932+00:00 [queued]>
[2023-07-03T18:45:32.149+0100] {taskinstance.py:1103} INFO - Dependencies all met for dep_context=requeueable deps ti=<TaskInstance: updated_day_hist_forcast_data.extract_updated_data manual__2023-07-03T17:44:50.242932+00:00 [queued]>
[2023-07-03T18:45:32.149+0100] {taskinstance.py:1308} INFO - Starting attempt 1 of 3
[2023-07-03T18:45:32.164+0100] {taskinstance.py:1327} INFO - Executing <Task(PythonOperator): extract_updated_data> on 2023-07-03 17:44:50.242932+00:00
[2023-07-03T18:45:32.172+0100] {standard_task_runner.py:57} INFO - Started process 55183 to run task
[2023-07-03T18:45:32.179+0100] {standard_task_runner.py:84} INFO - Running: ['***', 'tasks', 'run', 'updated_day_hist_forcast_data', 'extract_updated_data', 'manual__2023-07-03T17:44:50.242932+00:00', '--job-id', '123', '--raw', '--subdir', '/home/haboubi/Desktop/api/API_weather/dags/update_day_hist.py', '--cfg-path', '/tmp/tmpmw0rbkkx']
[2023-07-03T18:45:32.181+0100] {standard_task_runner.py:85} INFO - Job 123: Subtask extract_updated_data
[2023-07-03T18:45:32.281+0100] {task_command.py:410} INFO - Running <TaskInstance: updated_day_hist_forcast_data.extract_updated_data manual__2023-07-03T17:44:50.242932+00:00 [running]> on host haboubi-VivoBook-15-ASUS-Laptop-X540UB
[2023-07-03T18:45:32.444+0100] {taskinstance.py:1545} INFO - Exporting env vars: AIRFLOW_CTX_DAG_OWNER='haboubi' AIRFLOW_CTX_DAG_ID='updated_day_hist_forcast_data' AIRFLOW_CTX_TASK_ID='extract_updated_data' AIRFLOW_CTX_EXECUTION_DATE='2023-07-03T17:44:50.242932+00:00' AIRFLOW_CTX_TRY_NUMBER='1' AIRFLOW_CTX_DAG_RUN_ID='manual__2023-07-03T17:44:50.242932+00:00'
[2023-07-03T18:45:32.481+0100] {logging_mixin.py:149} INFO - im here 2023
[2023-07-03T18:45:32.761+0100] {logging_mixin.py:149} INFO - im here 2023
[2023-07-03T18:45:33.055+0100] {logging_mixin.py:149} INFO - im here 2023
[2023-07-03T18:45:33.307+0100] {logging_mixin.py:149} INFO - im here 2023
[2023-07-03T18:45:33.560+0100] {logging_mixin.py:149} INFO - im here 2023
[2023-07-03T18:45:33.820+0100] {logging_mixin.py:149} INFO - im here 2023
[2023-07-03T18:45:34.054+0100] {logging_mixin.py:149} INFO - im here 2023
[2023-07-03T18:45:34.283+0100] {logging_mixin.py:149} INFO - im here 2023
[2023-07-03T18:45:34.546+0100] {logging_mixin.py:149} INFO - im here 2023
[2023-07-03T18:45:34.766+0100] {logging_mixin.py:149} INFO - im here 2023
[2023-07-03T18:45:35.139+0100] {logging_mixin.py:149} INFO - im here 2023
[2023-07-03T18:45:35.387+0100] {logging_mixin.py:149} INFO - im here 2023
[2023-07-03T18:45:35.692+0100] {logging_mixin.py:149} INFO - im here 2023
[2023-07-03T18:45:35.984+0100] {logging_mixin.py:149} INFO - im here 2023
[2023-07-03T18:45:36.319+0100] {logging_mixin.py:149} INFO - im here 2023
[2023-07-03T18:45:36.547+0100] {logging_mixin.py:149} INFO - im here 2023
[2023-07-03T18:45:36.805+0100] {logging_mixin.py:149} INFO - im here 2023
[2023-07-03T18:45:37.226+0100] {logging_mixin.py:149} INFO - im here 2023
[2023-07-03T18:45:37.546+0100] {logging_mixin.py:149} INFO - im here 2023
[2023-07-03T18:45:37.810+0100] {logging_mixin.py:149} INFO - im here 2023
[2023-07-03T18:45:48.033+0100] {python.py:183} INFO - Done. Returned value was: None
[2023-07-03T18:45:48.055+0100] {taskinstance.py:1345} INFO - Marking task as SUCCESS. dag_id=updated_day_hist_forcast_data, task_id=extract_updated_data, execution_date=20230703T174450, start_date=20230703T174532, end_date=20230703T174548
[2023-07-03T18:45:48.085+0100] {local_task_job_runner.py:225} INFO - Task exited with return code 0
[2023-07-03T18:45:48.130+0100] {taskinstance.py:2653} INFO - 1 downstream tasks scheduled from follow-on schedule check
