[2023-07-05T10:44:13.591+0100] {taskinstance.py:1103} INFO - Dependencies all met for dep_context=non-requeueable deps ti=<TaskInstance: update_current_data_10.extract_current_data scheduled__2023-05-07T15:40:00+00:00 [queued]>
[2023-07-05T10:44:13.600+0100] {taskinstance.py:1103} INFO - Dependencies all met for dep_context=requeueable deps ti=<TaskInstance: update_current_data_10.extract_current_data scheduled__2023-05-07T15:40:00+00:00 [queued]>
[2023-07-05T10:44:13.601+0100] {taskinstance.py:1308} INFO - Starting attempt 1 of 3
[2023-07-05T10:44:13.612+0100] {taskinstance.py:1327} INFO - Executing <Task(PythonOperator): extract_current_data> on 2023-05-07 15:40:00+00:00
[2023-07-05T10:44:13.617+0100] {standard_task_runner.py:57} INFO - Started process 54612 to run task
[2023-07-05T10:44:13.620+0100] {standard_task_runner.py:84} INFO - Running: ['***', 'tasks', 'run', 'update_current_data_10', 'extract_current_data', 'scheduled__2023-05-07T15:40:00+00:00', '--job-id', '464', '--raw', '--subdir', '/home/haboubi/Desktop/api/API_weather/dags/update_current_dags.py', '--cfg-path', '/tmp/tmpiof26dj9']
[2023-07-05T10:44:13.621+0100] {standard_task_runner.py:85} INFO - Job 464: Subtask extract_current_data
[2023-07-05T10:44:13.686+0100] {task_command.py:410} INFO - Running <TaskInstance: update_current_data_10.extract_current_data scheduled__2023-05-07T15:40:00+00:00 [running]> on host haboubi-VivoBook-15-ASUS-Laptop-X540UB
[2023-07-05T10:44:13.783+0100] {taskinstance.py:1545} INFO - Exporting env vars: AIRFLOW_CTX_DAG_OWNER='haboubi' AIRFLOW_CTX_DAG_ID='update_current_data_10' AIRFLOW_CTX_TASK_ID='extract_current_data' AIRFLOW_CTX_EXECUTION_DATE='2023-05-07T15:40:00+00:00' AIRFLOW_CTX_TRY_NUMBER='1' AIRFLOW_CTX_DAG_RUN_ID='scheduled__2023-05-07T15:40:00+00:00'
[2023-07-05T10:44:17.648+0100] {python.py:183} INFO - Done. Returned value was: None
[2023-07-05T10:44:17.691+0100] {taskinstance.py:1345} INFO - Marking task as SUCCESS. dag_id=update_current_data_10, task_id=extract_current_data, execution_date=20230507T154000, start_date=20230705T094413, end_date=20230705T094417
[2023-07-05T10:44:17.738+0100] {local_task_job_runner.py:225} INFO - Task exited with return code 0
[2023-07-05T10:44:17.782+0100] {taskinstance.py:2653} INFO - 1 downstream tasks scheduled from follow-on schedule check
[2023-07-05T11:08:59.135+0100] {taskinstance.py:1103} INFO - Dependencies all met for dep_context=non-requeueable deps ti=<TaskInstance: update_current_data_10.extract_current_data scheduled__2023-05-07T15:40:00+00:00 [queued]>
[2023-07-05T11:08:59.144+0100] {taskinstance.py:1103} INFO - Dependencies all met for dep_context=requeueable deps ti=<TaskInstance: update_current_data_10.extract_current_data scheduled__2023-05-07T15:40:00+00:00 [queued]>
[2023-07-05T11:08:59.144+0100] {taskinstance.py:1308} INFO - Starting attempt 1 of 3
[2023-07-05T11:08:59.155+0100] {taskinstance.py:1327} INFO - Executing <Task(PythonOperator): extract_current_data> on 2023-05-07 15:40:00+00:00
[2023-07-05T11:08:59.158+0100] {standard_task_runner.py:57} INFO - Started process 75487 to run task
[2023-07-05T11:08:59.162+0100] {standard_task_runner.py:84} INFO - Running: ['***', 'tasks', 'run', 'update_current_data_10', 'extract_current_data', 'scheduled__2023-05-07T15:40:00+00:00', '--job-id', '775', '--raw', '--subdir', '/home/haboubi/Desktop/api/API_weather/dags/update_current_dags.py', '--cfg-path', '/tmp/tmpoevgmryo']
[2023-07-05T11:08:59.163+0100] {standard_task_runner.py:85} INFO - Job 775: Subtask extract_current_data
[2023-07-05T11:08:59.228+0100] {task_command.py:410} INFO - Running <TaskInstance: update_current_data_10.extract_current_data scheduled__2023-05-07T15:40:00+00:00 [running]> on host haboubi-VivoBook-15-ASUS-Laptop-X540UB
[2023-07-05T11:08:59.341+0100] {taskinstance.py:1545} INFO - Exporting env vars: AIRFLOW_CTX_DAG_OWNER='haboubi' AIRFLOW_CTX_DAG_ID='update_current_data_10' AIRFLOW_CTX_TASK_ID='extract_current_data' AIRFLOW_CTX_EXECUTION_DATE='2023-05-07T15:40:00+00:00' AIRFLOW_CTX_TRY_NUMBER='1' AIRFLOW_CTX_DAG_RUN_ID='scheduled__2023-05-07T15:40:00+00:00'
[2023-07-05T11:09:03.409+0100] {python.py:183} INFO - Done. Returned value was: None
[2023-07-05T11:09:03.443+0100] {taskinstance.py:1345} INFO - Marking task as SUCCESS. dag_id=update_current_data_10, task_id=extract_current_data, execution_date=20230507T154000, start_date=20230705T100859, end_date=20230705T100903
[2023-07-05T11:09:03.476+0100] {local_task_job_runner.py:225} INFO - Task exited with return code 0
[2023-07-05T11:09:03.508+0100] {taskinstance.py:2653} INFO - 1 downstream tasks scheduled from follow-on schedule check
