[2023-07-06T21:50:04.068+0100] {taskinstance.py:1103} INFO - Dependencies all met for dep_context=non-requeueable deps ti=<TaskInstance: update_current_data_10.load_current_data scheduled__2023-06-05T16:20:00+00:00 [queued]>
[2023-07-06T21:50:04.076+0100] {taskinstance.py:1103} INFO - Dependencies all met for dep_context=requeueable deps ti=<TaskInstance: update_current_data_10.load_current_data scheduled__2023-06-05T16:20:00+00:00 [queued]>
[2023-07-06T21:50:04.076+0100] {taskinstance.py:1308} INFO - Starting attempt 1 of 3
[2023-07-06T21:50:04.087+0100] {taskinstance.py:1327} INFO - Executing <Task(PythonOperator): load_current_data> on 2023-06-05 16:20:00+00:00
[2023-07-06T21:50:04.091+0100] {standard_task_runner.py:57} INFO - Started process 543796 to run task
[2023-07-06T21:50:04.094+0100] {standard_task_runner.py:84} INFO - Running: ['***', 'tasks', 'run', 'update_current_data_10', 'load_current_data', 'scheduled__2023-06-05T16:20:00+00:00', '--job-id', '9672', '--raw', '--subdir', '/home/haboubi/Desktop/api/API_weather/dags/update_current_dags.py', '--cfg-path', '/tmp/tmp6q42s02i']
[2023-07-06T21:50:04.096+0100] {standard_task_runner.py:85} INFO - Job 9672: Subtask load_current_data
[2023-07-06T21:50:04.165+0100] {task_command.py:410} INFO - Running <TaskInstance: update_current_data_10.load_current_data scheduled__2023-06-05T16:20:00+00:00 [running]> on host haboubi-VivoBook-15-ASUS-Laptop-X540UB
[2023-07-06T21:50:04.267+0100] {taskinstance.py:1545} INFO - Exporting env vars: AIRFLOW_CTX_DAG_OWNER='haboubi' AIRFLOW_CTX_DAG_ID='update_current_data_10' AIRFLOW_CTX_TASK_ID='load_current_data' AIRFLOW_CTX_EXECUTION_DATE='2023-06-05T16:20:00+00:00' AIRFLOW_CTX_TRY_NUMBER='1' AIRFLOW_CTX_DAG_RUN_ID='scheduled__2023-06-05T16:20:00+00:00'
[2023-07-06T21:50:04.290+0100] {logging_mixin.py:149} INFO - ['Paris', datetime.date(2023, 7, 5)]
[2023-07-06T21:50:04.367+0100] {logging_mixin.py:149} INFO - ['London', datetime.date(2023, 7, 5)]
[2023-07-06T21:50:04.400+0100] {logging_mixin.py:149} INFO - ['Barcelona', datetime.date(2023, 7, 5)]
[2023-07-06T21:50:04.523+0100] {logging_mixin.py:149} INFO - ['Rome', datetime.date(2023, 7, 5)]
[2023-07-06T21:50:04.560+0100] {logging_mixin.py:149} INFO - ['New York', datetime.date(2023, 7, 5)]
[2023-07-06T21:50:04.596+0100] {logging_mixin.py:149} INFO - ['Tokyo', datetime.date(2023, 7, 5)]
[2023-07-06T21:50:04.630+0100] {logging_mixin.py:149} INFO - ['Istanbul', datetime.date(2023, 7, 5)]
[2023-07-06T21:50:04.725+0100] {logging_mixin.py:149} INFO - ['Dubai', datetime.date(2023, 7, 5)]
[2023-07-06T21:50:04.760+0100] {logging_mixin.py:149} INFO - ['Sydney', datetime.date(2023, 7, 5)]
[2023-07-06T21:50:04.796+0100] {logging_mixin.py:149} INFO - ['Bangkok', datetime.date(2023, 7, 5)]
[2023-07-06T21:50:04.835+0100] {logging_mixin.py:149} INFO - ['Amsterdam', datetime.date(2023, 7, 5)]
[2023-07-06T21:50:04.871+0100] {logging_mixin.py:149} INFO - ['Rio De Janeiro', datetime.date(2023, 7, 5)]
[2023-07-06T21:50:04.967+0100] {logging_mixin.py:149} INFO - ['Prague', datetime.date(2023, 7, 5)]
[2023-07-06T21:50:05.002+0100] {logging_mixin.py:149} INFO - ['Cape Town', datetime.date(2023, 7, 5)]
[2023-07-06T21:50:05.038+0100] {logging_mixin.py:149} INFO - ['Buenos Aires', datetime.date(2023, 7, 5)]
[2023-07-06T21:50:05.073+0100] {logging_mixin.py:149} INFO - ['Berlin', datetime.date(2023, 7, 5)]
[2023-07-06T21:50:05.163+0100] {logging_mixin.py:149} INFO - ['Singapore', datetime.date(2023, 7, 5)]
[2023-07-06T21:50:05.198+0100] {logging_mixin.py:149} INFO - ['Florence', datetime.date(2023, 7, 5)]
[2023-07-06T21:50:05.234+0100] {logging_mixin.py:149} INFO - ['San Francisco', datetime.date(2023, 7, 5)]
[2023-07-06T21:50:05.272+0100] {logging_mixin.py:149} INFO - ['Marrakech', datetime.date(2023, 7, 5)]
[2023-07-06T21:50:05.370+0100] {python.py:183} INFO - Done. Returned value was: 0
[2023-07-06T21:50:05.402+0100] {taskinstance.py:1345} INFO - Marking task as SUCCESS. dag_id=update_current_data_10, task_id=load_current_data, execution_date=20230605T162000, start_date=20230706T205004, end_date=20230706T205005
[2023-07-06T21:50:05.429+0100] {local_task_job_runner.py:225} INFO - Task exited with return code 0
[2023-07-06T21:50:05.456+0100] {taskinstance.py:2653} INFO - 1 downstream tasks scheduled from follow-on schedule check
