[2023-07-05T10:45:35.315+0100] {taskinstance.py:1103} INFO - Dependencies all met for dep_context=non-requeueable deps ti=<TaskInstance: update_current_data_10.extract_current_data scheduled__2023-05-07T16:40:00+00:00 [queued]>
[2023-07-05T10:45:35.324+0100] {taskinstance.py:1103} INFO - Dependencies all met for dep_context=requeueable deps ti=<TaskInstance: update_current_data_10.extract_current_data scheduled__2023-05-07T16:40:00+00:00 [queued]>
[2023-07-05T10:45:35.324+0100] {taskinstance.py:1308} INFO - Starting attempt 1 of 3
[2023-07-05T10:45:35.334+0100] {taskinstance.py:1327} INFO - Executing <Task(PythonOperator): extract_current_data> on 2023-05-07 16:40:00+00:00
[2023-07-05T10:45:35.339+0100] {standard_task_runner.py:57} INFO - Started process 55672 to run task
[2023-07-05T10:45:35.343+0100] {standard_task_runner.py:84} INFO - Running: ['***', 'tasks', 'run', 'update_current_data_10', 'extract_current_data', 'scheduled__2023-05-07T16:40:00+00:00', '--job-id', '485', '--raw', '--subdir', '/home/haboubi/Desktop/api/API_weather/dags/update_current_dags.py', '--cfg-path', '/tmp/tmp5sic2j48']
[2023-07-05T10:45:35.345+0100] {standard_task_runner.py:85} INFO - Job 485: Subtask extract_current_data
[2023-07-05T10:45:35.412+0100] {task_command.py:410} INFO - Running <TaskInstance: update_current_data_10.extract_current_data scheduled__2023-05-07T16:40:00+00:00 [running]> on host haboubi-VivoBook-15-ASUS-Laptop-X540UB
[2023-07-05T10:45:35.518+0100] {taskinstance.py:1545} INFO - Exporting env vars: AIRFLOW_CTX_DAG_OWNER='haboubi' AIRFLOW_CTX_DAG_ID='update_current_data_10' AIRFLOW_CTX_TASK_ID='extract_current_data' AIRFLOW_CTX_EXECUTION_DATE='2023-05-07T16:40:00+00:00' AIRFLOW_CTX_TRY_NUMBER='1' AIRFLOW_CTX_DAG_RUN_ID='scheduled__2023-05-07T16:40:00+00:00'
[2023-07-05T10:45:39.224+0100] {python.py:183} INFO - Done. Returned value was: None
[2023-07-05T10:45:39.269+0100] {taskinstance.py:1345} INFO - Marking task as SUCCESS. dag_id=update_current_data_10, task_id=extract_current_data, execution_date=20230507T164000, start_date=20230705T094535, end_date=20230705T094539
[2023-07-05T10:45:39.293+0100] {local_task_job_runner.py:225} INFO - Task exited with return code 0
[2023-07-05T10:45:39.325+0100] {taskinstance.py:2653} INFO - 1 downstream tasks scheduled from follow-on schedule check
[2023-07-05T11:09:41.629+0100] {taskinstance.py:1103} INFO - Dependencies all met for dep_context=non-requeueable deps ti=<TaskInstance: update_current_data_10.extract_current_data scheduled__2023-05-07T16:40:00+00:00 [queued]>
[2023-07-05T11:09:41.649+0100] {taskinstance.py:1103} INFO - Dependencies all met for dep_context=requeueable deps ti=<TaskInstance: update_current_data_10.extract_current_data scheduled__2023-05-07T16:40:00+00:00 [queued]>
[2023-07-05T11:09:41.649+0100] {taskinstance.py:1308} INFO - Starting attempt 1 of 3
[2023-07-05T11:09:41.662+0100] {taskinstance.py:1327} INFO - Executing <Task(PythonOperator): extract_current_data> on 2023-05-07 16:40:00+00:00
[2023-07-05T11:09:41.666+0100] {standard_task_runner.py:57} INFO - Started process 76084 to run task
[2023-07-05T11:09:41.669+0100] {standard_task_runner.py:84} INFO - Running: ['***', 'tasks', 'run', 'update_current_data_10', 'extract_current_data', 'scheduled__2023-05-07T16:40:00+00:00', '--job-id', '786', '--raw', '--subdir', '/home/haboubi/Desktop/api/API_weather/dags/update_current_dags.py', '--cfg-path', '/tmp/tmp5py9rcpr']
[2023-07-05T11:09:41.670+0100] {standard_task_runner.py:85} INFO - Job 786: Subtask extract_current_data
[2023-07-05T11:09:41.735+0100] {task_command.py:410} INFO - Running <TaskInstance: update_current_data_10.extract_current_data scheduled__2023-05-07T16:40:00+00:00 [running]> on host haboubi-VivoBook-15-ASUS-Laptop-X540UB
[2023-07-05T11:09:41.843+0100] {taskinstance.py:1545} INFO - Exporting env vars: AIRFLOW_CTX_DAG_OWNER='haboubi' AIRFLOW_CTX_DAG_ID='update_current_data_10' AIRFLOW_CTX_TASK_ID='extract_current_data' AIRFLOW_CTX_EXECUTION_DATE='2023-05-07T16:40:00+00:00' AIRFLOW_CTX_TRY_NUMBER='1' AIRFLOW_CTX_DAG_RUN_ID='scheduled__2023-05-07T16:40:00+00:00'
[2023-07-05T11:09:46.235+0100] {python.py:183} INFO - Done. Returned value was: None
[2023-07-05T11:09:46.267+0100] {taskinstance.py:1345} INFO - Marking task as SUCCESS. dag_id=update_current_data_10, task_id=extract_current_data, execution_date=20230507T164000, start_date=20230705T100941, end_date=20230705T100946
[2023-07-05T11:09:46.305+0100] {local_task_job_runner.py:225} INFO - Task exited with return code 0
[2023-07-05T11:09:46.337+0100] {taskinstance.py:2653} INFO - 1 downstream tasks scheduled from follow-on schedule check
