[2023-06-30T04:18:27.860+0100] {taskinstance.py:1103} INFO - Dependencies all met for dep_context=non-requeueable deps ti=<TaskInstance: using_taskflow_v2.get_name scheduled__0029-07-02T00:00:00+00:00 [queued]>
[2023-06-30T04:18:27.868+0100] {taskinstance.py:1103} INFO - Dependencies all met for dep_context=requeueable deps ti=<TaskInstance: using_taskflow_v2.get_name scheduled__0029-07-02T00:00:00+00:00 [queued]>
[2023-06-30T04:18:27.868+0100] {taskinstance.py:1308} INFO - Starting attempt 1 of 6
[2023-06-30T04:18:27.885+0100] {taskinstance.py:1327} INFO - Executing <Task(_PythonDecoratedOperator): get_name> on 0029-07-02 00:00:00+00:00
[2023-06-30T04:18:27.888+0100] {standard_task_runner.py:57} INFO - Started process 29371 to run task
[2023-06-30T04:18:27.890+0100] {standard_task_runner.py:84} INFO - Running: ['airflow', 'tasks', 'run', 'using_taskflow_v2', 'get_name', 'scheduled__0029-07-02T00:00:00+00:00', '--job-id', '174', '--raw', '--subdir', '/home/haboubi/Desktop/api/API_weather/dags/dag_create_py_api_taskflow.py', '--cfg-path', '/tmp/tmpmv92bnrr']
[2023-06-30T04:18:27.892+0100] {standard_task_runner.py:85} INFO - Job 174: Subtask get_name
[2023-06-30T04:18:27.926+0100] {task_command.py:410} INFO - Running <TaskInstance: using_taskflow_v2.get_name scheduled__0029-07-02T00:00:00+00:00 [running]> on host haboubi-VivoBook-15-ASUS-Laptop-X540UB
[2023-06-30T04:18:27.978+0100] {taskinstance.py:1545} INFO - Exporting env vars: AIRFLOW_CTX_DAG_OWNER='haboubi' AIRFLOW_CTX_DAG_ID='using_taskflow_v2' AIRFLOW_CTX_TASK_ID='get_name' AIRFLOW_CTX_EXECUTION_DATE='0029-07-02T00:00:00+00:00' AIRFLOW_CTX_TRY_NUMBER='1' AIRFLOW_CTX_DAG_RUN_ID='scheduled__0029-07-02T00:00:00+00:00'
[2023-06-30T04:18:27.979+0100] {python.py:183} INFO - Done. Returned value was: {'first_name': 'fadi', 'last_name': 'haboubi'}
[2023-06-30T04:18:27.991+0100] {taskinstance.py:1345} INFO - Marking task as SUCCESS. dag_id=using_taskflow_v2, task_id=get_name, execution_date=290702T000000, start_date=20230630T031827, end_date=20230630T031827
[2023-06-30T04:18:28.022+0100] {local_task_job_runner.py:225} INFO - Task exited with return code 0
[2023-06-30T04:18:28.039+0100] {taskinstance.py:2653} INFO - 0 downstream tasks scheduled from follow-on schedule check
[2023-06-30T04:20:43.273+0100] {taskinstance.py:1103} INFO - Dependencies all met for dep_context=non-requeueable deps ti=<TaskInstance: using_taskflow_v2.get_name scheduled__0029-07-02T00:00:00+00:00 [queued]>
[2023-06-30T04:20:43.279+0100] {taskinstance.py:1103} INFO - Dependencies all met for dep_context=requeueable deps ti=<TaskInstance: using_taskflow_v2.get_name scheduled__0029-07-02T00:00:00+00:00 [queued]>
[2023-06-30T04:20:43.279+0100] {taskinstance.py:1308} INFO - Starting attempt 1 of 6
[2023-06-30T04:20:43.291+0100] {taskinstance.py:1327} INFO - Executing <Task(_PythonDecoratedOperator): get_name> on 0029-07-02 00:00:00+00:00
[2023-06-30T04:20:43.295+0100] {standard_task_runner.py:57} INFO - Started process 31054 to run task
[2023-06-30T04:20:43.299+0100] {standard_task_runner.py:84} INFO - Running: ['airflow', 'tasks', 'run', 'using_taskflow_v2', 'get_name', 'scheduled__0029-07-02T00:00:00+00:00', '--job-id', '174', '--raw', '--subdir', '/home/haboubi/Desktop/api/API_weather/dags/dag_create_py_api_taskflow.py', '--cfg-path', '/tmp/tmphmxt3jwv']
[2023-06-30T04:20:43.300+0100] {standard_task_runner.py:85} INFO - Job 174: Subtask get_name
[2023-06-30T04:20:43.328+0100] {task_command.py:410} INFO - Running <TaskInstance: using_taskflow_v2.get_name scheduled__0029-07-02T00:00:00+00:00 [running]> on host haboubi-VivoBook-15-ASUS-Laptop-X540UB
[2023-06-30T04:20:43.383+0100] {taskinstance.py:1545} INFO - Exporting env vars: AIRFLOW_CTX_DAG_OWNER='haboubi' AIRFLOW_CTX_DAG_ID='using_taskflow_v2' AIRFLOW_CTX_TASK_ID='get_name' AIRFLOW_CTX_EXECUTION_DATE='0029-07-02T00:00:00+00:00' AIRFLOW_CTX_TRY_NUMBER='1' AIRFLOW_CTX_DAG_RUN_ID='scheduled__0029-07-02T00:00:00+00:00'
[2023-06-30T04:20:43.384+0100] {python.py:183} INFO - Done. Returned value was: {'first_name': 'fadi', 'last_name': 'haboubi'}
[2023-06-30T04:20:43.405+0100] {taskinstance.py:1345} INFO - Marking task as SUCCESS. dag_id=using_taskflow_v2, task_id=get_name, execution_date=290702T000000, start_date=20230630T032043, end_date=20230630T032043
[2023-06-30T04:20:43.431+0100] {local_task_job_runner.py:225} INFO - Task exited with return code 0
[2023-06-30T04:20:43.448+0100] {taskinstance.py:2653} INFO - 0 downstream tasks scheduled from follow-on schedule check
