[2023-06-30T04:18:49.956+0100] {taskinstance.py:1103} INFO - Dependencies all met for dep_context=non-requeueable deps ti=<TaskInstance: using_taskflow_v2.get_age scheduled__0029-07-05T00:00:00+00:00 [queued]>
[2023-06-30T04:18:49.962+0100] {taskinstance.py:1103} INFO - Dependencies all met for dep_context=requeueable deps ti=<TaskInstance: using_taskflow_v2.get_age scheduled__0029-07-05T00:00:00+00:00 [queued]>
[2023-06-30T04:18:49.963+0100] {taskinstance.py:1308} INFO - Starting attempt 1 of 6
[2023-06-30T04:18:49.975+0100] {taskinstance.py:1327} INFO - Executing <Task(_PythonDecoratedOperator): get_age> on 0029-07-05 00:00:00+00:00
[2023-06-30T04:18:49.978+0100] {standard_task_runner.py:57} INFO - Started process 29677 to run task
[2023-06-30T04:18:49.981+0100] {standard_task_runner.py:84} INFO - Running: ['airflow', 'tasks', 'run', 'using_taskflow_v2', 'get_age', 'scheduled__0029-07-05T00:00:00+00:00', '--job-id', '184', '--raw', '--subdir', '/home/haboubi/Desktop/api/API_weather/dags/dag_create_py_api_taskflow.py', '--cfg-path', '/tmp/tmphs_wxaf_']
[2023-06-30T04:18:49.983+0100] {standard_task_runner.py:85} INFO - Job 184: Subtask get_age
[2023-06-30T04:18:50.021+0100] {task_command.py:410} INFO - Running <TaskInstance: using_taskflow_v2.get_age scheduled__0029-07-05T00:00:00+00:00 [running]> on host haboubi-VivoBook-15-ASUS-Laptop-X540UB
[2023-06-30T04:18:50.076+0100] {taskinstance.py:1545} INFO - Exporting env vars: AIRFLOW_CTX_DAG_OWNER='haboubi' AIRFLOW_CTX_DAG_ID='using_taskflow_v2' AIRFLOW_CTX_TASK_ID='get_age' AIRFLOW_CTX_EXECUTION_DATE='0029-07-05T00:00:00+00:00' AIRFLOW_CTX_TRY_NUMBER='1' AIRFLOW_CTX_DAG_RUN_ID='scheduled__0029-07-05T00:00:00+00:00'
[2023-06-30T04:18:50.077+0100] {python.py:183} INFO - Done. Returned value was: 18
[2023-06-30T04:18:50.087+0100] {taskinstance.py:1345} INFO - Marking task as SUCCESS. dag_id=using_taskflow_v2, task_id=get_age, execution_date=290705T000000, start_date=20230630T031849, end_date=20230630T031850
[2023-06-30T04:18:50.113+0100] {local_task_job_runner.py:225} INFO - Task exited with return code 0
[2023-06-30T04:18:50.127+0100] {taskinstance.py:2653} INFO - 1 downstream tasks scheduled from follow-on schedule check
[2023-06-30T04:21:07.033+0100] {taskinstance.py:1103} INFO - Dependencies all met for dep_context=non-requeueable deps ti=<TaskInstance: using_taskflow_v2.get_age scheduled__0029-07-05T00:00:00+00:00 [queued]>
[2023-06-30T04:21:07.040+0100] {taskinstance.py:1103} INFO - Dependencies all met for dep_context=requeueable deps ti=<TaskInstance: using_taskflow_v2.get_age scheduled__0029-07-05T00:00:00+00:00 [queued]>
[2023-06-30T04:21:07.040+0100] {taskinstance.py:1308} INFO - Starting attempt 1 of 6
[2023-06-30T04:21:07.054+0100] {taskinstance.py:1327} INFO - Executing <Task(_PythonDecoratedOperator): get_age> on 0029-07-05 00:00:00+00:00
[2023-06-30T04:21:07.057+0100] {standard_task_runner.py:57} INFO - Started process 31299 to run task
[2023-06-30T04:21:07.061+0100] {standard_task_runner.py:84} INFO - Running: ['airflow', 'tasks', 'run', 'using_taskflow_v2', 'get_age', 'scheduled__0029-07-05T00:00:00+00:00', '--job-id', '184', '--raw', '--subdir', '/home/haboubi/Desktop/api/API_weather/dags/dag_create_py_api_taskflow.py', '--cfg-path', '/tmp/tmps49a5699']
[2023-06-30T04:21:07.063+0100] {standard_task_runner.py:85} INFO - Job 184: Subtask get_age
[2023-06-30T04:21:07.109+0100] {task_command.py:410} INFO - Running <TaskInstance: using_taskflow_v2.get_age scheduled__0029-07-05T00:00:00+00:00 [running]> on host haboubi-VivoBook-15-ASUS-Laptop-X540UB
[2023-06-30T04:21:07.161+0100] {taskinstance.py:1545} INFO - Exporting env vars: AIRFLOW_CTX_DAG_OWNER='haboubi' AIRFLOW_CTX_DAG_ID='using_taskflow_v2' AIRFLOW_CTX_TASK_ID='get_age' AIRFLOW_CTX_EXECUTION_DATE='0029-07-05T00:00:00+00:00' AIRFLOW_CTX_TRY_NUMBER='1' AIRFLOW_CTX_DAG_RUN_ID='scheduled__0029-07-05T00:00:00+00:00'
[2023-06-30T04:21:07.162+0100] {python.py:183} INFO - Done. Returned value was: 18
[2023-06-30T04:21:07.176+0100] {taskinstance.py:1345} INFO - Marking task as SUCCESS. dag_id=using_taskflow_v2, task_id=get_age, execution_date=290705T000000, start_date=20230630T032107, end_date=20230630T032107
[2023-06-30T04:21:07.233+0100] {local_task_job_runner.py:225} INFO - Task exited with return code 0
[2023-06-30T04:21:07.260+0100] {taskinstance.py:2653} INFO - 1 downstream tasks scheduled from follow-on schedule check
