[2023-06-30T04:19:58.261+0100] {taskinstance.py:1103} INFO - Dependencies all met for dep_context=non-requeueable deps ti=<TaskInstance: using_taskflow_v2.greet scheduled__0029-07-13T00:00:00+00:00 [queued]>
[2023-06-30T04:19:58.271+0100] {taskinstance.py:1103} INFO - Dependencies all met for dep_context=requeueable deps ti=<TaskInstance: using_taskflow_v2.greet scheduled__0029-07-13T00:00:00+00:00 [queued]>
[2023-06-30T04:19:58.271+0100] {taskinstance.py:1308} INFO - Starting attempt 1 of 6
[2023-06-30T04:19:58.286+0100] {taskinstance.py:1327} INFO - Executing <Task(_PythonDecoratedOperator): greet> on 0029-07-13 00:00:00+00:00
[2023-06-30T04:19:58.289+0100] {standard_task_runner.py:57} INFO - Started process 30388 to run task
[2023-06-30T04:19:58.293+0100] {standard_task_runner.py:84} INFO - Running: ['airflow', 'tasks', 'run', 'using_taskflow_v2', 'greet', 'scheduled__0029-07-13T00:00:00+00:00', '--job-id', '212', '--raw', '--subdir', '/home/haboubi/Desktop/api/API_weather/dags/dag_create_py_api_taskflow.py', '--cfg-path', '/tmp/tmptwevk_00']
[2023-06-30T04:19:58.295+0100] {standard_task_runner.py:85} INFO - Job 212: Subtask greet
[2023-06-30T04:19:58.332+0100] {task_command.py:410} INFO - Running <TaskInstance: using_taskflow_v2.greet scheduled__0029-07-13T00:00:00+00:00 [running]> on host haboubi-VivoBook-15-ASUS-Laptop-X540UB
[2023-06-30T04:19:58.399+0100] {taskinstance.py:1545} INFO - Exporting env vars: AIRFLOW_CTX_DAG_OWNER='haboubi' AIRFLOW_CTX_DAG_ID='using_taskflow_v2' AIRFLOW_CTX_TASK_ID='greet' AIRFLOW_CTX_EXECUTION_DATE='0029-07-13T00:00:00+00:00' AIRFLOW_CTX_TRY_NUMBER='1' AIRFLOW_CTX_DAG_RUN_ID='scheduled__0029-07-13T00:00:00+00:00'
[2023-06-30T04:19:58.400+0100] {logging_mixin.py:149} INFO - hello my name is fadi hello my prenom is haboubi and im 18 years old
[2023-06-30T04:19:58.400+0100] {python.py:183} INFO - Done. Returned value was: None
[2023-06-30T04:19:58.403+0100] {taskinstance.py:1345} INFO - Marking task as SUCCESS. dag_id=using_taskflow_v2, task_id=greet, execution_date=290713T000000, start_date=20230630T031958, end_date=20230630T031958
[2023-06-30T04:19:58.424+0100] {local_task_job_runner.py:225} INFO - Task exited with return code 0
[2023-06-30T04:19:58.435+0100] {taskinstance.py:2653} INFO - 0 downstream tasks scheduled from follow-on schedule check
[2023-06-30T04:21:54.393+0100] {taskinstance.py:1103} INFO - Dependencies all met for dep_context=non-requeueable deps ti=<TaskInstance: using_taskflow_v2.greet scheduled__0029-07-13T00:00:00+00:00 [queued]>
[2023-06-30T04:21:54.399+0100] {taskinstance.py:1103} INFO - Dependencies all met for dep_context=requeueable deps ti=<TaskInstance: using_taskflow_v2.greet scheduled__0029-07-13T00:00:00+00:00 [queued]>
[2023-06-30T04:21:54.399+0100] {taskinstance.py:1308} INFO - Starting attempt 1 of 6
[2023-06-30T04:21:54.411+0100] {taskinstance.py:1327} INFO - Executing <Task(_PythonDecoratedOperator): greet> on 0029-07-13 00:00:00+00:00
[2023-06-30T04:21:54.414+0100] {standard_task_runner.py:57} INFO - Started process 31663 to run task
[2023-06-30T04:21:54.417+0100] {standard_task_runner.py:84} INFO - Running: ['airflow', 'tasks', 'run', 'using_taskflow_v2', 'greet', 'scheduled__0029-07-13T00:00:00+00:00', '--job-id', '210', '--raw', '--subdir', '/home/haboubi/Desktop/api/API_weather/dags/dag_create_py_api_taskflow.py', '--cfg-path', '/tmp/tmpdw2hqpv_']
[2023-06-30T04:21:54.418+0100] {standard_task_runner.py:85} INFO - Job 210: Subtask greet
[2023-06-30T04:21:54.445+0100] {task_command.py:410} INFO - Running <TaskInstance: using_taskflow_v2.greet scheduled__0029-07-13T00:00:00+00:00 [running]> on host haboubi-VivoBook-15-ASUS-Laptop-X540UB
[2023-06-30T04:21:54.500+0100] {taskinstance.py:1545} INFO - Exporting env vars: AIRFLOW_CTX_DAG_OWNER='haboubi' AIRFLOW_CTX_DAG_ID='using_taskflow_v2' AIRFLOW_CTX_TASK_ID='greet' AIRFLOW_CTX_EXECUTION_DATE='0029-07-13T00:00:00+00:00' AIRFLOW_CTX_TRY_NUMBER='1' AIRFLOW_CTX_DAG_RUN_ID='scheduled__0029-07-13T00:00:00+00:00'
[2023-06-30T04:21:54.501+0100] {logging_mixin.py:149} INFO - hello my name is fadi hello my prenom is haboubi and im 18 years old
[2023-06-30T04:21:54.501+0100] {python.py:183} INFO - Done. Returned value was: None
[2023-06-30T04:21:54.505+0100] {taskinstance.py:1345} INFO - Marking task as SUCCESS. dag_id=using_taskflow_v2, task_id=greet, execution_date=290713T000000, start_date=20230630T032154, end_date=20230630T032154
[2023-06-30T04:21:54.549+0100] {local_task_job_runner.py:225} INFO - Task exited with return code 0
[2023-06-30T04:21:54.559+0100] {taskinstance.py:2653} INFO - 0 downstream tasks scheduled from follow-on schedule check
