[2023-07-05T10:00:17.277+0100] {taskinstance.py:1103} INFO - Dependencies all met for dep_context=non-requeueable deps ti=<TaskInstance: updated_day_hist_forcast_data.extract_updated_data manual__2023-07-05T09:00:09.200842+00:00 [queued]>
[2023-07-05T10:00:17.290+0100] {taskinstance.py:1103} INFO - Dependencies all met for dep_context=requeueable deps ti=<TaskInstance: updated_day_hist_forcast_data.extract_updated_data manual__2023-07-05T09:00:09.200842+00:00 [queued]>
[2023-07-05T10:00:17.291+0100] {taskinstance.py:1308} INFO - Starting attempt 1 of 3
[2023-07-05T10:00:17.357+0100] {taskinstance.py:1327} INFO - Executing <Task(PythonOperator): extract_updated_data> on 2023-07-05 09:00:09.200842+00:00
[2023-07-05T10:00:17.372+0100] {standard_task_runner.py:57} INFO - Started process 34296 to run task
[2023-07-05T10:00:17.388+0100] {standard_task_runner.py:84} INFO - Running: ['***', 'tasks', 'run', 'updated_day_hist_forcast_data', 'extract_updated_data', 'manual__2023-07-05T09:00:09.200842+00:00', '--job-id', '211', '--raw', '--subdir', '/home/haboubi/Desktop/api/API_weather/dags/update_day_hist.py', '--cfg-path', '/tmp/tmp8gipkhv5']
[2023-07-05T10:00:17.393+0100] {standard_task_runner.py:85} INFO - Job 211: Subtask extract_updated_data
[2023-07-05T10:00:17.557+0100] {task_command.py:410} INFO - Running <TaskInstance: updated_day_hist_forcast_data.extract_updated_data manual__2023-07-05T09:00:09.200842+00:00 [running]> on host haboubi-VivoBook-15-ASUS-Laptop-X540UB
[2023-07-05T10:00:17.861+0100] {taskinstance.py:1545} INFO - Exporting env vars: AIRFLOW_CTX_DAG_OWNER='haboubi' AIRFLOW_CTX_DAG_ID='updated_day_hist_forcast_data' AIRFLOW_CTX_TASK_ID='extract_updated_data' AIRFLOW_CTX_EXECUTION_DATE='2023-07-05T09:00:09.200842+00:00' AIRFLOW_CTX_TRY_NUMBER='1' AIRFLOW_CTX_DAG_RUN_ID='manual__2023-07-05T09:00:09.200842+00:00'
[2023-07-05T10:00:17.929+0100] {logging_mixin.py:149} INFO - im here 2023
[2023-07-05T10:00:18.253+0100] {logging_mixin.py:149} INFO - im here 2023
[2023-07-05T10:00:18.494+0100] {logging_mixin.py:149} INFO - im here 2023
[2023-07-05T10:00:18.748+0100] {logging_mixin.py:149} INFO - im here 2023
[2023-07-05T10:00:18.983+0100] {logging_mixin.py:149} INFO - im here 2023
[2023-07-05T10:00:19.212+0100] {logging_mixin.py:149} INFO - im here 2023
[2023-07-05T10:00:19.453+0100] {logging_mixin.py:149} INFO - im here 2023
[2023-07-05T10:00:19.798+0100] {logging_mixin.py:149} INFO - im here 2023
[2023-07-05T10:00:20.073+0100] {logging_mixin.py:149} INFO - im here 2023
[2023-07-05T10:00:20.308+0100] {logging_mixin.py:149} INFO - im here 2023
[2023-07-05T10:00:20.544+0100] {logging_mixin.py:149} INFO - im here 2023
[2023-07-05T10:00:20.798+0100] {logging_mixin.py:149} INFO - im here 2023
[2023-07-05T10:00:21.049+0100] {logging_mixin.py:149} INFO - im here 2023
[2023-07-05T10:00:21.291+0100] {logging_mixin.py:149} INFO - im here 2023
[2023-07-05T10:00:21.596+0100] {logging_mixin.py:149} INFO - im here 2023
[2023-07-05T10:00:21.851+0100] {logging_mixin.py:149} INFO - im here 2023
[2023-07-05T10:00:22.097+0100] {logging_mixin.py:149} INFO - im here 2023
[2023-07-05T10:00:22.358+0100] {logging_mixin.py:149} INFO - im here 2023
[2023-07-05T10:00:22.622+0100] {logging_mixin.py:149} INFO - im here 2023
[2023-07-05T10:00:22.880+0100] {logging_mixin.py:149} INFO - im here 2023
[2023-07-05T10:00:33.213+0100] {python.py:183} INFO - Done. Returned value was: None
[2023-07-05T10:00:33.233+0100] {taskinstance.py:1345} INFO - Marking task as SUCCESS. dag_id=updated_day_hist_forcast_data, task_id=extract_updated_data, execution_date=20230705T090009, start_date=20230705T090017, end_date=20230705T090033
[2023-07-05T10:00:33.329+0100] {local_task_job_runner.py:225} INFO - Task exited with return code 0
[2023-07-05T10:00:33.462+0100] {taskinstance.py:2653} INFO - 1 downstream tasks scheduled from follow-on schedule check
