[2023-07-05T10:30:24.534+0100] {taskinstance.py:1103} INFO - Dependencies all met for dep_context=non-requeueable deps ti=<TaskInstance: update_current_data_10.trigger_location_db scheduled__2023-05-07T01:20:00+00:00 [queued]>
[2023-07-05T10:30:24.542+0100] {taskinstance.py:1103} INFO - Dependencies all met for dep_context=requeueable deps ti=<TaskInstance: update_current_data_10.trigger_location_db scheduled__2023-05-07T01:20:00+00:00 [queued]>
[2023-07-05T10:30:24.542+0100] {taskinstance.py:1308} INFO - Starting attempt 1 of 3
[2023-07-05T10:30:24.552+0100] {taskinstance.py:1327} INFO - Executing <Task(PythonOperator): trigger_location_db> on 2023-05-07 01:20:00+00:00
[2023-07-05T10:30:24.556+0100] {standard_task_runner.py:57} INFO - Started process 41221 to run task
[2023-07-05T10:30:24.559+0100] {standard_task_runner.py:84} INFO - Running: ['***', 'tasks', 'run', 'update_current_data_10', 'trigger_location_db', 'scheduled__2023-05-07T01:20:00+00:00', '--job-id', '227', '--raw', '--subdir', '/home/haboubi/Desktop/api/API_weather/dags/update_current_dags.py', '--cfg-path', '/tmp/tmpp1dlgnca']
[2023-07-05T10:30:24.560+0100] {standard_task_runner.py:85} INFO - Job 227: Subtask trigger_location_db
[2023-07-05T10:30:24.624+0100] {task_command.py:410} INFO - Running <TaskInstance: update_current_data_10.trigger_location_db scheduled__2023-05-07T01:20:00+00:00 [running]> on host haboubi-VivoBook-15-ASUS-Laptop-X540UB
[2023-07-05T10:30:24.718+0100] {taskinstance.py:1545} INFO - Exporting env vars: AIRFLOW_CTX_DAG_OWNER='haboubi' AIRFLOW_CTX_DAG_ID='update_current_data_10' AIRFLOW_CTX_TASK_ID='trigger_location_db' AIRFLOW_CTX_EXECUTION_DATE='2023-05-07T01:20:00+00:00' AIRFLOW_CTX_TRY_NUMBER='1' AIRFLOW_CTX_DAG_RUN_ID='scheduled__2023-05-07T01:20:00+00:00'
[2023-07-05T10:30:24.759+0100] {python.py:183} INFO - Done. Returned value was: None
[2023-07-05T10:30:24.774+0100] {taskinstance.py:1345} INFO - Marking task as SUCCESS. dag_id=update_current_data_10, task_id=trigger_location_db, execution_date=20230507T012000, start_date=20230705T093024, end_date=20230705T093024
[2023-07-05T10:30:24.811+0100] {local_task_job_runner.py:225} INFO - Task exited with return code 0
[2023-07-05T10:30:24.843+0100] {taskinstance.py:2653} INFO - 1 downstream tasks scheduled from follow-on schedule check
[2023-07-05T10:51:21.393+0100] {taskinstance.py:1103} INFO - Dependencies all met for dep_context=non-requeueable deps ti=<TaskInstance: update_current_data_10.trigger_location_db scheduled__2023-05-07T01:20:00+00:00 [queued]>
[2023-07-05T10:51:21.404+0100] {taskinstance.py:1103} INFO - Dependencies all met for dep_context=requeueable deps ti=<TaskInstance: update_current_data_10.trigger_location_db scheduled__2023-05-07T01:20:00+00:00 [queued]>
[2023-07-05T10:51:21.405+0100] {taskinstance.py:1308} INFO - Starting attempt 1 of 3
[2023-07-05T10:51:21.415+0100] {taskinstance.py:1327} INFO - Executing <Task(PythonOperator): trigger_location_db> on 2023-05-07 01:20:00+00:00
[2023-07-05T10:51:21.419+0100] {standard_task_runner.py:57} INFO - Started process 59961 to run task
[2023-07-05T10:51:21.422+0100] {standard_task_runner.py:84} INFO - Running: ['***', 'tasks', 'run', 'update_current_data_10', 'trigger_location_db', 'scheduled__2023-05-07T01:20:00+00:00', '--job-id', '547', '--raw', '--subdir', '/home/haboubi/Desktop/api/API_weather/dags/update_current_dags.py', '--cfg-path', '/tmp/tmpucazdaow']
[2023-07-05T10:51:21.423+0100] {standard_task_runner.py:85} INFO - Job 547: Subtask trigger_location_db
[2023-07-05T10:51:21.486+0100] {task_command.py:410} INFO - Running <TaskInstance: update_current_data_10.trigger_location_db scheduled__2023-05-07T01:20:00+00:00 [running]> on host haboubi-VivoBook-15-ASUS-Laptop-X540UB
[2023-07-05T10:51:21.581+0100] {taskinstance.py:1545} INFO - Exporting env vars: AIRFLOW_CTX_DAG_OWNER='haboubi' AIRFLOW_CTX_DAG_ID='update_current_data_10' AIRFLOW_CTX_TASK_ID='trigger_location_db' AIRFLOW_CTX_EXECUTION_DATE='2023-05-07T01:20:00+00:00' AIRFLOW_CTX_TRY_NUMBER='1' AIRFLOW_CTX_DAG_RUN_ID='scheduled__2023-05-07T01:20:00+00:00'
[2023-07-05T10:51:21.623+0100] {python.py:183} INFO - Done. Returned value was: None
[2023-07-05T10:51:21.638+0100] {taskinstance.py:1345} INFO - Marking task as SUCCESS. dag_id=update_current_data_10, task_id=trigger_location_db, execution_date=20230507T012000, start_date=20230705T095121, end_date=20230705T095121
[2023-07-05T10:51:21.674+0100] {local_task_job_runner.py:225} INFO - Task exited with return code 0
[2023-07-05T10:51:21.705+0100] {taskinstance.py:2653} INFO - 1 downstream tasks scheduled from follow-on schedule check
