[2023-07-05T10:00:37.245+0100] {taskinstance.py:1103} INFO - Dependencies all met for dep_context=non-requeueable deps ti=<TaskInstance: updated_day_hist_forcast_data.load_updated_data manual__2023-07-05T09:00:09.200842+00:00 [queued]>
[2023-07-05T10:00:37.254+0100] {taskinstance.py:1103} INFO - Dependencies all met for dep_context=requeueable deps ti=<TaskInstance: updated_day_hist_forcast_data.load_updated_data manual__2023-07-05T09:00:09.200842+00:00 [queued]>
[2023-07-05T10:00:37.254+0100] {taskinstance.py:1308} INFO - Starting attempt 1 of 3
[2023-07-05T10:00:37.297+0100] {taskinstance.py:1327} INFO - Executing <Task(PythonOperator): load_updated_data> on 2023-07-05 09:00:09.200842+00:00
[2023-07-05T10:00:37.308+0100] {standard_task_runner.py:57} INFO - Started process 34561 to run task
[2023-07-05T10:00:37.321+0100] {standard_task_runner.py:84} INFO - Running: ['***', 'tasks', 'run', 'updated_day_hist_forcast_data', 'load_updated_data', 'manual__2023-07-05T09:00:09.200842+00:00', '--job-id', '212', '--raw', '--subdir', '/home/haboubi/Desktop/api/API_weather/dags/update_day_hist.py', '--cfg-path', '/tmp/tmpypahocbi']
[2023-07-05T10:00:37.328+0100] {standard_task_runner.py:85} INFO - Job 212: Subtask load_updated_data
[2023-07-05T10:00:37.540+0100] {task_command.py:410} INFO - Running <TaskInstance: updated_day_hist_forcast_data.load_updated_data manual__2023-07-05T09:00:09.200842+00:00 [running]> on host haboubi-VivoBook-15-ASUS-Laptop-X540UB
[2023-07-05T10:00:37.770+0100] {taskinstance.py:1545} INFO - Exporting env vars: AIRFLOW_CTX_DAG_OWNER='haboubi' AIRFLOW_CTX_DAG_ID='updated_day_hist_forcast_data' AIRFLOW_CTX_TASK_ID='load_updated_data' AIRFLOW_CTX_EXECUTION_DATE='2023-07-05T09:00:09.200842+00:00' AIRFLOW_CTX_TRY_NUMBER='1' AIRFLOW_CTX_DAG_RUN_ID='manual__2023-07-05T09:00:09.200842+00:00'
[2023-07-05T10:00:37.790+0100] {logging_mixin.py:149} INFO - debug prb: Paris
[2023-07-05T10:00:37.844+0100] {logging_mixin.py:149} INFO - last_time_updated: 2023-07-04
[2023-07-05T10:00:37.844+0100] {logging_mixin.py:149} INFO - debug prb: London
[2023-07-05T10:00:37.863+0100] {logging_mixin.py:149} INFO - last_time_updated: 2023-07-04
[2023-07-05T10:00:37.863+0100] {logging_mixin.py:149} INFO - debug prb: Barcelona
[2023-07-05T10:00:37.878+0100] {logging_mixin.py:149} INFO - last_time_updated: 2023-07-04
[2023-07-05T10:00:37.879+0100] {logging_mixin.py:149} INFO - debug prb: Rome
[2023-07-05T10:00:37.895+0100] {logging_mixin.py:149} INFO - last_time_updated: 2023-07-04
[2023-07-05T10:00:37.895+0100] {logging_mixin.py:149} INFO - debug prb: New York
[2023-07-05T10:00:37.908+0100] {logging_mixin.py:149} INFO - last_time_updated: 2023-07-04
[2023-07-05T10:00:37.908+0100] {logging_mixin.py:149} INFO - debug prb: Tokyo
[2023-07-05T10:00:37.923+0100] {logging_mixin.py:149} INFO - last_time_updated: 2023-07-04
[2023-07-05T10:00:37.924+0100] {logging_mixin.py:149} INFO - debug prb: Istanbul
[2023-07-05T10:00:37.936+0100] {logging_mixin.py:149} INFO - last_time_updated: 2023-07-04
[2023-07-05T10:00:37.936+0100] {logging_mixin.py:149} INFO - debug prb: Dubai
[2023-07-05T10:00:37.952+0100] {logging_mixin.py:149} INFO - last_time_updated: 2023-07-04
[2023-07-05T10:00:37.952+0100] {logging_mixin.py:149} INFO - debug prb: Sydney
[2023-07-05T10:00:37.966+0100] {logging_mixin.py:149} INFO - last_time_updated: 2023-07-04
[2023-07-05T10:00:37.967+0100] {logging_mixin.py:149} INFO - debug prb: Bangkok
[2023-07-05T10:00:37.980+0100] {logging_mixin.py:149} INFO - last_time_updated: 2023-07-04
[2023-07-05T10:00:37.980+0100] {logging_mixin.py:149} INFO - debug prb: Amsterdam
[2023-07-05T10:00:37.993+0100] {logging_mixin.py:149} INFO - last_time_updated: 2023-07-04
[2023-07-05T10:00:37.993+0100] {logging_mixin.py:149} INFO - debug prb: Rio De Janeiro
[2023-07-05T10:00:38.007+0100] {logging_mixin.py:149} INFO - last_time_updated: 2023-07-04
[2023-07-05T10:00:38.007+0100] {logging_mixin.py:149} INFO - debug prb: Prague
[2023-07-05T10:00:38.020+0100] {logging_mixin.py:149} INFO - last_time_updated: 2023-07-04
[2023-07-05T10:00:38.021+0100] {logging_mixin.py:149} INFO - debug prb: Cape Town
[2023-07-05T10:00:38.035+0100] {logging_mixin.py:149} INFO - last_time_updated: 2023-07-04
[2023-07-05T10:00:38.035+0100] {logging_mixin.py:149} INFO - debug prb: Buenos Aires
[2023-07-05T10:00:38.049+0100] {logging_mixin.py:149} INFO - last_time_updated: 2023-07-04
[2023-07-05T10:00:38.050+0100] {logging_mixin.py:149} INFO - debug prb: Berlin
[2023-07-05T10:00:38.065+0100] {logging_mixin.py:149} INFO - last_time_updated: 2023-07-04
[2023-07-05T10:00:38.066+0100] {logging_mixin.py:149} INFO - debug prb: Singapore
[2023-07-05T10:00:38.079+0100] {logging_mixin.py:149} INFO - last_time_updated: 2023-07-04
[2023-07-05T10:00:38.079+0100] {logging_mixin.py:149} INFO - debug prb: Florence
[2023-07-05T10:00:38.092+0100] {logging_mixin.py:149} INFO - last_time_updated: 2023-07-04
[2023-07-05T10:00:38.093+0100] {logging_mixin.py:149} INFO - debug prb: San Francisco
[2023-07-05T10:00:38.117+0100] {logging_mixin.py:149} INFO - last_time_updated: 2023-07-04
[2023-07-05T10:00:38.118+0100] {logging_mixin.py:149} INFO - debug prb: Marrakech
[2023-07-05T10:00:38.138+0100] {logging_mixin.py:149} INFO - last_time_updated: 2023-07-04
[2023-07-05T10:00:38.181+0100] {python.py:183} INFO - Done. Returned value was: 0
[2023-07-05T10:00:38.259+0100] {taskinstance.py:1345} INFO - Marking task as SUCCESS. dag_id=updated_day_hist_forcast_data, task_id=load_updated_data, execution_date=20230705T090009, start_date=20230705T090037, end_date=20230705T090038
[2023-07-05T10:00:38.334+0100] {local_task_job_runner.py:225} INFO - Task exited with return code 0
[2023-07-05T10:00:38.378+0100] {taskinstance.py:2653} INFO - 2 downstream tasks scheduled from follow-on schedule check
