[2023-07-05T08:51:30.412+0100] {taskinstance.py:1103} INFO - Dependencies all met for dep_context=non-requeueable deps ti=<TaskInstance: updated_day_hist_forcast_data.extract_updated_data scheduled__2023-07-04T00:00:00+00:00 [queued]>
[2023-07-05T08:51:30.436+0100] {taskinstance.py:1103} INFO - Dependencies all met for dep_context=requeueable deps ti=<TaskInstance: updated_day_hist_forcast_data.extract_updated_data scheduled__2023-07-04T00:00:00+00:00 [queued]>
[2023-07-05T08:51:30.437+0100] {taskinstance.py:1308} INFO - Starting attempt 1 of 3
[2023-07-05T08:51:30.463+0100] {taskinstance.py:1327} INFO - Executing <Task(PythonOperator): extract_updated_data> on 2023-07-04 00:00:00+00:00
[2023-07-05T08:51:30.472+0100] {standard_task_runner.py:57} INFO - Started process 10656 to run task
[2023-07-05T08:51:30.477+0100] {standard_task_runner.py:84} INFO - Running: ['***', 'tasks', 'run', 'updated_day_hist_forcast_data', 'extract_updated_data', 'scheduled__2023-07-04T00:00:00+00:00', '--job-id', '147', '--raw', '--subdir', '/home/haboubi/Desktop/api/API_weather/dags/update_day_hist.py', '--cfg-path', '/tmp/tmp59q17xtw']
[2023-07-05T08:51:30.480+0100] {standard_task_runner.py:85} INFO - Job 147: Subtask extract_updated_data
[2023-07-05T08:51:30.608+0100] {task_command.py:410} INFO - Running <TaskInstance: updated_day_hist_forcast_data.extract_updated_data scheduled__2023-07-04T00:00:00+00:00 [running]> on host haboubi-VivoBook-15-ASUS-Laptop-X540UB
[2023-07-05T08:51:30.801+0100] {taskinstance.py:1545} INFO - Exporting env vars: AIRFLOW_CTX_DAG_OWNER='haboubi' AIRFLOW_CTX_DAG_ID='updated_day_hist_forcast_data' AIRFLOW_CTX_TASK_ID='extract_updated_data' AIRFLOW_CTX_EXECUTION_DATE='2023-07-04T00:00:00+00:00' AIRFLOW_CTX_TRY_NUMBER='1' AIRFLOW_CTX_DAG_RUN_ID='scheduled__2023-07-04T00:00:00+00:00'
[2023-07-05T08:51:30.843+0100] {logging_mixin.py:149} INFO - im here 2023
[2023-07-05T08:51:31.290+0100] {logging_mixin.py:149} INFO - im here 2023
[2023-07-05T08:51:31.554+0100] {logging_mixin.py:149} INFO - im here 2023
[2023-07-05T08:51:32.130+0100] {logging_mixin.py:149} INFO - im here 2023
[2023-07-05T08:51:32.510+0100] {logging_mixin.py:149} INFO - im here 2023
[2023-07-05T08:51:32.841+0100] {logging_mixin.py:149} INFO - im here 2023
[2023-07-05T08:51:33.209+0100] {logging_mixin.py:149} INFO - im here 2023
[2023-07-05T08:51:33.566+0100] {logging_mixin.py:149} INFO - im here 2023
[2023-07-05T08:51:33.896+0100] {logging_mixin.py:149} INFO - im here 2023
[2023-07-05T08:51:34.254+0100] {logging_mixin.py:149} INFO - im here 2023
[2023-07-05T08:51:34.668+0100] {logging_mixin.py:149} INFO - im here 2023
[2023-07-05T08:51:35.011+0100] {logging_mixin.py:149} INFO - im here 2023
[2023-07-05T08:51:35.310+0100] {logging_mixin.py:149} INFO - im here 2023
[2023-07-05T08:51:35.620+0100] {logging_mixin.py:149} INFO - im here 2023
[2023-07-05T08:51:35.991+0100] {logging_mixin.py:149} INFO - im here 2023
[2023-07-05T08:51:36.295+0100] {logging_mixin.py:149} INFO - im here 2023
[2023-07-05T08:51:36.600+0100] {logging_mixin.py:149} INFO - im here 2023
[2023-07-05T08:51:36.900+0100] {logging_mixin.py:149} INFO - im here 2023
[2023-07-05T08:51:37.268+0100] {logging_mixin.py:149} INFO - im here 2023
[2023-07-05T08:51:37.859+0100] {logging_mixin.py:149} INFO - im here 2023
[2023-07-05T08:51:50.042+0100] {python.py:183} INFO - Done. Returned value was: None
[2023-07-05T08:51:50.079+0100] {taskinstance.py:1345} INFO - Marking task as SUCCESS. dag_id=updated_day_hist_forcast_data, task_id=extract_updated_data, execution_date=20230704T000000, start_date=20230705T075130, end_date=20230705T075150
[2023-07-05T08:51:50.135+0100] {local_task_job_runner.py:225} INFO - Task exited with return code 0
[2023-07-05T08:51:50.173+0100] {taskinstance.py:2653} INFO - 1 downstream tasks scheduled from follow-on schedule check
[2023-07-05T09:01:22.081+0100] {taskinstance.py:1103} INFO - Dependencies all met for dep_context=non-requeueable deps ti=<TaskInstance: updated_day_hist_forcast_data.extract_updated_data scheduled__2023-07-04T00:00:00+00:00 [queued]>
[2023-07-05T09:01:22.091+0100] {taskinstance.py:1103} INFO - Dependencies all met for dep_context=requeueable deps ti=<TaskInstance: updated_day_hist_forcast_data.extract_updated_data scheduled__2023-07-04T00:00:00+00:00 [queued]>
[2023-07-05T09:01:22.091+0100] {taskinstance.py:1308} INFO - Starting attempt 1 of 3
[2023-07-05T09:01:22.103+0100] {taskinstance.py:1327} INFO - Executing <Task(PythonOperator): extract_updated_data> on 2023-07-04 00:00:00+00:00
[2023-07-05T09:01:22.110+0100] {standard_task_runner.py:57} INFO - Started process 14400 to run task
[2023-07-05T09:01:22.115+0100] {standard_task_runner.py:84} INFO - Running: ['***', 'tasks', 'run', 'updated_day_hist_forcast_data', 'extract_updated_data', 'scheduled__2023-07-04T00:00:00+00:00', '--job-id', '163', '--raw', '--subdir', '/home/haboubi/Desktop/api/API_weather/dags/update_day_hist.py', '--cfg-path', '/tmp/tmpjvwfdy7p']
[2023-07-05T09:01:22.117+0100] {standard_task_runner.py:85} INFO - Job 163: Subtask extract_updated_data
[2023-07-05T09:01:22.182+0100] {task_command.py:410} INFO - Running <TaskInstance: updated_day_hist_forcast_data.extract_updated_data scheduled__2023-07-04T00:00:00+00:00 [running]> on host haboubi-VivoBook-15-ASUS-Laptop-X540UB
[2023-07-05T09:01:22.292+0100] {taskinstance.py:1545} INFO - Exporting env vars: AIRFLOW_CTX_DAG_OWNER='haboubi' AIRFLOW_CTX_DAG_ID='updated_day_hist_forcast_data' AIRFLOW_CTX_TASK_ID='extract_updated_data' AIRFLOW_CTX_EXECUTION_DATE='2023-07-04T00:00:00+00:00' AIRFLOW_CTX_TRY_NUMBER='1' AIRFLOW_CTX_DAG_RUN_ID='scheduled__2023-07-04T00:00:00+00:00'
[2023-07-05T09:01:22.318+0100] {logging_mixin.py:149} INFO - im here 2023
[2023-07-05T09:01:22.562+0100] {logging_mixin.py:149} INFO - im here 2023
[2023-07-05T09:01:22.881+0100] {logging_mixin.py:149} INFO - im here 2023
[2023-07-05T09:01:23.148+0100] {logging_mixin.py:149} INFO - im here 2023
[2023-07-05T09:01:23.661+0100] {logging_mixin.py:149} INFO - im here 2023
[2023-07-05T09:01:23.922+0100] {logging_mixin.py:149} INFO - im here 2023
[2023-07-05T09:01:24.346+0100] {logging_mixin.py:149} INFO - im here 2023
[2023-07-05T09:01:24.865+0100] {logging_mixin.py:149} INFO - im here 2023
[2023-07-05T09:01:25.263+0100] {logging_mixin.py:149} INFO - im here 2023
[2023-07-05T09:01:25.628+0100] {logging_mixin.py:149} INFO - im here 2023
[2023-07-05T09:01:26.149+0100] {logging_mixin.py:149} INFO - im here 2023
[2023-07-05T09:01:26.419+0100] {logging_mixin.py:149} INFO - im here 2023
[2023-07-05T09:01:26.645+0100] {logging_mixin.py:149} INFO - im here 2023
[2023-07-05T09:01:26.859+0100] {logging_mixin.py:149} INFO - im here 2023
[2023-07-05T09:01:27.160+0100] {logging_mixin.py:149} INFO - im here 2023
[2023-07-05T09:01:27.710+0100] {logging_mixin.py:149} INFO - im here 2023
[2023-07-05T09:01:28.028+0100] {logging_mixin.py:149} INFO - im here 2023
[2023-07-05T09:01:28.261+0100] {logging_mixin.py:149} INFO - im here 2023
[2023-07-05T09:01:28.530+0100] {logging_mixin.py:149} INFO - im here 2023
[2023-07-05T09:01:28.780+0100] {logging_mixin.py:149} INFO - im here 2023
[2023-07-05T09:01:38.050+0100] {python.py:183} INFO - Done. Returned value was: None
[2023-07-05T09:01:38.067+0100] {taskinstance.py:1345} INFO - Marking task as SUCCESS. dag_id=updated_day_hist_forcast_data, task_id=extract_updated_data, execution_date=20230704T000000, start_date=20230705T080122, end_date=20230705T080138
[2023-07-05T09:01:38.101+0100] {local_task_job_runner.py:225} INFO - Task exited with return code 0
[2023-07-05T09:01:38.133+0100] {taskinstance.py:2653} INFO - 1 downstream tasks scheduled from follow-on schedule check
