[2023-06-30T04:18:04.669+0100] {taskinstance.py:1103} INFO - Dependencies all met for dep_context=non-requeueable deps ti=<TaskInstance: using_taskflow_v2.get_name scheduled__0029-06-29T00:00:00+00:00 [queued]>
[2023-06-30T04:18:04.681+0100] {taskinstance.py:1103} INFO - Dependencies all met for dep_context=requeueable deps ti=<TaskInstance: using_taskflow_v2.get_name scheduled__0029-06-29T00:00:00+00:00 [queued]>
[2023-06-30T04:18:04.681+0100] {taskinstance.py:1308} INFO - Starting attempt 1 of 6
[2023-06-30T04:18:04.707+0100] {taskinstance.py:1327} INFO - Executing <Task(_PythonDecoratedOperator): get_name> on 0029-06-29 00:00:00+00:00
[2023-06-30T04:18:04.712+0100] {standard_task_runner.py:57} INFO - Started process 29076 to run task
[2023-06-30T04:18:04.715+0100] {standard_task_runner.py:84} INFO - Running: ['airflow', 'tasks', 'run', 'using_taskflow_v2', 'get_name', 'scheduled__0029-06-29T00:00:00+00:00', '--job-id', '163', '--raw', '--subdir', '/home/haboubi/Desktop/api/API_weather/dags/dag_create_py_api_taskflow.py', '--cfg-path', '/tmp/tmpa6gks6ka']
[2023-06-30T04:18:04.717+0100] {standard_task_runner.py:85} INFO - Job 163: Subtask get_name
[2023-06-30T04:18:04.748+0100] {task_command.py:410} INFO - Running <TaskInstance: using_taskflow_v2.get_name scheduled__0029-06-29T00:00:00+00:00 [running]> on host haboubi-VivoBook-15-ASUS-Laptop-X540UB
[2023-06-30T04:18:04.792+0100] {taskinstance.py:1545} INFO - Exporting env vars: AIRFLOW_CTX_DAG_OWNER='haboubi' AIRFLOW_CTX_DAG_ID='using_taskflow_v2' AIRFLOW_CTX_TASK_ID='get_name' AIRFLOW_CTX_EXECUTION_DATE='0029-06-29T00:00:00+00:00' AIRFLOW_CTX_TRY_NUMBER='1' AIRFLOW_CTX_DAG_RUN_ID='scheduled__0029-06-29T00:00:00+00:00'
[2023-06-30T04:18:04.793+0100] {python.py:183} INFO - Done. Returned value was: {'first_name': 'fadi', 'last_name': 'haboubi'}
[2023-06-30T04:18:04.804+0100] {taskinstance.py:1345} INFO - Marking task as SUCCESS. dag_id=using_taskflow_v2, task_id=get_name, execution_date=290629T000000, start_date=20230630T031804, end_date=20230630T031804
[2023-06-30T04:18:04.847+0100] {local_task_job_runner.py:225} INFO - Task exited with return code 0
[2023-06-30T04:18:04.862+0100] {taskinstance.py:2653} INFO - 0 downstream tasks scheduled from follow-on schedule check
[2023-06-30T04:20:19.922+0100] {taskinstance.py:1103} INFO - Dependencies all met for dep_context=non-requeueable deps ti=<TaskInstance: using_taskflow_v2.get_name scheduled__0029-06-29T00:00:00+00:00 [queued]>
[2023-06-30T04:20:19.932+0100] {taskinstance.py:1103} INFO - Dependencies all met for dep_context=requeueable deps ti=<TaskInstance: using_taskflow_v2.get_name scheduled__0029-06-29T00:00:00+00:00 [queued]>
[2023-06-30T04:20:19.933+0100] {taskinstance.py:1308} INFO - Starting attempt 1 of 6
[2023-06-30T04:20:19.949+0100] {taskinstance.py:1327} INFO - Executing <Task(_PythonDecoratedOperator): get_name> on 0029-06-29 00:00:00+00:00
[2023-06-30T04:20:19.953+0100] {standard_task_runner.py:57} INFO - Started process 30690 to run task
[2023-06-30T04:20:19.956+0100] {standard_task_runner.py:84} INFO - Running: ['airflow', 'tasks', 'run', 'using_taskflow_v2', 'get_name', 'scheduled__0029-06-29T00:00:00+00:00', '--job-id', '163', '--raw', '--subdir', '/home/haboubi/Desktop/api/API_weather/dags/dag_create_py_api_taskflow.py', '--cfg-path', '/tmp/tmp9kegtald']
[2023-06-30T04:20:19.957+0100] {standard_task_runner.py:85} INFO - Job 163: Subtask get_name
[2023-06-30T04:20:19.990+0100] {task_command.py:410} INFO - Running <TaskInstance: using_taskflow_v2.get_name scheduled__0029-06-29T00:00:00+00:00 [running]> on host haboubi-VivoBook-15-ASUS-Laptop-X540UB
[2023-06-30T04:20:20.043+0100] {taskinstance.py:1545} INFO - Exporting env vars: AIRFLOW_CTX_DAG_OWNER='haboubi' AIRFLOW_CTX_DAG_ID='using_taskflow_v2' AIRFLOW_CTX_TASK_ID='get_name' AIRFLOW_CTX_EXECUTION_DATE='0029-06-29T00:00:00+00:00' AIRFLOW_CTX_TRY_NUMBER='1' AIRFLOW_CTX_DAG_RUN_ID='scheduled__0029-06-29T00:00:00+00:00'
[2023-06-30T04:20:20.044+0100] {python.py:183} INFO - Done. Returned value was: {'first_name': 'fadi', 'last_name': 'haboubi'}
[2023-06-30T04:20:20.066+0100] {taskinstance.py:1345} INFO - Marking task as SUCCESS. dag_id=using_taskflow_v2, task_id=get_name, execution_date=290629T000000, start_date=20230630T032019, end_date=20230630T032020
[2023-06-30T04:20:20.088+0100] {local_task_job_runner.py:225} INFO - Task exited with return code 0
[2023-06-30T04:20:20.105+0100] {taskinstance.py:2653} INFO - 0 downstream tasks scheduled from follow-on schedule check
