[2023-07-05T10:30:13.126+0100] {taskinstance.py:1103} INFO - Dependencies all met for dep_context=non-requeueable deps ti=<TaskInstance: update_current_data_10.trigger_location_db scheduled__2023-05-07T01:00:00+00:00 [queued]>
[2023-07-05T10:30:13.134+0100] {taskinstance.py:1103} INFO - Dependencies all met for dep_context=requeueable deps ti=<TaskInstance: update_current_data_10.trigger_location_db scheduled__2023-05-07T01:00:00+00:00 [queued]>
[2023-07-05T10:30:13.134+0100] {taskinstance.py:1308} INFO - Starting attempt 1 of 3
[2023-07-05T10:30:13.144+0100] {taskinstance.py:1327} INFO - Executing <Task(PythonOperator): trigger_location_db> on 2023-05-07 01:00:00+00:00
[2023-07-05T10:30:13.148+0100] {standard_task_runner.py:57} INFO - Started process 40995 to run task
[2023-07-05T10:30:13.151+0100] {standard_task_runner.py:84} INFO - Running: ['***', 'tasks', 'run', 'update_current_data_10', 'trigger_location_db', 'scheduled__2023-05-07T01:00:00+00:00', '--job-id', '224', '--raw', '--subdir', '/home/haboubi/Desktop/api/API_weather/dags/update_current_dags.py', '--cfg-path', '/tmp/tmp8i8q32it']
[2023-07-05T10:30:13.152+0100] {standard_task_runner.py:85} INFO - Job 224: Subtask trigger_location_db
[2023-07-05T10:30:13.215+0100] {task_command.py:410} INFO - Running <TaskInstance: update_current_data_10.trigger_location_db scheduled__2023-05-07T01:00:00+00:00 [running]> on host haboubi-VivoBook-15-ASUS-Laptop-X540UB
[2023-07-05T10:30:13.312+0100] {taskinstance.py:1545} INFO - Exporting env vars: AIRFLOW_CTX_DAG_OWNER='haboubi' AIRFLOW_CTX_DAG_ID='update_current_data_10' AIRFLOW_CTX_TASK_ID='trigger_location_db' AIRFLOW_CTX_EXECUTION_DATE='2023-05-07T01:00:00+00:00' AIRFLOW_CTX_TRY_NUMBER='1' AIRFLOW_CTX_DAG_RUN_ID='scheduled__2023-05-07T01:00:00+00:00'
[2023-07-05T10:30:13.352+0100] {python.py:183} INFO - Done. Returned value was: None
[2023-07-05T10:30:13.367+0100] {taskinstance.py:1345} INFO - Marking task as SUCCESS. dag_id=update_current_data_10, task_id=trigger_location_db, execution_date=20230507T010000, start_date=20230705T093013, end_date=20230705T093013
[2023-07-05T10:30:13.403+0100] {local_task_job_runner.py:225} INFO - Task exited with return code 0
[2023-07-05T10:30:13.435+0100] {taskinstance.py:2653} INFO - 1 downstream tasks scheduled from follow-on schedule check
[2023-07-05T10:51:09.911+0100] {taskinstance.py:1103} INFO - Dependencies all met for dep_context=non-requeueable deps ti=<TaskInstance: update_current_data_10.trigger_location_db scheduled__2023-05-07T01:00:00+00:00 [queued]>
[2023-07-05T10:51:09.919+0100] {taskinstance.py:1103} INFO - Dependencies all met for dep_context=requeueable deps ti=<TaskInstance: update_current_data_10.trigger_location_db scheduled__2023-05-07T01:00:00+00:00 [queued]>
[2023-07-05T10:51:09.919+0100] {taskinstance.py:1308} INFO - Starting attempt 1 of 3
[2023-07-05T10:51:09.930+0100] {taskinstance.py:1327} INFO - Executing <Task(PythonOperator): trigger_location_db> on 2023-05-07 01:00:00+00:00
[2023-07-05T10:51:09.934+0100] {standard_task_runner.py:57} INFO - Started process 59737 to run task
[2023-07-05T10:51:09.937+0100] {standard_task_runner.py:84} INFO - Running: ['***', 'tasks', 'run', 'update_current_data_10', 'trigger_location_db', 'scheduled__2023-05-07T01:00:00+00:00', '--job-id', '544', '--raw', '--subdir', '/home/haboubi/Desktop/api/API_weather/dags/update_current_dags.py', '--cfg-path', '/tmp/tmp8mrntgx5']
[2023-07-05T10:51:09.939+0100] {standard_task_runner.py:85} INFO - Job 544: Subtask trigger_location_db
[2023-07-05T10:51:10.032+0100] {task_command.py:410} INFO - Running <TaskInstance: update_current_data_10.trigger_location_db scheduled__2023-05-07T01:00:00+00:00 [running]> on host haboubi-VivoBook-15-ASUS-Laptop-X540UB
[2023-07-05T10:51:10.139+0100] {taskinstance.py:1545} INFO - Exporting env vars: AIRFLOW_CTX_DAG_OWNER='haboubi' AIRFLOW_CTX_DAG_ID='update_current_data_10' AIRFLOW_CTX_TASK_ID='trigger_location_db' AIRFLOW_CTX_EXECUTION_DATE='2023-05-07T01:00:00+00:00' AIRFLOW_CTX_TRY_NUMBER='1' AIRFLOW_CTX_DAG_RUN_ID='scheduled__2023-05-07T01:00:00+00:00'
[2023-07-05T10:51:10.188+0100] {python.py:183} INFO - Done. Returned value was: None
[2023-07-05T10:51:10.206+0100] {taskinstance.py:1345} INFO - Marking task as SUCCESS. dag_id=update_current_data_10, task_id=trigger_location_db, execution_date=20230507T010000, start_date=20230705T095109, end_date=20230705T095110
[2023-07-05T10:51:10.230+0100] {local_task_job_runner.py:225} INFO - Task exited with return code 0
[2023-07-05T10:51:10.270+0100] {taskinstance.py:2653} INFO - 1 downstream tasks scheduled from follow-on schedule check
