[2023-07-04T16:16:25.348+0100] {taskinstance.py:1103} INFO - Dependencies all met for dep_context=non-requeueable deps ti=<TaskInstance: updated_day_hist_forcast_data.trigger_db scheduled__2023-07-03T00:00:00+00:00 [queued]>
[2023-07-04T16:16:25.356+0100] {taskinstance.py:1103} INFO - Dependencies all met for dep_context=requeueable deps ti=<TaskInstance: updated_day_hist_forcast_data.trigger_db scheduled__2023-07-03T00:00:00+00:00 [queued]>
[2023-07-04T16:16:25.356+0100] {taskinstance.py:1308} INFO - Starting attempt 1 of 3
[2023-07-04T16:16:25.367+0100] {taskinstance.py:1327} INFO - Executing <Task(PythonOperator): trigger_db> on 2023-07-03 00:00:00+00:00
[2023-07-04T16:16:25.372+0100] {standard_task_runner.py:57} INFO - Started process 51986 to run task
[2023-07-04T16:16:25.375+0100] {standard_task_runner.py:84} INFO - Running: ['***', 'tasks', 'run', 'updated_day_hist_forcast_data', 'trigger_db', 'scheduled__2023-07-03T00:00:00+00:00', '--job-id', '135', '--raw', '--subdir', '/home/haboubi/Desktop/api/API_weather/dags/update_day_hist.py', '--cfg-path', '/tmp/tmpir26fmxz']
[2023-07-04T16:16:25.377+0100] {standard_task_runner.py:85} INFO - Job 135: Subtask trigger_db
[2023-07-04T16:16:25.446+0100] {task_command.py:410} INFO - Running <TaskInstance: updated_day_hist_forcast_data.trigger_db scheduled__2023-07-03T00:00:00+00:00 [running]> on host haboubi-VivoBook-15-ASUS-Laptop-X540UB
[2023-07-04T16:16:25.574+0100] {taskinstance.py:1545} INFO - Exporting env vars: AIRFLOW_CTX_DAG_OWNER='haboubi' AIRFLOW_CTX_DAG_ID='updated_day_hist_forcast_data' AIRFLOW_CTX_TASK_ID='trigger_db' AIRFLOW_CTX_EXECUTION_DATE='2023-07-03T00:00:00+00:00' AIRFLOW_CTX_TRY_NUMBER='1' AIRFLOW_CTX_DAG_RUN_ID='scheduled__2023-07-03T00:00:00+00:00'
[2023-07-04T16:16:25.626+0100] {python.py:183} INFO - Done. Returned value was: None
[2023-07-04T16:16:25.646+0100] {taskinstance.py:1345} INFO - Marking task as SUCCESS. dag_id=updated_day_hist_forcast_data, task_id=trigger_db, execution_date=20230703T000000, start_date=20230704T151625, end_date=20230704T151625
[2023-07-04T16:16:25.667+0100] {local_task_job_runner.py:225} INFO - Task exited with return code 0
[2023-07-04T16:16:25.712+0100] {taskinstance.py:2653} INFO - 1 downstream tasks scheduled from follow-on schedule check
[2023-07-05T09:00:32.060+0100] {taskinstance.py:1103} INFO - Dependencies all met for dep_context=non-requeueable deps ti=<TaskInstance: updated_day_hist_forcast_data.trigger_db scheduled__2023-07-03T00:00:00+00:00 [queued]>
[2023-07-05T09:00:32.069+0100] {taskinstance.py:1103} INFO - Dependencies all met for dep_context=requeueable deps ti=<TaskInstance: updated_day_hist_forcast_data.trigger_db scheduled__2023-07-03T00:00:00+00:00 [queued]>
[2023-07-05T09:00:32.069+0100] {taskinstance.py:1308} INFO - Starting attempt 1 of 3
[2023-07-05T09:00:32.080+0100] {taskinstance.py:1327} INFO - Executing <Task(PythonOperator): trigger_db> on 2023-07-03 00:00:00+00:00
[2023-07-05T09:00:32.085+0100] {standard_task_runner.py:57} INFO - Started process 13640 to run task
[2023-07-05T09:00:32.088+0100] {standard_task_runner.py:84} INFO - Running: ['***', 'tasks', 'run', 'updated_day_hist_forcast_data', 'trigger_db', 'scheduled__2023-07-03T00:00:00+00:00', '--job-id', '155', '--raw', '--subdir', '/home/haboubi/Desktop/api/API_weather/dags/update_day_hist.py', '--cfg-path', '/tmp/tmpzvca0m3w']
[2023-07-05T09:00:32.089+0100] {standard_task_runner.py:85} INFO - Job 155: Subtask trigger_db
[2023-07-05T09:00:32.158+0100] {task_command.py:410} INFO - Running <TaskInstance: updated_day_hist_forcast_data.trigger_db scheduled__2023-07-03T00:00:00+00:00 [running]> on host haboubi-VivoBook-15-ASUS-Laptop-X540UB
[2023-07-05T09:00:32.258+0100] {taskinstance.py:1545} INFO - Exporting env vars: AIRFLOW_CTX_DAG_OWNER='haboubi' AIRFLOW_CTX_DAG_ID='updated_day_hist_forcast_data' AIRFLOW_CTX_TASK_ID='trigger_db' AIRFLOW_CTX_EXECUTION_DATE='2023-07-03T00:00:00+00:00' AIRFLOW_CTX_TRY_NUMBER='1' AIRFLOW_CTX_DAG_RUN_ID='scheduled__2023-07-03T00:00:00+00:00'
[2023-07-05T09:00:32.301+0100] {python.py:183} INFO - Done. Returned value was: None
[2023-07-05T09:00:32.316+0100] {taskinstance.py:1345} INFO - Marking task as SUCCESS. dag_id=updated_day_hist_forcast_data, task_id=trigger_db, execution_date=20230703T000000, start_date=20230705T080032, end_date=20230705T080032
[2023-07-05T09:00:32.340+0100] {local_task_job_runner.py:225} INFO - Task exited with return code 0
[2023-07-05T09:00:32.374+0100] {taskinstance.py:2653} INFO - 1 downstream tasks scheduled from follow-on schedule check
[2023-07-05T09:16:01.852+0100] {taskinstance.py:1103} INFO - Dependencies all met for dep_context=non-requeueable deps ti=<TaskInstance: updated_day_hist_forcast_data.trigger_db scheduled__2023-07-03T00:00:00+00:00 [queued]>
[2023-07-05T09:16:01.862+0100] {taskinstance.py:1103} INFO - Dependencies all met for dep_context=requeueable deps ti=<TaskInstance: updated_day_hist_forcast_data.trigger_db scheduled__2023-07-03T00:00:00+00:00 [queued]>
[2023-07-05T09:16:01.862+0100] {taskinstance.py:1308} INFO - Starting attempt 1 of 3
[2023-07-05T09:16:01.876+0100] {taskinstance.py:1327} INFO - Executing <Task(PythonOperator): trigger_db> on 2023-07-03 00:00:00+00:00
[2023-07-05T09:16:01.880+0100] {standard_task_runner.py:57} INFO - Started process 21361 to run task
[2023-07-05T09:16:01.884+0100] {standard_task_runner.py:84} INFO - Running: ['***', 'tasks', 'run', 'updated_day_hist_forcast_data', 'trigger_db', 'scheduled__2023-07-03T00:00:00+00:00', '--job-id', '179', '--raw', '--subdir', '/home/haboubi/Desktop/api/API_weather/dags/update_day_hist.py', '--cfg-path', '/tmp/tmpgmk2_y7n']
[2023-07-05T09:16:01.885+0100] {standard_task_runner.py:85} INFO - Job 179: Subtask trigger_db
[2023-07-05T09:16:01.984+0100] {task_command.py:410} INFO - Running <TaskInstance: updated_day_hist_forcast_data.trigger_db scheduled__2023-07-03T00:00:00+00:00 [running]> on host haboubi-VivoBook-15-ASUS-Laptop-X540UB
[2023-07-05T09:16:02.102+0100] {taskinstance.py:1545} INFO - Exporting env vars: AIRFLOW_CTX_DAG_OWNER='haboubi' AIRFLOW_CTX_DAG_ID='updated_day_hist_forcast_data' AIRFLOW_CTX_TASK_ID='trigger_db' AIRFLOW_CTX_EXECUTION_DATE='2023-07-03T00:00:00+00:00' AIRFLOW_CTX_TRY_NUMBER='1' AIRFLOW_CTX_DAG_RUN_ID='scheduled__2023-07-03T00:00:00+00:00'
[2023-07-05T09:16:02.107+0100] {taskinstance.py:1824} ERROR - Task failed with exception
Traceback (most recent call last):
  File "/home/haboubi/Desktop/api/API_weather/api_env/lib/python3.10/site-packages/sqlalchemy/orm/clsregistry.py", line 393, in _resolve_name
    rval = d[token]
  File "/home/haboubi/Desktop/api/API_weather/api_env/lib/python3.10/site-packages/sqlalchemy/util/_collections.py", line 746, in __missing__
    self[key] = val = self.creator(key)
  File "/home/haboubi/Desktop/api/API_weather/api_env/lib/python3.10/site-packages/sqlalchemy/orm/clsregistry.py", line 372, in _access_cls
    return self.fallback[key]
KeyError: 'Current'

The above exception was the direct cause of the following exception:

Traceback (most recent call last):
  File "/home/haboubi/Desktop/api/API_weather/api_env/lib/python3.10/site-packages/airflow/operators/python.py", line 181, in execute
    return_value = self.execute_callable()
  File "/home/haboubi/Desktop/api/API_weather/api_env/lib/python3.10/site-packages/airflow/operators/python.py", line 198, in execute_callable
    return self.python_callable(*self.op_args, **self.op_kwargs)
  File "/home/haboubi/Desktop/api/API_weather/dags/update_day_hist.py", line 23, in trigger_database_dag
    locations=session.query(Location).all()
  File "/home/haboubi/Desktop/api/API_weather/api_env/lib/python3.10/site-packages/sqlalchemy/orm/session.py", line 2166, in query
    return self._query_cls(entities, self, **kwargs)
  File "/home/haboubi/Desktop/api/API_weather/api_env/lib/python3.10/site-packages/sqlalchemy/orm/query.py", line 180, in __init__
    self._set_entities(entities)
  File "/home/haboubi/Desktop/api/API_weather/api_env/lib/python3.10/site-packages/sqlalchemy/orm/query.py", line 187, in _set_entities
    self._raw_columns = [
  File "/home/haboubi/Desktop/api/API_weather/api_env/lib/python3.10/site-packages/sqlalchemy/orm/query.py", line 188, in <listcomp>
    coercions.expect(
  File "/home/haboubi/Desktop/api/API_weather/api_env/lib/python3.10/site-packages/sqlalchemy/sql/coercions.py", line 186, in expect
    insp._post_inspect
  File "/home/haboubi/Desktop/api/API_weather/api_env/lib/python3.10/site-packages/sqlalchemy/util/langhelpers.py", line 1184, in __get__
    obj.__dict__[self.__name__] = result = self.fget(obj)
  File "/home/haboubi/Desktop/api/API_weather/api_env/lib/python3.10/site-packages/sqlalchemy/orm/mapper.py", line 2199, in _post_inspect
    self._check_configure()
  File "/home/haboubi/Desktop/api/API_weather/api_env/lib/python3.10/site-packages/sqlalchemy/orm/mapper.py", line 1941, in _check_configure
    _configure_registries({self.registry}, cascade=True)
  File "/home/haboubi/Desktop/api/API_weather/api_env/lib/python3.10/site-packages/sqlalchemy/orm/mapper.py", line 3527, in _configure_registries
    _do_configure_registries(registries, cascade)
  File "/home/haboubi/Desktop/api/API_weather/api_env/lib/python3.10/site-packages/sqlalchemy/orm/mapper.py", line 3566, in _do_configure_registries
    mapper._post_configure_properties()
  File "/home/haboubi/Desktop/api/API_weather/api_env/lib/python3.10/site-packages/sqlalchemy/orm/mapper.py", line 1958, in _post_configure_properties
    prop.init()
  File "/home/haboubi/Desktop/api/API_weather/api_env/lib/python3.10/site-packages/sqlalchemy/orm/interfaces.py", line 231, in init
    self.do_init()
  File "/home/haboubi/Desktop/api/API_weather/api_env/lib/python3.10/site-packages/sqlalchemy/orm/relationships.py", line 2150, in do_init
    self._process_dependent_arguments()
  File "/home/haboubi/Desktop/api/API_weather/api_env/lib/python3.10/site-packages/sqlalchemy/orm/relationships.py", line 2245, in _process_dependent_arguments
    self.target = self.entity.persist_selectable
  File "/home/haboubi/Desktop/api/API_weather/api_env/lib/python3.10/site-packages/sqlalchemy/util/langhelpers.py", line 1113, in __get__
    obj.__dict__[self.__name__] = result = self.fget(obj)
  File "/home/haboubi/Desktop/api/API_weather/api_env/lib/python3.10/site-packages/sqlalchemy/orm/relationships.py", line 2112, in entity
    argument = self._clsregistry_resolve_name(self.argument)()
  File "/home/haboubi/Desktop/api/API_weather/api_env/lib/python3.10/site-packages/sqlalchemy/orm/clsregistry.py", line 397, in _resolve_name
    self._raise_for_name(name, err)
  File "/home/haboubi/Desktop/api/API_weather/api_env/lib/python3.10/site-packages/sqlalchemy/orm/clsregistry.py", line 375, in _raise_for_name
    util.raise_(
  File "/home/haboubi/Desktop/api/API_weather/api_env/lib/python3.10/site-packages/sqlalchemy/util/compat.py", line 211, in raise_
    raise exception
sqlalchemy.exc.InvalidRequestError: When initializing mapper mapped class Location->locations, expression 'Current' failed to locate a name ('Current'). If this is a class name, consider adding this relationship() to the <class 'location.Location'> class after both dependent classes have been defined.
[2023-07-05T09:16:02.128+0100] {taskinstance.py:1345} INFO - Marking task as UP_FOR_RETRY. dag_id=updated_day_hist_forcast_data, task_id=trigger_db, execution_date=20230703T000000, start_date=20230705T081601, end_date=20230705T081602
[2023-07-05T09:16:02.139+0100] {standard_task_runner.py:104} ERROR - Failed to execute job 179 for task trigger_db (When initializing mapper mapped class Location->locations, expression 'Current' failed to locate a name ('Current'). If this is a class name, consider adding this relationship() to the <class 'location.Location'> class after both dependent classes have been defined.; 21361)
[2023-07-05T09:16:02.184+0100] {local_task_job_runner.py:225} INFO - Task exited with return code 1
[2023-07-05T09:16:02.215+0100] {taskinstance.py:2653} INFO - 0 downstream tasks scheduled from follow-on schedule check
[2023-07-05T09:50:59.439+0100] {taskinstance.py:1103} INFO - Dependencies all met for dep_context=non-requeueable deps ti=<TaskInstance: updated_day_hist_forcast_data.trigger_db scheduled__2023-07-03T00:00:00+00:00 [queued]>
[2023-07-05T09:50:59.449+0100] {taskinstance.py:1103} INFO - Dependencies all met for dep_context=requeueable deps ti=<TaskInstance: updated_day_hist_forcast_data.trigger_db scheduled__2023-07-03T00:00:00+00:00 [queued]>
[2023-07-05T09:50:59.449+0100] {taskinstance.py:1308} INFO - Starting attempt 1 of 3
[2023-07-05T09:50:59.463+0100] {taskinstance.py:1327} INFO - Executing <Task(PythonOperator): trigger_db> on 2023-07-03 00:00:00+00:00
[2023-07-05T09:50:59.467+0100] {standard_task_runner.py:57} INFO - Started process 31890 to run task
[2023-07-05T09:50:59.472+0100] {standard_task_runner.py:84} INFO - Running: ['***', 'tasks', 'run', 'updated_day_hist_forcast_data', 'trigger_db', 'scheduled__2023-07-03T00:00:00+00:00', '--job-id', '199', '--raw', '--subdir', '/home/haboubi/Desktop/api/API_weather/dags/update_day_hist.py', '--cfg-path', '/tmp/tmppkhm4sw4']
[2023-07-05T09:50:59.473+0100] {standard_task_runner.py:85} INFO - Job 199: Subtask trigger_db
[2023-07-05T09:50:59.546+0100] {task_command.py:410} INFO - Running <TaskInstance: updated_day_hist_forcast_data.trigger_db scheduled__2023-07-03T00:00:00+00:00 [running]> on host haboubi-VivoBook-15-ASUS-Laptop-X540UB
[2023-07-05T09:50:59.655+0100] {taskinstance.py:1545} INFO - Exporting env vars: AIRFLOW_CTX_DAG_OWNER='haboubi' AIRFLOW_CTX_DAG_ID='updated_day_hist_forcast_data' AIRFLOW_CTX_TASK_ID='trigger_db' AIRFLOW_CTX_EXECUTION_DATE='2023-07-03T00:00:00+00:00' AIRFLOW_CTX_TRY_NUMBER='1' AIRFLOW_CTX_DAG_RUN_ID='scheduled__2023-07-03T00:00:00+00:00'
[2023-07-05T09:50:59.659+0100] {taskinstance.py:1824} ERROR - Task failed with exception
Traceback (most recent call last):
  File "/home/haboubi/Desktop/api/API_weather/api_env/lib/python3.10/site-packages/sqlalchemy/orm/clsregistry.py", line 393, in _resolve_name
    rval = d[token]
  File "/home/haboubi/Desktop/api/API_weather/api_env/lib/python3.10/site-packages/sqlalchemy/util/_collections.py", line 746, in __missing__
    self[key] = val = self.creator(key)
  File "/home/haboubi/Desktop/api/API_weather/api_env/lib/python3.10/site-packages/sqlalchemy/orm/clsregistry.py", line 372, in _access_cls
    return self.fallback[key]
KeyError: 'Current'

The above exception was the direct cause of the following exception:

Traceback (most recent call last):
  File "/home/haboubi/Desktop/api/API_weather/api_env/lib/python3.10/site-packages/airflow/operators/python.py", line 181, in execute
    return_value = self.execute_callable()
  File "/home/haboubi/Desktop/api/API_weather/api_env/lib/python3.10/site-packages/airflow/operators/python.py", line 198, in execute_callable
    return self.python_callable(*self.op_args, **self.op_kwargs)
  File "/home/haboubi/Desktop/api/API_weather/dags/update_day_hist.py", line 23, in trigger_database_dag
    locations=session.query(Location).all()
  File "/home/haboubi/Desktop/api/API_weather/api_env/lib/python3.10/site-packages/sqlalchemy/orm/session.py", line 2166, in query
    return self._query_cls(entities, self, **kwargs)
  File "/home/haboubi/Desktop/api/API_weather/api_env/lib/python3.10/site-packages/sqlalchemy/orm/query.py", line 180, in __init__
    self._set_entities(entities)
  File "/home/haboubi/Desktop/api/API_weather/api_env/lib/python3.10/site-packages/sqlalchemy/orm/query.py", line 187, in _set_entities
    self._raw_columns = [
  File "/home/haboubi/Desktop/api/API_weather/api_env/lib/python3.10/site-packages/sqlalchemy/orm/query.py", line 188, in <listcomp>
    coercions.expect(
  File "/home/haboubi/Desktop/api/API_weather/api_env/lib/python3.10/site-packages/sqlalchemy/sql/coercions.py", line 186, in expect
    insp._post_inspect
  File "/home/haboubi/Desktop/api/API_weather/api_env/lib/python3.10/site-packages/sqlalchemy/util/langhelpers.py", line 1184, in __get__
    obj.__dict__[self.__name__] = result = self.fget(obj)
  File "/home/haboubi/Desktop/api/API_weather/api_env/lib/python3.10/site-packages/sqlalchemy/orm/mapper.py", line 2199, in _post_inspect
    self._check_configure()
  File "/home/haboubi/Desktop/api/API_weather/api_env/lib/python3.10/site-packages/sqlalchemy/orm/mapper.py", line 1941, in _check_configure
    _configure_registries({self.registry}, cascade=True)
  File "/home/haboubi/Desktop/api/API_weather/api_env/lib/python3.10/site-packages/sqlalchemy/orm/mapper.py", line 3527, in _configure_registries
    _do_configure_registries(registries, cascade)
  File "/home/haboubi/Desktop/api/API_weather/api_env/lib/python3.10/site-packages/sqlalchemy/orm/mapper.py", line 3566, in _do_configure_registries
    mapper._post_configure_properties()
  File "/home/haboubi/Desktop/api/API_weather/api_env/lib/python3.10/site-packages/sqlalchemy/orm/mapper.py", line 1958, in _post_configure_properties
    prop.init()
  File "/home/haboubi/Desktop/api/API_weather/api_env/lib/python3.10/site-packages/sqlalchemy/orm/interfaces.py", line 231, in init
    self.do_init()
  File "/home/haboubi/Desktop/api/API_weather/api_env/lib/python3.10/site-packages/sqlalchemy/orm/relationships.py", line 2150, in do_init
    self._process_dependent_arguments()
  File "/home/haboubi/Desktop/api/API_weather/api_env/lib/python3.10/site-packages/sqlalchemy/orm/relationships.py", line 2245, in _process_dependent_arguments
    self.target = self.entity.persist_selectable
  File "/home/haboubi/Desktop/api/API_weather/api_env/lib/python3.10/site-packages/sqlalchemy/util/langhelpers.py", line 1113, in __get__
    obj.__dict__[self.__name__] = result = self.fget(obj)
  File "/home/haboubi/Desktop/api/API_weather/api_env/lib/python3.10/site-packages/sqlalchemy/orm/relationships.py", line 2112, in entity
    argument = self._clsregistry_resolve_name(self.argument)()
  File "/home/haboubi/Desktop/api/API_weather/api_env/lib/python3.10/site-packages/sqlalchemy/orm/clsregistry.py", line 397, in _resolve_name
    self._raise_for_name(name, err)
  File "/home/haboubi/Desktop/api/API_weather/api_env/lib/python3.10/site-packages/sqlalchemy/orm/clsregistry.py", line 375, in _raise_for_name
    util.raise_(
  File "/home/haboubi/Desktop/api/API_weather/api_env/lib/python3.10/site-packages/sqlalchemy/util/compat.py", line 211, in raise_
    raise exception
sqlalchemy.exc.InvalidRequestError: When initializing mapper mapped class Location->locations, expression 'Current' failed to locate a name ('Current'). If this is a class name, consider adding this relationship() to the <class 'location.Location'> class after both dependent classes have been defined.
[2023-07-05T09:50:59.677+0100] {taskinstance.py:1345} INFO - Marking task as UP_FOR_RETRY. dag_id=updated_day_hist_forcast_data, task_id=trigger_db, execution_date=20230703T000000, start_date=20230705T085059, end_date=20230705T085059
[2023-07-05T09:50:59.689+0100] {standard_task_runner.py:104} ERROR - Failed to execute job 199 for task trigger_db (When initializing mapper mapped class Location->locations, expression 'Current' failed to locate a name ('Current'). If this is a class name, consider adding this relationship() to the <class 'location.Location'> class after both dependent classes have been defined.; 31890)
[2023-07-05T09:50:59.724+0100] {local_task_job_runner.py:225} INFO - Task exited with return code 1
[2023-07-05T09:50:59.765+0100] {taskinstance.py:2653} INFO - 0 downstream tasks scheduled from follow-on schedule check
