[2023-07-05T10:31:26.926+0100] {taskinstance.py:1103} INFO - Dependencies all met for dep_context=non-requeueable deps ti=<TaskInstance: update_current_data_10.trigger_location_db scheduled__2023-05-07T03:00:00+00:00 [queued]>
[2023-07-05T10:31:26.941+0100] {taskinstance.py:1103} INFO - Dependencies all met for dep_context=requeueable deps ti=<TaskInstance: update_current_data_10.trigger_location_db scheduled__2023-05-07T03:00:00+00:00 [queued]>
[2023-07-05T10:31:26.941+0100] {taskinstance.py:1308} INFO - Starting attempt 1 of 3
[2023-07-05T10:31:26.955+0100] {taskinstance.py:1327} INFO - Executing <Task(PythonOperator): trigger_location_db> on 2023-05-07 03:00:00+00:00
[2023-07-05T10:31:26.964+0100] {standard_task_runner.py:57} INFO - Started process 42114 to run task
[2023-07-05T10:31:26.969+0100] {standard_task_runner.py:84} INFO - Running: ['***', 'tasks', 'run', 'update_current_data_10', 'trigger_location_db', 'scheduled__2023-05-07T03:00:00+00:00', '--job-id', '243', '--raw', '--subdir', '/home/haboubi/Desktop/api/API_weather/dags/update_current_dags.py', '--cfg-path', '/tmp/tmp0wewq28m']
[2023-07-05T10:31:26.973+0100] {standard_task_runner.py:85} INFO - Job 243: Subtask trigger_location_db
[2023-07-05T10:31:27.048+0100] {task_command.py:410} INFO - Running <TaskInstance: update_current_data_10.trigger_location_db scheduled__2023-05-07T03:00:00+00:00 [running]> on host haboubi-VivoBook-15-ASUS-Laptop-X540UB
[2023-07-05T10:31:27.145+0100] {taskinstance.py:1545} INFO - Exporting env vars: AIRFLOW_CTX_DAG_OWNER='haboubi' AIRFLOW_CTX_DAG_ID='update_current_data_10' AIRFLOW_CTX_TASK_ID='trigger_location_db' AIRFLOW_CTX_EXECUTION_DATE='2023-05-07T03:00:00+00:00' AIRFLOW_CTX_TRY_NUMBER='1' AIRFLOW_CTX_DAG_RUN_ID='scheduled__2023-05-07T03:00:00+00:00'
[2023-07-05T10:31:27.188+0100] {python.py:183} INFO - Done. Returned value was: None
[2023-07-05T10:31:27.209+0100] {taskinstance.py:1345} INFO - Marking task as SUCCESS. dag_id=update_current_data_10, task_id=trigger_location_db, execution_date=20230507T030000, start_date=20230705T093126, end_date=20230705T093127
[2023-07-05T10:31:27.263+0100] {local_task_job_runner.py:225} INFO - Task exited with return code 0
[2023-07-05T10:31:27.326+0100] {taskinstance.py:2653} INFO - 1 downstream tasks scheduled from follow-on schedule check
[2023-07-05T10:52:20.353+0100] {taskinstance.py:1103} INFO - Dependencies all met for dep_context=non-requeueable deps ti=<TaskInstance: update_current_data_10.trigger_location_db scheduled__2023-05-07T03:00:00+00:00 [queued]>
[2023-07-05T10:52:20.361+0100] {taskinstance.py:1103} INFO - Dependencies all met for dep_context=requeueable deps ti=<TaskInstance: update_current_data_10.trigger_location_db scheduled__2023-05-07T03:00:00+00:00 [queued]>
[2023-07-05T10:52:20.361+0100] {taskinstance.py:1308} INFO - Starting attempt 1 of 3
[2023-07-05T10:52:20.372+0100] {taskinstance.py:1327} INFO - Executing <Task(PythonOperator): trigger_location_db> on 2023-05-07 03:00:00+00:00
[2023-07-05T10:52:20.375+0100] {standard_task_runner.py:57} INFO - Started process 60762 to run task
[2023-07-05T10:52:20.378+0100] {standard_task_runner.py:84} INFO - Running: ['***', 'tasks', 'run', 'update_current_data_10', 'trigger_location_db', 'scheduled__2023-05-07T03:00:00+00:00', '--job-id', '563', '--raw', '--subdir', '/home/haboubi/Desktop/api/API_weather/dags/update_current_dags.py', '--cfg-path', '/tmp/tmp011xcp26']
[2023-07-05T10:52:20.380+0100] {standard_task_runner.py:85} INFO - Job 563: Subtask trigger_location_db
[2023-07-05T10:52:20.450+0100] {task_command.py:410} INFO - Running <TaskInstance: update_current_data_10.trigger_location_db scheduled__2023-05-07T03:00:00+00:00 [running]> on host haboubi-VivoBook-15-ASUS-Laptop-X540UB
[2023-07-05T10:52:20.541+0100] {taskinstance.py:1545} INFO - Exporting env vars: AIRFLOW_CTX_DAG_OWNER='haboubi' AIRFLOW_CTX_DAG_ID='update_current_data_10' AIRFLOW_CTX_TASK_ID='trigger_location_db' AIRFLOW_CTX_EXECUTION_DATE='2023-05-07T03:00:00+00:00' AIRFLOW_CTX_TRY_NUMBER='1' AIRFLOW_CTX_DAG_RUN_ID='scheduled__2023-05-07T03:00:00+00:00'
[2023-07-05T10:52:20.580+0100] {python.py:183} INFO - Done. Returned value was: None
[2023-07-05T10:52:20.597+0100] {taskinstance.py:1345} INFO - Marking task as SUCCESS. dag_id=update_current_data_10, task_id=trigger_location_db, execution_date=20230507T030000, start_date=20230705T095220, end_date=20230705T095220
[2023-07-05T10:52:20.631+0100] {local_task_job_runner.py:225} INFO - Task exited with return code 0
[2023-07-05T10:52:20.662+0100] {taskinstance.py:2653} INFO - 1 downstream tasks scheduled from follow-on schedule check
