[2023-07-05T10:33:59.563+0100] {taskinstance.py:1103} INFO - Dependencies all met for dep_context=non-requeueable deps ti=<TaskInstance: update_current_data_10.extract_current_data scheduled__2023-05-07T05:00:00+00:00 [queued]>
[2023-07-05T10:33:59.579+0100] {taskinstance.py:1103} INFO - Dependencies all met for dep_context=requeueable deps ti=<TaskInstance: update_current_data_10.extract_current_data scheduled__2023-05-07T05:00:00+00:00 [queued]>
[2023-07-05T10:33:59.580+0100] {taskinstance.py:1308} INFO - Starting attempt 1 of 3
[2023-07-05T10:33:59.602+0100] {taskinstance.py:1327} INFO - Executing <Task(PythonOperator): extract_current_data> on 2023-05-07 05:00:00+00:00
[2023-07-05T10:33:59.613+0100] {standard_task_runner.py:57} INFO - Started process 44893 to run task
[2023-07-05T10:33:59.625+0100] {standard_task_runner.py:84} INFO - Running: ['***', 'tasks', 'run', 'update_current_data_10', 'extract_current_data', 'scheduled__2023-05-07T05:00:00+00:00', '--job-id', '287', '--raw', '--subdir', '/home/haboubi/Desktop/api/API_weather/dags/update_current_dags.py', '--cfg-path', '/tmp/tmpzak39o0n']
[2023-07-05T10:33:59.628+0100] {standard_task_runner.py:85} INFO - Job 287: Subtask extract_current_data
[2023-07-05T10:33:59.765+0100] {task_command.py:410} INFO - Running <TaskInstance: update_current_data_10.extract_current_data scheduled__2023-05-07T05:00:00+00:00 [running]> on host haboubi-VivoBook-15-ASUS-Laptop-X540UB
[2023-07-05T10:33:59.906+0100] {taskinstance.py:1545} INFO - Exporting env vars: AIRFLOW_CTX_DAG_OWNER='haboubi' AIRFLOW_CTX_DAG_ID='update_current_data_10' AIRFLOW_CTX_TASK_ID='extract_current_data' AIRFLOW_CTX_EXECUTION_DATE='2023-05-07T05:00:00+00:00' AIRFLOW_CTX_TRY_NUMBER='1' AIRFLOW_CTX_DAG_RUN_ID='scheduled__2023-05-07T05:00:00+00:00'
[2023-07-05T10:34:03.727+0100] {python.py:183} INFO - Done. Returned value was: None
[2023-07-05T10:34:03.767+0100] {taskinstance.py:1345} INFO - Marking task as SUCCESS. dag_id=update_current_data_10, task_id=extract_current_data, execution_date=20230507T050000, start_date=20230705T093359, end_date=20230705T093403
[2023-07-05T10:34:03.785+0100] {local_task_job_runner.py:225} INFO - Task exited with return code 0
[2023-07-05T10:34:03.817+0100] {taskinstance.py:2653} INFO - 1 downstream tasks scheduled from follow-on schedule check
[2023-07-05T10:54:26.315+0100] {taskinstance.py:1103} INFO - Dependencies all met for dep_context=non-requeueable deps ti=<TaskInstance: update_current_data_10.extract_current_data scheduled__2023-05-07T05:00:00+00:00 [queued]>
[2023-07-05T10:54:26.325+0100] {taskinstance.py:1103} INFO - Dependencies all met for dep_context=requeueable deps ti=<TaskInstance: update_current_data_10.extract_current_data scheduled__2023-05-07T05:00:00+00:00 [queued]>
[2023-07-05T10:54:26.325+0100] {taskinstance.py:1308} INFO - Starting attempt 1 of 3
[2023-07-05T10:54:26.335+0100] {taskinstance.py:1327} INFO - Executing <Task(PythonOperator): extract_current_data> on 2023-05-07 05:00:00+00:00
[2023-07-05T10:54:26.341+0100] {standard_task_runner.py:57} INFO - Started process 62471 to run task
[2023-07-05T10:54:26.344+0100] {standard_task_runner.py:84} INFO - Running: ['***', 'tasks', 'run', 'update_current_data_10', 'extract_current_data', 'scheduled__2023-05-07T05:00:00+00:00', '--job-id', '600', '--raw', '--subdir', '/home/haboubi/Desktop/api/API_weather/dags/update_current_dags.py', '--cfg-path', '/tmp/tmpgij5ks77']
[2023-07-05T10:54:26.345+0100] {standard_task_runner.py:85} INFO - Job 600: Subtask extract_current_data
[2023-07-05T10:54:26.413+0100] {task_command.py:410} INFO - Running <TaskInstance: update_current_data_10.extract_current_data scheduled__2023-05-07T05:00:00+00:00 [running]> on host haboubi-VivoBook-15-ASUS-Laptop-X540UB
[2023-07-05T10:54:26.516+0100] {taskinstance.py:1545} INFO - Exporting env vars: AIRFLOW_CTX_DAG_OWNER='haboubi' AIRFLOW_CTX_DAG_ID='update_current_data_10' AIRFLOW_CTX_TASK_ID='extract_current_data' AIRFLOW_CTX_EXECUTION_DATE='2023-05-07T05:00:00+00:00' AIRFLOW_CTX_TRY_NUMBER='1' AIRFLOW_CTX_DAG_RUN_ID='scheduled__2023-05-07T05:00:00+00:00'
[2023-07-05T10:54:30.397+0100] {python.py:183} INFO - Done. Returned value was: None
[2023-07-05T10:54:30.425+0100] {taskinstance.py:1345} INFO - Marking task as SUCCESS. dag_id=update_current_data_10, task_id=extract_current_data, execution_date=20230507T050000, start_date=20230705T095426, end_date=20230705T095430
[2023-07-05T10:54:30.455+0100] {local_task_job_runner.py:225} INFO - Task exited with return code 0
[2023-07-05T10:54:30.492+0100] {taskinstance.py:2653} INFO - 1 downstream tasks scheduled from follow-on schedule check
