[2023-07-05T10:48:16.672+0100] {taskinstance.py:1103} INFO - Dependencies all met for dep_context=non-requeueable deps ti=<TaskInstance: update_current_data_10.extract_current_data scheduled__2023-05-07T17:40:00+00:00 [queued]>
[2023-07-05T10:48:16.680+0100] {taskinstance.py:1103} INFO - Dependencies all met for dep_context=requeueable deps ti=<TaskInstance: update_current_data_10.extract_current_data scheduled__2023-05-07T17:40:00+00:00 [queued]>
[2023-07-05T10:48:16.680+0100] {taskinstance.py:1308} INFO - Starting attempt 1 of 3
[2023-07-05T10:48:16.690+0100] {taskinstance.py:1327} INFO - Executing <Task(PythonOperator): extract_current_data> on 2023-05-07 17:40:00+00:00
[2023-07-05T10:48:16.694+0100] {standard_task_runner.py:57} INFO - Started process 57797 to run task
[2023-07-05T10:48:16.697+0100] {standard_task_runner.py:84} INFO - Running: ['***', 'tasks', 'run', 'update_current_data_10', 'extract_current_data', 'scheduled__2023-05-07T17:40:00+00:00', '--job-id', '518', '--raw', '--subdir', '/home/haboubi/Desktop/api/API_weather/dags/update_current_dags.py', '--cfg-path', '/tmp/tmp_9o54c89']
[2023-07-05T10:48:16.698+0100] {standard_task_runner.py:85} INFO - Job 518: Subtask extract_current_data
[2023-07-05T10:48:16.762+0100] {task_command.py:410} INFO - Running <TaskInstance: update_current_data_10.extract_current_data scheduled__2023-05-07T17:40:00+00:00 [running]> on host haboubi-VivoBook-15-ASUS-Laptop-X540UB
[2023-07-05T10:48:16.855+0100] {taskinstance.py:1545} INFO - Exporting env vars: AIRFLOW_CTX_DAG_OWNER='haboubi' AIRFLOW_CTX_DAG_ID='update_current_data_10' AIRFLOW_CTX_TASK_ID='extract_current_data' AIRFLOW_CTX_EXECUTION_DATE='2023-05-07T17:40:00+00:00' AIRFLOW_CTX_TRY_NUMBER='1' AIRFLOW_CTX_DAG_RUN_ID='scheduled__2023-05-07T17:40:00+00:00'
[2023-07-05T10:48:20.772+0100] {python.py:183} INFO - Done. Returned value was: None
[2023-07-05T10:48:20.805+0100] {taskinstance.py:1345} INFO - Marking task as SUCCESS. dag_id=update_current_data_10, task_id=extract_current_data, execution_date=20230507T174000, start_date=20230705T094816, end_date=20230705T094820
[2023-07-05T10:48:20.852+0100] {local_task_job_runner.py:225} INFO - Task exited with return code 0
[2023-07-05T10:48:20.884+0100] {taskinstance.py:2653} INFO - 1 downstream tasks scheduled from follow-on schedule check
[2023-07-05T11:10:40.158+0100] {taskinstance.py:1103} INFO - Dependencies all met for dep_context=non-requeueable deps ti=<TaskInstance: update_current_data_10.extract_current_data scheduled__2023-05-07T17:40:00+00:00 [queued]>
[2023-07-05T11:10:40.166+0100] {taskinstance.py:1103} INFO - Dependencies all met for dep_context=requeueable deps ti=<TaskInstance: update_current_data_10.extract_current_data scheduled__2023-05-07T17:40:00+00:00 [queued]>
[2023-07-05T11:10:40.166+0100] {taskinstance.py:1308} INFO - Starting attempt 1 of 3
[2023-07-05T11:10:40.176+0100] {taskinstance.py:1327} INFO - Executing <Task(PythonOperator): extract_current_data> on 2023-05-07 17:40:00+00:00
[2023-07-05T11:10:40.181+0100] {standard_task_runner.py:57} INFO - Started process 77244 to run task
[2023-07-05T11:10:40.184+0100] {standard_task_runner.py:84} INFO - Running: ['***', 'tasks', 'run', 'update_current_data_10', 'extract_current_data', 'scheduled__2023-05-07T17:40:00+00:00', '--job-id', '802', '--raw', '--subdir', '/home/haboubi/Desktop/api/API_weather/dags/update_current_dags.py', '--cfg-path', '/tmp/tmpu41pn0jw']
[2023-07-05T11:10:40.185+0100] {standard_task_runner.py:85} INFO - Job 802: Subtask extract_current_data
[2023-07-05T11:10:40.248+0100] {task_command.py:410} INFO - Running <TaskInstance: update_current_data_10.extract_current_data scheduled__2023-05-07T17:40:00+00:00 [running]> on host haboubi-VivoBook-15-ASUS-Laptop-X540UB
[2023-07-05T11:10:40.341+0100] {taskinstance.py:1545} INFO - Exporting env vars: AIRFLOW_CTX_DAG_OWNER='haboubi' AIRFLOW_CTX_DAG_ID='update_current_data_10' AIRFLOW_CTX_TASK_ID='extract_current_data' AIRFLOW_CTX_EXECUTION_DATE='2023-05-07T17:40:00+00:00' AIRFLOW_CTX_TRY_NUMBER='1' AIRFLOW_CTX_DAG_RUN_ID='scheduled__2023-05-07T17:40:00+00:00'
[2023-07-05T11:10:44.352+0100] {python.py:183} INFO - Done. Returned value was: None
[2023-07-05T11:10:44.410+0100] {taskinstance.py:1345} INFO - Marking task as SUCCESS. dag_id=update_current_data_10, task_id=extract_current_data, execution_date=20230507T174000, start_date=20230705T101040, end_date=20230705T101044
[2023-07-05T11:10:44.457+0100] {local_task_job_runner.py:225} INFO - Task exited with return code 0
[2023-07-05T11:10:44.510+0100] {taskinstance.py:2653} INFO - 1 downstream tasks scheduled from follow-on schedule check
