[2023-07-05T10:40:36.659+0100] {taskinstance.py:1103} INFO - Dependencies all met for dep_context=non-requeueable deps ti=<TaskInstance: update_current_data_10.trigger_location_db scheduled__2023-05-07T12:20:00+00:00 [queued]>
[2023-07-05T10:40:36.668+0100] {taskinstance.py:1103} INFO - Dependencies all met for dep_context=requeueable deps ti=<TaskInstance: update_current_data_10.trigger_location_db scheduled__2023-05-07T12:20:00+00:00 [queued]>
[2023-07-05T10:40:36.668+0100] {taskinstance.py:1308} INFO - Starting attempt 1 of 3
[2023-07-05T10:40:36.679+0100] {taskinstance.py:1327} INFO - Executing <Task(PythonOperator): trigger_location_db> on 2023-05-07 12:20:00+00:00
[2023-07-05T10:40:36.686+0100] {standard_task_runner.py:57} INFO - Started process 51042 to run task
[2023-07-05T10:40:36.689+0100] {standard_task_runner.py:84} INFO - Running: ['***', 'tasks', 'run', 'update_current_data_10', 'trigger_location_db', 'scheduled__2023-05-07T12:20:00+00:00', '--job-id', '399', '--raw', '--subdir', '/home/haboubi/Desktop/api/API_weather/dags/update_current_dags.py', '--cfg-path', '/tmp/tmpqd0j_un2']
[2023-07-05T10:40:36.691+0100] {standard_task_runner.py:85} INFO - Job 399: Subtask trigger_location_db
[2023-07-05T10:40:36.778+0100] {task_command.py:410} INFO - Running <TaskInstance: update_current_data_10.trigger_location_db scheduled__2023-05-07T12:20:00+00:00 [running]> on host haboubi-VivoBook-15-ASUS-Laptop-X540UB
[2023-07-05T10:40:36.904+0100] {taskinstance.py:1545} INFO - Exporting env vars: AIRFLOW_CTX_DAG_OWNER='haboubi' AIRFLOW_CTX_DAG_ID='update_current_data_10' AIRFLOW_CTX_TASK_ID='trigger_location_db' AIRFLOW_CTX_EXECUTION_DATE='2023-05-07T12:20:00+00:00' AIRFLOW_CTX_TRY_NUMBER='1' AIRFLOW_CTX_DAG_RUN_ID='scheduled__2023-05-07T12:20:00+00:00'
[2023-07-05T10:40:36.955+0100] {python.py:183} INFO - Done. Returned value was: None
[2023-07-05T10:40:36.975+0100] {taskinstance.py:1345} INFO - Marking task as SUCCESS. dag_id=update_current_data_10, task_id=trigger_location_db, execution_date=20230507T122000, start_date=20230705T094036, end_date=20230705T094036
[2023-07-05T10:40:37.022+0100] {local_task_job_runner.py:225} INFO - Task exited with return code 0
[2023-07-05T10:40:37.066+0100] {taskinstance.py:2653} INFO - 1 downstream tasks scheduled from follow-on schedule check
[2023-07-05T11:03:33.058+0100] {taskinstance.py:1103} INFO - Dependencies all met for dep_context=non-requeueable deps ti=<TaskInstance: update_current_data_10.trigger_location_db scheduled__2023-05-07T12:20:00+00:00 [queued]>
[2023-07-05T11:03:33.066+0100] {taskinstance.py:1103} INFO - Dependencies all met for dep_context=requeueable deps ti=<TaskInstance: update_current_data_10.trigger_location_db scheduled__2023-05-07T12:20:00+00:00 [queued]>
[2023-07-05T11:03:33.066+0100] {taskinstance.py:1308} INFO - Starting attempt 1 of 3
[2023-07-05T11:03:33.076+0100] {taskinstance.py:1327} INFO - Executing <Task(PythonOperator): trigger_location_db> on 2023-05-07 12:20:00+00:00
[2023-07-05T11:03:33.081+0100] {standard_task_runner.py:57} INFO - Started process 69483 to run task
[2023-07-05T11:03:33.084+0100] {standard_task_runner.py:84} INFO - Running: ['***', 'tasks', 'run', 'update_current_data_10', 'trigger_location_db', 'scheduled__2023-05-07T12:20:00+00:00', '--job-id', '687', '--raw', '--subdir', '/home/haboubi/Desktop/api/API_weather/dags/update_current_dags.py', '--cfg-path', '/tmp/tmpfbw7f2xt']
[2023-07-05T11:03:33.085+0100] {standard_task_runner.py:85} INFO - Job 687: Subtask trigger_location_db
[2023-07-05T11:03:33.148+0100] {task_command.py:410} INFO - Running <TaskInstance: update_current_data_10.trigger_location_db scheduled__2023-05-07T12:20:00+00:00 [running]> on host haboubi-VivoBook-15-ASUS-Laptop-X540UB
[2023-07-05T11:03:33.240+0100] {taskinstance.py:1545} INFO - Exporting env vars: AIRFLOW_CTX_DAG_OWNER='haboubi' AIRFLOW_CTX_DAG_ID='update_current_data_10' AIRFLOW_CTX_TASK_ID='trigger_location_db' AIRFLOW_CTX_EXECUTION_DATE='2023-05-07T12:20:00+00:00' AIRFLOW_CTX_TRY_NUMBER='1' AIRFLOW_CTX_DAG_RUN_ID='scheduled__2023-05-07T12:20:00+00:00'
[2023-07-05T11:03:33.280+0100] {python.py:183} INFO - Done. Returned value was: None
[2023-07-05T11:03:33.295+0100] {taskinstance.py:1345} INFO - Marking task as SUCCESS. dag_id=update_current_data_10, task_id=trigger_location_db, execution_date=20230507T122000, start_date=20230705T100333, end_date=20230705T100333
[2023-07-05T11:03:33.336+0100] {local_task_job_runner.py:225} INFO - Task exited with return code 0
[2023-07-05T11:03:33.367+0100] {taskinstance.py:2653} INFO - 1 downstream tasks scheduled from follow-on schedule check
