[2023-07-03T18:46:39.119+0100] {taskinstance.py:1103} INFO - Dependencies all met for dep_context=non-requeueable deps ti=<TaskInstance: updated_day_hist_forcast_data.clear_memory_updated_forc scheduled__2023-07-02T00:00:00+00:00 [queued]>
[2023-07-03T18:46:39.140+0100] {taskinstance.py:1103} INFO - Dependencies all met for dep_context=requeueable deps ti=<TaskInstance: updated_day_hist_forcast_data.clear_memory_updated_forc scheduled__2023-07-02T00:00:00+00:00 [queued]>
[2023-07-03T18:46:39.140+0100] {taskinstance.py:1308} INFO - Starting attempt 1 of 3
[2023-07-03T18:46:39.163+0100] {taskinstance.py:1327} INFO - Executing <Task(PythonOperator): clear_memory_updated_forc> on 2023-07-02 00:00:00+00:00
[2023-07-03T18:46:39.169+0100] {standard_task_runner.py:57} INFO - Started process 56181 to run task
[2023-07-03T18:46:39.174+0100] {standard_task_runner.py:84} INFO - Running: ['***', 'tasks', 'run', 'updated_day_hist_forcast_data', 'clear_memory_updated_forc', 'scheduled__2023-07-02T00:00:00+00:00', '--job-id', '133', '--raw', '--subdir', '/home/haboubi/Desktop/api/API_weather/dags/update_day_hist.py', '--cfg-path', '/tmp/tmpulxhf3cv']
[2023-07-03T18:46:39.177+0100] {standard_task_runner.py:85} INFO - Job 133: Subtask clear_memory_updated_forc
[2023-07-03T18:46:39.254+0100] {task_command.py:410} INFO - Running <TaskInstance: updated_day_hist_forcast_data.clear_memory_updated_forc scheduled__2023-07-02T00:00:00+00:00 [running]> on host haboubi-VivoBook-15-ASUS-Laptop-X540UB
[2023-07-03T18:46:39.378+0100] {taskinstance.py:1545} INFO - Exporting env vars: AIRFLOW_CTX_DAG_OWNER='haboubi' AIRFLOW_CTX_DAG_ID='updated_day_hist_forcast_data' AIRFLOW_CTX_TASK_ID='clear_memory_updated_forc' AIRFLOW_CTX_EXECUTION_DATE='2023-07-02T00:00:00+00:00' AIRFLOW_CTX_TRY_NUMBER='1' AIRFLOW_CTX_DAG_RUN_ID='scheduled__2023-07-02T00:00:00+00:00'
[2023-07-03T18:46:39.379+0100] {python.py:183} INFO - Done. Returned value was: 0
[2023-07-03T18:46:39.416+0100] {taskinstance.py:1345} INFO - Marking task as SUCCESS. dag_id=updated_day_hist_forcast_data, task_id=clear_memory_updated_forc, execution_date=20230702T000000, start_date=20230703T174639, end_date=20230703T174639
[2023-07-03T18:46:39.468+0100] {local_task_job_runner.py:225} INFO - Task exited with return code 0
[2023-07-03T18:46:39.496+0100] {taskinstance.py:2653} INFO - 0 downstream tasks scheduled from follow-on schedule check
[2023-07-05T09:01:46.389+0100] {taskinstance.py:1103} INFO - Dependencies all met for dep_context=non-requeueable deps ti=<TaskInstance: updated_day_hist_forcast_data.clear_memory_updated_forc scheduled__2023-07-02T00:00:00+00:00 [queued]>
[2023-07-05T09:01:46.399+0100] {taskinstance.py:1103} INFO - Dependencies all met for dep_context=requeueable deps ti=<TaskInstance: updated_day_hist_forcast_data.clear_memory_updated_forc scheduled__2023-07-02T00:00:00+00:00 [queued]>
[2023-07-05T09:01:46.399+0100] {taskinstance.py:1308} INFO - Starting attempt 1 of 3
[2023-07-05T09:01:46.410+0100] {taskinstance.py:1327} INFO - Executing <Task(PythonOperator): clear_memory_updated_forc> on 2023-07-02 00:00:00+00:00
[2023-07-05T09:01:46.415+0100] {standard_task_runner.py:57} INFO - Started process 14804 to run task
[2023-07-05T09:01:46.418+0100] {standard_task_runner.py:84} INFO - Running: ['***', 'tasks', 'run', 'updated_day_hist_forcast_data', 'clear_memory_updated_forc', 'scheduled__2023-07-02T00:00:00+00:00', '--job-id', '166', '--raw', '--subdir', '/home/haboubi/Desktop/api/API_weather/dags/update_day_hist.py', '--cfg-path', '/tmp/tmpgg40fsfv']
[2023-07-05T09:01:46.419+0100] {standard_task_runner.py:85} INFO - Job 166: Subtask clear_memory_updated_forc
[2023-07-05T09:01:46.484+0100] {task_command.py:410} INFO - Running <TaskInstance: updated_day_hist_forcast_data.clear_memory_updated_forc scheduled__2023-07-02T00:00:00+00:00 [running]> on host haboubi-VivoBook-15-ASUS-Laptop-X540UB
[2023-07-05T09:01:46.588+0100] {taskinstance.py:1545} INFO - Exporting env vars: AIRFLOW_CTX_DAG_OWNER='haboubi' AIRFLOW_CTX_DAG_ID='updated_day_hist_forcast_data' AIRFLOW_CTX_TASK_ID='clear_memory_updated_forc' AIRFLOW_CTX_EXECUTION_DATE='2023-07-02T00:00:00+00:00' AIRFLOW_CTX_TRY_NUMBER='1' AIRFLOW_CTX_DAG_RUN_ID='scheduled__2023-07-02T00:00:00+00:00'
[2023-07-05T09:01:46.589+0100] {python.py:183} INFO - Done. Returned value was: 0
[2023-07-05T09:01:46.633+0100] {taskinstance.py:1345} INFO - Marking task as SUCCESS. dag_id=updated_day_hist_forcast_data, task_id=clear_memory_updated_forc, execution_date=20230702T000000, start_date=20230705T080146, end_date=20230705T080146
[2023-07-05T09:01:46.670+0100] {local_task_job_runner.py:225} INFO - Task exited with return code 0
[2023-07-05T09:01:46.699+0100] {taskinstance.py:2653} INFO - 0 downstream tasks scheduled from follow-on schedule check
