[2023-07-05T10:43:24.629+0100] {taskinstance.py:1103} INFO - Dependencies all met for dep_context=non-requeueable deps ti=<TaskInstance: update_current_data_10.extract_current_data scheduled__2023-05-07T14:40:00+00:00 [queued]>
[2023-07-05T10:43:24.637+0100] {taskinstance.py:1103} INFO - Dependencies all met for dep_context=requeueable deps ti=<TaskInstance: update_current_data_10.extract_current_data scheduled__2023-05-07T14:40:00+00:00 [queued]>
[2023-07-05T10:43:24.637+0100] {taskinstance.py:1308} INFO - Starting attempt 1 of 3
[2023-07-05T10:43:24.647+0100] {taskinstance.py:1327} INFO - Executing <Task(PythonOperator): extract_current_data> on 2023-05-07 14:40:00+00:00
[2023-07-05T10:43:24.652+0100] {standard_task_runner.py:57} INFO - Started process 53889 to run task
[2023-07-05T10:43:24.655+0100] {standard_task_runner.py:84} INFO - Running: ['***', 'tasks', 'run', 'update_current_data_10', 'extract_current_data', 'scheduled__2023-05-07T14:40:00+00:00', '--job-id', '449', '--raw', '--subdir', '/home/haboubi/Desktop/api/API_weather/dags/update_current_dags.py', '--cfg-path', '/tmp/tmpcmmeyas3']
[2023-07-05T10:43:24.656+0100] {standard_task_runner.py:85} INFO - Job 449: Subtask extract_current_data
[2023-07-05T10:43:24.721+0100] {task_command.py:410} INFO - Running <TaskInstance: update_current_data_10.extract_current_data scheduled__2023-05-07T14:40:00+00:00 [running]> on host haboubi-VivoBook-15-ASUS-Laptop-X540UB
[2023-07-05T10:43:24.813+0100] {taskinstance.py:1545} INFO - Exporting env vars: AIRFLOW_CTX_DAG_OWNER='haboubi' AIRFLOW_CTX_DAG_ID='update_current_data_10' AIRFLOW_CTX_TASK_ID='extract_current_data' AIRFLOW_CTX_EXECUTION_DATE='2023-05-07T14:40:00+00:00' AIRFLOW_CTX_TRY_NUMBER='1' AIRFLOW_CTX_DAG_RUN_ID='scheduled__2023-05-07T14:40:00+00:00'
[2023-07-05T10:43:28.487+0100] {python.py:183} INFO - Done. Returned value was: None
[2023-07-05T10:43:28.518+0100] {taskinstance.py:1345} INFO - Marking task as SUCCESS. dag_id=update_current_data_10, task_id=extract_current_data, execution_date=20230507T144000, start_date=20230705T094324, end_date=20230705T094328
[2023-07-05T10:43:28.568+0100] {local_task_job_runner.py:225} INFO - Task exited with return code 0
[2023-07-05T10:43:28.599+0100] {taskinstance.py:2653} INFO - 1 downstream tasks scheduled from follow-on schedule check
[2023-07-05T11:08:17.783+0100] {taskinstance.py:1103} INFO - Dependencies all met for dep_context=non-requeueable deps ti=<TaskInstance: update_current_data_10.extract_current_data scheduled__2023-05-07T14:40:00+00:00 [queued]>
[2023-07-05T11:08:17.797+0100] {taskinstance.py:1103} INFO - Dependencies all met for dep_context=requeueable deps ti=<TaskInstance: update_current_data_10.extract_current_data scheduled__2023-05-07T14:40:00+00:00 [queued]>
[2023-07-05T11:08:17.798+0100] {taskinstance.py:1308} INFO - Starting attempt 1 of 3
[2023-07-05T11:08:17.812+0100] {taskinstance.py:1327} INFO - Executing <Task(PythonOperator): extract_current_data> on 2023-05-07 14:40:00+00:00
[2023-07-05T11:08:17.818+0100] {standard_task_runner.py:57} INFO - Started process 74755 to run task
[2023-07-05T11:08:17.822+0100] {standard_task_runner.py:84} INFO - Running: ['***', 'tasks', 'run', 'update_current_data_10', 'extract_current_data', 'scheduled__2023-05-07T14:40:00+00:00', '--job-id', '765', '--raw', '--subdir', '/home/haboubi/Desktop/api/API_weather/dags/update_current_dags.py', '--cfg-path', '/tmp/tmprm8gqeui']
[2023-07-05T11:08:17.826+0100] {standard_task_runner.py:85} INFO - Job 765: Subtask extract_current_data
[2023-07-05T11:08:17.932+0100] {task_command.py:410} INFO - Running <TaskInstance: update_current_data_10.extract_current_data scheduled__2023-05-07T14:40:00+00:00 [running]> on host haboubi-VivoBook-15-ASUS-Laptop-X540UB
[2023-07-05T11:08:18.100+0100] {taskinstance.py:1545} INFO - Exporting env vars: AIRFLOW_CTX_DAG_OWNER='haboubi' AIRFLOW_CTX_DAG_ID='update_current_data_10' AIRFLOW_CTX_TASK_ID='extract_current_data' AIRFLOW_CTX_EXECUTION_DATE='2023-05-07T14:40:00+00:00' AIRFLOW_CTX_TRY_NUMBER='1' AIRFLOW_CTX_DAG_RUN_ID='scheduled__2023-05-07T14:40:00+00:00'
[2023-07-05T11:08:21.930+0100] {python.py:183} INFO - Done. Returned value was: None
[2023-07-05T11:08:21.961+0100] {taskinstance.py:1345} INFO - Marking task as SUCCESS. dag_id=update_current_data_10, task_id=extract_current_data, execution_date=20230507T144000, start_date=20230705T100817, end_date=20230705T100821
[2023-07-05T11:08:22.021+0100] {local_task_job_runner.py:225} INFO - Task exited with return code 0
[2023-07-05T11:08:22.082+0100] {taskinstance.py:2653} INFO - 1 downstream tasks scheduled from follow-on schedule check
