[2023-07-03T18:46:27.453+0100] {taskinstance.py:1103} INFO - Dependencies all met for dep_context=non-requeueable deps ti=<TaskInstance: updated_day_hist_forcast_data.clear_memory_updated_forc scheduled__2023-07-01T00:00:00+00:00 [queued]>
[2023-07-03T18:46:27.463+0100] {taskinstance.py:1103} INFO - Dependencies all met for dep_context=requeueable deps ti=<TaskInstance: updated_day_hist_forcast_data.clear_memory_updated_forc scheduled__2023-07-01T00:00:00+00:00 [queued]>
[2023-07-03T18:46:27.463+0100] {taskinstance.py:1308} INFO - Starting attempt 1 of 3
[2023-07-03T18:46:27.476+0100] {taskinstance.py:1327} INFO - Executing <Task(PythonOperator): clear_memory_updated_forc> on 2023-07-01 00:00:00+00:00
[2023-07-03T18:46:27.480+0100] {standard_task_runner.py:57} INFO - Started process 55949 to run task
[2023-07-03T18:46:27.484+0100] {standard_task_runner.py:84} INFO - Running: ['***', 'tasks', 'run', 'updated_day_hist_forcast_data', 'clear_memory_updated_forc', 'scheduled__2023-07-01T00:00:00+00:00', '--job-id', '129', '--raw', '--subdir', '/home/haboubi/Desktop/api/API_weather/dags/update_day_hist.py', '--cfg-path', '/tmp/tmphszkkxan']
[2023-07-03T18:46:27.486+0100] {standard_task_runner.py:85} INFO - Job 129: Subtask clear_memory_updated_forc
[2023-07-03T18:46:27.559+0100] {task_command.py:410} INFO - Running <TaskInstance: updated_day_hist_forcast_data.clear_memory_updated_forc scheduled__2023-07-01T00:00:00+00:00 [running]> on host haboubi-VivoBook-15-ASUS-Laptop-X540UB
[2023-07-03T18:46:27.671+0100] {taskinstance.py:1545} INFO - Exporting env vars: AIRFLOW_CTX_DAG_OWNER='haboubi' AIRFLOW_CTX_DAG_ID='updated_day_hist_forcast_data' AIRFLOW_CTX_TASK_ID='clear_memory_updated_forc' AIRFLOW_CTX_EXECUTION_DATE='2023-07-01T00:00:00+00:00' AIRFLOW_CTX_TRY_NUMBER='1' AIRFLOW_CTX_DAG_RUN_ID='scheduled__2023-07-01T00:00:00+00:00'
[2023-07-03T18:46:27.673+0100] {python.py:183} INFO - Done. Returned value was: 0
[2023-07-03T18:46:27.709+0100] {taskinstance.py:1345} INFO - Marking task as SUCCESS. dag_id=updated_day_hist_forcast_data, task_id=clear_memory_updated_forc, execution_date=20230701T000000, start_date=20230703T174627, end_date=20230703T174627
[2023-07-03T18:46:27.736+0100] {local_task_job_runner.py:225} INFO - Task exited with return code 0
[2023-07-03T18:46:27.764+0100] {taskinstance.py:2653} INFO - 0 downstream tasks scheduled from follow-on schedule check
[2023-07-05T09:01:19.371+0100] {taskinstance.py:1103} INFO - Dependencies all met for dep_context=non-requeueable deps ti=<TaskInstance: updated_day_hist_forcast_data.clear_memory_updated_forc scheduled__2023-07-01T00:00:00+00:00 [queued]>
[2023-07-05T09:01:19.381+0100] {taskinstance.py:1103} INFO - Dependencies all met for dep_context=requeueable deps ti=<TaskInstance: updated_day_hist_forcast_data.clear_memory_updated_forc scheduled__2023-07-01T00:00:00+00:00 [queued]>
[2023-07-05T09:01:19.381+0100] {taskinstance.py:1308} INFO - Starting attempt 1 of 3
[2023-07-05T09:01:19.392+0100] {taskinstance.py:1327} INFO - Executing <Task(PythonOperator): clear_memory_updated_forc> on 2023-07-01 00:00:00+00:00
[2023-07-05T09:01:19.397+0100] {standard_task_runner.py:57} INFO - Started process 14358 to run task
[2023-07-05T09:01:19.400+0100] {standard_task_runner.py:84} INFO - Running: ['***', 'tasks', 'run', 'updated_day_hist_forcast_data', 'clear_memory_updated_forc', 'scheduled__2023-07-01T00:00:00+00:00', '--job-id', '162', '--raw', '--subdir', '/home/haboubi/Desktop/api/API_weather/dags/update_day_hist.py', '--cfg-path', '/tmp/tmpxl6stmu8']
[2023-07-05T09:01:19.401+0100] {standard_task_runner.py:85} INFO - Job 162: Subtask clear_memory_updated_forc
[2023-07-05T09:01:19.468+0100] {task_command.py:410} INFO - Running <TaskInstance: updated_day_hist_forcast_data.clear_memory_updated_forc scheduled__2023-07-01T00:00:00+00:00 [running]> on host haboubi-VivoBook-15-ASUS-Laptop-X540UB
[2023-07-05T09:01:19.567+0100] {taskinstance.py:1545} INFO - Exporting env vars: AIRFLOW_CTX_DAG_OWNER='haboubi' AIRFLOW_CTX_DAG_ID='updated_day_hist_forcast_data' AIRFLOW_CTX_TASK_ID='clear_memory_updated_forc' AIRFLOW_CTX_EXECUTION_DATE='2023-07-01T00:00:00+00:00' AIRFLOW_CTX_TRY_NUMBER='1' AIRFLOW_CTX_DAG_RUN_ID='scheduled__2023-07-01T00:00:00+00:00'
[2023-07-05T09:01:19.569+0100] {python.py:183} INFO - Done. Returned value was: 0
[2023-07-05T09:01:19.605+0100] {taskinstance.py:1345} INFO - Marking task as SUCCESS. dag_id=updated_day_hist_forcast_data, task_id=clear_memory_updated_forc, execution_date=20230701T000000, start_date=20230705T080119, end_date=20230705T080119
[2023-07-05T09:01:19.652+0100] {local_task_job_runner.py:225} INFO - Task exited with return code 0
[2023-07-05T09:01:19.676+0100] {taskinstance.py:2653} INFO - 0 downstream tasks scheduled from follow-on schedule check
