[2023-07-05T10:41:22.026+0100] {taskinstance.py:1103} INFO - Dependencies all met for dep_context=non-requeueable deps ti=<TaskInstance: update_current_data_10.extract_current_data scheduled__2023-05-07T12:40:00+00:00 [queued]>
[2023-07-05T10:41:22.049+0100] {taskinstance.py:1103} INFO - Dependencies all met for dep_context=requeueable deps ti=<TaskInstance: update_current_data_10.extract_current_data scheduled__2023-05-07T12:40:00+00:00 [queued]>
[2023-07-05T10:41:22.052+0100] {taskinstance.py:1308} INFO - Starting attempt 1 of 3
[2023-07-05T10:41:22.089+0100] {taskinstance.py:1327} INFO - Executing <Task(PythonOperator): extract_current_data> on 2023-05-07 12:40:00+00:00
[2023-07-05T10:41:22.095+0100] {standard_task_runner.py:57} INFO - Started process 51805 to run task
[2023-07-05T10:41:22.107+0100] {standard_task_runner.py:84} INFO - Running: ['***', 'tasks', 'run', 'update_current_data_10', 'extract_current_data', 'scheduled__2023-05-07T12:40:00+00:00', '--job-id', '413', '--raw', '--subdir', '/home/haboubi/Desktop/api/API_weather/dags/update_current_dags.py', '--cfg-path', '/tmp/tmpc36v0270']
[2023-07-05T10:41:22.111+0100] {standard_task_runner.py:85} INFO - Job 413: Subtask extract_current_data
[2023-07-05T10:41:22.223+0100] {task_command.py:410} INFO - Running <TaskInstance: update_current_data_10.extract_current_data scheduled__2023-05-07T12:40:00+00:00 [running]> on host haboubi-VivoBook-15-ASUS-Laptop-X540UB
[2023-07-05T10:41:22.403+0100] {taskinstance.py:1545} INFO - Exporting env vars: AIRFLOW_CTX_DAG_OWNER='haboubi' AIRFLOW_CTX_DAG_ID='update_current_data_10' AIRFLOW_CTX_TASK_ID='extract_current_data' AIRFLOW_CTX_EXECUTION_DATE='2023-05-07T12:40:00+00:00' AIRFLOW_CTX_TRY_NUMBER='1' AIRFLOW_CTX_DAG_RUN_ID='scheduled__2023-05-07T12:40:00+00:00'
[2023-07-05T10:41:29.328+0100] {python.py:183} INFO - Done. Returned value was: None
[2023-07-05T10:41:29.378+0100] {taskinstance.py:1345} INFO - Marking task as SUCCESS. dag_id=update_current_data_10, task_id=extract_current_data, execution_date=20230507T124000, start_date=20230705T094122, end_date=20230705T094129
[2023-07-05T10:41:29.412+0100] {local_task_job_runner.py:225} INFO - Task exited with return code 0
[2023-07-05T10:41:29.443+0100] {taskinstance.py:2653} INFO - 1 downstream tasks scheduled from follow-on schedule check
[2023-07-05T11:04:52.185+0100] {taskinstance.py:1103} INFO - Dependencies all met for dep_context=non-requeueable deps ti=<TaskInstance: update_current_data_10.extract_current_data scheduled__2023-05-07T12:40:00+00:00 [queued]>
[2023-07-05T11:04:52.193+0100] {taskinstance.py:1103} INFO - Dependencies all met for dep_context=requeueable deps ti=<TaskInstance: update_current_data_10.extract_current_data scheduled__2023-05-07T12:40:00+00:00 [queued]>
[2023-07-05T11:04:52.193+0100] {taskinstance.py:1308} INFO - Starting attempt 1 of 3
[2023-07-05T11:04:52.203+0100] {taskinstance.py:1327} INFO - Executing <Task(PythonOperator): extract_current_data> on 2023-05-07 12:40:00+00:00
[2023-07-05T11:04:52.207+0100] {standard_task_runner.py:57} INFO - Started process 70473 to run task
[2023-07-05T11:04:52.210+0100] {standard_task_runner.py:84} INFO - Running: ['***', 'tasks', 'run', 'update_current_data_10', 'extract_current_data', 'scheduled__2023-05-07T12:40:00+00:00', '--job-id', '704', '--raw', '--subdir', '/home/haboubi/Desktop/api/API_weather/dags/update_current_dags.py', '--cfg-path', '/tmp/tmp5vc9bo6k']
[2023-07-05T11:04:52.212+0100] {standard_task_runner.py:85} INFO - Job 704: Subtask extract_current_data
[2023-07-05T11:04:52.275+0100] {task_command.py:410} INFO - Running <TaskInstance: update_current_data_10.extract_current_data scheduled__2023-05-07T12:40:00+00:00 [running]> on host haboubi-VivoBook-15-ASUS-Laptop-X540UB
[2023-07-05T11:04:52.369+0100] {taskinstance.py:1545} INFO - Exporting env vars: AIRFLOW_CTX_DAG_OWNER='haboubi' AIRFLOW_CTX_DAG_ID='update_current_data_10' AIRFLOW_CTX_TASK_ID='extract_current_data' AIRFLOW_CTX_EXECUTION_DATE='2023-05-07T12:40:00+00:00' AIRFLOW_CTX_TRY_NUMBER='1' AIRFLOW_CTX_DAG_RUN_ID='scheduled__2023-05-07T12:40:00+00:00'
[2023-07-05T11:04:56.290+0100] {python.py:183} INFO - Done. Returned value was: None
[2023-07-05T11:04:56.342+0100] {taskinstance.py:1345} INFO - Marking task as SUCCESS. dag_id=update_current_data_10, task_id=extract_current_data, execution_date=20230507T124000, start_date=20230705T100452, end_date=20230705T100456
[2023-07-05T11:04:56.368+0100] {local_task_job_runner.py:225} INFO - Task exited with return code 0
[2023-07-05T11:04:56.400+0100] {taskinstance.py:2653} INFO - 1 downstream tasks scheduled from follow-on schedule check
