[2023-07-06T20:39:37.195+0100] {taskinstance.py:1103} INFO - Dependencies all met for dep_context=non-requeueable deps ti=<TaskInstance: update_current_data_10.load_current_data scheduled__2023-06-01T21:00:00+00:00 [queued]>
[2023-07-06T20:39:37.204+0100] {taskinstance.py:1103} INFO - Dependencies all met for dep_context=requeueable deps ti=<TaskInstance: update_current_data_10.load_current_data scheduled__2023-06-01T21:00:00+00:00 [queued]>
[2023-07-06T20:39:37.204+0100] {taskinstance.py:1308} INFO - Starting attempt 1 of 3
[2023-07-06T20:39:37.215+0100] {taskinstance.py:1327} INFO - Executing <Task(PythonOperator): load_current_data> on 2023-06-01 21:00:00+00:00
[2023-07-06T20:39:37.219+0100] {standard_task_runner.py:57} INFO - Started process 462791 to run task
[2023-07-06T20:39:37.222+0100] {standard_task_runner.py:84} INFO - Running: ['***', 'tasks', 'run', 'update_current_data_10', 'load_current_data', 'scheduled__2023-06-01T21:00:00+00:00', '--job-id', '8546', '--raw', '--subdir', '/home/haboubi/Desktop/api/API_weather/dags/update_current_dags.py', '--cfg-path', '/tmp/tmp5li6xv16']
[2023-07-06T20:39:37.223+0100] {standard_task_runner.py:85} INFO - Job 8546: Subtask load_current_data
[2023-07-06T20:39:37.288+0100] {task_command.py:410} INFO - Running <TaskInstance: update_current_data_10.load_current_data scheduled__2023-06-01T21:00:00+00:00 [running]> on host haboubi-VivoBook-15-ASUS-Laptop-X540UB
[2023-07-06T20:39:37.400+0100] {taskinstance.py:1545} INFO - Exporting env vars: AIRFLOW_CTX_DAG_OWNER='haboubi' AIRFLOW_CTX_DAG_ID='update_current_data_10' AIRFLOW_CTX_TASK_ID='load_current_data' AIRFLOW_CTX_EXECUTION_DATE='2023-06-01T21:00:00+00:00' AIRFLOW_CTX_TRY_NUMBER='1' AIRFLOW_CTX_DAG_RUN_ID='scheduled__2023-06-01T21:00:00+00:00'
[2023-07-06T20:39:37.420+0100] {logging_mixin.py:149} INFO - ['Paris', datetime.date(2023, 7, 5)]
[2023-07-06T20:39:37.481+0100] {logging_mixin.py:149} INFO - ['London', datetime.date(2023, 7, 5)]
[2023-07-06T20:39:37.510+0100] {logging_mixin.py:149} INFO - ['Barcelona', datetime.date(2023, 7, 5)]
[2023-07-06T20:39:37.540+0100] {logging_mixin.py:149} INFO - ['Rome', datetime.date(2023, 7, 5)]
[2023-07-06T20:39:37.663+0100] {logging_mixin.py:149} INFO - ['New York', datetime.date(2023, 7, 5)]
[2023-07-06T20:39:37.693+0100] {logging_mixin.py:149} INFO - ['Tokyo', datetime.date(2023, 7, 5)]
[2023-07-06T20:39:37.723+0100] {logging_mixin.py:149} INFO - ['Istanbul', datetime.date(2023, 7, 5)]
[2023-07-06T20:39:37.753+0100] {logging_mixin.py:149} INFO - ['Dubai', datetime.date(2023, 7, 5)]
[2023-07-06T20:39:37.783+0100] {logging_mixin.py:149} INFO - ['Sydney', datetime.date(2023, 7, 5)]
[2023-07-06T20:39:37.878+0100] {logging_mixin.py:149} INFO - ['Bangkok', datetime.date(2023, 7, 5)]
[2023-07-06T20:39:37.908+0100] {logging_mixin.py:149} INFO - ['Amsterdam', datetime.date(2023, 7, 5)]
[2023-07-06T20:39:37.938+0100] {logging_mixin.py:149} INFO - ['Rio De Janeiro', datetime.date(2023, 7, 5)]
[2023-07-06T20:39:37.968+0100] {logging_mixin.py:149} INFO - ['Prague', datetime.date(2023, 7, 5)]
[2023-07-06T20:39:37.998+0100] {logging_mixin.py:149} INFO - ['Cape Town', datetime.date(2023, 7, 5)]
[2023-07-06T20:39:38.089+0100] {logging_mixin.py:149} INFO - ['Buenos Aires', datetime.date(2023, 7, 5)]
[2023-07-06T20:39:38.119+0100] {logging_mixin.py:149} INFO - ['Berlin', datetime.date(2023, 7, 5)]
[2023-07-06T20:39:38.149+0100] {logging_mixin.py:149} INFO - ['Singapore', datetime.date(2023, 7, 5)]
[2023-07-06T20:39:38.179+0100] {logging_mixin.py:149} INFO - ['Florence', datetime.date(2023, 7, 5)]
[2023-07-06T20:39:38.210+0100] {logging_mixin.py:149} INFO - ['San Francisco', datetime.date(2023, 7, 5)]
[2023-07-06T20:39:38.304+0100] {logging_mixin.py:149} INFO - ['Marrakech', datetime.date(2023, 7, 5)]
[2023-07-06T20:39:38.340+0100] {python.py:183} INFO - Done. Returned value was: 0
[2023-07-06T20:39:38.372+0100] {taskinstance.py:1345} INFO - Marking task as SUCCESS. dag_id=update_current_data_10, task_id=load_current_data, execution_date=20230601T210000, start_date=20230706T193937, end_date=20230706T193938
[2023-07-06T20:39:38.396+0100] {local_task_job_runner.py:225} INFO - Task exited with return code 0
[2023-07-06T20:39:38.429+0100] {taskinstance.py:2653} INFO - 1 downstream tasks scheduled from follow-on schedule check
