[2023-06-30T04:19:53.798+0100] {taskinstance.py:1103} INFO - Dependencies all met for dep_context=non-requeueable deps ti=<TaskInstance: using_taskflow_v2.get_name scheduled__0029-07-14T00:00:00+00:00 [queued]>
[2023-06-30T04:19:53.804+0100] {taskinstance.py:1103} INFO - Dependencies all met for dep_context=requeueable deps ti=<TaskInstance: using_taskflow_v2.get_name scheduled__0029-07-14T00:00:00+00:00 [queued]>
[2023-06-30T04:19:53.804+0100] {taskinstance.py:1308} INFO - Starting attempt 1 of 6
[2023-06-30T04:19:53.820+0100] {taskinstance.py:1327} INFO - Executing <Task(_PythonDecoratedOperator): get_name> on 0029-07-14 00:00:00+00:00
[2023-06-30T04:19:53.824+0100] {standard_task_runner.py:57} INFO - Started process 30340 to run task
[2023-06-30T04:19:53.828+0100] {standard_task_runner.py:84} INFO - Running: ['airflow', 'tasks', 'run', 'using_taskflow_v2', 'get_name', 'scheduled__0029-07-14T00:00:00+00:00', '--job-id', '210', '--raw', '--subdir', '/home/haboubi/Desktop/api/API_weather/dags/dag_create_py_api_taskflow.py', '--cfg-path', '/tmp/tmps1ct2d0v']
[2023-06-30T04:19:53.830+0100] {standard_task_runner.py:85} INFO - Job 210: Subtask get_name
[2023-06-30T04:19:53.865+0100] {task_command.py:410} INFO - Running <TaskInstance: using_taskflow_v2.get_name scheduled__0029-07-14T00:00:00+00:00 [running]> on host haboubi-VivoBook-15-ASUS-Laptop-X540UB
[2023-06-30T04:19:53.922+0100] {taskinstance.py:1545} INFO - Exporting env vars: AIRFLOW_CTX_DAG_OWNER='haboubi' AIRFLOW_CTX_DAG_ID='using_taskflow_v2' AIRFLOW_CTX_TASK_ID='get_name' AIRFLOW_CTX_EXECUTION_DATE='0029-07-14T00:00:00+00:00' AIRFLOW_CTX_TRY_NUMBER='1' AIRFLOW_CTX_DAG_RUN_ID='scheduled__0029-07-14T00:00:00+00:00'
[2023-06-30T04:19:53.923+0100] {python.py:183} INFO - Done. Returned value was: {'first_name': 'fadi', 'last_name': 'haboubi'}
[2023-06-30T04:19:53.950+0100] {taskinstance.py:1345} INFO - Marking task as SUCCESS. dag_id=using_taskflow_v2, task_id=get_name, execution_date=290714T000000, start_date=20230630T031953, end_date=20230630T031953
[2023-06-30T04:19:53.998+0100] {local_task_job_runner.py:225} INFO - Task exited with return code 0
[2023-06-30T04:19:54.020+0100] {taskinstance.py:2653} INFO - 0 downstream tasks scheduled from follow-on schedule check
[2023-06-30T04:21:57.321+0100] {taskinstance.py:1103} INFO - Dependencies all met for dep_context=non-requeueable deps ti=<TaskInstance: using_taskflow_v2.get_name scheduled__0029-07-14T00:00:00+00:00 [queued]>
[2023-06-30T04:21:57.327+0100] {taskinstance.py:1103} INFO - Dependencies all met for dep_context=requeueable deps ti=<TaskInstance: using_taskflow_v2.get_name scheduled__0029-07-14T00:00:00+00:00 [queued]>
[2023-06-30T04:21:57.327+0100] {taskinstance.py:1308} INFO - Starting attempt 1 of 6
[2023-06-30T04:21:57.339+0100] {taskinstance.py:1327} INFO - Executing <Task(_PythonDecoratedOperator): get_name> on 0029-07-14 00:00:00+00:00
[2023-06-30T04:21:57.342+0100] {standard_task_runner.py:57} INFO - Started process 31686 to run task
[2023-06-30T04:21:57.345+0100] {standard_task_runner.py:84} INFO - Running: ['airflow', 'tasks', 'run', 'using_taskflow_v2', 'get_name', 'scheduled__0029-07-14T00:00:00+00:00', '--job-id', '211', '--raw', '--subdir', '/home/haboubi/Desktop/api/API_weather/dags/dag_create_py_api_taskflow.py', '--cfg-path', '/tmp/tmp2nbbfdcr']
[2023-06-30T04:21:57.346+0100] {standard_task_runner.py:85} INFO - Job 211: Subtask get_name
[2023-06-30T04:21:57.374+0100] {task_command.py:410} INFO - Running <TaskInstance: using_taskflow_v2.get_name scheduled__0029-07-14T00:00:00+00:00 [running]> on host haboubi-VivoBook-15-ASUS-Laptop-X540UB
[2023-06-30T04:21:57.420+0100] {taskinstance.py:1545} INFO - Exporting env vars: AIRFLOW_CTX_DAG_OWNER='haboubi' AIRFLOW_CTX_DAG_ID='using_taskflow_v2' AIRFLOW_CTX_TASK_ID='get_name' AIRFLOW_CTX_EXECUTION_DATE='0029-07-14T00:00:00+00:00' AIRFLOW_CTX_TRY_NUMBER='1' AIRFLOW_CTX_DAG_RUN_ID='scheduled__0029-07-14T00:00:00+00:00'
[2023-06-30T04:21:57.421+0100] {python.py:183} INFO - Done. Returned value was: {'first_name': 'fadi', 'last_name': 'haboubi'}
[2023-06-30T04:21:57.442+0100] {taskinstance.py:1345} INFO - Marking task as SUCCESS. dag_id=using_taskflow_v2, task_id=get_name, execution_date=290714T000000, start_date=20230630T032157, end_date=20230630T032157
[2023-06-30T04:21:57.477+0100] {local_task_job_runner.py:225} INFO - Task exited with return code 0
[2023-06-30T04:21:57.492+0100] {taskinstance.py:2653} INFO - 0 downstream tasks scheduled from follow-on schedule check
