[2023-07-05T10:33:43.091+0100] {taskinstance.py:1103} INFO - Dependencies all met for dep_context=non-requeueable deps ti=<TaskInstance: update_current_data_10.extract_current_data scheduled__2023-05-07T04:40:00+00:00 [queued]>
[2023-07-05T10:33:43.099+0100] {taskinstance.py:1103} INFO - Dependencies all met for dep_context=requeueable deps ti=<TaskInstance: update_current_data_10.extract_current_data scheduled__2023-05-07T04:40:00+00:00 [queued]>
[2023-07-05T10:33:43.099+0100] {taskinstance.py:1308} INFO - Starting attempt 1 of 3
[2023-07-05T10:33:43.110+0100] {taskinstance.py:1327} INFO - Executing <Task(PythonOperator): extract_current_data> on 2023-05-07 04:40:00+00:00
[2023-07-05T10:33:43.114+0100] {standard_task_runner.py:57} INFO - Started process 44616 to run task
[2023-07-05T10:33:43.117+0100] {standard_task_runner.py:84} INFO - Running: ['***', 'tasks', 'run', 'update_current_data_10', 'extract_current_data', 'scheduled__2023-05-07T04:40:00+00:00', '--job-id', '282', '--raw', '--subdir', '/home/haboubi/Desktop/api/API_weather/dags/update_current_dags.py', '--cfg-path', '/tmp/tmphmv0kvlg']
[2023-07-05T10:33:43.118+0100] {standard_task_runner.py:85} INFO - Job 282: Subtask extract_current_data
[2023-07-05T10:33:43.185+0100] {task_command.py:410} INFO - Running <TaskInstance: update_current_data_10.extract_current_data scheduled__2023-05-07T04:40:00+00:00 [running]> on host haboubi-VivoBook-15-ASUS-Laptop-X540UB
[2023-07-05T10:33:43.285+0100] {taskinstance.py:1545} INFO - Exporting env vars: AIRFLOW_CTX_DAG_OWNER='haboubi' AIRFLOW_CTX_DAG_ID='update_current_data_10' AIRFLOW_CTX_TASK_ID='extract_current_data' AIRFLOW_CTX_EXECUTION_DATE='2023-05-07T04:40:00+00:00' AIRFLOW_CTX_TRY_NUMBER='1' AIRFLOW_CTX_DAG_RUN_ID='scheduled__2023-05-07T04:40:00+00:00'
[2023-07-05T10:33:47.269+0100] {python.py:183} INFO - Done. Returned value was: None
[2023-07-05T10:33:47.304+0100] {taskinstance.py:1345} INFO - Marking task as SUCCESS. dag_id=update_current_data_10, task_id=extract_current_data, execution_date=20230507T044000, start_date=20230705T093343, end_date=20230705T093347
[2023-07-05T10:33:47.350+0100] {local_task_job_runner.py:225} INFO - Task exited with return code 0
[2023-07-05T10:33:47.421+0100] {taskinstance.py:2653} INFO - 1 downstream tasks scheduled from follow-on schedule check
[2023-07-05T10:53:58.774+0100] {taskinstance.py:1103} INFO - Dependencies all met for dep_context=non-requeueable deps ti=<TaskInstance: update_current_data_10.extract_current_data scheduled__2023-05-07T04:40:00+00:00 [queued]>
[2023-07-05T10:53:58.783+0100] {taskinstance.py:1103} INFO - Dependencies all met for dep_context=requeueable deps ti=<TaskInstance: update_current_data_10.extract_current_data scheduled__2023-05-07T04:40:00+00:00 [queued]>
[2023-07-05T10:53:58.783+0100] {taskinstance.py:1308} INFO - Starting attempt 1 of 3
[2023-07-05T10:53:58.793+0100] {taskinstance.py:1327} INFO - Executing <Task(PythonOperator): extract_current_data> on 2023-05-07 04:40:00+00:00
[2023-07-05T10:53:58.798+0100] {standard_task_runner.py:57} INFO - Started process 62068 to run task
[2023-07-05T10:53:58.801+0100] {standard_task_runner.py:84} INFO - Running: ['***', 'tasks', 'run', 'update_current_data_10', 'extract_current_data', 'scheduled__2023-05-07T04:40:00+00:00', '--job-id', '591', '--raw', '--subdir', '/home/haboubi/Desktop/api/API_weather/dags/update_current_dags.py', '--cfg-path', '/tmp/tmp006du_me']
[2023-07-05T10:53:58.802+0100] {standard_task_runner.py:85} INFO - Job 591: Subtask extract_current_data
[2023-07-05T10:53:58.869+0100] {task_command.py:410} INFO - Running <TaskInstance: update_current_data_10.extract_current_data scheduled__2023-05-07T04:40:00+00:00 [running]> on host haboubi-VivoBook-15-ASUS-Laptop-X540UB
[2023-07-05T10:53:58.974+0100] {taskinstance.py:1545} INFO - Exporting env vars: AIRFLOW_CTX_DAG_OWNER='haboubi' AIRFLOW_CTX_DAG_ID='update_current_data_10' AIRFLOW_CTX_TASK_ID='extract_current_data' AIRFLOW_CTX_EXECUTION_DATE='2023-05-07T04:40:00+00:00' AIRFLOW_CTX_TRY_NUMBER='1' AIRFLOW_CTX_DAG_RUN_ID='scheduled__2023-05-07T04:40:00+00:00'
[2023-07-05T10:54:02.774+0100] {python.py:183} INFO - Done. Returned value was: None
[2023-07-05T10:54:02.808+0100] {taskinstance.py:1345} INFO - Marking task as SUCCESS. dag_id=update_current_data_10, task_id=extract_current_data, execution_date=20230507T044000, start_date=20230705T095358, end_date=20230705T095402
[2023-07-05T10:54:02.830+0100] {local_task_job_runner.py:225} INFO - Task exited with return code 0
[2023-07-05T10:54:02.865+0100] {taskinstance.py:2653} INFO - 1 downstream tasks scheduled from follow-on schedule check
