[2023-07-05T10:31:14.127+0100] {taskinstance.py:1103} INFO - Dependencies all met for dep_context=non-requeueable deps ti=<TaskInstance: update_current_data_10.extract_current_data scheduled__2023-05-07T02:20:00+00:00 [queued]>
[2023-07-05T10:31:14.135+0100] {taskinstance.py:1103} INFO - Dependencies all met for dep_context=requeueable deps ti=<TaskInstance: update_current_data_10.extract_current_data scheduled__2023-05-07T02:20:00+00:00 [queued]>
[2023-07-05T10:31:14.135+0100] {taskinstance.py:1308} INFO - Starting attempt 1 of 3
[2023-07-05T10:31:14.145+0100] {taskinstance.py:1327} INFO - Executing <Task(PythonOperator): extract_current_data> on 2023-05-07 02:20:00+00:00
[2023-07-05T10:31:14.150+0100] {standard_task_runner.py:57} INFO - Started process 41955 to run task
[2023-07-05T10:31:14.153+0100] {standard_task_runner.py:84} INFO - Running: ['***', 'tasks', 'run', 'update_current_data_10', 'extract_current_data', 'scheduled__2023-05-07T02:20:00+00:00', '--job-id', '240', '--raw', '--subdir', '/home/haboubi/Desktop/api/API_weather/dags/update_current_dags.py', '--cfg-path', '/tmp/tmp7llkmb32']
[2023-07-05T10:31:14.154+0100] {standard_task_runner.py:85} INFO - Job 240: Subtask extract_current_data
[2023-07-05T10:31:14.216+0100] {task_command.py:410} INFO - Running <TaskInstance: update_current_data_10.extract_current_data scheduled__2023-05-07T02:20:00+00:00 [running]> on host haboubi-VivoBook-15-ASUS-Laptop-X540UB
[2023-07-05T10:31:14.308+0100] {taskinstance.py:1545} INFO - Exporting env vars: AIRFLOW_CTX_DAG_OWNER='haboubi' AIRFLOW_CTX_DAG_ID='update_current_data_10' AIRFLOW_CTX_TASK_ID='extract_current_data' AIRFLOW_CTX_EXECUTION_DATE='2023-05-07T02:20:00+00:00' AIRFLOW_CTX_TRY_NUMBER='1' AIRFLOW_CTX_DAG_RUN_ID='scheduled__2023-05-07T02:20:00+00:00'
[2023-07-05T10:31:18.156+0100] {python.py:183} INFO - Done. Returned value was: None
[2023-07-05T10:31:18.178+0100] {taskinstance.py:1345} INFO - Marking task as SUCCESS. dag_id=update_current_data_10, task_id=extract_current_data, execution_date=20230507T022000, start_date=20230705T093114, end_date=20230705T093118
[2023-07-05T10:31:18.226+0100] {local_task_job_runner.py:225} INFO - Task exited with return code 0
[2023-07-05T10:31:18.258+0100] {taskinstance.py:2653} INFO - 1 downstream tasks scheduled from follow-on schedule check
[2023-07-05T10:52:09.300+0100] {taskinstance.py:1103} INFO - Dependencies all met for dep_context=non-requeueable deps ti=<TaskInstance: update_current_data_10.extract_current_data scheduled__2023-05-07T02:20:00+00:00 [queued]>
[2023-07-05T10:52:09.309+0100] {taskinstance.py:1103} INFO - Dependencies all met for dep_context=requeueable deps ti=<TaskInstance: update_current_data_10.extract_current_data scheduled__2023-05-07T02:20:00+00:00 [queued]>
[2023-07-05T10:52:09.309+0100] {taskinstance.py:1308} INFO - Starting attempt 1 of 3
[2023-07-05T10:52:09.319+0100] {taskinstance.py:1327} INFO - Executing <Task(PythonOperator): extract_current_data> on 2023-05-07 02:20:00+00:00
[2023-07-05T10:52:09.323+0100] {standard_task_runner.py:57} INFO - Started process 60612 to run task
[2023-07-05T10:52:09.326+0100] {standard_task_runner.py:84} INFO - Running: ['***', 'tasks', 'run', 'update_current_data_10', 'extract_current_data', 'scheduled__2023-05-07T02:20:00+00:00', '--job-id', '560', '--raw', '--subdir', '/home/haboubi/Desktop/api/API_weather/dags/update_current_dags.py', '--cfg-path', '/tmp/tmpnkmjs9h_']
[2023-07-05T10:52:09.327+0100] {standard_task_runner.py:85} INFO - Job 560: Subtask extract_current_data
[2023-07-05T10:52:09.393+0100] {task_command.py:410} INFO - Running <TaskInstance: update_current_data_10.extract_current_data scheduled__2023-05-07T02:20:00+00:00 [running]> on host haboubi-VivoBook-15-ASUS-Laptop-X540UB
[2023-07-05T10:52:09.490+0100] {taskinstance.py:1545} INFO - Exporting env vars: AIRFLOW_CTX_DAG_OWNER='haboubi' AIRFLOW_CTX_DAG_ID='update_current_data_10' AIRFLOW_CTX_TASK_ID='extract_current_data' AIRFLOW_CTX_EXECUTION_DATE='2023-05-07T02:20:00+00:00' AIRFLOW_CTX_TRY_NUMBER='1' AIRFLOW_CTX_DAG_RUN_ID='scheduled__2023-05-07T02:20:00+00:00'
[2023-07-05T10:52:13.431+0100] {python.py:183} INFO - Done. Returned value was: None
[2023-07-05T10:52:13.461+0100] {taskinstance.py:1345} INFO - Marking task as SUCCESS. dag_id=update_current_data_10, task_id=extract_current_data, execution_date=20230507T022000, start_date=20230705T095209, end_date=20230705T095213
[2023-07-05T10:52:13.479+0100] {local_task_job_runner.py:225} INFO - Task exited with return code 0
[2023-07-05T10:52:13.511+0100] {taskinstance.py:2653} INFO - 1 downstream tasks scheduled from follow-on schedule check
