[2023-07-07T06:40:04.577+0100] {taskinstance.py:1103} INFO - Dependencies all met for dep_context=non-requeueable deps ti=<TaskInstance: update_current_data_10.extract_current_data scheduled__2023-07-07T05:20:00+00:00 [queued]>
[2023-07-07T06:40:04.587+0100] {taskinstance.py:1103} INFO - Dependencies all met for dep_context=requeueable deps ti=<TaskInstance: update_current_data_10.extract_current_data scheduled__2023-07-07T05:20:00+00:00 [queued]>
[2023-07-07T06:40:04.587+0100] {taskinstance.py:1308} INFO - Starting attempt 1 of 3
[2023-07-07T06:40:04.599+0100] {taskinstance.py:1327} INFO - Executing <Task(PythonOperator): extract_current_data> on 2023-07-07 05:20:00+00:00
[2023-07-07T06:40:04.603+0100] {standard_task_runner.py:57} INFO - Started process 1064023 to run task
[2023-07-07T06:40:04.606+0100] {standard_task_runner.py:84} INFO - Running: ['***', 'tasks', 'run', 'update_current_data_10', 'extract_current_data', 'scheduled__2023-07-07T05:20:00+00:00', '--job-id', '16889', '--raw', '--subdir', '/home/haboubi/Desktop/api/API_weather/dags/update_current_dags.py', '--cfg-path', '/tmp/tmpnff0eldc']
[2023-07-07T06:40:04.607+0100] {standard_task_runner.py:85} INFO - Job 16889: Subtask extract_current_data
[2023-07-07T06:40:04.670+0100] {task_command.py:410} INFO - Running <TaskInstance: update_current_data_10.extract_current_data scheduled__2023-07-07T05:20:00+00:00 [running]> on host haboubi-VivoBook-15-ASUS-Laptop-X540UB
[2023-07-07T06:40:04.776+0100] {taskinstance.py:1545} INFO - Exporting env vars: AIRFLOW_CTX_DAG_OWNER='haboubi' AIRFLOW_CTX_DAG_ID='update_current_data_10' AIRFLOW_CTX_TASK_ID='extract_current_data' AIRFLOW_CTX_EXECUTION_DATE='2023-07-07T05:20:00+00:00' AIRFLOW_CTX_TRY_NUMBER='1' AIRFLOW_CTX_DAG_RUN_ID='scheduled__2023-07-07T05:20:00+00:00'
[2023-07-07T06:40:04.781+0100] {logging_mixin.py:149} INFO - Paris
[2023-07-07T06:40:05.176+0100] {logging_mixin.py:149} INFO - London
[2023-07-07T06:40:05.371+0100] {logging_mixin.py:149} INFO - Barcelona
[2023-07-07T06:40:05.587+0100] {logging_mixin.py:149} INFO - Rome
[2023-07-07T06:40:05.793+0100] {logging_mixin.py:149} INFO - New York City
[2023-07-07T06:40:05.989+0100] {logging_mixin.py:149} INFO - Tokyo
[2023-07-07T06:40:06.175+0100] {logging_mixin.py:149} INFO - Istanbul
[2023-07-07T06:40:06.408+0100] {logging_mixin.py:149} INFO - Dubai
[2023-07-07T06:40:06.592+0100] {logging_mixin.py:149} INFO - Sydney
[2023-07-07T06:40:06.867+0100] {logging_mixin.py:149} INFO - Bangkok
[2023-07-07T06:40:07.268+0100] {logging_mixin.py:149} INFO - Amsterdam
[2023-07-07T06:40:07.597+0100] {logging_mixin.py:149} INFO - Rio de Janeiro
[2023-07-07T06:40:07.843+0100] {logging_mixin.py:149} INFO - Prague
[2023-07-07T06:40:08.048+0100] {logging_mixin.py:149} INFO - Cape Town
[2023-07-07T06:40:08.260+0100] {logging_mixin.py:149} INFO - Buenos Aires
[2023-07-07T06:40:08.502+0100] {logging_mixin.py:149} INFO - Berlin
[2023-07-07T06:40:08.684+0100] {logging_mixin.py:149} INFO - Singapore
[2023-07-07T06:40:08.865+0100] {logging_mixin.py:149} INFO - Florence
[2023-07-07T06:40:09.068+0100] {logging_mixin.py:149} INFO - San Francisco
[2023-07-07T06:40:09.271+0100] {logging_mixin.py:149} INFO - Marrakech
[2023-07-07T06:40:09.473+0100] {python.py:183} INFO - Done. Returned value was: None
[2023-07-07T06:40:09.556+0100] {taskinstance.py:1345} INFO - Marking task as SUCCESS. dag_id=update_current_data_10, task_id=extract_current_data, execution_date=20230707T052000, start_date=20230707T054004, end_date=20230707T054009
[2023-07-07T06:40:09.600+0100] {local_task_job_runner.py:225} INFO - Task exited with return code 0
[2023-07-07T06:40:09.637+0100] {taskinstance.py:2653} INFO - 1 downstream tasks scheduled from follow-on schedule check
