[2023-07-05T11:20:44.573+0100] {taskinstance.py:1103} INFO - Dependencies all met for dep_context=non-requeueable deps ti=<TaskInstance: update_current_data_10.load_current_data scheduled__2023-05-07T22:40:00+00:00 [queued]>
[2023-07-05T11:20:44.581+0100] {taskinstance.py:1103} INFO - Dependencies all met for dep_context=requeueable deps ti=<TaskInstance: update_current_data_10.load_current_data scheduled__2023-05-07T22:40:00+00:00 [queued]>
[2023-07-05T11:20:44.581+0100] {taskinstance.py:1308} INFO - Starting attempt 3 of 3
[2023-07-05T11:20:44.592+0100] {taskinstance.py:1327} INFO - Executing <Task(PythonOperator): load_current_data> on 2023-05-07 22:40:00+00:00
[2023-07-05T11:20:44.595+0100] {standard_task_runner.py:57} INFO - Started process 87587 to run task
[2023-07-05T11:20:44.598+0100] {standard_task_runner.py:84} INFO - Running: ['***', 'tasks', 'run', 'update_current_data_10', 'load_current_data', 'scheduled__2023-05-07T22:40:00+00:00', '--job-id', '937', '--raw', '--subdir', '/home/haboubi/Desktop/api/API_weather/dags/update_current_dags.py', '--cfg-path', '/tmp/tmpq59bdpk7']
[2023-07-05T11:20:44.600+0100] {standard_task_runner.py:85} INFO - Job 937: Subtask load_current_data
[2023-07-05T11:20:44.661+0100] {task_command.py:410} INFO - Running <TaskInstance: update_current_data_10.load_current_data scheduled__2023-05-07T22:40:00+00:00 [running]> on host haboubi-VivoBook-15-ASUS-Laptop-X540UB
[2023-07-05T11:20:44.758+0100] {taskinstance.py:1545} INFO - Exporting env vars: AIRFLOW_CTX_DAG_OWNER='haboubi' AIRFLOW_CTX_DAG_ID='update_current_data_10' AIRFLOW_CTX_TASK_ID='load_current_data' AIRFLOW_CTX_EXECUTION_DATE='2023-05-07T22:40:00+00:00' AIRFLOW_CTX_TRY_NUMBER='3' AIRFLOW_CTX_DAG_RUN_ID='scheduled__2023-05-07T22:40:00+00:00'
[2023-07-05T11:20:44.778+0100] {logging_mixin.py:149} INFO - ['Paris', datetime.date(2023, 7, 4)]
[2023-07-05T11:20:44.806+0100] {taskinstance.py:1824} ERROR - Task failed with exception
Traceback (most recent call last):
  File "/home/haboubi/Desktop/api/API_weather/api_env/lib/python3.10/site-packages/airflow/operators/python.py", line 181, in execute
    return_value = self.execute_callable()
  File "/home/haboubi/Desktop/api/API_weather/api_env/lib/python3.10/site-packages/airflow/operators/python.py", line 198, in execute_callable
    return self.python_callable(*self.op_args, **self.op_kwargs)
  File "/home/haboubi/Desktop/api/API_weather/dags/update_current_dags.py", line 54, in load_updated_data_db
    loc=update_location_entite(loc)
  File "/home/haboubi/Desktop/api/API_weather/dags/update_current_dags.py", line 40, in update_location_entite
    loc.currents.append()
TypeError: _list_decorators.<locals>.append.<locals>.append() missing 1 required positional argument: 'item'
[2023-07-05T11:20:44.821+0100] {taskinstance.py:1345} INFO - Marking task as FAILED. dag_id=update_current_data_10, task_id=load_current_data, execution_date=20230507T224000, start_date=20230705T102044, end_date=20230705T102044
[2023-07-05T11:20:44.831+0100] {standard_task_runner.py:104} ERROR - Failed to execute job 937 for task load_current_data (_list_decorators.<locals>.append.<locals>.append() missing 1 required positional argument: 'item'; 87587)
[2023-07-05T11:20:44.851+0100] {local_task_job_runner.py:225} INFO - Task exited with return code 1
[2023-07-05T11:20:44.879+0100] {taskinstance.py:2653} INFO - 0 downstream tasks scheduled from follow-on schedule check
