[2023-07-04T16:16:53.808+0100] {taskinstance.py:1103} INFO - Dependencies all met for dep_context=non-requeueable deps ti=<TaskInstance: updated_day_hist_forcast_data.load_updated_data scheduled__2023-07-03T00:00:00+00:00 [queued]>
[2023-07-04T16:16:53.826+0100] {taskinstance.py:1103} INFO - Dependencies all met for dep_context=requeueable deps ti=<TaskInstance: updated_day_hist_forcast_data.load_updated_data scheduled__2023-07-03T00:00:00+00:00 [queued]>
[2023-07-04T16:16:53.827+0100] {taskinstance.py:1308} INFO - Starting attempt 1 of 3
[2023-07-04T16:16:53.847+0100] {taskinstance.py:1327} INFO - Executing <Task(PythonOperator): load_updated_data> on 2023-07-03 00:00:00+00:00
[2023-07-04T16:16:53.855+0100] {standard_task_runner.py:57} INFO - Started process 52251 to run task
[2023-07-04T16:16:53.860+0100] {standard_task_runner.py:84} INFO - Running: ['***', 'tasks', 'run', 'updated_day_hist_forcast_data', 'load_updated_data', 'scheduled__2023-07-03T00:00:00+00:00', '--job-id', '137', '--raw', '--subdir', '/home/haboubi/Desktop/api/API_weather/dags/update_day_hist.py', '--cfg-path', '/tmp/tmp0ar0mv02']
[2023-07-04T16:16:53.862+0100] {standard_task_runner.py:85} INFO - Job 137: Subtask load_updated_data
[2023-07-04T16:16:53.997+0100] {task_command.py:410} INFO - Running <TaskInstance: updated_day_hist_forcast_data.load_updated_data scheduled__2023-07-03T00:00:00+00:00 [running]> on host haboubi-VivoBook-15-ASUS-Laptop-X540UB
[2023-07-04T16:16:54.203+0100] {taskinstance.py:1545} INFO - Exporting env vars: AIRFLOW_CTX_DAG_OWNER='haboubi' AIRFLOW_CTX_DAG_ID='updated_day_hist_forcast_data' AIRFLOW_CTX_TASK_ID='load_updated_data' AIRFLOW_CTX_EXECUTION_DATE='2023-07-03T00:00:00+00:00' AIRFLOW_CTX_TRY_NUMBER='1' AIRFLOW_CTX_DAG_RUN_ID='scheduled__2023-07-03T00:00:00+00:00'
[2023-07-04T16:16:54.212+0100] {logging_mixin.py:149} INFO - debug prb: Paris
[2023-07-04T16:16:54.269+0100] {logging_mixin.py:149} INFO - last_time_updated: 2023-07-03
[2023-07-04T16:16:54.294+0100] {logging_mixin.py:149} INFO - debug prb: London
[2023-07-04T16:16:54.328+0100] {logging_mixin.py:149} INFO - last_time_updated: 2023-07-03
[2023-07-04T16:16:54.373+0100] {logging_mixin.py:149} INFO - debug prb: Barcelona
[2023-07-04T16:16:54.448+0100] {logging_mixin.py:149} INFO - last_time_updated: 2023-07-03
[2023-07-04T16:16:54.462+0100] {logging_mixin.py:149} INFO - debug prb: Rome
[2023-07-04T16:16:54.488+0100] {logging_mixin.py:149} INFO - last_time_updated: 2023-07-03
[2023-07-04T16:16:54.509+0100] {logging_mixin.py:149} INFO - debug prb: New York
[2023-07-04T16:16:54.532+0100] {logging_mixin.py:149} INFO - last_time_updated: 2023-07-03
[2023-07-04T16:16:54.547+0100] {logging_mixin.py:149} INFO - debug prb: Tokyo
[2023-07-04T16:16:54.576+0100] {logging_mixin.py:149} INFO - last_time_updated: 2023-07-03
[2023-07-04T16:16:54.597+0100] {logging_mixin.py:149} INFO - debug prb: Istanbul
[2023-07-04T16:16:54.630+0100] {logging_mixin.py:149} INFO - last_time_updated: 2023-07-03
[2023-07-04T16:16:54.645+0100] {logging_mixin.py:149} INFO - debug prb: Dubai
[2023-07-04T16:16:54.671+0100] {logging_mixin.py:149} INFO - last_time_updated: 2023-07-03
[2023-07-04T16:16:54.686+0100] {logging_mixin.py:149} INFO - debug prb: Sydney
[2023-07-04T16:16:54.712+0100] {logging_mixin.py:149} INFO - last_time_updated: 2023-07-03
[2023-07-04T16:16:54.733+0100] {logging_mixin.py:149} INFO - debug prb: Bangkok
[2023-07-04T16:16:54.769+0100] {logging_mixin.py:149} INFO - last_time_updated: 2023-07-03
[2023-07-04T16:16:54.793+0100] {logging_mixin.py:149} INFO - debug prb: Amsterdam
[2023-07-04T16:16:54.834+0100] {logging_mixin.py:149} INFO - last_time_updated: 2023-07-03
[2023-07-04T16:16:54.850+0100] {logging_mixin.py:149} INFO - debug prb: Rio De Janeiro
[2023-07-04T16:16:54.877+0100] {logging_mixin.py:149} INFO - last_time_updated: 2023-07-03
[2023-07-04T16:16:54.896+0100] {logging_mixin.py:149} INFO - debug prb: Prague
[2023-07-04T16:16:54.945+0100] {logging_mixin.py:149} INFO - last_time_updated: 2023-07-03
[2023-07-04T16:16:54.968+0100] {logging_mixin.py:149} INFO - debug prb: Cape Town
[2023-07-04T16:16:54.996+0100] {logging_mixin.py:149} INFO - last_time_updated: 2023-07-03
[2023-07-04T16:16:55.016+0100] {logging_mixin.py:149} INFO - debug prb: Buenos Aires
[2023-07-04T16:16:55.050+0100] {logging_mixin.py:149} INFO - last_time_updated: 2023-07-03
[2023-07-04T16:16:55.072+0100] {logging_mixin.py:149} INFO - debug prb: Berlin
[2023-07-04T16:16:55.102+0100] {logging_mixin.py:149} INFO - last_time_updated: 2023-07-03
[2023-07-04T16:16:55.120+0100] {logging_mixin.py:149} INFO - debug prb: Singapore
[2023-07-04T16:16:55.151+0100] {logging_mixin.py:149} INFO - last_time_updated: 2023-07-03
[2023-07-04T16:16:55.181+0100] {logging_mixin.py:149} INFO - debug prb: Florence
[2023-07-04T16:16:55.239+0100] {logging_mixin.py:149} INFO - last_time_updated: 2023-07-03
[2023-07-04T16:16:55.286+0100] {logging_mixin.py:149} INFO - debug prb: San Francisco
[2023-07-04T16:16:55.315+0100] {logging_mixin.py:149} INFO - last_time_updated: 2023-07-03
[2023-07-04T16:16:55.333+0100] {logging_mixin.py:149} INFO - debug prb: Marrakech
[2023-07-04T16:16:55.360+0100] {logging_mixin.py:149} INFO - last_time_updated: 2023-07-03
[2023-07-04T16:16:55.372+0100] {python.py:183} INFO - Done. Returned value was: 0
[2023-07-04T16:16:55.428+0100] {taskinstance.py:1345} INFO - Marking task as SUCCESS. dag_id=updated_day_hist_forcast_data, task_id=load_updated_data, execution_date=20230703T000000, start_date=20230704T151653, end_date=20230704T151655
[2023-07-04T16:16:55.471+0100] {local_task_job_runner.py:225} INFO - Task exited with return code 0
[2023-07-04T16:16:55.506+0100] {taskinstance.py:2653} INFO - 2 downstream tasks scheduled from follow-on schedule check
[2023-07-05T09:01:40.539+0100] {taskinstance.py:1103} INFO - Dependencies all met for dep_context=non-requeueable deps ti=<TaskInstance: updated_day_hist_forcast_data.load_updated_data scheduled__2023-07-03T00:00:00+00:00 [queued]>
[2023-07-05T09:01:40.549+0100] {taskinstance.py:1103} INFO - Dependencies all met for dep_context=requeueable deps ti=<TaskInstance: updated_day_hist_forcast_data.load_updated_data scheduled__2023-07-03T00:00:00+00:00 [queued]>
[2023-07-05T09:01:40.550+0100] {taskinstance.py:1308} INFO - Starting attempt 1 of 3
[2023-07-05T09:01:40.560+0100] {taskinstance.py:1327} INFO - Executing <Task(PythonOperator): load_updated_data> on 2023-07-03 00:00:00+00:00
[2023-07-05T09:01:40.565+0100] {standard_task_runner.py:57} INFO - Started process 14683 to run task
[2023-07-05T09:01:40.568+0100] {standard_task_runner.py:84} INFO - Running: ['***', 'tasks', 'run', 'updated_day_hist_forcast_data', 'load_updated_data', 'scheduled__2023-07-03T00:00:00+00:00', '--job-id', '164', '--raw', '--subdir', '/home/haboubi/Desktop/api/API_weather/dags/update_day_hist.py', '--cfg-path', '/tmp/tmp2li3mxvw']
[2023-07-05T09:01:40.570+0100] {standard_task_runner.py:85} INFO - Job 164: Subtask load_updated_data
[2023-07-05T09:01:40.641+0100] {task_command.py:410} INFO - Running <TaskInstance: updated_day_hist_forcast_data.load_updated_data scheduled__2023-07-03T00:00:00+00:00 [running]> on host haboubi-VivoBook-15-ASUS-Laptop-X540UB
[2023-07-05T09:01:40.764+0100] {taskinstance.py:1545} INFO - Exporting env vars: AIRFLOW_CTX_DAG_OWNER='haboubi' AIRFLOW_CTX_DAG_ID='updated_day_hist_forcast_data' AIRFLOW_CTX_TASK_ID='load_updated_data' AIRFLOW_CTX_EXECUTION_DATE='2023-07-03T00:00:00+00:00' AIRFLOW_CTX_TRY_NUMBER='1' AIRFLOW_CTX_DAG_RUN_ID='scheduled__2023-07-03T00:00:00+00:00'
[2023-07-05T09:01:40.771+0100] {logging_mixin.py:149} INFO - debug prb: Paris
[2023-07-05T09:01:40.802+0100] {logging_mixin.py:149} INFO - last_time_updated: 2023-07-04
[2023-07-05T09:01:40.803+0100] {logging_mixin.py:149} INFO - debug prb: London
[2023-07-05T09:01:40.820+0100] {logging_mixin.py:149} INFO - last_time_updated: 2023-07-04
[2023-07-05T09:01:40.820+0100] {logging_mixin.py:149} INFO - debug prb: Barcelona
[2023-07-05T09:01:40.834+0100] {logging_mixin.py:149} INFO - last_time_updated: 2023-07-04
[2023-07-05T09:01:40.835+0100] {logging_mixin.py:149} INFO - debug prb: Rome
[2023-07-05T09:01:40.849+0100] {logging_mixin.py:149} INFO - last_time_updated: 2023-07-04
[2023-07-05T09:01:40.849+0100] {logging_mixin.py:149} INFO - debug prb: New York
[2023-07-05T09:01:40.863+0100] {logging_mixin.py:149} INFO - last_time_updated: 2023-07-04
[2023-07-05T09:01:40.864+0100] {logging_mixin.py:149} INFO - debug prb: Tokyo
[2023-07-05T09:01:40.876+0100] {logging_mixin.py:149} INFO - last_time_updated: 2023-07-04
[2023-07-05T09:01:40.877+0100] {logging_mixin.py:149} INFO - debug prb: Istanbul
[2023-07-05T09:01:40.891+0100] {logging_mixin.py:149} INFO - last_time_updated: 2023-07-04
[2023-07-05T09:01:40.891+0100] {logging_mixin.py:149} INFO - debug prb: Dubai
[2023-07-05T09:01:40.905+0100] {logging_mixin.py:149} INFO - last_time_updated: 2023-07-04
[2023-07-05T09:01:40.905+0100] {logging_mixin.py:149} INFO - debug prb: Sydney
[2023-07-05T09:01:40.918+0100] {logging_mixin.py:149} INFO - last_time_updated: 2023-07-04
[2023-07-05T09:01:40.918+0100] {logging_mixin.py:149} INFO - debug prb: Bangkok
[2023-07-05T09:01:40.932+0100] {logging_mixin.py:149} INFO - last_time_updated: 2023-07-04
[2023-07-05T09:01:40.933+0100] {logging_mixin.py:149} INFO - debug prb: Amsterdam
[2023-07-05T09:01:40.946+0100] {logging_mixin.py:149} INFO - last_time_updated: 2023-07-04
[2023-07-05T09:01:40.947+0100] {logging_mixin.py:149} INFO - debug prb: Rio De Janeiro
[2023-07-05T09:01:40.961+0100] {logging_mixin.py:149} INFO - last_time_updated: 2023-07-04
[2023-07-05T09:01:40.962+0100] {logging_mixin.py:149} INFO - debug prb: Prague
[2023-07-05T09:01:40.975+0100] {logging_mixin.py:149} INFO - last_time_updated: 2023-07-04
[2023-07-05T09:01:40.975+0100] {logging_mixin.py:149} INFO - debug prb: Cape Town
[2023-07-05T09:01:40.991+0100] {logging_mixin.py:149} INFO - last_time_updated: 2023-07-04
[2023-07-05T09:01:40.992+0100] {logging_mixin.py:149} INFO - debug prb: Buenos Aires
[2023-07-05T09:01:41.005+0100] {logging_mixin.py:149} INFO - last_time_updated: 2023-07-04
[2023-07-05T09:01:41.006+0100] {logging_mixin.py:149} INFO - debug prb: Berlin
[2023-07-05T09:01:41.020+0100] {logging_mixin.py:149} INFO - last_time_updated: 2023-07-04
[2023-07-05T09:01:41.020+0100] {logging_mixin.py:149} INFO - debug prb: Singapore
[2023-07-05T09:01:41.032+0100] {logging_mixin.py:149} INFO - last_time_updated: 2023-07-04
[2023-07-05T09:01:41.033+0100] {logging_mixin.py:149} INFO - debug prb: Florence
[2023-07-05T09:01:41.047+0100] {logging_mixin.py:149} INFO - last_time_updated: 2023-07-04
[2023-07-05T09:01:41.047+0100] {logging_mixin.py:149} INFO - debug prb: San Francisco
[2023-07-05T09:01:41.060+0100] {logging_mixin.py:149} INFO - last_time_updated: 2023-07-04
[2023-07-05T09:01:41.060+0100] {logging_mixin.py:149} INFO - debug prb: Marrakech
[2023-07-05T09:01:41.074+0100] {logging_mixin.py:149} INFO - last_time_updated: 2023-07-04
[2023-07-05T09:01:41.083+0100] {python.py:183} INFO - Done. Returned value was: 0
[2023-07-05T09:01:41.120+0100] {taskinstance.py:1345} INFO - Marking task as SUCCESS. dag_id=updated_day_hist_forcast_data, task_id=load_updated_data, execution_date=20230703T000000, start_date=20230705T080140, end_date=20230705T080141
[2023-07-05T09:01:41.141+0100] {local_task_job_runner.py:225} INFO - Task exited with return code 0
[2023-07-05T09:01:41.169+0100] {taskinstance.py:2653} INFO - 2 downstream tasks scheduled from follow-on schedule check
