[2023-07-05T10:40:58.156+0100] {taskinstance.py:1103} INFO - Dependencies all met for dep_context=non-requeueable deps ti=<TaskInstance: update_current_data_10.trigger_location_db scheduled__2023-05-07T12:40:00+00:00 [queued]>
[2023-07-05T10:40:58.164+0100] {taskinstance.py:1103} INFO - Dependencies all met for dep_context=requeueable deps ti=<TaskInstance: update_current_data_10.trigger_location_db scheduled__2023-05-07T12:40:00+00:00 [queued]>
[2023-07-05T10:40:58.164+0100] {taskinstance.py:1308} INFO - Starting attempt 1 of 3
[2023-07-05T10:40:58.174+0100] {taskinstance.py:1327} INFO - Executing <Task(PythonOperator): trigger_location_db> on 2023-05-07 12:40:00+00:00
[2023-07-05T10:40:58.178+0100] {standard_task_runner.py:57} INFO - Started process 51466 to run task
[2023-07-05T10:40:58.181+0100] {standard_task_runner.py:84} INFO - Running: ['***', 'tasks', 'run', 'update_current_data_10', 'trigger_location_db', 'scheduled__2023-05-07T12:40:00+00:00', '--job-id', '405', '--raw', '--subdir', '/home/haboubi/Desktop/api/API_weather/dags/update_current_dags.py', '--cfg-path', '/tmp/tmp5crns1ao']
[2023-07-05T10:40:58.182+0100] {standard_task_runner.py:85} INFO - Job 405: Subtask trigger_location_db
[2023-07-05T10:40:58.244+0100] {task_command.py:410} INFO - Running <TaskInstance: update_current_data_10.trigger_location_db scheduled__2023-05-07T12:40:00+00:00 [running]> on host haboubi-VivoBook-15-ASUS-Laptop-X540UB
[2023-07-05T10:40:58.339+0100] {taskinstance.py:1545} INFO - Exporting env vars: AIRFLOW_CTX_DAG_OWNER='haboubi' AIRFLOW_CTX_DAG_ID='update_current_data_10' AIRFLOW_CTX_TASK_ID='trigger_location_db' AIRFLOW_CTX_EXECUTION_DATE='2023-05-07T12:40:00+00:00' AIRFLOW_CTX_TRY_NUMBER='1' AIRFLOW_CTX_DAG_RUN_ID='scheduled__2023-05-07T12:40:00+00:00'
[2023-07-05T10:40:58.379+0100] {python.py:183} INFO - Done. Returned value was: None
[2023-07-05T10:40:58.394+0100] {taskinstance.py:1345} INFO - Marking task as SUCCESS. dag_id=update_current_data_10, task_id=trigger_location_db, execution_date=20230507T124000, start_date=20230705T094058, end_date=20230705T094058
[2023-07-05T10:40:58.433+0100] {local_task_job_runner.py:225} INFO - Task exited with return code 0
[2023-07-05T10:40:58.465+0100] {taskinstance.py:2653} INFO - 1 downstream tasks scheduled from follow-on schedule check
[2023-07-05T11:03:56.352+0100] {taskinstance.py:1103} INFO - Dependencies all met for dep_context=non-requeueable deps ti=<TaskInstance: update_current_data_10.trigger_location_db scheduled__2023-05-07T12:40:00+00:00 [queued]>
[2023-07-05T11:03:56.360+0100] {taskinstance.py:1103} INFO - Dependencies all met for dep_context=requeueable deps ti=<TaskInstance: update_current_data_10.trigger_location_db scheduled__2023-05-07T12:40:00+00:00 [queued]>
[2023-07-05T11:03:56.360+0100] {taskinstance.py:1308} INFO - Starting attempt 1 of 3
[2023-07-05T11:03:56.370+0100] {taskinstance.py:1327} INFO - Executing <Task(PythonOperator): trigger_location_db> on 2023-05-07 12:40:00+00:00
[2023-07-05T11:03:56.374+0100] {standard_task_runner.py:57} INFO - Started process 69740 to run task
[2023-07-05T11:03:56.377+0100] {standard_task_runner.py:84} INFO - Running: ['***', 'tasks', 'run', 'update_current_data_10', 'trigger_location_db', 'scheduled__2023-05-07T12:40:00+00:00', '--job-id', '692', '--raw', '--subdir', '/home/haboubi/Desktop/api/API_weather/dags/update_current_dags.py', '--cfg-path', '/tmp/tmpjda20d53']
[2023-07-05T11:03:56.378+0100] {standard_task_runner.py:85} INFO - Job 692: Subtask trigger_location_db
[2023-07-05T11:03:56.439+0100] {task_command.py:410} INFO - Running <TaskInstance: update_current_data_10.trigger_location_db scheduled__2023-05-07T12:40:00+00:00 [running]> on host haboubi-VivoBook-15-ASUS-Laptop-X540UB
[2023-07-05T11:03:56.534+0100] {taskinstance.py:1545} INFO - Exporting env vars: AIRFLOW_CTX_DAG_OWNER='haboubi' AIRFLOW_CTX_DAG_ID='update_current_data_10' AIRFLOW_CTX_TASK_ID='trigger_location_db' AIRFLOW_CTX_EXECUTION_DATE='2023-05-07T12:40:00+00:00' AIRFLOW_CTX_TRY_NUMBER='1' AIRFLOW_CTX_DAG_RUN_ID='scheduled__2023-05-07T12:40:00+00:00'
[2023-07-05T11:03:56.573+0100] {python.py:183} INFO - Done. Returned value was: None
[2023-07-05T11:03:56.588+0100] {taskinstance.py:1345} INFO - Marking task as SUCCESS. dag_id=update_current_data_10, task_id=trigger_location_db, execution_date=20230507T124000, start_date=20230705T100356, end_date=20230705T100356
[2023-07-05T11:03:56.629+0100] {local_task_job_runner.py:225} INFO - Task exited with return code 0
[2023-07-05T11:03:56.661+0100] {taskinstance.py:2653} INFO - 1 downstream tasks scheduled from follow-on schedule check
