[2023-07-05T10:42:00.438+0100] {taskinstance.py:1103} INFO - Dependencies all met for dep_context=non-requeueable deps ti=<TaskInstance: update_current_data_10.extract_current_data scheduled__2023-05-07T13:00:00+00:00 [queued]>
[2023-07-05T10:42:00.449+0100] {taskinstance.py:1103} INFO - Dependencies all met for dep_context=requeueable deps ti=<TaskInstance: update_current_data_10.extract_current_data scheduled__2023-05-07T13:00:00+00:00 [queued]>
[2023-07-05T10:42:00.449+0100] {taskinstance.py:1308} INFO - Starting attempt 1 of 3
[2023-07-05T10:42:00.459+0100] {taskinstance.py:1327} INFO - Executing <Task(PythonOperator): extract_current_data> on 2023-05-07 13:00:00+00:00
[2023-07-05T10:42:00.464+0100] {standard_task_runner.py:57} INFO - Started process 52536 to run task
[2023-07-05T10:42:00.467+0100] {standard_task_runner.py:84} INFO - Running: ['***', 'tasks', 'run', 'update_current_data_10', 'extract_current_data', 'scheduled__2023-05-07T13:00:00+00:00', '--job-id', '424', '--raw', '--subdir', '/home/haboubi/Desktop/api/API_weather/dags/update_current_dags.py', '--cfg-path', '/tmp/tmp4w0292sb']
[2023-07-05T10:42:00.469+0100] {standard_task_runner.py:85} INFO - Job 424: Subtask extract_current_data
[2023-07-05T10:42:00.534+0100] {task_command.py:410} INFO - Running <TaskInstance: update_current_data_10.extract_current_data scheduled__2023-05-07T13:00:00+00:00 [running]> on host haboubi-VivoBook-15-ASUS-Laptop-X540UB
[2023-07-05T10:42:00.634+0100] {taskinstance.py:1545} INFO - Exporting env vars: AIRFLOW_CTX_DAG_OWNER='haboubi' AIRFLOW_CTX_DAG_ID='update_current_data_10' AIRFLOW_CTX_TASK_ID='extract_current_data' AIRFLOW_CTX_EXECUTION_DATE='2023-05-07T13:00:00+00:00' AIRFLOW_CTX_TRY_NUMBER='1' AIRFLOW_CTX_DAG_RUN_ID='scheduled__2023-05-07T13:00:00+00:00'
[2023-07-05T10:42:04.617+0100] {python.py:183} INFO - Done. Returned value was: None
[2023-07-05T10:42:04.653+0100] {taskinstance.py:1345} INFO - Marking task as SUCCESS. dag_id=update_current_data_10, task_id=extract_current_data, execution_date=20230507T130000, start_date=20230705T094200, end_date=20230705T094204
[2023-07-05T10:42:04.694+0100] {local_task_job_runner.py:225} INFO - Task exited with return code 0
[2023-07-05T10:42:04.741+0100] {taskinstance.py:2653} INFO - 1 downstream tasks scheduled from follow-on schedule check
[2023-07-05T11:05:22.384+0100] {taskinstance.py:1103} INFO - Dependencies all met for dep_context=non-requeueable deps ti=<TaskInstance: update_current_data_10.extract_current_data scheduled__2023-05-07T13:00:00+00:00 [queued]>
[2023-07-05T11:05:22.392+0100] {taskinstance.py:1103} INFO - Dependencies all met for dep_context=requeueable deps ti=<TaskInstance: update_current_data_10.extract_current_data scheduled__2023-05-07T13:00:00+00:00 [queued]>
[2023-07-05T11:05:22.393+0100] {taskinstance.py:1308} INFO - Starting attempt 1 of 3
[2023-07-05T11:05:22.403+0100] {taskinstance.py:1327} INFO - Executing <Task(PythonOperator): extract_current_data> on 2023-05-07 13:00:00+00:00
[2023-07-05T11:05:22.408+0100] {standard_task_runner.py:57} INFO - Started process 70925 to run task
[2023-07-05T11:05:22.411+0100] {standard_task_runner.py:84} INFO - Running: ['***', 'tasks', 'run', 'update_current_data_10', 'extract_current_data', 'scheduled__2023-05-07T13:00:00+00:00', '--job-id', '715', '--raw', '--subdir', '/home/haboubi/Desktop/api/API_weather/dags/update_current_dags.py', '--cfg-path', '/tmp/tmpqqw_o3hz']
[2023-07-05T11:05:22.412+0100] {standard_task_runner.py:85} INFO - Job 715: Subtask extract_current_data
[2023-07-05T11:05:22.474+0100] {task_command.py:410} INFO - Running <TaskInstance: update_current_data_10.extract_current_data scheduled__2023-05-07T13:00:00+00:00 [running]> on host haboubi-VivoBook-15-ASUS-Laptop-X540UB
[2023-07-05T11:05:22.567+0100] {taskinstance.py:1545} INFO - Exporting env vars: AIRFLOW_CTX_DAG_OWNER='haboubi' AIRFLOW_CTX_DAG_ID='update_current_data_10' AIRFLOW_CTX_TASK_ID='extract_current_data' AIRFLOW_CTX_EXECUTION_DATE='2023-05-07T13:00:00+00:00' AIRFLOW_CTX_TRY_NUMBER='1' AIRFLOW_CTX_DAG_RUN_ID='scheduled__2023-05-07T13:00:00+00:00'
[2023-07-05T11:05:26.590+0100] {python.py:183} INFO - Done. Returned value was: None
[2023-07-05T11:05:26.630+0100] {taskinstance.py:1345} INFO - Marking task as SUCCESS. dag_id=update_current_data_10, task_id=extract_current_data, execution_date=20230507T130000, start_date=20230705T100522, end_date=20230705T100526
[2023-07-05T11:05:26.646+0100] {local_task_job_runner.py:225} INFO - Task exited with return code 0
[2023-07-05T11:05:26.678+0100] {taskinstance.py:2653} INFO - 1 downstream tasks scheduled from follow-on schedule check
