[2023-06-30T10:31:06.525+0100] {taskinstance.py:1103} INFO - Dependencies all met for dep_context=non-requeueable deps ti=<TaskInstance: cnt_to_db.create_postgres_table manual__2023-06-30T09:31:03.703338+00:00 [queued]>
[2023-06-30T10:31:06.533+0100] {taskinstance.py:1103} INFO - Dependencies all met for dep_context=requeueable deps ti=<TaskInstance: cnt_to_db.create_postgres_table manual__2023-06-30T09:31:03.703338+00:00 [queued]>
[2023-06-30T10:31:06.534+0100] {taskinstance.py:1308} INFO - Starting attempt 1 of 1
[2023-06-30T10:31:06.547+0100] {taskinstance.py:1327} INFO - Executing <Task(PostgresOperator): create_postgres_table> on 2023-06-30 09:31:03.703338+00:00
[2023-06-30T10:31:06.551+0100] {standard_task_runner.py:57} INFO - Started process 135303 to run task
[2023-06-30T10:31:06.555+0100] {standard_task_runner.py:84} INFO - Running: ['airflow', 'tasks', 'run', 'cnt_to_db', 'create_postgres_table', 'manual__2023-06-30T09:31:03.703338+00:00', '--job-id', '13', '--raw', '--subdir', '/home/haboubi/Desktop/api/API_weather/dags/__pycache__/dag_connect_db.py', '--cfg-path', '/tmp/tmpqsj8jbik']
[2023-06-30T10:31:06.557+0100] {standard_task_runner.py:85} INFO - Job 13: Subtask create_postgres_table
[2023-06-30T10:31:06.635+0100] {task_command.py:410} INFO - Running <TaskInstance: cnt_to_db.create_postgres_table manual__2023-06-30T09:31:03.703338+00:00 [running]> on host haboubi-VivoBook-15-ASUS-Laptop-X540UB
[2023-06-30T10:31:06.756+0100] {taskinstance.py:1545} INFO - Exporting env vars: AIRFLOW_CTX_DAG_OWNER='haboubi' AIRFLOW_CTX_DAG_ID='cnt_to_db' AIRFLOW_CTX_TASK_ID='create_postgres_table' AIRFLOW_CTX_EXECUTION_DATE='2023-06-30T09:31:03.703338+00:00' AIRFLOW_CTX_TRY_NUMBER='1' AIRFLOW_CTX_DAG_RUN_ID='manual__2023-06-30T09:31:03.703338+00:00'
[2023-06-30T10:31:06.757+0100] {sql.py:265} INFO - Executing: 
                alter or create table if not exists dag_runs (
                id int NOT NULL AUTO_INCREMENT
                dt date,
                dag_id character varying,
                primary key (id)

                )
                
                
                
[2023-06-30T10:31:06.775+0100] {base.py:73} INFO - Using connection ID 'postgres_localhost' for task execution.
[2023-06-30T10:31:06.804+0100] {base.py:73} INFO - Using connection ID 'postgres_localhost' for task execution.
[2023-06-30T10:31:06.815+0100] {sql.py:375} INFO - Running statement: 
                alter or create table if not exists dag_runs (
                id int NOT NULL AUTO_INCREMENT
                dt date,
                dag_id character varying,
                primary key (id)

                )
                
                
                , parameters: None
[2023-06-30T10:31:06.818+0100] {taskinstance.py:1824} ERROR - Task failed with exception
Traceback (most recent call last):
  File "/home/haboubi/Desktop/api/API_weather/api_env/lib/python3.10/site-packages/airflow/providers/common/sql/operators/sql.py", line 271, in execute
    output = hook.run(
  File "/home/haboubi/Desktop/api/API_weather/api_env/lib/python3.10/site-packages/airflow/providers/common/sql/hooks/sql.py", line 349, in run
    self._run_command(cur, sql_statement, parameters)
  File "/home/haboubi/Desktop/api/API_weather/api_env/lib/python3.10/site-packages/airflow/providers/common/sql/hooks/sql.py", line 380, in _run_command
    cur.execute(sql_statement)
psycopg2.errors.SyntaxError: syntax error at or near "or"
LINE 2:                 alter or create table if not exists dag_runs...
                              ^

[2023-06-30T10:31:06.841+0100] {taskinstance.py:1345} INFO - Marking task as FAILED. dag_id=cnt_to_db, task_id=create_postgres_table, execution_date=20230630T093103, start_date=20230630T093106, end_date=20230630T093106
[2023-06-30T10:31:06.857+0100] {standard_task_runner.py:104} ERROR - Failed to execute job 13 for task create_postgres_table (syntax error at or near "or"
LINE 2:                 alter or create table if not exists dag_runs...
                              ^
; 135303)
[2023-06-30T10:31:06.887+0100] {local_task_job_runner.py:225} INFO - Task exited with return code 1
[2023-06-30T10:31:06.918+0100] {taskinstance.py:2653} INFO - 0 downstream tasks scheduled from follow-on schedule check
