[2023-07-08T09:15:16.937+0100] {taskinstance.py:1103} INFO - Dependencies all met for dep_context=non-requeueable deps ti=<TaskInstance: updated_day_hist_forcast_data.extract_updated_data manual__2023-07-08T08:14:24.988850+00:00 [queued]>
[2023-07-08T09:15:16.950+0100] {taskinstance.py:1103} INFO - Dependencies all met for dep_context=requeueable deps ti=<TaskInstance: updated_day_hist_forcast_data.extract_updated_data manual__2023-07-08T08:14:24.988850+00:00 [queued]>
[2023-07-08T09:15:16.950+0100] {taskinstance.py:1308} INFO - Starting attempt 1 of 3
[2023-07-08T09:15:16.975+0100] {taskinstance.py:1327} INFO - Executing <Task(PythonOperator): extract_updated_data> on 2023-07-08 08:14:24.988850+00:00
[2023-07-08T09:15:16.981+0100] {standard_task_runner.py:57} INFO - Started process 13020 to run task
[2023-07-08T09:15:16.986+0100] {standard_task_runner.py:84} INFO - Running: ['***', 'tasks', 'run', 'updated_day_hist_forcast_data', 'extract_updated_data', 'manual__2023-07-08T08:14:24.988850+00:00', '--job-id', '16932', '--raw', '--subdir', '/home/haboubi/Desktop/api/API_weather/dags/update_day_hist_forcast.py', '--cfg-path', '/tmp/tmpetb_efg1']
[2023-07-08T09:15:16.988+0100] {standard_task_runner.py:85} INFO - Job 16932: Subtask extract_updated_data
[2023-07-08T09:15:17.091+0100] {task_command.py:410} INFO - Running <TaskInstance: updated_day_hist_forcast_data.extract_updated_data manual__2023-07-08T08:14:24.988850+00:00 [running]> on host haboubi-VivoBook-15-ASUS-Laptop-X540UB
[2023-07-08T09:15:17.266+0100] {taskinstance.py:1545} INFO - Exporting env vars: AIRFLOW_CTX_DAG_OWNER='haboubi' AIRFLOW_CTX_DAG_ID='updated_day_hist_forcast_data' AIRFLOW_CTX_TASK_ID='extract_updated_data' AIRFLOW_CTX_EXECUTION_DATE='2023-07-08T08:14:24.988850+00:00' AIRFLOW_CTX_TRY_NUMBER='1' AIRFLOW_CTX_DAG_RUN_ID='manual__2023-07-08T08:14:24.988850+00:00'
[2023-07-08T09:15:17.301+0100] {logging_mixin.py:149} INFO - im here 2023
[2023-07-08T09:15:17.533+0100] {logging_mixin.py:149} INFO - im here 2023
[2023-07-08T09:15:17.825+0100] {logging_mixin.py:149} INFO - im here 2023
[2023-07-08T09:15:18.046+0100] {logging_mixin.py:149} INFO - im here 2023
[2023-07-08T09:15:18.269+0100] {logging_mixin.py:149} INFO - im here 2023
[2023-07-08T09:15:18.524+0100] {logging_mixin.py:149} INFO - im here 2023
[2023-07-08T09:15:18.750+0100] {logging_mixin.py:149} INFO - im here 2023
[2023-07-08T09:15:18.982+0100] {logging_mixin.py:149} INFO - im here 2023
[2023-07-08T09:15:19.192+0100] {logging_mixin.py:149} INFO - im here 2023
[2023-07-08T09:15:19.420+0100] {logging_mixin.py:149} INFO - im here 2023
[2023-07-08T09:15:19.621+0100] {logging_mixin.py:149} INFO - im here 2023
[2023-07-08T09:15:19.835+0100] {logging_mixin.py:149} INFO - im here 2023
[2023-07-08T09:15:20.085+0100] {logging_mixin.py:149} INFO - im here 2023
[2023-07-08T09:15:20.306+0100] {logging_mixin.py:149} INFO - im here 2023
[2023-07-08T09:15:20.502+0100] {logging_mixin.py:149} INFO - im here 2023
[2023-07-08T09:15:20.720+0100] {logging_mixin.py:149} INFO - im here 2023
[2023-07-08T09:15:20.998+0100] {logging_mixin.py:149} INFO - im here 2023
[2023-07-08T09:15:21.238+0100] {logging_mixin.py:149} INFO - im here 2023
[2023-07-08T09:15:21.479+0100] {logging_mixin.py:149} INFO - im here 2023
[2023-07-08T09:15:21.684+0100] {logging_mixin.py:149} INFO - im here 2023
[2023-07-08T09:15:28.600+0100] {python.py:183} INFO - Done. Returned value was: None
[2023-07-08T09:15:28.622+0100] {taskinstance.py:1345} INFO - Marking task as SUCCESS. dag_id=updated_day_hist_forcast_data, task_id=extract_updated_data, execution_date=20230708T081424, start_date=20230708T081516, end_date=20230708T081528
[2023-07-08T09:15:28.687+0100] {local_task_job_runner.py:225} INFO - Task exited with return code 0
[2023-07-08T09:15:28.752+0100] {taskinstance.py:2653} INFO - 1 downstream tasks scheduled from follow-on schedule check
