[2023-07-05T10:31:02.839+0100] {taskinstance.py:1103} INFO - Dependencies all met for dep_context=non-requeueable deps ti=<TaskInstance: update_current_data_10.extract_current_data scheduled__2023-05-07T02:00:00+00:00 [queued]>
[2023-07-05T10:31:02.847+0100] {taskinstance.py:1103} INFO - Dependencies all met for dep_context=requeueable deps ti=<TaskInstance: update_current_data_10.extract_current_data scheduled__2023-05-07T02:00:00+00:00 [queued]>
[2023-07-05T10:31:02.848+0100] {taskinstance.py:1308} INFO - Starting attempt 1 of 3
[2023-07-05T10:31:02.858+0100] {taskinstance.py:1327} INFO - Executing <Task(PythonOperator): extract_current_data> on 2023-05-07 02:00:00+00:00
[2023-07-05T10:31:02.862+0100] {standard_task_runner.py:57} INFO - Started process 41792 to run task
[2023-07-05T10:31:02.865+0100] {standard_task_runner.py:84} INFO - Running: ['***', 'tasks', 'run', 'update_current_data_10', 'extract_current_data', 'scheduled__2023-05-07T02:00:00+00:00', '--job-id', '237', '--raw', '--subdir', '/home/haboubi/Desktop/api/API_weather/dags/update_current_dags.py', '--cfg-path', '/tmp/tmp508qimw8']
[2023-07-05T10:31:02.866+0100] {standard_task_runner.py:85} INFO - Job 237: Subtask extract_current_data
[2023-07-05T10:31:02.932+0100] {task_command.py:410} INFO - Running <TaskInstance: update_current_data_10.extract_current_data scheduled__2023-05-07T02:00:00+00:00 [running]> on host haboubi-VivoBook-15-ASUS-Laptop-X540UB
[2023-07-05T10:31:03.033+0100] {taskinstance.py:1545} INFO - Exporting env vars: AIRFLOW_CTX_DAG_OWNER='haboubi' AIRFLOW_CTX_DAG_ID='update_current_data_10' AIRFLOW_CTX_TASK_ID='extract_current_data' AIRFLOW_CTX_EXECUTION_DATE='2023-05-07T02:00:00+00:00' AIRFLOW_CTX_TRY_NUMBER='1' AIRFLOW_CTX_DAG_RUN_ID='scheduled__2023-05-07T02:00:00+00:00'
[2023-07-05T10:31:06.956+0100] {python.py:183} INFO - Done. Returned value was: None
[2023-07-05T10:31:06.981+0100] {taskinstance.py:1345} INFO - Marking task as SUCCESS. dag_id=update_current_data_10, task_id=extract_current_data, execution_date=20230507T020000, start_date=20230705T093102, end_date=20230705T093106
[2023-07-05T10:31:07.013+0100] {local_task_job_runner.py:225} INFO - Task exited with return code 0
[2023-07-05T10:31:07.045+0100] {taskinstance.py:2653} INFO - 1 downstream tasks scheduled from follow-on schedule check
[2023-07-05T10:51:58.238+0100] {taskinstance.py:1103} INFO - Dependencies all met for dep_context=non-requeueable deps ti=<TaskInstance: update_current_data_10.extract_current_data scheduled__2023-05-07T02:00:00+00:00 [queued]>
[2023-07-05T10:51:58.246+0100] {taskinstance.py:1103} INFO - Dependencies all met for dep_context=requeueable deps ti=<TaskInstance: update_current_data_10.extract_current_data scheduled__2023-05-07T02:00:00+00:00 [queued]>
[2023-07-05T10:51:58.246+0100] {taskinstance.py:1308} INFO - Starting attempt 1 of 3
[2023-07-05T10:51:58.256+0100] {taskinstance.py:1327} INFO - Executing <Task(PythonOperator): extract_current_data> on 2023-05-07 02:00:00+00:00
[2023-07-05T10:51:58.261+0100] {standard_task_runner.py:57} INFO - Started process 60458 to run task
[2023-07-05T10:51:58.264+0100] {standard_task_runner.py:84} INFO - Running: ['***', 'tasks', 'run', 'update_current_data_10', 'extract_current_data', 'scheduled__2023-05-07T02:00:00+00:00', '--job-id', '557', '--raw', '--subdir', '/home/haboubi/Desktop/api/API_weather/dags/update_current_dags.py', '--cfg-path', '/tmp/tmpioi5vb3j']
[2023-07-05T10:51:58.265+0100] {standard_task_runner.py:85} INFO - Job 557: Subtask extract_current_data
[2023-07-05T10:51:58.328+0100] {task_command.py:410} INFO - Running <TaskInstance: update_current_data_10.extract_current_data scheduled__2023-05-07T02:00:00+00:00 [running]> on host haboubi-VivoBook-15-ASUS-Laptop-X540UB
[2023-07-05T10:51:58.429+0100] {taskinstance.py:1545} INFO - Exporting env vars: AIRFLOW_CTX_DAG_OWNER='haboubi' AIRFLOW_CTX_DAG_ID='update_current_data_10' AIRFLOW_CTX_TASK_ID='extract_current_data' AIRFLOW_CTX_EXECUTION_DATE='2023-05-07T02:00:00+00:00' AIRFLOW_CTX_TRY_NUMBER='1' AIRFLOW_CTX_DAG_RUN_ID='scheduled__2023-05-07T02:00:00+00:00'
[2023-07-05T10:52:02.303+0100] {python.py:183} INFO - Done. Returned value was: None
[2023-07-05T10:52:02.337+0100] {taskinstance.py:1345} INFO - Marking task as SUCCESS. dag_id=update_current_data_10, task_id=extract_current_data, execution_date=20230507T020000, start_date=20230705T095158, end_date=20230705T095202
[2023-07-05T10:52:02.377+0100] {local_task_job_runner.py:225} INFO - Task exited with return code 0
[2023-07-05T10:52:02.414+0100] {taskinstance.py:2653} INFO - 1 downstream tasks scheduled from follow-on schedule check
